{
  "numTotalTestSuites": 610,
  "numPassedTestSuites": 537,
  "numFailedTestSuites": 73,
  "numPendingTestSuites": 0,
  "numTotalTests": 1012,
  "numPassedTests": 899,
  "numFailedTests": 54,
  "numPendingTests": 54,
  "numTodoTests": 0,
  "startTime": 1759802088330,
  "success": false,
  "testResults": [
    {
      "assertionResults": [
        {
          "ancestorTitles": [
            "Memory Investigation"
          ],
          "fullName": "Memory Investigation should check pattern loading without detection",
          "status": "passed",
          "title": "should check pattern loading without detection",
          "duration": 2.6629619999994247,
          "failureMessages": [],
          "meta": {}
        },
        {
          "ancestorTitles": [
            "Memory Investigation"
          ],
          "fullName": "Memory Investigation should test small code detection",
          "status": "passed",
          "title": "should test small code detection",
          "duration": 1.720911999999771,
          "failureMessages": [],
          "meta": {}
        },
        {
          "ancestorTitles": [
            "Memory Investigation"
          ],
          "fullName": "Memory Investigation should check AST interpreter directly",
          "status": "passed",
          "title": "should check AST interpreter directly",
          "duration": 0.4679340000002412,
          "failureMessages": [],
          "meta": {}
        }
      ],
      "startTime": 1759802096445,
      "endTime": 1759802096450.468,
      "status": "passed",
      "message": "",
      "name": "/home/dylan/dev/rsolv/RSOLV-action/test/memory-investigation.test.ts"
    },
    {
      "assertionResults": [
        {
          "ancestorTitles": [
            "GREEN Phase - Server AST Integration Working",
            "New Detector with Server AST"
          ],
          "fullName": "GREEN Phase - Server AST Integration Working New Detector with Server AST should use ElixirASTAnalyzer when API key is provided",
          "status": "passed",
          "title": "should use ElixirASTAnalyzer when API key is provided",
          "duration": 0.8784900000000562,
          "failureMessages": [],
          "meta": {}
        },
        {
          "ancestorTitles": [
            "GREEN Phase - Server AST Integration Working",
            "New Detector with Server AST"
          ],
          "fullName": "GREEN Phase - Server AST Integration Working New Detector with Server AST should fall back to client-side AST when no API key",
          "status": "passed",
          "title": "should fall back to client-side AST when no API key",
          "duration": 0.4096639999997933,
          "failureMessages": [],
          "meta": {}
        },
        {
          "ancestorTitles": [
            "GREEN Phase - Server AST Integration Working",
            "New Detector with Server AST"
          ],
          "fullName": "GREEN Phase - Server AST Integration Working New Detector with Server AST should support multiple languages with server AST",
          "status": "passed",
          "title": "should support multiple languages with server AST",
          "duration": 0.6562860000003639,
          "failureMessages": [],
          "meta": {}
        },
        {
          "ancestorTitles": [
            "GREEN Phase - Server AST Integration Working",
            "New Detector with Server AST"
          ],
          "fullName": "GREEN Phase - Server AST Integration Working New Detector with Server AST should only support JS/TS without server AST",
          "status": "passed",
          "title": "should only support JS/TS without server AST",
          "duration": 0.3142699999998513,
          "failureMessages": [],
          "meta": {}
        },
        {
          "ancestorTitles": [
            "GREEN Phase - Server AST Integration Working",
            "Mock Server AST Detection"
          ],
          "fullName": "GREEN Phase - Server AST Integration Working Mock Server AST Detection should handle Python code through server AST",
          "status": "skipped",
          "title": "should handle Python code through server AST",
          "failureMessages": [],
          "meta": {}
        },
        {
          "ancestorTitles": [
            "GREEN Phase - Server AST Integration Working",
            "Mock Server AST Detection"
          ],
          "fullName": "GREEN Phase - Server AST Integration Working Mock Server AST Detection should reject unsupported languages gracefully",
          "status": "passed",
          "title": "should reject unsupported languages gracefully",
          "duration": 0.3735420000002705,
          "failureMessages": [],
          "meta": {}
        },
        {
          "ancestorTitles": [
            "GREEN Phase - Server AST Integration Working",
            "Configuration Options"
          ],
          "fullName": "GREEN Phase - Server AST Integration Working Configuration Options should respect useServerAST=false even with API key",
          "status": "passed",
          "title": "should respect useServerAST=false even with API key",
          "duration": 0.2335240000002159,
          "failureMessages": [],
          "meta": {}
        },
        {
          "ancestorTitles": [
            "GREEN Phase - Server AST Integration Working",
            "Configuration Options"
          ],
          "fullName": "GREEN Phase - Server AST Integration Working Configuration Options should use environment variables as fallback",
          "status": "passed",
          "title": "should use environment variables as fallback",
          "duration": 0.1849000000001979,
          "failureMessages": [],
          "meta": {}
        }
      ],
      "startTime": 1759802096387,
      "endTime": 1759802096390.2336,
      "status": "passed",
      "message": "",
      "name": "/home/dylan/dev/rsolv/RSOLV-action/test/server-ast-green-phase.test.ts"
    },
    {
      "assertionResults": [
        {
          "ancestorTitles": [
            "Server-Side AST Integration",
            "AST Integration Tests"
          ],
          "fullName": "Server-Side AST Integration AST Integration Tests should use ASTPatternInterpreter for vulnerability detection",
          "status": "passed",
          "title": "should use ASTPatternInterpreter for vulnerability detection",
          "duration": 0.2589419999999336,
          "failureMessages": [],
          "meta": {}
        },
        {
          "ancestorTitles": [
            "Server-Side AST Integration",
            "AST Integration Tests"
          ],
          "fullName": "Server-Side AST Integration AST Integration Tests should detect JavaScript eval injection",
          "status": "passed",
          "title": "should detect JavaScript eval injection",
          "duration": 27.369036999999935,
          "failureMessages": [],
          "meta": {}
        },
        {
          "ancestorTitles": [
            "Server-Side AST Integration",
            "AST Integration Tests"
          ],
          "fullName": "Server-Side AST Integration AST Integration Tests should detect Python SQL injection via server AST",
          "status": "skipped",
          "title": "should detect Python SQL injection via server AST",
          "failureMessages": [],
          "meta": {}
        },
        {
          "ancestorTitles": [
            "Server-Side AST Integration",
            "AST Integration Tests"
          ],
          "fullName": "Server-Side AST Integration AST Integration Tests should detect Ruby command injection via server AST",
          "status": "skipped",
          "title": "should detect Ruby command injection via server AST",
          "failureMessages": [],
          "meta": {}
        },
        {
          "ancestorTitles": [
            "Server-Side AST Integration",
            "AST Integration Tests"
          ],
          "fullName": "Server-Side AST Integration AST Integration Tests should detect PHP XSS via server AST",
          "status": "skipped",
          "title": "should detect PHP XSS via server AST",
          "failureMessages": [],
          "meta": {}
        },
        {
          "ancestorTitles": [
            "Server-Side AST Integration",
            "AST Integration Tests"
          ],
          "fullName": "Server-Side AST Integration AST Integration Tests should achieve >90% accuracy on mixed language corpus",
          "status": "skipped",
          "title": "should achieve >90% accuracy on mixed language corpus",
          "failureMessages": [],
          "meta": {}
        },
        {
          "ancestorTitles": [
            "Server-Side AST Integration",
            "AST Integration Tests"
          ],
          "fullName": "Server-Side AST Integration AST Integration Tests should use server-side AST service endpoint",
          "status": "skipped",
          "title": "should use server-side AST service endpoint",
          "failureMessages": [],
          "meta": {}
        },
        {
          "ancestorTitles": [
            "Server-Side AST Integration",
            "Test Infrastructure"
          ],
          "fullName": "Server-Side AST Integration Test Infrastructure should have ElixirASTAnalyzer class available",
          "status": "passed",
          "title": "should have ElixirASTAnalyzer class available",
          "duration": 0.18837299999995594,
          "failureMessages": [],
          "meta": {}
        }
      ],
      "startTime": 1759802089683,
      "endTime": 1759802089711.3691,
      "status": "passed",
      "message": "",
      "name": "/home/dylan/dev/rsolv/RSOLV-action/test/server-ast-integration.test.ts"
    },
    {
      "assertionResults": [
        {
          "ancestorTitles": [
            "Vendor Detection File Extraction (RFC-047 Fix)"
          ],
          "fullName": "Vendor Detection File Extraction (RFC-047 Fix) should extract files from vulnerabilities with singular \"file\" property",
          "status": "passed",
          "title": "should extract files from vulnerabilities with singular \"file\" property",
          "duration": 0.2179839999998876,
          "failureMessages": [],
          "meta": {}
        },
        {
          "ancestorTitles": [
            "Vendor Detection File Extraction (RFC-047 Fix)"
          ],
          "fullName": "Vendor Detection File Extraction (RFC-047 Fix) should extract files from vulnerabilities with plural \"files\" property",
          "status": "passed",
          "title": "should extract files from vulnerabilities with plural \"files\" property",
          "duration": 0.14295700000002398,
          "failureMessages": [],
          "meta": {}
        },
        {
          "ancestorTitles": [
            "Vendor Detection File Extraction (RFC-047 Fix)"
          ],
          "fullName": "Vendor Detection File Extraction (RFC-047 Fix) should handle mixed vulnerabilities with both file and files properties",
          "status": "passed",
          "title": "should handle mixed vulnerabilities with both file and files properties",
          "duration": 0.13686500000039814,
          "failureMessages": [],
          "meta": {}
        },
        {
          "ancestorTitles": [
            "Vendor Detection File Extraction (RFC-047 Fix)"
          ],
          "fullName": "Vendor Detection File Extraction (RFC-047 Fix) should return empty array for vulnerabilities without file properties",
          "status": "passed",
          "title": "should return empty array for vulnerabilities without file properties",
          "duration": 0.09191000000009808,
          "failureMessages": [],
          "meta": {}
        },
        {
          "ancestorTitles": [
            "Vendor Detection File Extraction (RFC-047 Fix)"
          ],
          "fullName": "Vendor Detection File Extraction (RFC-047 Fix) OLD BROKEN CODE: should demonstrate the bug",
          "status": "passed",
          "title": "OLD BROKEN CODE: should demonstrate the bug",
          "duration": 0.08609500000056869,
          "failureMessages": [],
          "meta": {}
        }
      ],
      "startTime": 1759802096415,
      "endTime": 1759802096415.218,
      "status": "passed",
      "message": "",
      "name": "/home/dylan/dev/rsolv/RSOLV-action/test/vendor-detection-file-extraction.test.ts"
    },
    {
      "assertionResults": [
        {
          "ancestorTitles": [
            "Issue Limiting Logic"
          ],
          "fullName": "Issue Limiting Logic should slice issues array when maxIssues is set",
          "status": "passed",
          "title": "should slice issues array when maxIssues is set",
          "duration": 0.2673510000004171,
          "failureMessages": [],
          "meta": {}
        },
        {
          "ancestorTitles": [
            "Issue Limiting Logic"
          ],
          "fullName": "Issue Limiting Logic should return all issues when maxIssues is not set",
          "status": "passed",
          "title": "should return all issues when maxIssues is not set",
          "duration": 0.16979499999979453,
          "failureMessages": [],
          "meta": {}
        },
        {
          "ancestorTitles": [
            "Issue Limiting Logic"
          ],
          "fullName": "Issue Limiting Logic should return all issues when maxIssues is 0",
          "status": "passed",
          "title": "should return all issues when maxIssues is 0",
          "duration": 0.12359900000046764,
          "failureMessages": [],
          "meta": {}
        },
        {
          "ancestorTitles": [
            "Issue Limiting Logic"
          ],
          "fullName": "Issue Limiting Logic should return all issues when maxIssues is greater than issue count",
          "status": "passed",
          "title": "should return all issues when maxIssues is greater than issue count",
          "duration": 0.113311000000067,
          "failureMessages": [],
          "meta": {}
        },
        {
          "ancestorTitles": [
            "Issue Limiting Logic"
          ],
          "fullName": "Issue Limiting Logic should handle single issue limit",
          "status": "passed",
          "title": "should handle single issue limit",
          "duration": 0.11493900000004942,
          "failureMessages": [],
          "meta": {}
        },
        {
          "ancestorTitles": [
            "Issue Limiting Logic"
          ],
          "fullName": "Issue Limiting Logic should handle exact match of maxIssues and issue count",
          "status": "passed",
          "title": "should handle exact match of maxIssues and issue count",
          "duration": 0.10542799999984709,
          "failureMessages": [],
          "meta": {}
        }
      ],
      "startTime": 1759802096419,
      "endTime": 1759802096420.1235,
      "status": "passed",
      "message": "",
      "name": "/home/dylan/dev/rsolv/RSOLV-action/src/__tests__/index-maxissues.test.ts"
    },
    {
      "assertionResults": [
        {
          "ancestorTitles": [
            "Workflow Timeout Behavior"
          ],
          "fullName": "Workflow Timeout Behavior should timeout workflow after 2 minutes",
          "status": "passed",
          "title": "should timeout workflow after 2 minutes",
          "duration": 100.10145999999986,
          "failureMessages": [],
          "meta": {}
        },
        {
          "ancestorTitles": [
            "Workflow Timeout Behavior"
          ],
          "fullName": "Workflow Timeout Behavior should complete successfully before timeout",
          "status": "passed",
          "title": "should complete successfully before timeout",
          "duration": 0.32021199999985583,
          "failureMessages": [],
          "meta": {}
        },
        {
          "ancestorTitles": [
            "Workflow Timeout Behavior"
          ],
          "fullName": "Workflow Timeout Behavior should handle no issues gracefully without timeout",
          "status": "passed",
          "title": "should handle no issues gracefully without timeout",
          "duration": 0.17494699999997465,
          "failureMessages": [],
          "meta": {}
        },
        {
          "ancestorTitles": [
            "Workflow Timeout Behavior"
          ],
          "fullName": "Workflow Timeout Behavior should include timeout information in error message",
          "status": "passed",
          "title": "should include timeout information in error message",
          "duration": 100.81166600000006,
          "failureMessages": [],
          "meta": {}
        },
        {
          "ancestorTitles": [
            "Workflow Timeout Behavior"
          ],
          "fullName": "Workflow Timeout Behavior should use configured processing options",
          "status": "passed",
          "title": "should use configured processing options",
          "duration": 0.42843199999992976,
          "failureMessages": [],
          "meta": {}
        }
      ],
      "startTime": 1759802089443,
      "endTime": 1759802089645.4285,
      "status": "passed",
      "message": "",
      "name": "/home/dylan/dev/rsolv/RSOLV-action/src/__tests__/workflow-timeout.test.ts"
    },
    {
      "assertionResults": [
        {
          "ancestorTitles": [
            "Validation Branch Persistence",
            "Phase 1 RED: Define expected behavior"
          ],
          "fullName": "Validation Branch Persistence Phase 1 RED: Define expected behavior should create a feature branch during validation",
          "status": "passed",
          "title": "should create a feature branch during validation",
          "duration": 32.58791199999996,
          "failureMessages": [],
          "meta": {}
        },
        {
          "ancestorTitles": [
            "Validation Branch Persistence",
            "Phase 1 RED: Define expected behavior"
          ],
          "fullName": "Validation Branch Persistence Phase 1 RED: Define expected behavior should commit generated red tests to the validation branch",
          "status": "passed",
          "title": "should commit generated red tests to the validation branch",
          "duration": 51.33716300000003,
          "failureMessages": [],
          "meta": {}
        },
        {
          "ancestorTitles": [
            "Validation Branch Persistence",
            "Phase 1 RED: Define expected behavior"
          ],
          "fullName": "Validation Branch Persistence Phase 1 RED: Define expected behavior should store branch name in validation results",
          "status": "passed",
          "title": "should store branch name in validation results",
          "duration": 18.94775900000002,
          "failureMessages": [],
          "meta": {}
        },
        {
          "ancestorTitles": [
            "Validation Branch Persistence",
            "Phase 1 RED: Define expected behavior"
          ],
          "fullName": "Validation Branch Persistence Phase 1 RED: Define expected behavior should checkout validation branch in mitigation phase",
          "status": "passed",
          "title": "should checkout validation branch in mitigation phase",
          "duration": 48.742075,
          "failureMessages": [],
          "meta": {}
        },
        {
          "ancestorTitles": [
            "Validation Branch Persistence",
            "Phase 1 RED: Define expected behavior"
          ],
          "fullName": "Validation Branch Persistence Phase 1 RED: Define expected behavior should handle missing validation branch gracefully",
          "status": "passed",
          "title": "should handle missing validation branch gracefully",
          "duration": 52.773671000000036,
          "failureMessages": [],
          "meta": {}
        },
        {
          "ancestorTitles": [
            "Validation Branch Persistence",
            "Phase 1 RED: Define expected behavior"
          ],
          "fullName": "Validation Branch Persistence Phase 1 RED: Define expected behavior should preserve test files between validation and mitigation phases",
          "status": "passed",
          "title": "should preserve test files between validation and mitigation phases",
          "duration": 47.65133800000001,
          "failureMessages": [],
          "meta": {}
        }
      ],
      "startTime": 1759802088970,
      "endTime": 1759802089222.6514,
      "status": "passed",
      "message": "",
      "name": "/home/dylan/dev/rsolv/RSOLV-action/src/__tests__/modes/validation-branch-persistence.test.ts"
    },
    {
      "assertionResults": [
        {
          "ancestorTitles": [
            "Claude Code Live API Tests"
          ],
          "fullName": "Claude Code Live API Tests should check if Claude Code CLI is actually available",
          "status": "passed",
          "title": "should check if Claude Code CLI is actually available",
          "duration": 0.8632079999997586,
          "failureMessages": [],
          "meta": {}
        },
        {
          "ancestorTitles": [
            "Claude Code Live API Tests"
          ],
          "fullName": "Claude Code Live API Tests should generate real solution using Claude Code",
          "status": "passed",
          "title": "should generate real solution using Claude Code",
          "duration": 1956.8226249999998,
          "failureMessages": [],
          "meta": {}
        },
        {
          "ancestorTitles": [
            "Claude Code Live API Tests"
          ],
          "fullName": "Claude Code Live API Tests should work with enhanced prompts in live mode",
          "status": "passed",
          "title": "should work with enhanced prompts in live mode",
          "duration": 1929.2271959999998,
          "failureMessages": [],
          "meta": {}
        },
        {
          "ancestorTitles": [
            "Claude Code File System Integration"
          ],
          "fullName": "Claude Code File System Integration should handle real file operations",
          "status": "passed",
          "title": "should handle real file operations",
          "duration": 0.22811300000012125,
          "failureMessages": [],
          "meta": {}
        }
      ],
      "startTime": 1759802092156,
      "endTime": 1759802096043.228,
      "status": "passed",
      "message": "",
      "name": "/home/dylan/dev/rsolv/RSOLV-action/src/ai/__tests__/claude-code-live.test.ts"
    },
    {
      "assertionResults": [
        {
          "ancestorTitles": [
            "DISABLE_FIX_VALIDATION bug reproduction",
            "when DISABLE_FIX_VALIDATION is set"
          ],
          "fullName": "DISABLE_FIX_VALIDATION bug reproduction when DISABLE_FIX_VALIDATION is set should skip validation regardless of other settings",
          "status": "passed",
          "title": "should skip validation regardless of other settings",
          "duration": 3.7879800000000614,
          "failureMessages": [],
          "meta": {}
        },
        {
          "ancestorTitles": [
            "DISABLE_FIX_VALIDATION bug reproduction",
            "when DISABLE_FIX_VALIDATION is set"
          ],
          "fullName": "DISABLE_FIX_VALIDATION bug reproduction when DISABLE_FIX_VALIDATION is set should skip validation even if testGeneration.enabled is true",
          "status": "passed",
          "title": "should skip validation even if testGeneration.enabled is true",
          "duration": 0.6916160000000673,
          "failureMessages": [],
          "meta": {}
        },
        {
          "ancestorTitles": [
            "DISABLE_FIX_VALIDATION bug reproduction",
            "proper validation skip logic"
          ],
          "fullName": "DISABLE_FIX_VALIDATION bug reproduction proper validation skip logic should skip when fixValidation.enabled is false",
          "status": "passed",
          "title": "should skip when fixValidation.enabled is false",
          "duration": 0.23532299999988027,
          "failureMessages": [],
          "meta": {}
        },
        {
          "ancestorTitles": [
            "DISABLE_FIX_VALIDATION bug reproduction",
            "proper validation skip logic"
          ],
          "fullName": "DISABLE_FIX_VALIDATION bug reproduction proper validation skip logic should not skip when fixValidation.enabled is true",
          "status": "passed",
          "title": "should not skip when fixValidation.enabled is true",
          "duration": 0.1800359999997454,
          "failureMessages": [],
          "meta": {}
        },
        {
          "ancestorTitles": [
            "DISABLE_FIX_VALIDATION bug reproduction",
            "proper validation skip logic"
          ],
          "fullName": "DISABLE_FIX_VALIDATION bug reproduction proper validation skip logic should skip regardless of testGeneration settings when disabled",
          "status": "passed",
          "title": "should skip regardless of testGeneration settings when disabled",
          "duration": 0.13526199999978417,
          "failureMessages": [],
          "meta": {}
        }
      ],
      "startTime": 1759802096396,
      "endTime": 1759802096401.2354,
      "status": "passed",
      "message": "",
      "name": "/home/dylan/dev/rsolv/RSOLV-action/src/ai/__tests__/disable-validation-bug.test.ts"
    },
    {
      "assertionResults": [
        {
          "ancestorTitles": [
            "generateSolutionWithFeedback"
          ],
          "fullName": "generateSolutionWithFeedback generates a solution with feedback integration",
          "status": "passed",
          "title": "generates a solution with feedback integration",
          "duration": 0.3700330000001486,
          "failureMessages": [],
          "meta": {}
        },
        {
          "ancestorTitles": [
            "generateSolutionWithFeedback"
          ],
          "fullName": "generateSolutionWithFeedback should integrate feedback when enhancing AI prompts",
          "status": "passed",
          "title": "should integrate feedback when enhancing AI prompts",
          "duration": 0.20786199999929522,
          "failureMessages": [],
          "meta": {}
        }
      ],
      "startTime": 1759802096410,
      "endTime": 1759802096410.37,
      "status": "passed",
      "message": "",
      "name": "/home/dylan/dev/rsolv/RSOLV-action/src/ai/__tests__/feedbackEnhanced.test.ts"
    },
    {
      "assertionResults": [
        {
          "ancestorTitles": [
            "GitBasedProcessor - Test Mode",
            "when RSOLV_TESTING_MODE is enabled"
          ],
          "fullName": "GitBasedProcessor - Test Mode when RSOLV_TESTING_MODE is enabled should create PR even when validation fails",
          "status": "failed",
          "title": "should create PR even when validation fails",
          "duration": 0.5463029999991704,
          "failureMessages": [
            "TypeError: GitBasedProcessor is not a constructor\n    at /home/dylan/dev/rsolv/RSOLV-action/src/ai/__tests__/git-based-processor-test-mode.test.ts:44:17\n    at file:///home/dylan/dev/rsolv/RSOLV-action/node_modules/@vitest/runner/dist/chunk-hooks.js:155:11\n    at file:///home/dylan/dev/rsolv/RSOLV-action/node_modules/@vitest/runner/dist/chunk-hooks.js:1897:20\n    at new Promise (<anonymous>)\n    at runWithTimeout (file:///home/dylan/dev/rsolv/RSOLV-action/node_modules/@vitest/runner/dist/chunk-hooks.js:1863:10)\n    at runHook (file:///home/dylan/dev/rsolv/RSOLV-action/node_modules/@vitest/runner/dist/chunk-hooks.js:1436:51)\n    at callSuiteHook (file:///home/dylan/dev/rsolv/RSOLV-action/node_modules/@vitest/runner/dist/chunk-hooks.js:1442:25)\n    at processTicksAndRejections (node:internal/process/task_queues:105:5)\n    at callSuiteHook (file:///home/dylan/dev/rsolv/RSOLV-action/node_modules/@vitest/runner/dist/chunk-hooks.js:1429:21)\n    at runTest (file:///home/dylan/dev/rsolv/RSOLV-action/node_modules/@vitest/runner/dist/chunk-hooks.js:1566:26)"
          ],
          "meta": {}
        },
        {
          "ancestorTitles": [
            "GitBasedProcessor - Test Mode",
            "when RSOLV_TESTING_MODE is enabled"
          ],
          "fullName": "GitBasedProcessor - Test Mode when RSOLV_TESTING_MODE is enabled should include validation failure details in PR body",
          "status": "failed",
          "title": "should include validation failure details in PR body",
          "duration": 0.22399399999994785,
          "failureMessages": [
            "TypeError: GitBasedProcessor is not a constructor\n    at /home/dylan/dev/rsolv/RSOLV-action/src/ai/__tests__/git-based-processor-test-mode.test.ts:44:17\n    at file:///home/dylan/dev/rsolv/RSOLV-action/node_modules/@vitest/runner/dist/chunk-hooks.js:155:11\n    at file:///home/dylan/dev/rsolv/RSOLV-action/node_modules/@vitest/runner/dist/chunk-hooks.js:1897:20\n    at new Promise (<anonymous>)\n    at runWithTimeout (file:///home/dylan/dev/rsolv/RSOLV-action/node_modules/@vitest/runner/dist/chunk-hooks.js:1863:10)\n    at runHook (file:///home/dylan/dev/rsolv/RSOLV-action/node_modules/@vitest/runner/dist/chunk-hooks.js:1436:51)\n    at callSuiteHook (file:///home/dylan/dev/rsolv/RSOLV-action/node_modules/@vitest/runner/dist/chunk-hooks.js:1442:25)\n    at processTicksAndRejections (node:internal/process/task_queues:105:5)\n    at callSuiteHook (file:///home/dylan/dev/rsolv/RSOLV-action/node_modules/@vitest/runner/dist/chunk-hooks.js:1429:21)\n    at runTest (file:///home/dylan/dev/rsolv/RSOLV-action/node_modules/@vitest/runner/dist/chunk-hooks.js:1566:26)"
          ],
          "meta": {}
        },
        {
          "ancestorTitles": [
            "GitBasedProcessor - Test Mode",
            "when RSOLV_TESTING_MODE is enabled"
          ],
          "fullName": "GitBasedProcessor - Test Mode when RSOLV_TESTING_MODE is enabled should not rollback changes when validation fails in test mode",
          "status": "failed",
          "title": "should not rollback changes when validation fails in test mode",
          "duration": 0.16558100000020204,
          "failureMessages": [
            "TypeError: GitBasedProcessor is not a constructor\n    at /home/dylan/dev/rsolv/RSOLV-action/src/ai/__tests__/git-based-processor-test-mode.test.ts:44:17\n    at file:///home/dylan/dev/rsolv/RSOLV-action/node_modules/@vitest/runner/dist/chunk-hooks.js:155:11\n    at file:///home/dylan/dev/rsolv/RSOLV-action/node_modules/@vitest/runner/dist/chunk-hooks.js:1897:20\n    at new Promise (<anonymous>)\n    at runWithTimeout (file:///home/dylan/dev/rsolv/RSOLV-action/node_modules/@vitest/runner/dist/chunk-hooks.js:1863:10)\n    at runHook (file:///home/dylan/dev/rsolv/RSOLV-action/node_modules/@vitest/runner/dist/chunk-hooks.js:1436:51)\n    at callSuiteHook (file:///home/dylan/dev/rsolv/RSOLV-action/node_modules/@vitest/runner/dist/chunk-hooks.js:1442:25)\n    at processTicksAndRejections (node:internal/process/task_queues:105:5)\n    at callSuiteHook (file:///home/dylan/dev/rsolv/RSOLV-action/node_modules/@vitest/runner/dist/chunk-hooks.js:1429:21)\n    at runTest (file:///home/dylan/dev/rsolv/RSOLV-action/node_modules/@vitest/runner/dist/chunk-hooks.js:1566:26)"
          ],
          "meta": {}
        },
        {
          "ancestorTitles": [
            "GitBasedProcessor - Test Mode",
            "when RSOLV_TESTING_MODE is enabled"
          ],
          "fullName": "GitBasedProcessor - Test Mode when RSOLV_TESTING_MODE is enabled should mark PR title as test mode",
          "status": "failed",
          "title": "should mark PR title as test mode",
          "duration": 0.1568650000008347,
          "failureMessages": [
            "TypeError: GitBasedProcessor is not a constructor\n    at /home/dylan/dev/rsolv/RSOLV-action/src/ai/__tests__/git-based-processor-test-mode.test.ts:44:17\n    at file:///home/dylan/dev/rsolv/RSOLV-action/node_modules/@vitest/runner/dist/chunk-hooks.js:155:11\n    at file:///home/dylan/dev/rsolv/RSOLV-action/node_modules/@vitest/runner/dist/chunk-hooks.js:1897:20\n    at new Promise (<anonymous>)\n    at runWithTimeout (file:///home/dylan/dev/rsolv/RSOLV-action/node_modules/@vitest/runner/dist/chunk-hooks.js:1863:10)\n    at runHook (file:///home/dylan/dev/rsolv/RSOLV-action/node_modules/@vitest/runner/dist/chunk-hooks.js:1436:51)\n    at callSuiteHook (file:///home/dylan/dev/rsolv/RSOLV-action/node_modules/@vitest/runner/dist/chunk-hooks.js:1442:25)\n    at processTicksAndRejections (node:internal/process/task_queues:105:5)\n    at callSuiteHook (file:///home/dylan/dev/rsolv/RSOLV-action/node_modules/@vitest/runner/dist/chunk-hooks.js:1429:21)\n    at runTest (file:///home/dylan/dev/rsolv/RSOLV-action/node_modules/@vitest/runner/dist/chunk-hooks.js:1566:26)"
          ],
          "meta": {}
        },
        {
          "ancestorTitles": [
            "GitBasedProcessor - Test Mode",
            "when RSOLV_TESTING_MODE is disabled"
          ],
          "fullName": "GitBasedProcessor - Test Mode when RSOLV_TESTING_MODE is disabled should not create PR when validation fails",
          "status": "failed",
          "title": "should not create PR when validation fails",
          "duration": 0.16035000000010768,
          "failureMessages": [
            "TypeError: GitBasedProcessor is not a constructor\n    at /home/dylan/dev/rsolv/RSOLV-action/src/ai/__tests__/git-based-processor-test-mode.test.ts:44:17\n    at file:///home/dylan/dev/rsolv/RSOLV-action/node_modules/@vitest/runner/dist/chunk-hooks.js:155:11\n    at file:///home/dylan/dev/rsolv/RSOLV-action/node_modules/@vitest/runner/dist/chunk-hooks.js:1897:20\n    at new Promise (<anonymous>)\n    at runWithTimeout (file:///home/dylan/dev/rsolv/RSOLV-action/node_modules/@vitest/runner/dist/chunk-hooks.js:1863:10)\n    at runHook (file:///home/dylan/dev/rsolv/RSOLV-action/node_modules/@vitest/runner/dist/chunk-hooks.js:1436:51)\n    at callSuiteHook (file:///home/dylan/dev/rsolv/RSOLV-action/node_modules/@vitest/runner/dist/chunk-hooks.js:1442:25)\n    at processTicksAndRejections (node:internal/process/task_queues:105:5)\n    at callSuiteHook (file:///home/dylan/dev/rsolv/RSOLV-action/node_modules/@vitest/runner/dist/chunk-hooks.js:1429:21)\n    at runTest (file:///home/dylan/dev/rsolv/RSOLV-action/node_modules/@vitest/runner/dist/chunk-hooks.js:1566:26)"
          ],
          "meta": {}
        },
        {
          "ancestorTitles": [
            "GitBasedProcessor - Test Mode",
            "when RSOLV_TESTING_MODE is disabled"
          ],
          "fullName": "GitBasedProcessor - Test Mode when RSOLV_TESTING_MODE is disabled should rollback changes when validation fails",
          "status": "failed",
          "title": "should rollback changes when validation fails",
          "duration": 0.15002199999980803,
          "failureMessages": [
            "TypeError: GitBasedProcessor is not a constructor\n    at /home/dylan/dev/rsolv/RSOLV-action/src/ai/__tests__/git-based-processor-test-mode.test.ts:44:17\n    at file:///home/dylan/dev/rsolv/RSOLV-action/node_modules/@vitest/runner/dist/chunk-hooks.js:155:11\n    at file:///home/dylan/dev/rsolv/RSOLV-action/node_modules/@vitest/runner/dist/chunk-hooks.js:1897:20\n    at new Promise (<anonymous>)\n    at runWithTimeout (file:///home/dylan/dev/rsolv/RSOLV-action/node_modules/@vitest/runner/dist/chunk-hooks.js:1863:10)\n    at runHook (file:///home/dylan/dev/rsolv/RSOLV-action/node_modules/@vitest/runner/dist/chunk-hooks.js:1436:51)\n    at callSuiteHook (file:///home/dylan/dev/rsolv/RSOLV-action/node_modules/@vitest/runner/dist/chunk-hooks.js:1442:25)\n    at processTicksAndRejections (node:internal/process/task_queues:105:5)\n    at callSuiteHook (file:///home/dylan/dev/rsolv/RSOLV-action/node_modules/@vitest/runner/dist/chunk-hooks.js:1429:21)\n    at runTest (file:///home/dylan/dev/rsolv/RSOLV-action/node_modules/@vitest/runner/dist/chunk-hooks.js:1566:26)"
          ],
          "meta": {}
        }
      ],
      "startTime": 1759802096071,
      "endTime": 1759802096073.1604,
      "status": "failed",
      "message": "",
      "name": "/home/dylan/dev/rsolv/RSOLV-action/src/ai/__tests__/git-based-processor-test-mode.test.ts"
    },
    {
      "assertionResults": [
        {
          "ancestorTitles": [
            "SecurityAwareAnalyzer",
            "Security Analysis"
          ],
          "fullName": "SecurityAwareAnalyzer Security Analysis should detect SQL injection vulnerabilities in code",
          "status": "passed",
          "title": "should detect SQL injection vulnerabilities in code",
          "duration": 3.1285550000000057,
          "failureMessages": [],
          "meta": {}
        },
        {
          "ancestorTitles": [
            "SecurityAwareAnalyzer",
            "Security Analysis"
          ],
          "fullName": "SecurityAwareAnalyzer Security Analysis should detect XSS vulnerabilities in code",
          "status": "passed",
          "title": "should detect XSS vulnerabilities in code",
          "duration": 0.6815530000000081,
          "failureMessages": [],
          "meta": {}
        },
        {
          "ancestorTitles": [
            "SecurityAwareAnalyzer",
            "Security Analysis"
          ],
          "fullName": "SecurityAwareAnalyzer Security Analysis should calculate appropriate risk levels",
          "status": "passed",
          "title": "should calculate appropriate risk levels",
          "duration": 0.585252999999966,
          "failureMessages": [],
          "meta": {}
        },
        {
          "ancestorTitles": [
            "SecurityAwareAnalyzer",
            "Security Analysis"
          ],
          "fullName": "SecurityAwareAnalyzer Security Analysis should adjust complexity based on security risk",
          "status": "passed",
          "title": "should adjust complexity based on security risk",
          "duration": 0.7631790000000365,
          "failureMessages": [],
          "meta": {}
        },
        {
          "ancestorTitles": [
            "SecurityAwareAnalyzer",
            "Security Analysis"
          ],
          "fullName": "SecurityAwareAnalyzer Security Analysis should handle files with no vulnerabilities",
          "status": "passed",
          "title": "should handle files with no vulnerabilities",
          "duration": 0.5520290000000614,
          "failureMessages": [],
          "meta": {}
        },
        {
          "ancestorTitles": [
            "SecurityAwareAnalyzer",
            "Security Analysis"
          ],
          "fullName": "SecurityAwareAnalyzer Security Analysis should handle mixed languages",
          "status": "passed",
          "title": "should handle mixed languages",
          "duration": 0.5768970000000309,
          "failureMessages": [],
          "meta": {}
        },
        {
          "ancestorTitles": [
            "SecurityAwareAnalyzer",
            "Issue Type Detection"
          ],
          "fullName": "SecurityAwareAnalyzer Issue Type Detection should detect security issues from title and body",
          "status": "passed",
          "title": "should detect security issues from title and body",
          "duration": 0.2727029999999786,
          "failureMessages": [],
          "meta": {}
        },
        {
          "ancestorTitles": [
            "SecurityAwareAnalyzer",
            "Issue Type Detection"
          ],
          "fullName": "SecurityAwareAnalyzer Issue Type Detection should detect bug issues",
          "status": "passed",
          "title": "should detect bug issues",
          "duration": 0.1975079999999707,
          "failureMessages": [],
          "meta": {}
        }
      ],
      "startTime": 1759802089234,
      "endTime": 1759802089241.1975,
      "status": "passed",
      "message": "",
      "name": "/home/dylan/dev/rsolv/RSOLV-action/src/ai/__tests__/security-analyzer.test.ts"
    },
    {
      "assertionResults": [
        {
          "ancestorTitles": [
            "Validation Skip Logic",
            "shouldSkipValidation (correct logic)"
          ],
          "fullName": "Validation Skip Logic shouldSkipValidation (correct logic) should skip when fixValidation.enabled is false",
          "status": "passed",
          "title": "should skip when fixValidation.enabled is false",
          "duration": 0.3457569999991392,
          "failureMessages": [],
          "meta": {}
        },
        {
          "ancestorTitles": [
            "Validation Skip Logic",
            "shouldSkipValidation (correct logic)"
          ],
          "fullName": "Validation Skip Logic shouldSkipValidation (correct logic) should not skip when fixValidation.enabled is true",
          "status": "passed",
          "title": "should not skip when fixValidation.enabled is true",
          "duration": 0.19925200000034238,
          "failureMessages": [],
          "meta": {}
        },
        {
          "ancestorTitles": [
            "Validation Skip Logic",
            "shouldSkipValidation (correct logic)"
          ],
          "fullName": "Validation Skip Logic shouldSkipValidation (correct logic) should not skip when fixValidation.enabled is undefined",
          "status": "passed",
          "title": "should not skip when fixValidation.enabled is undefined",
          "duration": 0.17264299999987998,
          "failureMessages": [],
          "meta": {}
        },
        {
          "ancestorTitles": [
            "Validation Skip Logic",
            "buggyValidationCondition (current bug)"
          ],
          "fullName": "Validation Skip Logic buggyValidationCondition (current bug) FAILS to skip validation when DISABLE_FIX_VALIDATION is set but testGeneration.validateFixes is true",
          "status": "passed",
          "title": "FAILS to skip validation when DISABLE_FIX_VALIDATION is set but testGeneration.validateFixes is true",
          "duration": 0.1602630000006684,
          "failureMessages": [],
          "meta": {}
        },
        {
          "ancestorTitles": [
            "Validation Skip Logic",
            "buggyValidationCondition (current bug)"
          ],
          "fullName": "Validation Skip Logic buggyValidationCondition (current bug) correctly skips when both are false",
          "status": "passed",
          "title": "correctly skips when both are false",
          "duration": 0.12301899999965826,
          "failureMessages": [],
          "meta": {}
        },
        {
          "ancestorTitles": [
            "Validation Skip Logic",
            "Fixed validation condition"
          ],
          "fullName": "Validation Skip Logic Fixed validation condition should NOT enter validation when DISABLE_FIX_VALIDATION is set",
          "status": "passed",
          "title": "should NOT enter validation when DISABLE_FIX_VALIDATION is set",
          "duration": 0.1434159999998883,
          "failureMessages": [],
          "meta": {}
        },
        {
          "ancestorTitles": [
            "Validation Skip Logic",
            "Fixed validation condition"
          ],
          "fullName": "Validation Skip Logic Fixed validation condition should enter validation when fixValidation.enabled is true",
          "status": "passed",
          "title": "should enter validation when fixValidation.enabled is true",
          "duration": 0.12790099999983795,
          "failureMessages": [],
          "meta": {}
        },
        {
          "ancestorTitles": [
            "Validation Skip Logic",
            "Fixed validation condition"
          ],
          "fullName": "Validation Skip Logic Fixed validation condition should enter validation when testGeneration.validateFixes is true and not disabled",
          "status": "passed",
          "title": "should enter validation when testGeneration.validateFixes is true and not disabled",
          "duration": 0.11490800000046875,
          "failureMessages": [],
          "meta": {}
        },
        {
          "ancestorTitles": [
            "Validation Skip Logic",
            "Fixed validation condition"
          ],
          "fullName": "Validation Skip Logic Fixed validation condition should not enter validation when both are false/undefined",
          "status": "passed",
          "title": "should not enter validation when both are false/undefined",
          "duration": 0.12504600000011123,
          "failureMessages": [],
          "meta": {}
        }
      ],
      "startTime": 1759802096358,
      "endTime": 1759802096359.1433,
      "status": "passed",
      "message": "",
      "name": "/home/dylan/dev/rsolv/RSOLV-action/src/ai/__tests__/validation-skip-logic.test.ts"
    },
    {
      "assertionResults": [
        {
          "ancestorTitles": [
            "Feedback Types"
          ],
          "fullName": "Feedback Types should allow creating a valid FeedbackEvent",
          "status": "passed",
          "title": "should allow creating a valid FeedbackEvent",
          "duration": 0.3678220000001602,
          "failureMessages": [],
          "meta": {}
        },
        {
          "ancestorTitles": [
            "Feedback Types"
          ],
          "fullName": "Feedback Types should allow creating a valid FeedbackEvent with modifications",
          "status": "passed",
          "title": "should allow creating a valid FeedbackEvent with modifications",
          "duration": 0.24821799999972427,
          "failureMessages": [],
          "meta": {}
        },
        {
          "ancestorTitles": [
            "Feedback Types"
          ],
          "fullName": "Feedback Types should allow creating a valid PromptEnhancementContext",
          "status": "passed",
          "title": "should allow creating a valid PromptEnhancementContext",
          "duration": 0.24233899999944697,
          "failureMessages": [],
          "meta": {}
        },
        {
          "ancestorTitles": [
            "Feedback Types"
          ],
          "fullName": "Feedback Types should enforce proper enumeration values",
          "status": "passed",
          "title": "should enforce proper enumeration values",
          "duration": 0.1961380000002464,
          "failureMessages": [],
          "meta": {}
        }
      ],
      "startTime": 1759802096370,
      "endTime": 1759802096371.2483,
      "status": "passed",
      "message": "",
      "name": "/home/dylan/dev/rsolv/RSOLV-action/src/feedback/__tests__/types.test.ts"
    },
    {
      "assertionResults": [
        {
          "ancestorTitles": [
            "Phase Decomposition - processIssueWithGit refactoring",
            "Scan Phase Extraction"
          ],
          "fullName": "Phase Decomposition - processIssueWithGit refactoring Scan Phase Extraction executeScanForIssue should analyze issue and determine if fixable",
          "status": "passed",
          "title": "executeScanForIssue should analyze issue and determine if fixable",
          "duration": 50.66711700000002,
          "failureMessages": [],
          "meta": {}
        },
        {
          "ancestorTitles": [
            "Phase Decomposition - processIssueWithGit refactoring",
            "Scan Phase Extraction"
          ],
          "fullName": "Phase Decomposition - processIssueWithGit refactoring Scan Phase Extraction executeScanForIssue should fail if git has uncommitted changes",
          "status": "passed",
          "title": "executeScanForIssue should fail if git has uncommitted changes",
          "duration": 0.40616300000010597,
          "failureMessages": [],
          "meta": {}
        },
        {
          "ancestorTitles": [
            "Phase Decomposition - processIssueWithGit refactoring",
            "Scan Phase Extraction"
          ],
          "fullName": "Phase Decomposition - processIssueWithGit refactoring Scan Phase Extraction executeScanForIssue should store scan results in PhaseDataClient",
          "status": "passed",
          "title": "executeScanForIssue should store scan results in PhaseDataClient",
          "duration": 1.4169709999999895,
          "failureMessages": [],
          "meta": {}
        },
        {
          "ancestorTitles": [
            "Phase Decomposition - processIssueWithGit refactoring",
            "Validate Phase Extraction"
          ],
          "fullName": "Phase Decomposition - processIssueWithGit refactoring Validate Phase Extraction executeValidateForIssue should generate tests for vulnerability",
          "status": "passed",
          "title": "executeValidateForIssue should generate tests for vulnerability",
          "duration": 13.625267000000008,
          "failureMessages": [],
          "meta": {}
        },
        {
          "ancestorTitles": [
            "Phase Decomposition - processIssueWithGit refactoring",
            "Validate Phase Extraction"
          ],
          "fullName": "Phase Decomposition - processIssueWithGit refactoring Validate Phase Extraction executeValidateForIssue should use TestGeneratingSecurityAnalyzer",
          "status": "passed",
          "title": "executeValidateForIssue should use TestGeneratingSecurityAnalyzer",
          "duration": 5.255279999999971,
          "failureMessages": [],
          "meta": {}
        },
        {
          "ancestorTitles": [
            "Phase Decomposition - processIssueWithGit refactoring",
            "Validate Phase Extraction"
          ],
          "fullName": "Phase Decomposition - processIssueWithGit refactoring Validate Phase Extraction executeValidateForIssue should store validation results",
          "status": "passed",
          "title": "executeValidateForIssue should store validation results",
          "duration": 1.9388890000000174,
          "failureMessages": [],
          "meta": {}
        },
        {
          "ancestorTitles": [
            "Phase Decomposition - processIssueWithGit refactoring",
            "Mitigate Phase Extraction"
          ],
          "fullName": "Phase Decomposition - processIssueWithGit refactoring Mitigate Phase Extraction executeMitigateForIssue should apply fix using Claude Code",
          "status": "passed",
          "title": "executeMitigateForIssue should apply fix using Claude Code",
          "duration": 4.215726000000018,
          "failureMessages": [],
          "meta": {}
        },
        {
          "ancestorTitles": [
            "Phase Decomposition - processIssueWithGit refactoring",
            "Mitigate Phase Extraction"
          ],
          "fullName": "Phase Decomposition - processIssueWithGit refactoring Mitigate Phase Extraction executeMitigateForIssue should validate fix with generated tests",
          "status": "passed",
          "title": "executeMitigateForIssue should validate fix with generated tests",
          "duration": 3.435271999999941,
          "failureMessages": [],
          "meta": {}
        },
        {
          "ancestorTitles": [
            "Phase Decomposition - processIssueWithGit refactoring",
            "Mitigate Phase Extraction"
          ],
          "fullName": "Phase Decomposition - processIssueWithGit refactoring Mitigate Phase Extraction executeMitigateForIssue should retry on validation failure",
          "status": "passed",
          "title": "executeMitigateForIssue should retry on validation failure",
          "duration": 3.763445000000047,
          "failureMessages": [],
          "meta": {}
        },
        {
          "ancestorTitles": [
            "Phase Decomposition - processIssueWithGit refactoring",
            "Full Three-Phase Execution"
          ],
          "fullName": "Phase Decomposition - processIssueWithGit refactoring Full Three-Phase Execution executeThreePhaseForIssue should run all phases sequentially",
          "status": "passed",
          "title": "executeThreePhaseForIssue should run all phases sequentially",
          "duration": 14.070557000000008,
          "failureMessages": [],
          "meta": {}
        },
        {
          "ancestorTitles": [
            "Phase Decomposition - processIssueWithGit refactoring",
            "Full Three-Phase Execution"
          ],
          "fullName": "Phase Decomposition - processIssueWithGit refactoring Full Three-Phase Execution executeThreePhaseForIssue should abort if scan determines not fixable",
          "status": "passed",
          "title": "executeThreePhaseForIssue should abort if scan determines not fixable",
          "duration": 0.6179309999999987,
          "failureMessages": [],
          "meta": {}
        },
        {
          "ancestorTitles": [
            "Phase Decomposition - processIssueWithGit refactoring",
            "Full Three-Phase Execution"
          ],
          "fullName": "Phase Decomposition - processIssueWithGit refactoring Full Three-Phase Execution executeThreePhaseForIssue should pass data between phases",
          "status": "passed",
          "title": "executeThreePhaseForIssue should pass data between phases",
          "duration": 1.0710219999999708,
          "failureMessages": [],
          "meta": {}
        }
      ],
      "startTime": 1759802088824,
      "endTime": 1759802088925.071,
      "status": "passed",
      "message": "",
      "name": "/home/dylan/dev/rsolv/RSOLV-action/src/modes/__tests__/phase-decomposition.test.ts"
    },
    {
      "assertionResults": [
        {
          "ancestorTitles": [
            "Ruby Vulnerability Detection"
          ],
          "fullName": "Ruby Vulnerability Detection should have Ruby SQL injection pattern",
          "status": "passed",
          "title": "should have Ruby SQL injection pattern",
          "duration": 0.16090299999996205,
          "failureMessages": [],
          "meta": {}
        },
        {
          "ancestorTitles": [
            "Ruby Vulnerability Detection"
          ],
          "fullName": "Ruby Vulnerability Detection should match Ruby SQL injection with regex",
          "status": "passed",
          "title": "should match Ruby SQL injection with regex",
          "duration": 0.16063499999927444,
          "failureMessages": [],
          "meta": {}
        },
        {
          "ancestorTitles": [
            "Ruby Vulnerability Detection"
          ],
          "fullName": "Ruby Vulnerability Detection should detect Ruby SQL injection with detector",
          "status": "passed",
          "title": "should detect Ruby SQL injection with detector",
          "duration": 0.586739999999736,
          "failureMessages": [],
          "meta": {}
        },
        {
          "ancestorTitles": [
            "Ruby Vulnerability Detection"
          ],
          "fullName": "Ruby Vulnerability Detection should detect Ruby SQL injection in full code",
          "status": "passed",
          "title": "should detect Ruby SQL injection in full code",
          "duration": 0.4130800000002637,
          "failureMessages": [],
          "meta": {}
        }
      ],
      "startTime": 1759802096427,
      "endTime": 1759802096428.413,
      "status": "passed",
      "message": "",
      "name": "/home/dylan/dev/rsolv/RSOLV-action/src/security/__tests__/ruby-detection.test.ts"
    },
    {
      "assertionResults": [
        {
          "ancestorTitles": [
            "Safe Usage Detection",
            "SQL Injection Safe Patterns"
          ],
          "fullName": "Safe Usage Detection SQL Injection Safe Patterns should recognize parameterized queries as safe",
          "status": "passed",
          "title": "should recognize parameterized queries as safe",
          "duration": 0.20208000000002357,
          "failureMessages": [],
          "meta": {}
        },
        {
          "ancestorTitles": [
            "Safe Usage Detection",
            "SQL Injection Safe Patterns"
          ],
          "fullName": "Safe Usage Detection SQL Injection Safe Patterns should recognize prepared statements as safe",
          "status": "passed",
          "title": "should recognize prepared statements as safe",
          "duration": 0.13541100000020379,
          "failureMessages": [],
          "meta": {}
        },
        {
          "ancestorTitles": [
            "Safe Usage Detection",
            "SQL Injection Safe Patterns"
          ],
          "fullName": "Safe Usage Detection SQL Injection Safe Patterns should NOT consider Ruby hash syntax as safe SQL",
          "status": "passed",
          "title": "should NOT consider Ruby hash syntax as safe SQL",
          "duration": 0.09361200000057579,
          "failureMessages": [],
          "meta": {}
        },
        {
          "ancestorTitles": [
            "Safe Usage Detection",
            "SQL Injection Safe Patterns"
          ],
          "fullName": "Safe Usage Detection SQL Injection Safe Patterns should NOT consider Ruby string interpolation as safe",
          "status": "passed",
          "title": "should NOT consider Ruby string interpolation as safe",
          "duration": 0.07571100000041042,
          "failureMessages": [],
          "meta": {}
        },
        {
          "ancestorTitles": [
            "Safe Usage Detection",
            "SQL Injection Safe Patterns"
          ],
          "fullName": "Safe Usage Detection SQL Injection Safe Patterns should recognize actual named parameters as safe",
          "status": "passed",
          "title": "should recognize actual named parameters as safe",
          "duration": 0.07170400000086374,
          "failureMessages": [],
          "meta": {}
        },
        {
          "ancestorTitles": [
            "Safe Usage Detection",
            "Language-specific patterns"
          ],
          "fullName": "Safe Usage Detection Language-specific patterns should handle Ruby ActiveRecord safe patterns",
          "status": "passed",
          "title": "should handle Ruby ActiveRecord safe patterns",
          "duration": 0.0837310000006255,
          "failureMessages": [],
          "meta": {}
        },
        {
          "ancestorTitles": [
            "Safe Usage Detection",
            "Language-specific patterns"
          ],
          "fullName": "Safe Usage Detection Language-specific patterns should handle Python parameterized queries",
          "status": "passed",
          "title": "should handle Python parameterized queries",
          "duration": 0.0750159999997777,
          "failureMessages": [],
          "meta": {}
        }
      ],
      "startTime": 1759802096436,
      "endTime": 1759802096437.0837,
      "status": "passed",
      "message": "",
      "name": "/home/dylan/dev/rsolv/RSOLV-action/src/security/__tests__/safe-usage.test.ts"
    },
    {
      "assertionResults": [
        {
          "ancestorTitles": [
            "RFC-047: Vendor Library Detection",
            "Vendor Directory Detection"
          ],
          "fullName": "RFC-047: Vendor Library Detection Vendor Directory Detection should detect node_modules as vendor",
          "status": "passed",
          "title": "should detect node_modules as vendor",
          "duration": 0.22574699999995573,
          "failureMessages": [],
          "meta": {}
        },
        {
          "ancestorTitles": [
            "RFC-047: Vendor Library Detection",
            "Vendor Directory Detection"
          ],
          "fullName": "RFC-047: Vendor Library Detection Vendor Directory Detection should detect vendor directory as vendor",
          "status": "passed",
          "title": "should detect vendor directory as vendor",
          "duration": 0.06976899999995112,
          "failureMessages": [],
          "meta": {}
        },
        {
          "ancestorTitles": [
            "RFC-047: Vendor Library Detection",
            "Vendor Directory Detection"
          ],
          "fullName": "RFC-047: Vendor Library Detection Vendor Directory Detection should detect bower_components as vendor",
          "status": "passed",
          "title": "should detect bower_components as vendor",
          "duration": 0.0504399999999805,
          "failureMessages": [],
          "meta": {}
        },
        {
          "ancestorTitles": [
            "RFC-047: Vendor Library Detection",
            "Vendor Directory Detection"
          ],
          "fullName": "RFC-047: Vendor Library Detection Vendor Directory Detection should detect minified files as vendor",
          "status": "passed",
          "title": "should detect minified files as vendor",
          "duration": 0.04375900000013644,
          "failureMessages": [],
          "meta": {}
        },
        {
          "ancestorTitles": [
            "RFC-047: Vendor Library Detection",
            "Vendor Directory Detection"
          ],
          "fullName": "RFC-047: Vendor Library Detection Vendor Directory Detection should not detect application code as vendor",
          "status": "passed",
          "title": "should not detect application code as vendor",
          "duration": 0.20776200000000244,
          "failureMessages": [],
          "meta": {}
        },
        {
          "ancestorTitles": [
            "RFC-047: Vendor Library Detection",
            "Vendor Directory Detection"
          ],
          "fullName": "RFC-047: Vendor Library Detection Vendor Directory Detection should detect by file header comment",
          "status": "passed",
          "title": "should detect by file header comment",
          "duration": 0.1139379999999619,
          "failureMessages": [],
          "meta": {}
        },
        {
          "ancestorTitles": [
            "RFC-047: Vendor Library Detection",
            "Library Identification"
          ],
          "fullName": "RFC-047: Vendor Library Detection Library Identification should identify jQuery from file path",
          "status": "passed",
          "title": "should identify jQuery from file path",
          "duration": 0.17395299999998315,
          "failureMessages": [],
          "meta": {}
        },
        {
          "ancestorTitles": [
            "RFC-047: Vendor Library Detection",
            "Library Identification"
          ],
          "fullName": "RFC-047: Vendor Library Detection Library Identification should identify Bootstrap from file content",
          "status": "passed",
          "title": "should identify Bootstrap from file content",
          "duration": 0.14908100000002378,
          "failureMessages": [],
          "meta": {}
        },
        {
          "ancestorTitles": [
            "RFC-047: Vendor Library Detection",
            "Library Identification"
          ],
          "fullName": "RFC-047: Vendor Library Detection Library Identification should return null for non-vendor files",
          "status": "passed",
          "title": "should return null for non-vendor files",
          "duration": 0.14398099999993974,
          "failureMessages": [],
          "meta": {}
        },
        {
          "ancestorTitles": [
            "RFC-047: Vendor Library Detection",
            "Dependency Analysis"
          ],
          "fullName": "RFC-047: Vendor Library Detection Dependency Analysis should find package.json dependencies",
          "status": "passed",
          "title": "should find package.json dependencies",
          "duration": 0.14940900000010515,
          "failureMessages": [],
          "meta": {}
        },
        {
          "ancestorTitles": [
            "RFC-047: Vendor Library Detection",
            "Dependency Analysis"
          ],
          "fullName": "RFC-047: Vendor Library Detection Dependency Analysis should check if file belongs to known dependency",
          "status": "passed",
          "title": "should check if file belongs to known dependency",
          "duration": 0.0853020000001834,
          "failureMessages": [],
          "meta": {}
        },
        {
          "ancestorTitles": [
            "RFC-047: Vendor Library Detection",
            "Vulnerability Handling"
          ],
          "fullName": "RFC-047: Vendor Library Detection Vulnerability Handling should return update action for vendor vulnerabilities",
          "status": "passed",
          "title": "should return update action for vendor vulnerabilities",
          "duration": 0.1611760000000686,
          "failureMessages": [],
          "meta": {}
        },
        {
          "ancestorTitles": [
            "RFC-047: Vendor Library Detection",
            "Vulnerability Handling"
          ],
          "fullName": "RFC-047: Vendor Library Detection Vulnerability Handling should return fix action for application vulnerabilities",
          "status": "passed",
          "title": "should return fix action for application vulnerabilities",
          "duration": 0.07297899999980473,
          "failureMessages": [],
          "meta": {}
        },
        {
          "ancestorTitles": [
            "RFC-047: Vendor Library Detection",
            "Vulnerability Handling"
          ],
          "fullName": "RFC-047: Vendor Library Detection Vulnerability Handling should not attempt to patch vendor code",
          "status": "passed",
          "title": "should not attempt to patch vendor code",
          "duration": 0.13245300000016869,
          "failureMessages": [],
          "meta": {}
        },
        {
          "ancestorTitles": [
            "RFC-047: Vendor Library Detection",
            "Update Recommendations"
          ],
          "fullName": "RFC-047: Vendor Library Detection Update Recommendations should recommend safe update version",
          "status": "passed",
          "title": "should recommend safe update version",
          "duration": 0.2216289999998935,
          "failureMessages": [],
          "meta": {}
        },
        {
          "ancestorTitles": [
            "RFC-047: Vendor Library Detection",
            "Update Recommendations"
          ],
          "fullName": "RFC-047: Vendor Library Detection Update Recommendations should provide update commands",
          "status": "passed",
          "title": "should provide update commands",
          "duration": 0.0938739999999143,
          "failureMessages": [],
          "meta": {}
        },
        {
          "ancestorTitles": [
            "RFC-047: Vendor Library Detection",
            "Issue Creation"
          ],
          "fullName": "RFC-047: Vendor Library Detection Issue Creation should create vendor-specific issue",
          "status": "passed",
          "title": "should create vendor-specific issue",
          "duration": 0.20366899999999077,
          "failureMessages": [],
          "meta": {}
        },
        {
          "ancestorTitles": [
            "RFC-047: Vendor Library Detection",
            "Issue Creation"
          ],
          "fullName": "RFC-047: Vendor Library Detection Issue Creation should not create patch PR for vendor files",
          "status": "passed",
          "title": "should not create patch PR for vendor files",
          "duration": 0.08650199999988217,
          "failureMessages": [],
          "meta": {}
        }
      ],
      "startTime": 1759802089666,
      "endTime": 1759802089669.2036,
      "status": "passed",
      "message": "",
      "name": "/home/dylan/dev/rsolv/RSOLV-action/src/vendor/__tests__/vendor-detector.test.ts"
    },
    {
      "assertionResults": [
        {
          "ancestorTitles": [
            "Claude CLI Usage in Mitigation"
          ],
          "fullName": "Claude CLI Usage in Mitigation should use Claude CLI when vended credentials are enabled",
          "status": "failed",
          "title": "should use Claude CLI when vended credentials are enabled",
          "duration": 0.7989900000002308,
          "failureMessages": [
            "Error: generateSolution does not exist\n    at S (file:///home/dylan/dev/rsolv/RSOLV-action/node_modules/tinyspy/dist/index.js:4:11)\n    at Module.M (file:///home/dylan/dev/rsolv/RSOLV-action/node_modules/tinyspy/dist/index.js:121:3)\n    at Object.spyOn (file:///home/dylan/dev/rsolv/RSOLV-action/node_modules/@vitest/spy/dist/index.js:21:24)\n    at /home/dylan/dev/rsolv/RSOLV-action/src/ai/adapters/__tests__/claude-cli-mitigation.test.ts:67:39\n    at file:///home/dylan/dev/rsolv/RSOLV-action/node_modules/@vitest/runner/dist/chunk-hooks.js:155:11\n    at file:///home/dylan/dev/rsolv/RSOLV-action/node_modules/@vitest/runner/dist/chunk-hooks.js:752:26\n    at file:///home/dylan/dev/rsolv/RSOLV-action/node_modules/@vitest/runner/dist/chunk-hooks.js:1897:20\n    at new Promise (<anonymous>)\n    at runWithTimeout (file:///home/dylan/dev/rsolv/RSOLV-action/node_modules/@vitest/runner/dist/chunk-hooks.js:1863:10)\n    at runTest (file:///home/dylan/dev/rsolv/RSOLV-action/node_modules/@vitest/runner/dist/chunk-hooks.js:1574:12)"
          ],
          "meta": {}
        },
        {
          "ancestorTitles": [
            "Claude CLI Usage in Mitigation"
          ],
          "fullName": "Claude CLI Usage in Mitigation should use Claude CLI when RSOLV_USE_CLI is true",
          "status": "passed",
          "title": "should use Claude CLI when RSOLV_USE_CLI is true",
          "duration": 38.652304000000186,
          "failureMessages": [],
          "meta": {}
        },
        {
          "ancestorTitles": [
            "Claude CLI Usage in Mitigation"
          ],
          "fullName": "Claude CLI Usage in Mitigation should use Claude CLI when structured phases are enabled",
          "status": "passed",
          "title": "should use Claude CLI when structured phases are enabled",
          "duration": 8.061367000000246,
          "failureMessages": [],
          "meta": {}
        },
        {
          "ancestorTitles": [
            "Claude CLI Usage in Mitigation"
          ],
          "fullName": "Claude CLI Usage in Mitigation should NOT fall back to SDK when vended credentials are enabled and CLI fails",
          "status": "failed",
          "title": "should NOT fall back to SDK when vended credentials are enabled and CLI fails",
          "duration": 0.465820999999778,
          "failureMessages": [
            "Error: generateSolution does not exist\n    at S (file:///home/dylan/dev/rsolv/RSOLV-action/node_modules/tinyspy/dist/index.js:4:11)\n    at Module.M (file:///home/dylan/dev/rsolv/RSOLV-action/node_modules/tinyspy/dist/index.js:121:3)\n    at Object.spyOn (file:///home/dylan/dev/rsolv/RSOLV-action/node_modules/@vitest/spy/dist/index.js:21:24)\n    at /home/dylan/dev/rsolv/RSOLV-action/src/ai/adapters/__tests__/claude-cli-mitigation.test.ts:175:39\n    at file:///home/dylan/dev/rsolv/RSOLV-action/node_modules/@vitest/runner/dist/chunk-hooks.js:155:11\n    at file:///home/dylan/dev/rsolv/RSOLV-action/node_modules/@vitest/runner/dist/chunk-hooks.js:752:26\n    at file:///home/dylan/dev/rsolv/RSOLV-action/node_modules/@vitest/runner/dist/chunk-hooks.js:1897:20\n    at new Promise (<anonymous>)\n    at runWithTimeout (file:///home/dylan/dev/rsolv/RSOLV-action/node_modules/@vitest/runner/dist/chunk-hooks.js:1863:10)\n    at runTest (file:///home/dylan/dev/rsolv/RSOLV-action/node_modules/@vitest/runner/dist/chunk-hooks.js:1574:12)"
          ],
          "meta": {}
        }
      ],
      "startTime": 1759802096301,
      "endTime": 1759802096348.4658,
      "status": "failed",
      "message": "",
      "name": "/home/dylan/dev/rsolv/RSOLV-action/src/ai/adapters/__tests__/claude-cli-mitigation.test.ts"
    },
    {
      "assertionResults": [
        {
          "ancestorTitles": [
            "GitBasedClaudeCodeAdapter - Data Flow Tests",
            "specificVulnerabilities data flow"
          ],
          "fullName": "GitBasedClaudeCodeAdapter - Data Flow Tests specificVulnerabilities data flow should pass specificVulnerabilities from issueContext to prompt",
          "status": "failed",
          "title": "should pass specificVulnerabilities from issueContext to prompt",
          "duration": 4.429663000000005,
          "failureMessages": [
            "AssertionError: expected [] to include 'SPECIFIC VULNERABILITIES TO FIX'\n    at Proxy.<anonymous> (file:///home/dylan/dev/rsolv/RSOLV-action/node_modules/@vitest/expect/dist/index.js:1191:15)\n    at Proxy.<anonymous> (file:///home/dylan/dev/rsolv/RSOLV-action/node_modules/@vitest/expect/dist/index.js:1029:14)\n    at Proxy.methodWrapper (file:///home/dylan/dev/rsolv/RSOLV-action/node_modules/chai/index.js:1686:25)\n    at /home/dylan/dev/rsolv/RSOLV-action/src/ai/adapters/__tests__/claude-code-git-data-flow.test.ts:106:22\n    at file:///home/dylan/dev/rsolv/RSOLV-action/node_modules/@vitest/runner/dist/chunk-hooks.js:155:11\n    at file:///home/dylan/dev/rsolv/RSOLV-action/node_modules/@vitest/runner/dist/chunk-hooks.js:752:26\n    at file:///home/dylan/dev/rsolv/RSOLV-action/node_modules/@vitest/runner/dist/chunk-hooks.js:1897:20\n    at new Promise (<anonymous>)\n    at runWithTimeout (file:///home/dylan/dev/rsolv/RSOLV-action/node_modules/@vitest/runner/dist/chunk-hooks.js:1863:10)\n    at runTest (file:///home/dylan/dev/rsolv/RSOLV-action/node_modules/@vitest/runner/dist/chunk-hooks.js:1574:12)"
          ],
          "meta": {}
        },
        {
          "ancestorTitles": [
            "GitBasedClaudeCodeAdapter - Data Flow Tests",
            "specificVulnerabilities data flow"
          ],
          "fullName": "GitBasedClaudeCodeAdapter - Data Flow Tests specificVulnerabilities data flow should log debug info when specificVulnerabilities are present",
          "status": "passed",
          "title": "should log debug info when specificVulnerabilities are present",
          "duration": 0.667709000000059,
          "failureMessages": [],
          "meta": {}
        },
        {
          "ancestorTitles": [
            "GitBasedClaudeCodeAdapter - Data Flow Tests",
            "specificVulnerabilities data flow"
          ],
          "fullName": "GitBasedClaudeCodeAdapter - Data Flow Tests specificVulnerabilities data flow should handle missing specificVulnerabilities gracefully",
          "status": "failed",
          "title": "should handle missing specificVulnerabilities gracefully",
          "duration": 0.625536000000011,
          "failureMessages": [
            "AssertionError: expected [] to include 'You are an expert security engineer'\n    at Proxy.<anonymous> (file:///home/dylan/dev/rsolv/RSOLV-action/node_modules/@vitest/expect/dist/index.js:1191:15)\n    at Proxy.<anonymous> (file:///home/dylan/dev/rsolv/RSOLV-action/node_modules/@vitest/expect/dist/index.js:1029:14)\n    at Proxy.methodWrapper (file:///home/dylan/dev/rsolv/RSOLV-action/node_modules/chai/index.js:1686:25)\n    at /home/dylan/dev/rsolv/RSOLV-action/src/ai/adapters/__tests__/claude-code-git-data-flow.test.ts:181:22\n    at file:///home/dylan/dev/rsolv/RSOLV-action/node_modules/@vitest/runner/dist/chunk-hooks.js:155:11\n    at file:///home/dylan/dev/rsolv/RSOLV-action/node_modules/@vitest/runner/dist/chunk-hooks.js:752:26\n    at file:///home/dylan/dev/rsolv/RSOLV-action/node_modules/@vitest/runner/dist/chunk-hooks.js:1897:20\n    at new Promise (<anonymous>)\n    at runWithTimeout (file:///home/dylan/dev/rsolv/RSOLV-action/node_modules/@vitest/runner/dist/chunk-hooks.js:1863:10)\n    at runTest (file:///home/dylan/dev/rsolv/RSOLV-action/node_modules/@vitest/runner/dist/chunk-hooks.js:1574:12)"
          ],
          "meta": {}
        },
        {
          "ancestorTitles": [
            "GitBasedClaudeCodeAdapter - Data Flow Tests",
            "generateSolution data flow"
          ],
          "fullName": "GitBasedClaudeCodeAdapter - Data Flow Tests generateSolution data flow should preserve specificVulnerabilities through generateSolution call",
          "status": "passed",
          "title": "should preserve specificVulnerabilities through generateSolution call",
          "duration": 0.40628700000002027,
          "failureMessages": [],
          "meta": {}
        }
      ],
      "startTime": 1759802089278,
      "endTime": 1759802089284.4062,
      "status": "failed",
      "message": "",
      "name": "/home/dylan/dev/rsolv/RSOLV-action/src/ai/adapters/__tests__/claude-code-git-data-flow.test.ts"
    },
    {
      "assertionResults": [
        {
          "ancestorTitles": [
            "ElixirASTAnalyzer - Integration",
            "end-to-end workflow"
          ],
          "fullName": "ElixirASTAnalyzer - Integration end-to-end workflow should complete full analysis workflow",
          "status": "passed",
          "title": "should complete full analysis workflow",
          "duration": 0.7001479999998992,
          "failureMessages": [],
          "meta": {}
        },
        {
          "ancestorTitles": [
            "ElixirASTAnalyzer - Integration",
            "end-to-end workflow"
          ],
          "fullName": "ElixirASTAnalyzer - Integration end-to-end workflow should handle network errors gracefully",
          "status": "passed",
          "title": "should handle network errors gracefully",
          "duration": 0.7793910000000324,
          "failureMessages": [],
          "meta": {}
        },
        {
          "ancestorTitles": [
            "ElixirASTAnalyzer - Integration",
            "end-to-end workflow"
          ],
          "fullName": "ElixirASTAnalyzer - Integration end-to-end workflow should handle timeout",
          "status": "passed",
          "title": "should handle timeout",
          "duration": 201.55158099999971,
          "failureMessages": [],
          "meta": {}
        },
        {
          "ancestorTitles": [
            "ElixirASTAnalyzer - Integration",
            "configuration"
          ],
          "fullName": "ElixirASTAnalyzer - Integration configuration should validate API key",
          "status": "passed",
          "title": "should validate API key",
          "duration": 0.5630799999998999,
          "failureMessages": [],
          "meta": {}
        },
        {
          "ancestorTitles": [
            "ElixirASTAnalyzer - Integration",
            "configuration"
          ],
          "fullName": "ElixirASTAnalyzer - Integration configuration should validate API URL",
          "status": "passed",
          "title": "should validate API URL",
          "duration": 0.3615410000002157,
          "failureMessages": [],
          "meta": {}
        },
        {
          "ancestorTitles": [
            "ElixirASTAnalyzer - Integration",
            "resource management"
          ],
          "fullName": "ElixirASTAnalyzer - Integration resource management should not leak memory with multiple analyses",
          "status": "passed",
          "title": "should not leak memory with multiple analyses",
          "duration": 0.374655999999959,
          "failureMessages": [],
          "meta": {}
        },
        {
          "ancestorTitles": [
            "ElixirASTAnalyzer - Integration",
            "resource management"
          ],
          "fullName": "ElixirASTAnalyzer - Integration resource management should cleanup all resources on cleanup",
          "status": "passed",
          "title": "should cleanup all resources on cleanup",
          "duration": 0.3792199999998047,
          "failureMessages": [],
          "meta": {}
        }
      ],
      "startTime": 1759802096086,
      "endTime": 1759802096291.3792,
      "status": "passed",
      "message": "",
      "name": "/home/dylan/dev/rsolv/RSOLV-action/src/security/analyzers/__tests__/elixir-ast-analyzer.test.ts"
    },
    {
      "assertionResults": [
        {
          "ancestorTitles": [
            "AST Service Verification - REVIEW Phase (Needs RFC-048 Test Mode)",
            "Python SQL Injection Detection"
          ],
          "fullName": "AST Service Verification - REVIEW Phase (Needs RFC-048 Test Mode) Python SQL Injection Detection should detect SQL injection via string concatenation",
          "status": "skipped",
          "title": "should detect SQL injection via string concatenation",
          "failureMessages": [],
          "meta": {}
        },
        {
          "ancestorTitles": [
[...]
          "status": "passed",
          "title": "should return correct strategy for XSS variants",
          "duration": 0.14860799999996743,
          "failureMessages": [],
          "meta": {}
        },
        {
          "ancestorTitles": [
            "RFC-045: Validation Confidence Scoring",
            "Validation Strategy Selection"
          ],
          "fullName": "RFC-045: Validation Confidence Scoring Validation Strategy Selection should return DEFAULT strategy for unknown types",
          "status": "passed",
          "title": "should return DEFAULT strategy for unknown types",
          "duration": 0.13390400000002955,
          "failureMessages": [],
          "meta": {}
        },
        {
          "ancestorTitles": [
            "RFC-045: Validation Confidence Scoring",
            "EnhancedValidationEnricher (failing tests)"
          ],
          "fullName": "RFC-045: Validation Confidence Scoring EnhancedValidationEnricher (failing tests) should return confidence scores instead of binary validation",
          "status": "passed",
          "title": "should return confidence scores instead of binary validation",
          "duration": 12.301212000000078,
          "failureMessages": [],
          "meta": {}
        },
        {
          "ancestorTitles": [
            "RFC-045: Validation Confidence Scoring",
            "EnhancedValidationEnricher (failing tests)"
          ],
          "fullName": "RFC-045: Validation Confidence Scoring EnhancedValidationEnricher (failing tests) should never return 0 vulnerabilities if scan found any",
          "status": "passed",
          "title": "should never return 0 vulnerabilities if scan found any",
          "duration": 0.634708000000046,
          "failureMessages": [],
          "meta": {}
        },
        {
          "ancestorTitles": [
            "RFC-045: Validation Confidence Scoring",
            "EnhancedValidationEnricher (failing tests)"
          ],
          "fullName": "RFC-045: Validation Confidence Scoring EnhancedValidationEnricher (failing tests) should process command injection without synthetic data workaround",
          "status": "passed",
          "title": "should process command injection without synthetic data workaround",
          "duration": 0.5147249999999985,
          "failureMessages": [],
          "meta": {}
        }
      ],
      "startTime": 1759802160435,
      "endTime": 1759802160449.6348,
      "status": "passed",
      "message": "",
      "name": "/home/dylan/dev/rsolv/RSOLV-action/src/validation/__tests__/confidence-scoring.test.ts"
    },
    {
      "assertionResults": [
        {
          "ancestorTitles": [
            "Claude Code CLI Retry Mechanism",
            "successful execution"
          ],
          "fullName": "Claude Code CLI Retry Mechanism successful execution should succeed on first attempt without retry",
          "status": "passed",
          "title": "should succeed on first attempt without retry",
          "duration": 10.319138999999979,
          "failureMessages": [],
          "meta": {}
        },
        {
          "ancestorTitles": [
            "Claude Code CLI Retry Mechanism",
            "retry on transient failures"
          ],
          "fullName": "Claude Code CLI Retry Mechanism retry on transient failures should retry on rate limit error and succeed",
          "status": "passed",
          "title": "should retry on rate limit error and succeed",
          "duration": 31.212548999999967,
          "failureMessages": [],
          "meta": {}
        },
        {
          "ancestorTitles": [
            "Claude Code CLI Retry Mechanism",
            "retry on transient failures"
          ],
          "fullName": "Claude Code CLI Retry Mechanism retry on transient failures should retry on overloaded error",
          "status": "passed",
          "title": "should retry on overloaded error",
          "duration": 61.181443,
          "failureMessages": [],
          "meta": {}
        },
        {
          "ancestorTitles": [
            "Claude Code CLI Retry Mechanism",
            "retry on transient failures"
          ],
          "fullName": "Claude Code CLI Retry Mechanism retry on transient failures should retry on network errors",
          "status": "passed",
          "title": "should retry on network errors",
          "duration": 31.313715000000002,
          "failureMessages": [],
          "meta": {}
        },
        {
          "ancestorTitles": [
            "Claude Code CLI Retry Mechanism",
            "non-retryable errors"
          ],
          "fullName": "Claude Code CLI Retry Mechanism non-retryable errors should not retry on invalid API key error",
          "status": "passed",
          "title": "should not retry on invalid API key error",
          "duration": 10.805795999999987,
          "failureMessages": [],
          "meta": {}
        },
        {
          "ancestorTitles": [
            "Claude Code CLI Retry Mechanism",
            "non-retryable errors"
          ],
          "fullName": "Claude Code CLI Retry Mechanism non-retryable errors should not retry on permission denied",
          "status": "passed",
          "title": "should not retry on permission denied",
          "duration": 10.492158000000018,
          "failureMessages": [],
          "meta": {}
        },
        {
          "ancestorTitles": [
            "Claude Code CLI Retry Mechanism",
            "max attempts"
          ],
          "fullName": "Claude Code CLI Retry Mechanism max attempts should respect max attempts configuration",
          "status": "passed",
          "title": "should respect max attempts configuration",
          "duration": 31.490009999999984,
          "failureMessages": [],
          "meta": {}
        },
        {
          "ancestorTitles": [
            "Claude Code CLI Retry Mechanism",
            "max attempts"
          ],
          "fullName": "Claude Code CLI Retry Mechanism max attempts should fail after all retries exhausted",
          "status": "passed",
          "title": "should fail after all retries exhausted",
          "duration": 59.93441199999995,
          "failureMessages": [],
          "meta": {}
        },
        {
          "ancestorTitles": [
            "Claude Code CLI Retry Mechanism",
            "exponential backoff"
          ],
          "fullName": "Claude Code CLI Retry Mechanism exponential backoff should apply exponential backoff between retries",
          "status": "passed",
          "title": "should apply exponential backoff between retries",
          "duration": 60.857572000000005,
          "failureMessages": [],
          "meta": {}
        },
        {
          "ancestorTitles": [
            "Claude Code CLI Retry Mechanism",
            "exponential backoff"
          ],
          "fullName": "Claude Code CLI Retry Mechanism exponential backoff should cap delay at maxDelayMs",
          "status": "passed",
          "title": "should cap delay at maxDelayMs",
          "duration": 70.59078399999999,
          "failureMessages": [],
          "meta": {}
        },
        {
          "ancestorTitles": [
            "Claude Code CLI Retry Mechanism",
            "custom retryable errors"
          ],
          "fullName": "Claude Code CLI Retry Mechanism custom retryable errors should use custom retryable error list",
          "status": "passed",
          "title": "should use custom retryable error list",
          "duration": 30.918859999999995,
          "failureMessages": [],
          "meta": {}
        },
        {
          "ancestorTitles": [
            "Claude Code CLI Retry Mechanism",
            "custom retryable errors"
          ],
          "fullName": "Claude Code CLI Retry Mechanism custom retryable errors should not retry errors not in custom list",
          "status": "passed",
          "title": "should not retry errors not in custom list",
          "duration": 10.826307999999926,
          "failureMessages": [],
          "meta": {}
        },
        {
          "ancestorTitles": [
            "Claude Code Max Development Mode",
            "API key selection"
          ],
          "fullName": "Claude Code Max Development Mode API key selection should detect development mode via RSOLV_DEV_MODE",
          "status": "passed",
          "title": "should detect development mode via RSOLV_DEV_MODE",
          "duration": 0.35920599999997194,
          "failureMessages": [],
          "meta": {}
        },
        {
          "ancestorTitles": [
            "Claude Code Max Development Mode",
            "API key selection"
          ],
          "fullName": "Claude Code Max Development Mode API key selection should detect development mode via USE_CLAUDE_CODE_MAX",
          "status": "passed",
          "title": "should detect development mode via USE_CLAUDE_CODE_MAX",
          "duration": 0.199053000000049,
          "failureMessages": [],
          "meta": {}
        },
        {
          "ancestorTitles": [
            "Claude Code Max Development Mode",
            "API key selection"
          ],
          "fullName": "Claude Code Max Development Mode API key selection should use Claude Code Max key in dev mode",
          "status": "passed",
          "title": "should use Claude Code Max key in dev mode",
          "duration": 0.16603999999995267,
          "failureMessages": [],
          "meta": {}
        },
        {
          "ancestorTitles": [
            "Claude Code Max Development Mode",
            "API key selection"
          ],
          "fullName": "Claude Code Max Development Mode API key selection should fall back to regular key if Max key not set",
          "status": "passed",
          "title": "should fall back to regular key if Max key not set",
          "duration": 0.16000099999996564,
          "failureMessages": [],
          "meta": {}
        },
        {
          "ancestorTitles": [
            "Claude Code Max Development Mode",
            "API key selection"
          ],
          "fullName": "Claude Code Max Development Mode API key selection should use regular key in production mode",
          "status": "passed",
          "title": "should use regular key in production mode",
          "duration": 0.1620829999999387,
          "failureMessages": [],
          "meta": {}
        }
      ],
      "startTime": 1759802158817,
      "endTime": 1759802159239.162,
      "status": "passed",
      "message": "",
      "name": "/home/dylan/dev/rsolv/RSOLV-action/src/ai/adapters/__tests__/claude-code-cli-retry.test.ts"
    },
    {
      "assertionResults": [
        {
          "ancestorTitles": [
            "ClaudeCodeCLIAdapter",
            "generateSolution"
          ],
          "fullName": "ClaudeCodeCLIAdapter generateSolution should fail without ANTHROPIC_API_KEY",
          "status": "passed",
          "title": "should fail without ANTHROPIC_API_KEY",
          "duration": 0.38255000000003747,
          "failureMessages": [],
          "meta": {}
        },
        {
          "ancestorTitles": [
            "ClaudeCodeCLIAdapter",
            "constructPrompt"
          ],
          "fullName": "ClaudeCodeCLIAdapter constructPrompt should generate structured phased prompt when enabled",
          "status": "passed",
          "title": "should generate structured phased prompt when enabled",
          "duration": 0.20867699999985234,
          "failureMessages": [],
          "meta": {}
        },
        {
          "ancestorTitles": [
            "ClaudeCodeCLIAdapter",
            "constructPrompt"
          ],
          "fullName": "ClaudeCodeCLIAdapter constructPrompt should generate regular prompt when structured phases disabled",
          "status": "passed",
          "title": "should generate regular prompt when structured phases disabled",
          "duration": 0.16061400000012327,
          "failureMessages": [],
          "meta": {}
        }
      ],
      "startTime": 1759802160516,
      "endTime": 1759802160517.1606,
      "status": "passed",
      "message": "",
      "name": "/home/dylan/dev/rsolv/RSOLV-action/src/ai/adapters/__tests__/claude-code-cli.test.ts"
    },
    {
      "assertionResults": [
        {
          "ancestorTitles": [
            "Prompt Generation Integration Tests",
            "End-to-end prompt generation with specificVulnerabilities"
          ],
          "fullName": "Prompt Generation Integration Tests End-to-end prompt generation with specificVulnerabilities should generate complete prompt with all vulnerability details",
          "status": "passed",
          "title": "should generate complete prompt with all vulnerability details",
          "duration": 8.479244999999992,
          "failureMessages": [],
          "meta": {}
        },
        {
          "ancestorTitles": [
            "Prompt Generation Integration Tests",
            "End-to-end prompt generation with specificVulnerabilities"
          ],
          "fullName": "Prompt Generation Integration Tests End-to-end prompt generation with specificVulnerabilities should handle missing specificVulnerabilities gracefully",
          "status": "passed",
          "title": "should handle missing specificVulnerabilities gracefully",
          "duration": 2.000050000000101,
          "failureMessages": [],
          "meta": {}
        },
        {
          "ancestorTitles": [
            "Prompt Generation Integration Tests",
            "End-to-end prompt generation with specificVulnerabilities"
          ],
          "fullName": "Prompt Generation Integration Tests End-to-end prompt generation with specificVulnerabilities should preserve vulnerabilities through validation iterations",
          "status": "passed",
          "title": "should preserve vulnerabilities through validation iterations",
          "duration": 2.743832999999995,
          "failureMessages": [],
          "meta": {}
        },
        {
          "ancestorTitles": [
            "Prompt Generation Integration Tests",
            "Prompt structure validation"
          ],
          "fullName": "Prompt Generation Integration Tests Prompt structure validation should order prompt sections correctly",
          "status": "passed",
          "title": "should order prompt sections correctly",
          "duration": 3.85664799999995,
          "failureMessages": [],
          "meta": {}
        }
      ],
      "startTime": 1759802159669,
      "endTime": 1759802159685.8567,
      "status": "passed",
      "message": "",
      "name": "/home/dylan/dev/rsolv/RSOLV-action/src/ai/adapters/__tests__/prompt-generation-integration.test.ts"
    },
    {
      "assertionResults": [
        {
          "ancestorTitles": [
            "ElixirASTAnalyzer - Core Functionality",
            "initialization"
          ],
          "fullName": "ElixirASTAnalyzer - Core Functionality initialization should initialize with config",
          "status": "passed",
          "title": "should initialize with config",
          "duration": 0.6207369999999628,
          "failureMessages": [],
          "meta": {}
        },
        {
          "ancestorTitles": [
            "ElixirASTAnalyzer - Core Functionality",
            "initialization"
          ],
          "fullName": "ElixirASTAnalyzer - Core Functionality initialization should use environment variables as fallback",
          "status": "passed",
          "title": "should use environment variables as fallback",
          "duration": 0.2554170000000795,
          "failureMessages": [],
          "meta": {}
        },
        {
          "ancestorTitles": [
            "ElixirASTAnalyzer - Core Functionality",
            "file analysis"
          ],
          "fullName": "ElixirASTAnalyzer - Core Functionality file analysis should analyze single file",
          "status": "passed",
          "title": "should analyze single file",
          "duration": 0.9610470000000078,
          "failureMessages": [],
          "meta": {}
        },
        {
          "ancestorTitles": [
            "ElixirASTAnalyzer - Core Functionality",
            "file analysis"
          ],
          "fullName": "ElixirASTAnalyzer - Core Functionality file analysis should handle empty file content",
          "status": "passed",
          "title": "should handle empty file content",
          "duration": 0.4288400000000365,
          "failureMessages": [],
          "meta": {}
        },
        {
          "ancestorTitles": [
            "ElixirASTAnalyzer - Core Functionality",
            "file analysis"
          ],
          "fullName": "ElixirASTAnalyzer - Core Functionality file analysis should handle API errors gracefully",
          "status": "passed",
          "title": "should handle API errors gracefully",
          "duration": 0.8349789999999757,
          "failureMessages": [],
          "meta": {}
        },
        {
          "ancestorTitles": [
            "ElixirASTAnalyzer - Core Functionality",
            "batch file analysis"
          ],
          "fullName": "ElixirASTAnalyzer - Core Functionality batch file analysis should analyze multiple files using analyze method",
          "status": "passed",
          "title": "should analyze multiple files using analyze method",
          "duration": 0.48528600000008737,
          "failureMessages": [],
          "meta": {}
        },
        {
          "ancestorTitles": [
            "ElixirASTAnalyzer - Core Functionality",
            "batch file analysis"
          ],
          "fullName": "ElixirASTAnalyzer - Core Functionality batch file analysis should handle empty file list",
          "status": "passed",
          "title": "should handle empty file list",
          "duration": 0.2503549999998995,
          "failureMessages": [],
          "meta": {}
        },
        {
          "ancestorTitles": [
            "ElixirASTAnalyzer - Core Functionality",
            "batch file analysis"
          ],
          "fullName": "ElixirASTAnalyzer - Core Functionality batch file analysis should respect file count limits",
          "status": "passed",
          "title": "should respect file count limits",
          "duration": 0.26000599999997576,
          "failureMessages": [],
          "meta": {}
        },
        {
          "ancestorTitles": [
            "ElixirASTAnalyzer - Core Functionality",
            "session management"
          ],
          "fullName": "ElixirASTAnalyzer - Core Functionality session management should reuse sessions within timeout",
          "status": "passed",
          "title": "should reuse sessions within timeout",
          "duration": 0.4737450000000081,
          "failureMessages": [],
          "meta": {}
        },
        {
          "ancestorTitles": [
            "ElixirASTAnalyzer - Core Functionality",
            "session management"
          ],
          "fullName": "ElixirASTAnalyzer - Core Functionality session management should create new session when expired",
          "status": "passed",
          "title": "should create new session when expired",
          "duration": 0.4842620000001716,
          "failureMessages": [],
          "meta": {}
        },
        {
          "ancestorTitles": [
            "ElixirASTAnalyzer - Core Functionality",
            "cleanup"
          ],
          "fullName": "ElixirASTAnalyzer - Core Functionality cleanup should cleanup sessions on cleanup call",
          "status": "passed",
          "title": "should cleanup sessions on cleanup call",
          "duration": 0.5897310000000289,
          "failureMessages": [],
          "meta": {}
        }
      ],
      "startTime": 1759802159699,
      "endTime": 1759802159704.5898,
      "status": "passed",
      "message": "",
      "name": "/home/dylan/dev/rsolv/RSOLV-action/src/security/analyzers/__tests__/elixir-ast-analyzer-core.test.ts"
    }
  ],
  "passRate": "88.83%"
}