{
  "numTotalTestSuites": 470,
  "numPassedTestSuites": 443,
  "numFailedTestSuites": 27,
  "numPendingTestSuites": 0,
  "numTotalTests": 800,
  "numPassedTests": 730,
  "numFailedTests": 16,
  "numPendingTests": 54,
  "numTodoTests": 0,
  "startTime": 1756408773139,
  "success": false,
  "testResults": [
    {
      "assertionResults": [
        {
          "ancestorTitles": [
            "AST Service Verification - REVIEW Phase (Needs RFC-048 Test Mode)",
            "Python SQL Injection Detection"
          ],
          "fullName": "AST Service Verification - REVIEW Phase (Needs RFC-048 Test Mode) Python SQL Injection Detection should detect SQL injection via string concatenation",
          "status": "skipped",
          "title": "should detect SQL injection via string concatenation",
          "failureMessages": [],
          "meta": {}
        },
        {
          "ancestorTitles": [
            "AST Service Verification - REVIEW Phase (Needs RFC-048 Test Mode)",
            "Python SQL Injection Detection"
          ],
          "fullName": "AST Service Verification - REVIEW Phase (Needs RFC-048 Test Mode) Python SQL Injection Detection should detect SQL injection with f-strings",
          "status": "skipped",
          "title": "should detect SQL injection with f-strings",
          "failureMessages": [],
          "meta": {}
        },
        {
          "ancestorTitles": [
            "AST Service Verification - REVIEW Phase (Needs RFC-048 Test Mode)",
            "JavaScript SQL Injection Detection"
          ],
          "fullName": "AST Service Verification - REVIEW Phase (Needs RFC-048 Test Mode) JavaScript SQL Injection Detection should detect SQL injection in JavaScript",
          "status": "skipped",
          "title": "should detect SQL injection in JavaScript",
          "failureMessages": [],
          "meta": {}
        },
        {
          "ancestorTitles": [
            "AST Service Verification - REVIEW Phase (Needs RFC-048 Test Mode)",
            "Ruby Command Injection Detection"
          ],
          "fullName": "AST Service Verification - REVIEW Phase (Needs RFC-048 Test Mode) Ruby Command Injection Detection should detect command injection in Ruby",
          "status": "skipped",
          "title": "should detect command injection in Ruby",
          "failureMessages": [],
          "meta": {}
        },
        {
          "ancestorTitles": [
            "AST Service Verification - REVIEW Phase (Needs RFC-048 Test Mode)",
            "PHP XSS Detection"
          ],
          "fullName": "AST Service Verification - REVIEW Phase (Needs RFC-048 Test Mode) PHP XSS Detection should detect XSS in PHP echo statements",
          "status": "skipped",
          "title": "should detect XSS in PHP echo statements",
          "failureMessages": [],
          "meta": {}
        },
        {
          "ancestorTitles": [
            "AST Service Verification - REVIEW Phase (Needs RFC-048 Test Mode)",
            "Accuracy Metrics"
          ],
          "fullName": "AST Service Verification - REVIEW Phase (Needs RFC-048 Test Mode) Accuracy Metrics should achieve >90% accuracy on test corpus",
          "status": "skipped",
          "title": "should achieve >90% accuracy on test corpus",
          "failureMessages": [],
          "meta": {}
        },
        {
          "ancestorTitles": [
            "AST Service Verification - REVIEW Phase (Needs RFC-048 Test Mode)",
            "Performance Metrics"
          ],
          "fullName": "AST Service Verification - REVIEW Phase (Needs RFC-048 Test Mode) Performance Metrics should analyze files with acceptable latency",
          "status": "skipped",
          "title": "should analyze files with acceptable latency",
          "failureMessages": [],
          "meta": {}
        }
      ],
      "startTime": 1756408773139,
      "endTime": 1756408773139,
      "status": "passed",
      "message": "",
      "name": "/home/dylan/dev/rsolv/RSOLV-action/test/ast-service-verification.test.ts"
    },
    {
      "assertionResults": [
        {
          "ancestorTitles": [
            "Memory Investigation"
          ],
          "fullName": "Memory Investigation should check pattern loading without detection",
          "status": "passed",
          "title": "should check pattern loading without detection",
          "duration": 2.3436579999997775,
          "failureMessages": [],
          "meta": {}
        },
        {
          "ancestorTitles": [
            "Memory Investigation"
          ],
          "fullName": "Memory Investigation should test small code detection",
          "status": "passed",
          "title": "should test small code detection",
          "duration": 1.1509610000002795,
          "failureMessages": [],
          "meta": {}
        },
        {
          "ancestorTitles": [
            "Memory Investigation"
          ],
          "fullName": "Memory Investigation should check AST interpreter directly",
          "status": "passed",
          "title": "should check AST interpreter directly",
          "duration": 0.35263899999972637,
          "failureMessages": [],
          "meta": {}
        }
      ],
      "startTime": 1756408776013,
      "endTime": 1756408776017.3525,
      "status": "passed",
      "message": "",
      "name": "/home/dylan/dev/rsolv/RSOLV-action/test/memory-investigation.test.ts"
    },
    {
      "assertionResults": [
        {
          "ancestorTitles": [
            "GREEN Phase - Server AST Integration Working",
            "New Detector with Server AST"
          ],
          "fullName": "GREEN Phase - Server AST Integration Working New Detector with Server AST should use ElixirASTAnalyzer when API key is provided",
          "status": "passed",
          "title": "should use ElixirASTAnalyzer when API key is provided",
          "duration": 0.4727370000000519,
          "failureMessages": [],
          "meta": {}
        },
        {
          "ancestorTitles": [
            "GREEN Phase - Server AST Integration Working",
            "New Detector with Server AST"
          ],
          "fullName": "GREEN Phase - Server AST Integration Working New Detector with Server AST should fall back to client-side AST when no API key",
          "status": "passed",
          "title": "should fall back to client-side AST when no API key",
          "duration": 0.377458000000388,
          "failureMessages": [],
          "meta": {}
        },
        {
          "ancestorTitles": [
            "GREEN Phase - Server AST Integration Working",
            "New Detector with Server AST"
          ],
          "fullName": "GREEN Phase - Server AST Integration Working New Detector with Server AST should support multiple languages with server AST",
          "status": "passed",
          "title": "should support multiple languages with server AST",
          "duration": 0.5152219999999943,
          "failureMessages": [],
          "meta": {}
        },
        {
          "ancestorTitles": [
            "GREEN Phase - Server AST Integration Working",
            "New Detector with Server AST"
          ],
          "fullName": "GREEN Phase - Server AST Integration Working New Detector with Server AST should only support JS/TS without server AST",
          "status": "passed",
          "title": "should only support JS/TS without server AST",
          "duration": 0.3308860000001914,
          "failureMessages": [],
          "meta": {}
        },
        {
          "ancestorTitles": [
            "GREEN Phase - Server AST Integration Working",
            "Mock Server AST Detection"
          ],
          "fullName": "GREEN Phase - Server AST Integration Working Mock Server AST Detection should handle Python code through server AST",
          "status": "skipped",
          "title": "should handle Python code through server AST",
          "failureMessages": [],
          "meta": {}
        },
        {
          "ancestorTitles": [
            "GREEN Phase - Server AST Integration Working",
            "Mock Server AST Detection"
          ],
          "fullName": "GREEN Phase - Server AST Integration Working Mock Server AST Detection should reject unsupported languages gracefully",
          "status": "passed",
          "title": "should reject unsupported languages gracefully",
          "duration": 0.5320050000000265,
          "failureMessages": [],
          "meta": {}
        },
        {
          "ancestorTitles": [
            "GREEN Phase - Server AST Integration Working",
            "Configuration Options"
          ],
          "fullName": "GREEN Phase - Server AST Integration Working Configuration Options should respect useServerAST=false even with API key",
          "status": "passed",
          "title": "should respect useServerAST=false even with API key",
          "duration": 0.31243599999970684,
          "failureMessages": [],
          "meta": {}
        },
        {
          "ancestorTitles": [
            "GREEN Phase - Server AST Integration Working",
            "Configuration Options"
          ],
          "fullName": "GREEN Phase - Server AST Integration Working Configuration Options should use environment variables as fallback",
          "status": "passed",
          "title": "should use environment variables as fallback",
          "duration": 0.1956529999997656,
          "failureMessages": [],
          "meta": {}
        }
      ],
      "startTime": 1756408775914,
      "endTime": 1756408775917.3125,
      "status": "passed",
      "message": "",
      "name": "/home/dylan/dev/rsolv/RSOLV-action/test/server-ast-green-phase.test.ts"
    },
    {
      "assertionResults": [
        {
          "ancestorTitles": [
            "Server-Side AST Integration",
            "AST Integration Tests"
          ],
          "fullName": "Server-Side AST Integration AST Integration Tests should use ASTPatternInterpreter for vulnerability detection",
          "status": "passed",
          "title": "should use ASTPatternInterpreter for vulnerability detection",
          "duration": 1.066447000000153,
          "failureMessages": [],
          "meta": {}
        },
        {
          "ancestorTitles": [
            "Server-Side AST Integration",
            "AST Integration Tests"
          ],
          "fullName": "Server-Side AST Integration AST Integration Tests should detect JavaScript eval injection",
          "status": "passed",
          "title": "should detect JavaScript eval injection",
          "duration": 5.807874999999967,
          "failureMessages": [],
          "meta": {}
        },
        {
          "ancestorTitles": [
            "Server-Side AST Integration",
            "AST Integration Tests"
          ],
          "fullName": "Server-Side AST Integration AST Integration Tests should detect Python SQL injection via server AST",
          "status": "skipped",
          "title": "should detect Python SQL injection via server AST",
          "failureMessages": [],
          "meta": {}
        },
        {
          "ancestorTitles": [
            "Server-Side AST Integration",
            "AST Integration Tests"
          ],
          "fullName": "Server-Side AST Integration AST Integration Tests should detect Ruby command injection via server AST",
          "status": "skipped",
          "title": "should detect Ruby command injection via server AST",
          "failureMessages": [],
          "meta": {}
        },
        {
          "ancestorTitles": [
            "Server-Side AST Integration",
            "AST Integration Tests"
          ],
          "fullName": "Server-Side AST Integration AST Integration Tests should detect PHP XSS via server AST",
          "status": "skipped",
          "title": "should detect PHP XSS via server AST",
          "failureMessages": [],
          "meta": {}
        },
        {
          "ancestorTitles": [
            "Server-Side AST Integration",
            "AST Integration Tests"
          ],
          "fullName": "Server-Side AST Integration AST Integration Tests should achieve >90% accuracy on mixed language corpus",
          "status": "skipped",
          "title": "should achieve >90% accuracy on mixed language corpus",
          "failureMessages": [],
          "meta": {}
        },
        {
          "ancestorTitles": [
            "Server-Side AST Integration",
            "AST Integration Tests"
          ],
          "fullName": "Server-Side AST Integration AST Integration Tests should use server-side AST service endpoint",
          "status": "skipped",
          "title": "should use server-side AST service endpoint",
          "failureMessages": [],
          "meta": {}
        },
        {
          "ancestorTitles": [
            "Server-Side AST Integration",
            "Test Infrastructure"
          ],
          "fullName": "Server-Side AST Integration Test Infrastructure should have ElixirASTAnalyzer class available",
          "status": "passed",
          "title": "should have ElixirASTAnalyzer class available",
          "duration": 0.5874800000001414,
          "failureMessages": [],
          "meta": {}
        }
      ],
      "startTime": 1756408775325,
      "endTime": 1756408775332.5874,
      "status": "passed",
      "message": "",
      "name": "/home/dylan/dev/rsolv/RSOLV-action/test/server-ast-integration.test.ts"
    },
    {
      "assertionResults": [
        {
          "ancestorTitles": [
            "Vendor Detection File Extraction (RFC-047 Fix)"
          ],
          "fullName": "Vendor Detection File Extraction (RFC-047 Fix) should extract files from vulnerabilities with singular \"file\" property",
          "status": "passed",
          "title": "should extract files from vulnerabilities with singular \"file\" property",
          "duration": 0.15225099999997838,
          "failureMessages": [],
          "meta": {}
        },
        {
          "ancestorTitles": [
            "Vendor Detection File Extraction (RFC-047 Fix)"
          ],
          "fullName": "Vendor Detection File Extraction (RFC-047 Fix) should extract files from vulnerabilities with plural \"files\" property",
          "status": "passed",
          "title": "should extract files from vulnerabilities with plural \"files\" property",
          "duration": 0.09884400000009919,
          "failureMessages": [],
          "meta": {}
        },
        {
          "ancestorTitles": [
            "Vendor Detection File Extraction (RFC-047 Fix)"
          ],
          "fullName": "Vendor Detection File Extraction (RFC-047 Fix) should handle mixed vulnerabilities with both file and files properties",
          "status": "passed",
          "title": "should handle mixed vulnerabilities with both file and files properties",
          "duration": 0.1171369999997296,
          "failureMessages": [],
          "meta": {}
        },
        {
          "ancestorTitles": [
            "Vendor Detection File Extraction (RFC-047 Fix)"
          ],
          "fullName": "Vendor Detection File Extraction (RFC-047 Fix) should return empty array for vulnerabilities without file properties",
          "status": "passed",
          "title": "should return empty array for vulnerabilities without file properties",
          "duration": 0.07537600000023303,
          "failureMessages": [],
          "meta": {}
        },
        {
          "ancestorTitles": [
            "Vendor Detection File Extraction (RFC-047 Fix)"
          ],
          "fullName": "Vendor Detection File Extraction (RFC-047 Fix) OLD BROKEN CODE: should demonstrate the bug",
          "status": "passed",
          "title": "OLD BROKEN CODE: should demonstrate the bug",
          "duration": 0.05602200000021185,
          "failureMessages": [],
          "meta": {}
        }
      ],
      "startTime": 1756408775948,
      "endTime": 1756408775949.0754,
      "status": "passed",
      "message": "",
      "name": "/home/dylan/dev/rsolv/RSOLV-action/test/vendor-detection-file-extraction.test.ts"
    },
    {
      "assertionResults": [
        {
          "ancestorTitles": [
            "Issue Limiting Logic"
          ],
          "fullName": "Issue Limiting Logic should slice issues array when maxIssues is set",
          "status": "passed",
          "title": "should slice issues array when maxIssues is set",
          "duration": 0.21613099999967744,
          "failureMessages": [],
          "meta": {}
        },
        {
          "ancestorTitles": [
            "Issue Limiting Logic"
          ],
          "fullName": "Issue Limiting Logic should return all issues when maxIssues is not set",
          "status": "passed",
          "title": "should return all issues when maxIssues is not set",
          "duration": 0.11071399999991627,
          "failureMessages": [],
          "meta": {}
        },
        {
          "ancestorTitles": [
            "Issue Limiting Logic"
          ],
          "fullName": "Issue Limiting Logic should return all issues when maxIssues is 0",
          "status": "passed",
          "title": "should return all issues when maxIssues is 0",
          "duration": 0.06975000000011278,
          "failureMessages": [],
          "meta": {}
        },
        {
          "ancestorTitles": [
            "Issue Limiting Logic"
          ],
          "fullName": "Issue Limiting Logic should return all issues when maxIssues is greater than issue count",
          "status": "passed",
          "title": "should return all issues when maxIssues is greater than issue count",
          "duration": 0.04971000000023196,
          "failureMessages": [],
          "meta": {}
        },
        {
          "ancestorTitles": [
            "Issue Limiting Logic"
          ],
          "fullName": "Issue Limiting Logic should handle single issue limit",
          "status": "passed",
          "title": "should handle single issue limit",
          "duration": 0.06118299999980081,
          "failureMessages": [],
          "meta": {}
        },
        {
          "ancestorTitles": [
            "Issue Limiting Logic"
          ],
          "fullName": "Issue Limiting Logic should handle exact match of maxIssues and issue count",
          "status": "passed",
          "title": "should handle exact match of maxIssues and issue count",
          "duration": 0.047250999999960186,
          "failureMessages": [],
          "meta": {}
        }
      ],
      "startTime": 1756408775962,
      "endTime": 1756408775963.1106,
      "status": "passed",
      "message": "",
      "name": "/home/dylan/dev/rsolv/RSOLV-action/src/__tests__/index-maxissues.test.ts"
    },
    {
      "assertionResults": [
        {
          "ancestorTitles": [
            "Workflow Timeout Behavior"
          ],
          "fullName": "Workflow Timeout Behavior should timeout workflow after 2 minutes",
          "status": "passed",
          "title": "should timeout workflow after 2 minutes",
          "duration": 101.26677999999993,
          "failureMessages": [],
          "meta": {}
        },
        {
          "ancestorTitles": [
            "Workflow Timeout Behavior"
          ],
          "fullName": "Workflow Timeout Behavior should complete successfully before timeout",
          "status": "passed",
          "title": "should complete successfully before timeout",
          "duration": 1.328416999999945,
          "failureMessages": [],
          "meta": {}
        },
        {
          "ancestorTitles": [
            "Workflow Timeout Behavior"
          ],
          "fullName": "Workflow Timeout Behavior should handle no issues gracefully without timeout",
          "status": "passed",
          "title": "should handle no issues gracefully without timeout",
          "duration": 0.7776939999998831,
          "failureMessages": [],
          "meta": {}
        },
        {
          "ancestorTitles": [
            "Workflow Timeout Behavior"
          ],
          "fullName": "Workflow Timeout Behavior should include timeout information in error message",
          "status": "passed",
          "title": "should include timeout information in error message",
          "duration": 101.53963199999998,
          "failureMessages": [],
          "meta": {}
        },
        {
          "ancestorTitles": [
            "Workflow Timeout Behavior"
          ],
          "fullName": "Workflow Timeout Behavior should use configured processing options",
          "status": "passed",
          "title": "should use configured processing options",
          "duration": 1.4502359999999044,
          "failureMessages": [],
          "meta": {}
        }
      ],
      "startTime": 1756408774904,
      "endTime": 1756408775110.4502,
      "status": "passed",
      "message": "",
      "name": "/home/dylan/dev/rsolv/RSOLV-action/src/__tests__/workflow-timeout.test.ts"
    },
    {
      "assertionResults": [
        {
          "ancestorTitles": [
            "PatternAPIClient",
            "constructor"
          ],
          "fullName": "PatternAPIClient constructor should use default API URL if not provided",
          "status": "passed",
          "title": "should use default API URL if not provided",
          "duration": 1.077493000000004,
          "failureMessages": [],
          "meta": {}
        },
        {
          "ancestorTitles": [
            "PatternAPIClient",
            "constructor"
          ],
          "fullName": "PatternAPIClient constructor should use provided API URL",
          "status": "passed",
          "title": "should use provided API URL",
          "duration": 0.6765560000001187,
          "failureMessages": [],
          "meta": {}
        },
        {
          "ancestorTitles": [
            "PatternAPIClient",
            "constructor"
          ],
          "fullName": "PatternAPIClient constructor should use API key from config",
          "status": "passed",
          "title": "should use API key from config",
          "duration": 0.39958599999999933,
          "failureMessages": [],
          "meta": {}
        },
        {
          "ancestorTitles": [
            "PatternAPIClient",
            "constructor"
          ],
          "fullName": "PatternAPIClient constructor should use API key from environment if not in config",
          "status": "passed",
          "title": "should use API key from environment if not in config",
          "duration": 0.30976399999985915,
          "failureMessages": [],
          "meta": {}
        },
        {
          "ancestorTitles": [
            "PatternAPIClient",
            "fetchPatterns"
          ],
          "fullName": "PatternAPIClient fetchPatterns should fetch patterns for a language",
          "status": "passed",
          "title": "should fetch patterns for a language",
          "duration": 3.2991230000000087,
          "failureMessages": [],
          "meta": {}
        },
        {
          "ancestorTitles": [
            "PatternAPIClient",
            "fetchPatterns"
          ],
          "fullName": "PatternAPIClient fetchPatterns should handle API errors gracefully",
          "status": "passed",
          "title": "should handle API errors gracefully",
          "duration": 2.2308349999998427,
          "failureMessages": [],
          "meta": {}
        },
        {
          "ancestorTitles": [
            "PatternAPIClient",
            "fetchPatterns"
          ],
          "fullName": "PatternAPIClient fetchPatterns should use cached patterns within TTL",
          "status": "passed",
          "title": "should use cached patterns within TTL",
          "duration": 1.4181550000000698,
          "failureMessages": [],
          "meta": {}
        },
        {
          "ancestorTitles": [
            "PatternAPIClient",
            "fetchPatterns"
          ],
          "fullName": "PatternAPIClient fetchPatterns should handle patterns without API key (public only)",
          "status": "passed",
          "title": "should handle patterns without API key (public only)",
          "duration": 1.4738859999999931,
          "failureMessages": [],
          "meta": {}
        },
        {
          "ancestorTitles": [
            "PatternAPIClient",
            "PatternAPIClient enhanced patterns"
          ],
          "fullName": "PatternAPIClient PatternAPIClient enhanced patterns should handle enhanced patterns with AST rules",
          "status": "passed",
          "title": "should handle enhanced patterns with AST rules",
          "duration": 1.6635539999999764,
          "failureMessages": [],
          "meta": {}
        },
        {
          "ancestorTitles": [
            "PatternAPIClient",
            "PatternAPIClient enhanced patterns"
          ],
          "fullName": "PatternAPIClient PatternAPIClient enhanced patterns should handle patterns without enhanced features",
          "status": "passed",
          "title": "should handle patterns without enhanced features",
          "duration": 1.0823609999999917,
          "failureMessages": [],
          "meta": {}
        }
      ],
      "startTime": 1756408774528,
      "endTime": 1756408774543.0823,
      "status": "passed",
      "message": "",
      "name": "/home/dylan/dev/rsolv/RSOLV-action/src/security/pattern-api-client.test.ts"
    },
    {
      "assertionResults": [
        {
          "ancestorTitles": [
            "Container Integration"
          ],
          "fullName": "Container Integration setupContainer should set up a container environment",
          "status": "passed",
          "title": "setupContainer should set up a container environment",
          "duration": 1.4857419999998456,
          "failureMessages": [],
          "meta": {}
        },
        {
          "ancestorTitles": [
            "Container Integration"
          ],
          "fullName": "Container Integration setupContainer should skip setup if containers are disabled",
          "status": "passed",
          "title": "setupContainer should skip setup if containers are disabled",
          "duration": 0.42905000000018845,
          "failureMessages": [],
          "meta": {}
        },
        {
          "ancestorTitles": [
            "Container Integration"
          ],
          "fullName": "Container Integration setupContainer should validate container configuration",
          "status": "passed",
          "title": "setupContainer should validate container configuration",
          "duration": 0.6819759999998496,
          "failureMessages": [],
          "meta": {}
        },
        {
          "ancestorTitles": [
            "Container Integration"
          ],
          "fullName": "Container Integration runInContainer should execute a command in a container",
          "status": "passed",
          "title": "runInContainer should execute a command in a container",
          "duration": 0.7039030000000821,
          "failureMessages": [],
          "meta": {}
        },
        {
          "ancestorTitles": [
            "Container Integration"
          ],
          "fullName": "Container Integration runInContainer should handle container execution failure",
          "status": "passed",
          "title": "runInContainer should handle container execution failure",
          "duration": 0.9045110000001841,
          "failureMessages": [],
          "meta": {}
        }
      ],
      "startTime": 1756408775872,
      "endTime": 1756408775875.9045,
      "status": "passed",
      "message": "",
      "name": "/home/dylan/dev/rsolv/RSOLV-action/tests/integration/container.test.ts"
    },
    {
      "assertionResults": [
        {
          "ancestorTitles": [
            "Error Message Sanitization"
          ],
          "fullName": "Error Message Sanitization should sanitize Anthropic-specific errors",
          "status": "passed",
          "title": "should sanitize Anthropic-specific errors",
          "duration": 0.9077309999997851,
          "failureMessages": [],
          "meta": {}
        },
        {
          "ancestorTitles": [
            "Error Message Sanitization"
          ],
          "fullName": "Error Message Sanitization should sanitize OpenAI-specific errors",
          "status": "passed",
          "title": "should sanitize OpenAI-specific errors",
          "duration": 0.6176649999997608,
          "failureMessages": [],
          "meta": {}
        },
        {
          "ancestorTitles": [
            "Error Message Sanitization"
          ],
          "fullName": "Error Message Sanitization should handle API key errors generically",
          "status": "passed",
          "title": "should handle API key errors generically",
          "duration": 0.37666699999999764,
          "failureMessages": [],
          "meta": {}
        },
        {
          "ancestorTitles": [
            "Error Message Sanitization"
          ],
          "fullName": "Error Message Sanitization should handle unsupported provider errors without exposing internal details",
          "status": "passed",
          "title": "should handle unsupported provider errors without exposing internal details",
          "duration": 0.27950200000032055,
          "failureMessages": [],
          "meta": {}
        },
        {
          "ancestorTitles": [
            "Error Message Sanitization"
          ],
          "fullName": "Error Message Sanitization should sanitize network errors",
          "status": "passed",
          "title": "should sanitize network errors",
          "duration": 0.43140500000026805,
          "failureMessages": [],
          "meta": {}
        },
        {
          "ancestorTitles": [
            "Error Message Sanitization"
          ],
          "fullName": "Error Message Sanitization should provide helpful error messages without exposing implementation details",
          "status": "passed",
          "title": "should provide helpful error messages without exposing implementation details",
          "duration": 0.4665070000000924,
          "failureMessages": [],
          "meta": {}
        }
      ],
      "startTime": 1756408775831,
      "endTime": 1756408775834.4666,
      "status": "passed",
      "message": "",
      "name": "/home/dylan/dev/rsolv/RSOLV-action/tests/integration/error-sanitization.test.ts"
    },
    {
      "assertionResults": [
        {
          "ancestorTitles": [
            "Jira Integration Workflow"
          ],
          "fullName": "Jira Integration Workflow demonstrates the complete workflow from Jira issue to PR",
          "status": "passed",
          "title": "demonstrates the complete workflow from Jira issue to PR",
          "duration": 1.7145249999998668,
          "failureMessages": [],
          "meta": {}
        },
        {
          "ancestorTitles": [
            "Jira Integration Workflow"
          ],
          "fullName": "Jira Integration Workflow shows how repository info is extracted from Jira",
          "status": "passed",
          "title": "shows how repository info is extracted from Jira",
          "duration": 1.4026519999997618,
          "failureMessages": [],
          "meta": {}
        },
        {
          "ancestorTitles": [
            "Jira Integration Workflow"
          ],
          "fullName": "Jira Integration Workflow shows the Jira configuration in action.yml",
          "status": "passed",
          "title": "shows the Jira configuration in action.yml",
          "duration": 1.3547419999999875,
          "failureMessages": [],
          "meta": {}
        }
      ],
      "startTime": 1756408775769,
      "endTime": 1756408775773.3547,
      "status": "passed",
      "message": "",
      "name": "/home/dylan/dev/rsolv/RSOLV-action/tests/integration/jira-workflow.test.ts"
    },
    {
      "assertionResults": [
        {
          "ancestorTitles": [
            "Unified Processor"
          ],
          "fullName": "Unified Processor processes issues with basic configuration",
          "status": "passed",
          "title": "processes issues with basic configuration",
          "duration": 1.043971000000056,
          "failureMessages": [],
          "meta": {}
        },
        {
          "ancestorTitles": [
            "Unified Processor"
          ],
          "fullName": "Unified Processor processes issues with security analysis enabled",
          "status": "passed",
          "title": "processes issues with security analysis enabled",
          "duration": 0.39256799999975556,
          "failureMessages": [],
          "meta": {}
        },
        {
          "ancestorTitles": [
            "Unified Processor"
          ],
          "fullName": "Unified Processor processes issues with enhanced context",
          "status": "passed",
          "title": "processes issues with enhanced context",
          "duration": 0.4355230000001029,
          "failureMessages": [],
          "meta": {}
        },
        {
          "ancestorTitles": [
            "Unified Processor"
          ],
          "fullName": "Unified Processor handles multiple issues",
          "status": "passed",
          "title": "handles multiple issues",
          "duration": 0.33470200000010664,
          "failureMessages": [],
          "meta": {}
        },
        {
          "ancestorTitles": [
            "Unified Processor"
          ],
          "fullName": "Unified Processor handles processing errors gracefully",
          "status": "passed",
          "title": "handles processing errors gracefully",
          "duration": 0.34908199999972567,
          "failureMessages": [],
          "meta": {}
        },
        {
          "ancestorTitles": [
            "Unified Processor"
          ],
          "fullName": "Unified Processor respects processing options",
          "status": "passed",
          "title": "respects processing options",
          "duration": 0.2994889999999941,
          "failureMessages": [],
          "meta": {}
        }
      ],
      "startTime": 1756408775513,
      "endTime": 1756408775516.2996,
      "status": "passed",
      "message": "",
      "name": "/home/dylan/dev/rsolv/RSOLV-action/tests/integration/unified-processor.test.ts"
    },
    {
      "assertionResults": [
        {
          "ancestorTitles": [
            "Pull Request Fix Tracking"
          ],
          "fullName": "Pull Request Fix Tracking should verify RsolvApiClient is imported in pr.ts",
          "status": "passed",
          "title": "should verify RsolvApiClient is imported in pr.ts",
          "duration": 0.26319899999998597,
          "failureMessages": [],
          "meta": {}
        },
        {
          "ancestorTitles": [
            "Pull Request Fix Tracking"
          ],
          "fullName": "Pull Request Fix Tracking should verify recordFixAttempt is called after PR creation",
          "status": "passed",
          "title": "should verify recordFixAttempt is called after PR creation",
          "duration": 0.16228300000011586,
          "failureMessages": [],
          "meta": {}
        }
      ],
      "startTime": 1756408776022,
      "endTime": 1756408776023.1624,
      "status": "passed",
      "message": "",
      "name": "/home/dylan/dev/rsolv/RSOLV-action/src/__tests__/integration/pr-tracking.test.ts"
    },
    {
      "assertionResults": [
        {
          "ancestorTitles": [
            "RFC-046: Multi-file Vulnerability Chunking",
            "Basic Chunking"
          ],
          "fullName": "RFC-046: Multi-file Vulnerability Chunking Basic Chunking should split 14-file vulnerability into chunks of 3",
          "status": "passed",
          "title": "should split 14-file vulnerability into chunks of 3",
          "duration": 1.0317589999999655,
          "failureMessages": [],
          "meta": {}
        },
        {
          "ancestorTitles": [
            "RFC-046: Multi-file Vulnerability Chunking",
            "Basic Chunking"
          ],
          "fullName": "RFC-046: Multi-file Vulnerability Chunking Basic Chunking should respect token limits per chunk",
          "status": "passed",
          "title": "should respect token limits per chunk",
          "duration": 0.46652799999992567,
          "failureMessages": [],
          "meta": {}
        },
        {
          "ancestorTitles": [
            "RFC-046: Multi-file Vulnerability Chunking",
            "Basic Chunking"
          ],
          "fullName": "RFC-046: Multi-file Vulnerability Chunking Basic Chunking should keep related files together when possible",
          "status": "passed",
          "title": "should keep related files together when possible",
          "duration": 0.3229180000000724,
          "failureMessages": [],
          "meta": {}
        },
        {
          "ancestorTitles": [
            "RFC-046: Multi-file Vulnerability Chunking",
            "Chunking Strategies"
          ],
          "fullName": "RFC-046: Multi-file Vulnerability Chunking Chunking Strategies should group files by module",
          "status": "passed",
          "title": "should group files by module",
          "duration": 0.3995950000000903,
          "failureMessages": [],
          "meta": {}
        },
        {
          "ancestorTitles": [
            "RFC-046: Multi-file Vulnerability Chunking",
            "Chunking Strategies"
          ],
          "fullName": "RFC-046: Multi-file Vulnerability Chunking Chunking Strategies should group files by severity",
          "status": "passed",
          "title": "should group files by severity",
          "duration": 0.2708390000000236,
          "failureMessages": [],
          "meta": {}
        },
        {
          "ancestorTitles": [
            "RFC-046: Multi-file Vulnerability Chunking",
            "Chunking Strategies"
          ],
          "fullName": "RFC-046: Multi-file Vulnerability Chunking Chunking Strategies should analyze file dependencies",
          "status": "passed",
          "title": "should analyze file dependencies",
          "duration": 0.4707389999998668,
          "failureMessages": [],
          "meta": {}
        },
        {
          "ancestorTitles": [
            "RFC-046: Multi-file Vulnerability Chunking",
            "Multi-PR Generation"
          ],
          "fullName": "RFC-046: Multi-file Vulnerability Chunking Multi-PR Generation should generate multiple PRs for chunked vulnerability",
          "status": "passed",
          "title": "should generate multiple PRs for chunked vulnerability",
          "duration": 5.887760000000071,
          "failureMessages": [],
          "meta": {}
        },
        {
          "ancestorTitles": [
            "RFC-046: Multi-file Vulnerability Chunking",
            "Multi-PR Generation"
          ],
          "fullName": "RFC-046: Multi-file Vulnerability Chunking Multi-PR Generation should link PRs in series with dependencies",
          "status": "passed",
          "title": "should link PRs in series with dependencies",
          "duration": 0.6172099999998863,
          "failureMessages": [],
          "meta": {}
        },
        {
          "ancestorTitles": [
            "RFC-046: Multi-file Vulnerability Chunking",
            "Complexity Analysis"
          ],
          "fullName": "RFC-046: Multi-file Vulnerability Chunking Complexity Analysis should calculate complexity based on file count",
          "status": "passed",
          "title": "should calculate complexity based on file count",
          "duration": 7.410956999999826,
          "failureMessages": [],
          "meta": {}
        },
        {
          "ancestorTitles": [
            "RFC-046: Multi-file Vulnerability Chunking",
            "Complexity Analysis"
          ],
          "fullName": "RFC-046: Multi-file Vulnerability Chunking Complexity Analysis should route complex vulnerabilities to manual guide",
          "status": "passed",
          "title": "should route complex vulnerabilities to manual guide",
          "duration": 0.7730579999999918,
          "failureMessages": [],
          "meta": {}
        },
        {
          "ancestorTitles": [
            "RFC-046: Multi-file Vulnerability Chunking",
            "Special Handlers"
          ],
          "fullName": "RFC-046: Multi-file Vulnerability Chunking Special Handlers should handle hardcoded secrets with environment variables",
          "status": "passed",
          "title": "should handle hardcoded secrets with environment variables",
          "duration": 14.385536000000002,
          "failureMessages": [],
          "meta": {}
        },
        {
          "ancestorTitles": [
            "RFC-046: Multi-file Vulnerability Chunking",
            "Special Handlers"
          ],
          "fullName": "RFC-046: Multi-file Vulnerability Chunking Special Handlers should not break functionality when removing secrets",
          "status": "passed",
          "title": "should not break functionality when removing secrets",
          "duration": 1.1581280000000334,
          "failureMessages": [],
          "meta": {}
        }
      ],
      "startTime": 1756408774458,
      "endTime": 1756408774493.1582,
      "status": "passed",
      "message": "",
      "name": "/home/dylan/dev/rsolv/RSOLV-action/src/chunking/__tests__/vulnerability-chunker.test.ts"
    },
    {
      "assertionResults": [
        {
          "ancestorTitles": [
            "AdaptiveTestGenerator - Java Framework Support",
            "JUnit 5 Support"
          ],
          "fullName": "AdaptiveTestGenerator - Java Framework Support JUnit 5 Support should generate JUnit 5 tests for SQL injection vulnerability",
          "status": "passed",
          "title": "should generate JUnit 5 tests for SQL injection vulnerability",
          "duration": 1.3944590000000971,
          "failureMessages": [],
          "meta": {}
        },
        {
          "ancestorTitles": [
            "AdaptiveTestGenerator - Java Framework Support",
            "JUnit 5 Support"
          ],
          "fullName": "AdaptiveTestGenerator - Java Framework Support JUnit 5 Support should generate JUnit 5 parameterized tests for multiple attack vectors",
          "status": "passed",
          "title": "should generate JUnit 5 parameterized tests for multiple attack vectors",
          "duration": 0.821976000000177,
          "failureMessages": [],
          "meta": {}
        },
        {
          "ancestorTitles": [
            "AdaptiveTestGenerator - Java Framework Support",
            "TestNG Support"
          ],
          "fullName": "AdaptiveTestGenerator - Java Framework Support TestNG Support should generate TestNG tests for XXE vulnerability",
          "status": "passed",
          "title": "should generate TestNG tests for XXE vulnerability",
          "duration": 0.9242389999999432,
          "failureMessages": [],
          "meta": {}
        },
        {
          "ancestorTitles": [
            "AdaptiveTestGenerator - Java Framework Support",
            "TestNG Support"
          ],
          "fullName": "AdaptiveTestGenerator - Java Framework Support TestNG Support should generate TestNG data provider tests",
          "status": "passed",
          "title": "should generate TestNG data provider tests",
          "duration": 0.7052939999998671,
          "failureMessages": [],
          "meta": {}
        },
        {
          "ancestorTitles": [
            "AdaptiveTestGenerator - Java Framework Support",
            "Spring Boot Integration"
          ],
          "fullName": "AdaptiveTestGenerator - Java Framework Support Spring Boot Integration should generate Spring Boot test annotations for JUnit 5",
          "status": "passed",
          "title": "should generate Spring Boot test annotations for JUnit 5",
          "duration": 0.5770849999998973,
          "failureMessages": [],
          "meta": {}
        }
      ],
      "startTime": 1756408774570,
      "endTime": 1756408774574.5771,
      "status": "passed",
      "message": "",
      "name": "/home/dylan/dev/rsolv/RSOLV-action/src/ai/__tests__/adaptive-test-generator-java.test.ts"
    },
    {
      "assertionResults": [
        {
          "ancestorTitles": [
            "Claude Code Live API Tests"
          ],
          "fullName": "Claude Code Live API Tests should check if Claude Code CLI is actually available",
          "status": "skipped",
          "title": "should check if Claude Code CLI is actually available",
          "failureMessages": [],
          "meta": {}
        },
        {
          "ancestorTitles": [
            "Claude Code Live API Tests"
          ],
          "fullName": "Claude Code Live API Tests should generate real solution using Claude Code",
          "status": "skipped",
          "title": "should generate real solution using Claude Code",
          "failureMessages": [],
          "meta": {}
        },
        {
          "ancestorTitles": [
            "Claude Code Live API Tests"
          ],
          "fullName": "Claude Code Live API Tests should work with enhanced prompts in live mode",
          "status": "skipped",
          "title": "should work with enhanced prompts in live mode",
          "failureMessages": [],
          "meta": {}
        },
        {
          "ancestorTitles": [
            "Claude Code File System Integration"
          ],
          "fullName": "Claude Code File System Integration should handle real file operations",
          "status": "skipped",
          "title": "should handle real file operations",
          "failureMessages": [],
          "meta": {}
        }
      ],
      "startTime": 1756408773139,
      "endTime": 1756408773139,
      "status": "passed",
      "message": "",
      "name": "/home/dylan/dev/rsolv/RSOLV-action/src/ai/__tests__/claude-code-live.test.ts"
    },
    {
      "assertionResults": [
        {
          "ancestorTitles": [
            "DISABLE_FIX_VALIDATION bug reproduction",
            "when DISABLE_FIX_VALIDATION is set"
          ],
          "fullName": "DISABLE_FIX_VALIDATION bug reproduction when DISABLE_FIX_VALIDATION is set should skip validation regardless of other settings",
          "status": "passed",
          "title": "should skip validation regardless of other settings",
          "duration": 2.9444360000002234,
          "failureMessages": [],
          "meta": {}
        },
        {
          "ancestorTitles": [
            "DISABLE_FIX_VALIDATION bug reproduction",
            "when DISABLE_FIX_VALIDATION is set"
          ],
          "fullName": "DISABLE_FIX_VALIDATION bug reproduction when DISABLE_FIX_VALIDATION is set should skip validation even if testGeneration.enabled is true",
          "status": "passed",
          "title": "should skip validation even if testGeneration.enabled is true",
          "duration": 0.4025469999996858,
          "failureMessages": [],
          "meta": {}
        },
        {
          "ancestorTitles": [
            "DISABLE_FIX_VALIDATION bug reproduction",
            "proper validation skip logic"
          ],
          "fullName": "DISABLE_FIX_VALIDATION bug reproduction proper validation skip logic should skip when fixValidation.enabled is false",
          "status": "passed",
          "title": "should skip when fixValidation.enabled is false",
          "duration": 0.07647300000007817,
          "failureMessages": [],
          "meta": {}
        },
        {
          "ancestorTitles": [
            "DISABLE_FIX_VALIDATION bug reproduction",
            "proper validation skip logic"
          ],
          "fullName": "DISABLE_FIX_VALIDATION bug reproduction proper validation skip logic should not skip when fixValidation.enabled is true",
          "status": "passed",
          "title": "should not skip when fixValidation.enabled is true",
          "duration": 0.03940499999998792,
          "failureMessages": [],
          "meta": {}
        },
        {
          "ancestorTitles": [
            "DISABLE_FIX_VALIDATION bug reproduction",
            "proper validation skip logic"
          ],
          "fullName": "DISABLE_FIX_VALIDATION bug reproduction proper validation skip logic should skip regardless of testGeneration settings when disabled",
          "status": "passed",
          "title": "should skip regardless of testGeneration settings when disabled",
          "duration": 0.03290900000001784,
          "failureMessages": [],
          "meta": {}
        }
      ],
      "startTime": 1756408775924,
      "endTime": 1756408775928.0764,
      "status": "passed",
      "message": "",
      "name": "/home/dylan/dev/rsolv/RSOLV-action/src/ai/__tests__/disable-validation-bug.test.ts"
    },
    {
      "assertionResults": [
        {
          "ancestorTitles": [
            "generateSolutionWithFeedback"
          ],
          "fullName": "generateSolutionWithFeedback generates a solution with feedback integration",
          "status": "passed",
          "title": "generates a solution with feedback integration",
          "duration": 0.2636600000000726,
          "failureMessages": [],
          "meta": {}
        },
        {
          "ancestorTitles": [
            "generateSolutionWithFeedback"
          ],
          "fullName": "generateSolutionWithFeedback should integrate feedback when enhancing AI prompts",
          "status": "passed",
          "title": "should integrate feedback when enhancing AI prompts",
          "duration": 0.20150199999989127,
          "failureMessages": [],
          "meta": {}
        }
      ],
      "startTime": 1756408775944,
      "endTime": 1756408775944.2637,
      "status": "passed",
      "message": "",
      "name": "/home/dylan/dev/rsolv/RSOLV-action/src/ai/__tests__/feedbackEnhanced.test.ts"
    },
    {
      "assertionResults": [
        {
          "ancestorTitles": [
            "Git Status - .rsolv Directory Handling"
          ],
          "fullName": "Git Status - .rsolv Directory Handling should ignore .rsolv/ directory in git status check",
          "status": "passed",
          "title": "should ignore .rsolv/ directory in git status check",
          "duration": 1.3536379999995916,
          "failureMessages": [],
          "meta": {}
        },
        {
          "ancestorTitles": [
            "Git Status - .rsolv Directory Handling"
          ],
          "fullName": "Git Status - .rsolv Directory Handling should still detect real uncommitted changes",
          "status": "passed",
          "title": "should still detect real uncommitted changes",
          "duration": 0.2339830000000802,
          "failureMessages": [],
          "meta": {}
        }
      ],
      "startTime": 1756408775957,
      "endTime": 1756408775959.234,
      "status": "passed",
      "message": "",
      "name": "/home/dylan/dev/rsolv/RSOLV-action/src/ai/__tests__/git-status-rsolv-ignore.test.ts"
    },
    {
      "assertionResults": [
        {
          "ancestorTitles": [
            "Phase 6E: Integration Tests for Java/PHP Fix Validation",
            "Simulated Fix Iteration Scenarios"
          ],
          "fullName": "Phase 6E: Integration Tests for Java/PHP Fix Validation Simulated Fix Iteration Scenarios should handle Java SQL injection with multiple fix attempts",
          "status": "passed",
          "title": "should handle Java SQL injection with multiple fix attempts",
          "duration": 1.8922410000000127,
          "failureMessages": [],
          "meta": {}
        },
        {
          "ancestorTitles": [
            "Phase 6E: Integration Tests for Java/PHP Fix Validation",
            "Simulated Fix Iteration Scenarios"
          ],
          "fullName": "Phase 6E: Integration Tests for Java/PHP Fix Validation Simulated Fix Iteration Scenarios should handle PHP SQL injection with PDO migration",
          "status": "passed",
          "title": "should handle PHP SQL injection with PDO migration",
          "duration": 3.925912000000153,
          "failureMessages": [],
          "meta": {}
        },
        {
          "ancestorTitles": [
            "Phase 6E: Integration Tests for Java/PHP Fix Validation",
            "Simulated Fix Iteration Scenarios"
          ],
          "fullName": "Phase 6E: Integration Tests for Java/PHP Fix Validation Simulated Fix Iteration Scenarios should respect max iteration limits for complex vulnerabilities",
          "status": "passed",
          "title": "should respect max iteration limits for complex vulnerabilities",
          "duration": 0.32792399999993904,
          "failureMessages": [],
          "meta": {}
        },
        {
          "ancestorTitles": [
            "Phase 6E: Integration Tests for Java/PHP Fix Validation",
            "Test Context Generation"
          ],
          "fullName": "Phase 6E: Integration Tests for Java/PHP Fix Validation Test Context Generation should generate proper Java test context for Claude Code",
          "status": "passed",
          "title": "should generate proper Java test context for Claude Code",
          "duration": 0.2201910000001135,
          "failureMessages": [],
          "meta": {}
        },
        {
          "ancestorTitles": [
            "Phase 6E: Integration Tests for Java/PHP Fix Validation",
            "Test Context Generation"
          ],
          "fullName": "Phase 6E: Integration Tests for Java/PHP Fix Validation Test Context Generation should generate proper PHP test context for Claude Code",
          "status": "passed",
          "title": "should generate proper PHP test context for Claude Code",
          "duration": 0.20164299999987634,
          "failureMessages": [],
          "meta": {}
        },
        {
          "ancestorTitles": [
            "Phase 6E: Integration Tests for Java/PHP Fix Validation",
            "Language-Specific Fix Validation"
          ],
          "fullName": "Phase 6E: Integration Tests for Java/PHP Fix Validation Language-Specific Fix Validation should validate Java fixes use approved patterns",
          "status": "passed",
          "title": "should validate Java fixes use approved patterns",
          "duration": 0.3934480000000349,
          "failureMessages": [],
          "meta": {}
        },
        {
          "ancestorTitles": [
            "Phase 6E: Integration Tests for Java/PHP Fix Validation",
            "Language-Specific Fix Validation"
          ],
          "fullName": "Phase 6E: Integration Tests for Java/PHP Fix Validation Language-Specific Fix Validation should validate PHP fixes use approved patterns",
          "status": "passed",
          "title": "should validate PHP fixes use approved patterns",
          "duration": 0.25181800000018484,
          "failureMessages": [],
          "meta": {}
        }
      ],
      "startTime": 1756408774323,
      "endTime": 1756408774330.3936,
      "status": "passed",
      "message": "",
      "name": "/home/dylan/dev/rsolv/RSOLV-action/src/ai/__tests__/phase-6e-integration.test.ts"
    },
    {
      "assertionResults": [
        {
          "ancestorTitles": [
            "SecurityAwareAnalyzer",
            "Security Analysis"
          ],
          "fullName": "SecurityAwareAnalyzer Security Analysis should detect SQL injection vulnerabilities in code",
          "status": "passed",
          "title": "should detect SQL injection vulnerabilities in code",
          "duration": 32.40596199999982,
          "failureMessages": [],
          "meta": {}
        },
        {
          "ancestorTitles": [
            "SecurityAwareAnalyzer",
            "Security Analysis"
          ],
          "fullName": "SecurityAwareAnalyzer Security Analysis should detect XSS vulnerabilities in code",
          "status": "passed",
          "title": "should detect XSS vulnerabilities in code",
          "duration": 1.0967239999999947,
          "failureMessages": [],
          "meta": {}
        },
        {
          "ancestorTitles": [
            "SecurityAwareAnalyzer",
            "Security Analysis"
          ],
          "fullName": "SecurityAwareAnalyzer Security Analysis should calculate appropriate risk levels",
          "status": "passed",
          "title": "should calculate appropriate risk levels",
          "duration": 0.9686670000000959,
          "failureMessages": [],
          "meta": {}
        },
        {
          "ancestorTitles": [
            "SecurityAwareAnalyzer",
            "Security Analysis"
          ],
          "fullName": "SecurityAwareAnalyzer Security Analysis should adjust complexity based on security risk",
          "status": "passed",
          "title": "should adjust complexity based on security risk",
          "duration": 1.4835779999998522,
          "failureMessages": [],
          "meta": {}
        },
        {
          "ancestorTitles": [
            "SecurityAwareAnalyzer",
            "Security Analysis"
          ],
          "fullName": "SecurityAwareAnalyzer Security Analysis should handle files with no vulnerabilities",
          "status": "passed",
          "title": "should handle files with no vulnerabilities",
          "duration": 0.7378690000000461,
          "failureMessages": [],
          "meta": {}
        },
        {
          "ancestorTitles": [
            "SecurityAwareAnalyzer",
            "Security Analysis"
          ],
          "fullName": "SecurityAwareAnalyzer Security Analysis should handle mixed languages",
          "status": "passed",
          "title": "should handle mixed languages",
          "duration": 0.8734910000000582,
          "failureMessages": [],
          "meta": {}
        },
        {
          "ancestorTitles": [
            "SecurityAwareAnalyzer",
            "Issue Type Detection"
          ],
          "fullName": "SecurityAwareAnalyzer Issue Type Detection should detect security issues from title and body",
          "status": "passed",
          "title": "should detect security issues from title and body",
          "duration": 0.23117900000011105,
          "failureMessages": [],
          "meta": {}
        },
        {
          "ancestorTitles": [
            "SecurityAwareAnalyzer",
            "Issue Type Detection"
          ],
          "fullName": "SecurityAwareAnalyzer Issue Type Detection should detect bug issues",
          "status": "passed",
          "title": "should detect bug issues",
          "duration": 0.19974600000000464,
          "failureMessages": [],
          "meta": {}
        }
      ],
      "startTime": 1756408774608,
      "endTime": 1756408774646.2312,
      "status": "passed",
      "message": "",
      "name": "/home/dylan/dev/rsolv/RSOLV-action/src/ai/__tests__/security-analyzer.test.ts"
    },
    {
      "assertionResults": [
        {
          "ancestorTitles": [
            "Validation Skip Logic",
            "shouldSkipValidation (correct logic)"
          ],
          "fullName": "Validation Skip Logic shouldSkipValidation (correct logic) should skip when fixValidation.enabled is false",
          "status": "passed",
          "title": "should skip when fixValidation.enabled is false",
          "duration": 0.1379960000003848,
          "failureMessages": [],
          "meta": {}
        },
        {
          "ancestorTitles": [
            "Validation Skip Logic",
            "shouldSkipValidation (correct logic)"
          ],
          "fullName": "Validation Skip Logic shouldSkipValidation (correct logic) should not skip when fixValidation.enabled is true",
          "status": "passed",
          "title": "should not skip when fixValidation.enabled is true",
          "duration": 0.06813300000021627,
          "failureMessages": [],
          "meta": {}
        },
        {
          "ancestorTitles": [
            "Validation Skip Logic",
            "shouldSkipValidation (correct logic)"
          ],
          "fullName": "Validation Skip Logic shouldSkipValidation (correct logic) should not skip when fixValidation.enabled is undefined",
          "status": "passed",
          "title": "should not skip when fixValidation.enabled is undefined",
          "duration": 0.04785799999990559,
          "failureMessages": [],
          "meta": {}
        },
        {
          "ancestorTitles": [
            "Validation Skip Logic",
            "buggyValidationCondition (current bug)"
          ],
          "fullName": "Validation Skip Logic buggyValidationCondition (current bug) FAILS to skip validation when DISABLE_FIX_VALIDATION is set but testGeneration.validateFixes is true",
          "status": "passed",
          "title": "FAILS to skip validation when DISABLE_FIX_VALIDATION is set but testGeneration.validateFixes is true",
          "duration": 0.06164200000011988,
          "failureMessages": [],
          "meta": {}
        },
        {
          "ancestorTitles": [
            "Validation Skip Logic",
            "buggyValidationCondition (current bug)"
          ],
          "fullName": "Validation Skip Logic buggyValidationCondition (current bug) correctly skips when both are false",
          "status": "passed",
          "title": "correctly skips when both are false",
          "duration": 0.04886399999986679,
          "failureMessages": [],
          "meta": {}
        },
        {
          "ancestorTitles": [
            "Validation Skip Logic",
            "Fixed validation condition"
          ],
          "fullName": "Validation Skip Logic Fixed validation condition should NOT enter validation when DISABLE_FIX_VALIDATION is set",
          "status": "passed",
          "title": "should NOT enter validation when DISABLE_FIX_VALIDATION is set",
          "duration": 0.0553660000000491,
          "failureMessages": [],
          "meta": {}
        },
        {
          "ancestorTitles": [
            "Validation Skip Logic",
            "Fixed validation condition"
          ],
          "fullName": "Validation Skip Logic Fixed validation condition should enter validation when fixValidation.enabled is true",
          "status": "passed",
          "title": "should enter validation when fixValidation.enabled is true",
          "duration": 0.04252200000019002,
          "failureMessages": [],
          "meta": {}
        },
        {
          "ancestorTitles": [
            "Validation Skip Logic",
            "Fixed validation condition"
          ],
          "fullName": "Validation Skip Logic Fixed validation condition should enter validation when testGeneration.validateFixes is true and not disabled",
          "status": "passed",
          "title": "should enter validation when testGeneration.validateFixes is true and not disabled",
          "duration": 0.04089899999962654,
          "failureMessages": [],
          "meta": {}
        },
        {
          "ancestorTitles": [
            "Validation Skip Logic",
            "Fixed validation condition"
          ],
          "fullName": "Validation Skip Logic Fixed validation condition should not enter validation when both are false/undefined",
          "status": "passed",
          "title": "should not enter validation when both are false/undefined",
          "duration": 0.04802500000005239,
          "failureMessages": [],
          "meta": {}
        }
      ],
      "startTime": 1756408775844,
      "endTime": 1756408775845.068,
      "status": "passed",
      "message": "",
      "name": "/home/dylan/dev/rsolv/RSOLV-action/src/ai/__tests__/validation-skip-logic.test.ts"
    },
    {
      "assertionResults": [
        {
          "ancestorTitles": [
            "Container Run"
          ],
          "fullName": "Container Run should run command successfully",
          "status": "passed",
          "title": "should run command successfully",
          "duration": 2.1265470000003006,
          "failureMessages": [],
          "meta": {}
        },
        {
          "ancestorTitles": [
            "Container Run"
          ],
          "fullName": "Container Run should fail when containers are disabled",
          "status": "passed",
          "title": "should fail when containers are disabled",
          "duration": 2.397292000000107,
          "failureMessages": [],
          "meta": {}
        },
        {
          "ancestorTitles": [
            "Container Run"
          ],
          "fullName": "Container Run should create and clean up temporary directory",
          "status": "passed",
          "title": "should create and clean up temporary directory",
          "duration": 0.9588699999999335,
          "failureMessages": [],
          "meta": {}
        },
        {
          "ancestorTitles": [
            "Container Run"
          ],
          "fullName": "Container Run should use provided working directory",
          "status": "passed",
          "title": "should use provided working directory",
          "duration": 1.1330989999996746,
          "failureMessages": [],
          "meta": {}
        },
        {
          "ancestorTitles": [
            "Container Run"
          ],
          "fullName": "Container Run should handle command execution failure",
          "status": "passed",
          "title": "should handle command execution failure",
          "duration": 1.1394839999998112,
          "failureMessages": [],
          "meta": {}
        },
        {
          "ancestorTitles": [
            "Container Run"
          ],
          "fullName": "Container Run should include environment variables in Docker command",
          "status": "passed",
          "title": "should include environment variables in Docker command",
          "duration": 0.9812839999999596,
          "failureMessages": [],
          "meta": {}
        },
        {
          "ancestorTitles": [
            "Container Run"
          ],
          "fullName": "Container Run should apply resource limits",
          "status": "passed",
          "title": "should apply resource limits",
          "duration": 0.8593309999996563,
          "failureMessages": [],
          "meta": {}
        },
        {
          "ancestorTitles": [
            "Container Run"
          ],
          "fullName": "Container Run should add security options",
          "status": "passed",
          "title": "should add security options",
          "duration": 0.8125060000002122,
          "failureMessages": [],
          "meta": {}
        },
        {
          "ancestorTitles": [
            "Container Run"
          ],
          "fullName": "Container Run should handle volume mounts",
          "status": "passed",
          "title": "should handle volume mounts",
          "duration": 1.0963440000000446,
          "failureMessages": [],
          "meta": {}
        },
        {
          "ancestorTitles": [
            "Container Run"
          ],
          "fullName": "Container Run should escape shell arguments properly",
          "status": "passed",
          "title": "should escape shell arguments properly",
          "duration": 0.9156920000000355,
          "failureMessages": [],
          "meta": {}
        },
        {
          "ancestorTitles": [
            "Container Run"
          ],
          "fullName": "Container Run should use custom timeout",
          "status": "passed",
          "title": "should use custom timeout",
          "duration": 0.7237759999998161,
          "failureMessages": [],
          "meta": {}
        },
        {
          "ancestorTitles": [
            "Container Run"
          ],
          "fullName": "Container Run should handle timeout errors",
          "status": "passed",
          "title": "should handle timeout errors",
          "duration": 1.0410580000002483,
          "failureMessages": [],
          "meta": {}
        }
      ],
      "startTime": 1756408775252,
      "endTime": 1756408775267.041,
      "status": "passed",
      "message": "",
      "name": "/home/dylan/dev/rsolv/RSOLV-action/src/containers/__tests__/run.test.ts"
    },
    {
      "assertionResults": [
        {
          "ancestorTitles": [
            "RSOLVCredentialManager",
            "initialize"
          ],
          "fullName": "RSOLVCredentialManager initialize should exchange RSOLV API key for temporary credentials",
          "status": "passed",
          "title": "should exchange RSOLV API key for temporary credentials",
          "duration": 3.581666999999925,
          "failureMessages": [],
          "meta": {}
        },
        {
          "ancestorTitles": [
            "RSOLVCredentialManager",
            "initialize"
          ],
          "fullName": "RSOLVCredentialManager initialize should throw error on failed API response",
          "status": "passed",
          "title": "should throw error on failed API response",
          "duration": 5.791635999999926,
          "failureMessages": [],
          "meta": {}
        },
        {
          "ancestorTitles": [
            "RSOLVCredentialManager",
            "initialize"
          ],
          "fullName": "RSOLVCredentialManager initialize should throw error on network failure",
          "status": "passed",
          "title": "should throw error on network failure",
          "duration": 1.885392000000138,
          "failureMessages": [],
          "meta": {}
        },
        {
          "ancestorTitles": [
            "RSOLVCredentialManager",
            "initialize"
          ],
          "fullName": "RSOLVCredentialManager initialize should schedule credential refresh before expiration",
          "status": "passed",
          "title": "should schedule credential refresh before expiration",
          "duration": 0.8063239999999041,
          "failureMessages": [],
          "meta": {}
        },
        {
          "ancestorTitles": [
            "RSOLVCredentialManager",
            "getCredential"
          ],
          "fullName": "RSOLVCredentialManager getCredential should return valid credential",
          "status": "passed",
          "title": "should return valid credential",
          "duration": 0.6882680000001073,
          "failureMessages": [],
          "meta": {}
        },
        {
          "ancestorTitles": [
            "RSOLVCredentialManager",
            "getCredential"
          ],
          "fullName": "RSOLVCredentialManager getCredential should throw error for expired credential",
          "status": "passed",
          "title": "should throw error for expired credential",
          "duration": 0.7636400000001231,
          "failureMessages": [],
          "meta": {}
        },
        {
          "ancestorTitles": [
            "RSOLVCredentialManager",
            "getCredential"
          ],
          "fullName": "RSOLVCredentialManager getCredential should throw error for non-existent provider",
          "status": "passed",
          "title": "should throw error for non-existent provider",
          "duration": 0.6408870000000206,
          "failureMessages": [],
          "meta": {}
        },
        {
          "ancestorTitles": [
            "RSOLVCredentialManager",
            "reportUsage"
          ],
          "fullName": "RSOLVCredentialManager reportUsage should report usage metrics",
          "status": "passed",
          "title": "should report usage metrics",
          "duration": 0.6974710000001778,
          "failureMessages": [],
          "meta": {}
        },
        {
          "ancestorTitles": [
            "RSOLVCredentialManager",
            "reportUsage"
          ],
          "fullName": "RSOLVCredentialManager reportUsage should handle usage reporting failure gracefully",
          "status": "passed",
          "title": "should handle usage reporting failure gracefully",
          "duration": 0.5641539999999168,
          "failureMessages": [],
          "meta": {}
        },
        {
          "ancestorTitles": [
            "RSOLVCredentialManager",
            "cleanup"
          ],
          "fullName": "RSOLVCredentialManager cleanup should clear credentials and cancel refresh timers",
          "status": "passed",
          "title": "should clear credentials and cancel refresh timers",
          "duration": 0.5545489999999518,
          "failureMessages": [],
          "meta": {}
        }
      ],
      "startTime": 1756408774410,
      "endTime": 1756408774426.5642,
      "status": "passed",
      "message": "",
      "name": "/home/dylan/dev/rsolv/RSOLV-action/src/credentials/__tests__/manager.test.ts"
    },
    {
      "assertionResults": [
        {
          "ancestorTitles": [
            "Feedback Types"
          ],
          "fullName": "Feedback Types should allow creating a valid FeedbackEvent",
          "status": "passed",
          "title": "should allow creating a valid FeedbackEvent",
          "duration": 0.5311259999998583,
          "failureMessages": [],
          "meta": {}
        },
        {
          "ancestorTitles": [
            "Feedback Types"
          ],
          "fullName": "Feedback Types should allow creating a valid FeedbackEvent with modifications",
          "status": "passed",
          "title": "should allow creating a valid FeedbackEvent with modifications",
          "duration": 0.374648999999863,
          "failureMessages": [],
          "meta": {}
        },
        {
          "ancestorTitles": [
            "Feedback Types"
          ],
          "fullName": "Feedback Types should allow creating a valid PromptEnhancementContext",
          "status": "passed",
          "title": "should allow creating a valid PromptEnhancementContext",
          "duration": 0.5828930000002401,
          "failureMessages": [],
          "meta": {}
        },
        {
          "ancestorTitles": [
            "Feedback Types"
          ],
          "fullName": "Feedback Types should enforce proper enumeration values",
          "status": "passed",
          "title": "should enforce proper enumeration values",
          "duration": 0.6876419999998689,
          "failureMessages": [],
          "meta": {}
        }
      ],
      "startTime": 1756408775893,
      "endTime": 1756408775895.6877,
      "status": "passed",
      "message": "",
      "name": "/home/dylan/dev/rsolv/RSOLV-action/src/feedback/__tests__/types.test.ts"
    },
    {
      "assertionResults": [
        {
          "ancestorTitles": [
            "Phase Decomposition - processIssueWithGit refactoring",
            "Scan Phase Extraction"
          ],
          "fullName": "Phase Decomposition - processIssueWithGit refactoring Scan Phase Extraction executeScanForIssue should analyze issue and determine if fixable",
          "status": "passed",
          "title": "executeScanForIssue should analyze issue and determine if fixable",
          "duration": 80.377432,
          "failureMessages": [],
          "meta": {}
        },
        {
          "ancestorTitles": [
            "Phase Decomposition - processIssueWithGit refactoring",
            "Scan Phase Extraction"
          ],
          "fullName": "Phase Decomposition - processIssueWithGit refactoring Scan Phase Extraction executeScanForIssue should fail if git has uncommitted changes",
          "status": "passed",
          "title": "executeScanForIssue should fail if git has uncommitted changes",
          "duration": 0.35498900000004596,
          "failureMessages": [],
          "meta": {}
        },
        {
          "ancestorTitles": [
            "Phase Decomposition - processIssueWithGit refactoring",
            "Scan Phase Extraction"
          ],
          "fullName": "Phase Decomposition - processIssueWithGit refactoring Scan Phase Extraction executeScanForIssue should store scan results in PhaseDataClient",
          "status": "passed",
          "title": "executeScanForIssue should store scan results in PhaseDataClient",
          "duration": 1.3512759999999844,
          "failureMessages": [],
          "meta": {}
        },
        {
          "ancestorTitles": [
            "Phase Decomposition - processIssueWithGit refactoring",
            "Validate Phase Extraction"
          ],
          "fullName": "Phase Decomposition - processIssueWithGit refactoring Validate Phase Extraction executeValidateForIssue should generate tests for vulnerability",
          "status": "passed",
          "title": "executeValidateForIssue should generate tests for vulnerability",
          "duration": 14.496564999999919,
          "failureMessages": [],
          "meta": {}
        },
        {
          "ancestorTitles": [
            "Phase Decomposition - processIssueWithGit refactoring",
            "Validate Phase Extraction"
          ],
          "fullName": "Phase Decomposition - processIssueWithGit refactoring Validate Phase Extraction executeValidateForIssue should use TestGeneratingSecurityAnalyzer",
          "status": "passed",
          "title": "executeValidateForIssue should use TestGeneratingSecurityAnalyzer",
          "duration": 8.372838000000002,
          "failureMessages": [],
          "meta": {}
        },
        {
          "ancestorTitles": [
            "Phase Decomposition - processIssueWithGit refactoring",
            "Validate Phase Extraction"
          ],
          "fullName": "Phase Decomposition - processIssueWithGit refactoring Validate Phase Extraction executeValidateForIssue should store validation results",
          "status": "passed",
          "title": "executeValidateForIssue should store validation results",
          "duration": 2.214919000000009,
          "failureMessages": [],
          "meta": {}
        },
        {
          "ancestorTitles": [
            "Phase Decomposition - processIssueWithGit refactoring",
            "Mitigate Phase Extraction"
          ],
          "fullName": "Phase Decomposition - processIssueWithGit refactoring Mitigate Phase Extraction executeMitigateForIssue should apply fix using Claude Code",
          "status": "passed",
          "title": "executeMitigateForIssue should apply fix using Claude Code",
          "duration": 5.058786000000055,
          "failureMessages": [],
          "meta": {}
        },
        {
          "ancestorTitles": [
            "Phase Decomposition - processIssueWithGit refactoring",
            "Mitigate Phase Extraction"
          ],
          "fullName": "Phase Decomposition - processIssueWithGit refactoring Mitigate Phase Extraction executeMitigateForIssue should validate fix with generated tests",
          "status": "passed",
          "title": "executeMitigateForIssue should validate fix with generated tests",
          "duration": 4.469103000000018,
          "failureMessages": [],
          "meta": {}
        },
        {
          "ancestorTitles": [
            "Phase Decomposition - processIssueWithGit refactoring",
            "Mitigate Phase Extraction"
          ],
          "fullName": "Phase Decomposition - processIssueWithGit refactoring Mitigate Phase Extraction executeMitigateForIssue should retry on validation failure",
          "status": "passed",
          "title": "executeMitigateForIssue should retry on validation failure",
          "duration": 4.6725479999998925,
          "failureMessages": [],
          "meta": {}
        },
        {
          "ancestorTitles": [
            "Phase Decomposition - processIssueWithGit refactoring",
            "Full Three-Phase Execution"
          ],
          "fullName": "Phase Decomposition - processIssueWithGit refactoring Full Three-Phase Execution executeThreePhaseForIssue should run all phases sequentially",
          "status": "passed",
          "title": "executeThreePhaseForIssue should run all phases sequentially",
          "duration": 21.88661300000001,
          "failureMessages": [],
          "meta": {}
        },
        {
          "ancestorTitles": [
            "Phase Decomposition - processIssueWithGit refactoring",
            "Full Three-Phase Execution"
          ],
[...]
            "JiraAdapter",
            "searchIssues"
          ],
          "fullName": "JiraAdapter searchIssues should handle empty search results",
          "status": "passed",
          "title": "should handle empty search results",
          "duration": 0.5925609999999324,
          "failureMessages": [],
          "meta": {}
        },
        {
          "ancestorTitles": [
            "JiraAdapter",
            "createComment"
          ],
          "fullName": "JiraAdapter createComment should add comment to issue",
          "status": "passed",
          "title": "should add comment to issue",
          "duration": 0.8558660000001055,
          "failureMessages": [],
          "meta": {}
        },
        {
          "ancestorTitles": [
            "JiraAdapter",
            "addLink"
          ],
          "fullName": "JiraAdapter addLink should create remote link to GitHub PR",
          "status": "passed",
          "title": "should create remote link to GitHub PR",
          "duration": 0.7616639999998824,
          "failureMessages": [],
          "meta": {}
        },
        {
          "ancestorTitles": [
            "JiraAdapter",
            "updateIssueStatus"
          ],
          "fullName": "JiraAdapter updateIssueStatus should update issue status",
          "status": "passed",
          "title": "should update issue status",
          "duration": 0.7976439999999911,
          "failureMessages": [],
          "meta": {}
        }
      ],
      "startTime": 1756408787604,
      "endTime": 1756408787612.7976,
      "status": "passed",
      "message": "",
      "name": "/home/dylan/dev/rsolv/RSOLV-action/tests/platforms/jira/jira-adapter.test.ts"
    },
    {
      "assertionResults": [
        {
          "ancestorTitles": [
            "GitBasedClaudeCodeAdapter"
          ],
          "fullName": "GitBasedClaudeCodeAdapter should generate solution with git metadata",
          "status": "passed",
          "title": "should generate solution with git metadata",
          "duration": 1.4916829999999663,
          "failureMessages": [],
          "meta": {}
        },
        {
          "ancestorTitles": [
            "GitBasedClaudeCodeAdapter"
          ],
          "fullName": "GitBasedClaudeCodeAdapter should handle git command failures gracefully",
          "status": "passed",
          "title": "should handle git command failures gracefully",
          "duration": 0.3448399999999765,
          "failureMessages": [],
          "meta": {}
        },
        {
          "ancestorTitles": [
            "GitBasedClaudeCodeAdapter"
          ],
          "fullName": "GitBasedClaudeCodeAdapter should use enhanced prompt for git-based workflow",
          "status": "passed",
          "title": "should use enhanced prompt for git-based workflow",
          "duration": 0.5097610000000259,
          "failureMessages": [],
          "meta": {}
        },
        {
          "ancestorTitles": [
            "GitBasedClaudeCodeAdapter"
          ],
          "fullName": "GitBasedClaudeCodeAdapter should extract solution from various response formats",
          "status": "passed",
          "title": "should extract solution from various response formats",
          "duration": 0.45715999999993073,
          "failureMessages": [],
          "meta": {}
        }
      ],
      "startTime": 1756408787163,
      "endTime": 1756408787165.4573,
      "status": "passed",
      "message": "",
      "name": "/home/dylan/dev/rsolv/RSOLV-action/src/ai/adapters/__tests__/claude-code-git.test.ts"
    },
    {
      "assertionResults": [
        {
          "ancestorTitles": [
            "OllamaClient"
          ],
          "fullName": "OllamaClient should initialize with default parameters",
          "status": "passed",
          "title": "should initialize with default parameters",
          "duration": 0.19238399999994726,
          "failureMessages": [],
          "meta": {}
        },
        {
          "ancestorTitles": [
            "OllamaClient"
          ],
          "fullName": "OllamaClient should initialize with custom URL when API key has URL:TOKEN format",
          "status": "passed",
          "title": "should initialize with custom URL when API key has URL:TOKEN format",
          "duration": 0.07184499999993932,
          "failureMessages": [],
          "meta": {}
        },
        {
          "ancestorTitles": [
            "OllamaClient"
          ],
          "fullName": "OllamaClient should analyze an issue and return analysis data",
          "status": "passed",
          "title": "should analyze an issue and return analysis data",
          "duration": 0.2053099999998267,
          "failureMessages": [],
          "meta": {}
        },
        {
          "ancestorTitles": [
            "OllamaClient"
          ],
          "fullName": "OllamaClient should generate a solution and return PR data",
          "status": "passed",
          "title": "should generate a solution and return PR data",
          "duration": 0.24352100000010068,
          "failureMessages": [],
          "meta": {}
        },
        {
          "ancestorTitles": [
            "OllamaClient"
          ],
          "fullName": "OllamaClient should handle JSON in code blocks from API response",
          "status": "passed",
          "title": "should handle JSON in code blocks from API response",
          "duration": 0.2849220000000514,
          "failureMessages": [],
          "meta": {}
        },
        {
          "ancestorTitles": [
            "OllamaClient"
          ],
          "fullName": "OllamaClient should handle API errors and fallback to mock data in test mode",
          "status": "passed",
          "title": "should handle API errors and fallback to mock data in test mode",
          "duration": 0.14373999999997977,
          "failureMessages": [],
          "meta": {}
        }
      ],
      "startTime": 1756408787883,
      "endTime": 1756408787884.1438,
      "status": "passed",
      "message": "",
      "name": "/home/dylan/dev/rsolv/RSOLV-action/src/ai/providers/__tests__/ollama.test.ts"
    },
    {
      "assertionResults": [
        {
          "ancestorTitles": [
            "PhaseDataClient",
            "storePhaseResults"
          ],
          "fullName": "PhaseDataClient storePhaseResults should store phase results successfully",
          "status": "passed",
          "title": "should store phase results successfully",
          "duration": 7.700849000000062,
          "failureMessages": [],
          "meta": {}
        },
        {
          "ancestorTitles": [
            "PhaseDataClient",
            "storePhaseResults"
          ],
          "fullName": "PhaseDataClient storePhaseResults should include API key in headers",
          "status": "passed",
          "title": "should include API key in headers",
          "duration": 1.3178490000000238,
          "failureMessages": [],
          "meta": {}
        },
        {
          "ancestorTitles": [
            "PhaseDataClient",
            "storePhaseResults"
          ],
          "fullName": "PhaseDataClient storePhaseResults should fall back to local storage on API failure",
          "status": "passed",
          "title": "should fall back to local storage on API failure",
          "duration": 2.9769450000001143,
          "failureMessages": [],
          "meta": {}
        },
        {
          "ancestorTitles": [
            "PhaseDataClient",
            "retrievePhaseResults"
          ],
          "fullName": "PhaseDataClient retrievePhaseResults should retrieve phase results successfully",
          "status": "passed",
          "title": "should retrieve phase results successfully",
          "duration": 1.0240360000000237,
          "failureMessages": [],
          "meta": {}
        },
        {
          "ancestorTitles": [
            "PhaseDataClient",
            "retrievePhaseResults"
          ],
          "fullName": "PhaseDataClient retrievePhaseResults should return null for 404 responses",
          "status": "passed",
          "title": "should return null for 404 responses",
          "duration": 0.4088480000000345,
          "failureMessages": [],
          "meta": {}
        },
        {
          "ancestorTitles": [
            "PhaseDataClient",
            "retrievePhaseResults"
          ],
          "fullName": "PhaseDataClient retrievePhaseResults should fall back to local storage on API error",
          "status": "passed",
          "title": "should fall back to local storage on API error",
          "duration": 0.5936350000001767,
          "failureMessages": [],
          "meta": {}
        },
        {
          "ancestorTitles": [
            "PhaseDataClient",
            "validatePhaseTransition"
          ],
          "fullName": "PhaseDataClient validatePhaseTransition should validate allowed phase transitions",
          "status": "passed",
          "title": "should validate allowed phase transitions",
          "duration": 0.32394300000009935,
          "failureMessages": [],
          "meta": {}
        },
        {
          "ancestorTitles": [
            "PhaseDataClient",
            "validatePhaseTransition"
          ],
          "fullName": "PhaseDataClient validatePhaseTransition should reject transition if commit has changed",
          "status": "passed",
          "title": "should reject transition if commit has changed",
          "duration": 0.14533099999994192,
          "failureMessages": [],
          "meta": {}
        }
      ],
      "startTime": 1756408787708,
      "endTime": 1756408787722.324,
      "status": "passed",
      "message": "",
      "name": "/home/dylan/dev/rsolv/RSOLV-action/src/modes/phase-data-client/__tests__/client.test.ts"
    },
    {
      "assertionResults": [
        {
          "ancestorTitles": [
            "File Extraction from Vulnerabilities"
          ],
          "fullName": "File Extraction from Vulnerabilities should extract from file property",
          "status": "passed",
          "title": "should extract from file property",
          "duration": 0.21581400000013673,
          "failureMessages": [],
          "meta": {}
        },
        {
          "ancestorTitles": [
            "File Extraction from Vulnerabilities"
          ],
          "fullName": "File Extraction from Vulnerabilities should extract from files array",
          "status": "passed",
          "title": "should extract from files array",
          "duration": 0.13839999999981956,
          "failureMessages": [],
          "meta": {}
        },
        {
          "ancestorTitles": [
            "File Extraction from Vulnerabilities"
          ],
          "fullName": "File Extraction from Vulnerabilities should extract from path property",
          "status": "passed",
          "title": "should extract from path property",
          "duration": 0.1221850000001723,
          "failureMessages": [],
          "meta": {}
        },
        {
          "ancestorTitles": [
            "File Extraction from Vulnerabilities"
          ],
          "fullName": "File Extraction from Vulnerabilities should extract from nested location",
          "status": "passed",
          "title": "should extract from nested location",
          "duration": 0.09788499999967826,
          "failureMessages": [],
          "meta": {}
        },
        {
          "ancestorTitles": [
            "File Extraction from Vulnerabilities"
          ],
          "fullName": "File Extraction from Vulnerabilities should handle empty vulnerabilities",
          "status": "passed",
          "title": "should handle empty vulnerabilities",
          "duration": 0.054214000000229134,
          "failureMessages": [],
          "meta": {}
        },
        {
          "ancestorTitles": [
            "File Extraction from Vulnerabilities"
          ],
          "fullName": "File Extraction from Vulnerabilities should handle vulnerabilities with no file info",
          "status": "passed",
          "title": "should handle vulnerabilities with no file info",
          "duration": 0.099018000000342,
          "failureMessages": [],
          "meta": {}
        },
        {
          "ancestorTitles": [
            "File Extraction from Vulnerabilities"
          ],
          "fullName": "File Extraction from Vulnerabilities should deduplicate files",
          "status": "passed",
          "title": "should deduplicate files",
          "duration": 0.08099199999969642,
          "failureMessages": [],
          "meta": {}
        },
        {
          "ancestorTitles": [
            "File Extraction from Vulnerabilities"
          ],
          "fullName": "File Extraction from Vulnerabilities should handle mixed structures",
          "status": "passed",
          "title": "should handle mixed structures",
          "duration": 0.11133000000018001,
          "failureMessages": [],
          "meta": {}
        }
      ],
      "startTime": 1756408788004,
      "endTime": 1756408788005.1113,
      "status": "passed",
      "message": "",
      "name": "/home/dylan/dev/rsolv/RSOLV-action/src/modes/phase-executor/__tests__/file-extraction.test.ts"
    },
    {
      "assertionResults": [
        {
          "ancestorTitles": [
            "PhaseExecutor - Mitigate Phase Credential Handling"
          ],
          "fullName": "PhaseExecutor - Mitigate Phase Credential Handling should pass rsolvApiKey and useVendedCredentials to processIssues",
          "status": "passed",
          "title": "should pass rsolvApiKey and useVendedCredentials to processIssues",
          "duration": 35.844184999999925,
          "failureMessages": [],
          "meta": {}
        },
        {
          "ancestorTitles": [
            "PhaseExecutor - Mitigate Phase Credential Handling"
          ],
          "fullName": "PhaseExecutor - Mitigate Phase Credential Handling should fail gracefully when rsolvApiKey is missing but vended credentials are enabled",
          "status": "passed",
          "title": "should fail gracefully when rsolvApiKey is missing but vended credentials are enabled",
          "duration": 3.9256789999999455,
          "failureMessages": [],
          "meta": {}
        }
      ],
      "startTime": 1756408787825,
      "endTime": 1756408787864.9258,
      "status": "passed",
      "message": "",
      "name": "/home/dylan/dev/rsolv/RSOLV-action/src/modes/phase-executor/__tests__/mitigate-credentials.test.ts"
    },
    {
      "assertionResults": [],
      "startTime": 1756408785920,
      "endTime": 1756408785920,
      "status": "failed",
      "message": "Transform failed with 1 error:\n/home/dylan/dev/rsolv/RSOLV-action/src/security/analyzers/__tests__/elixir-ast-analyzer-encryption.test.ts:144:9: ERROR: Expected \")\" but found \"as\"",
      "name": "/home/dylan/dev/rsolv/RSOLV-action/src/security/analyzers/__tests__/elixir-ast-analyzer-encryption.test.ts"
    },
    {
      "assertionResults": [
        {
          "ancestorTitles": [
            "FileSelector",
            "selectFiles"
          ],
          "fullName": "FileSelector selectFiles should respect maxFiles limit",
          "status": "passed",
          "title": "should respect maxFiles limit",
          "duration": 2.422565000000077,
          "failureMessages": [],
          "meta": {}
        },
        {
          "ancestorTitles": [
            "FileSelector",
            "selectFiles"
          ],
          "fullName": "FileSelector selectFiles should exclude default patterns",
          "status": "passed",
          "title": "should exclude default patterns",
          "duration": 0.575704000000087,
          "failureMessages": [],
          "meta": {}
        },
        {
          "ancestorTitles": [
            "FileSelector",
            "selectFiles"
          ],
          "fullName": "FileSelector selectFiles should filter by language when specified",
          "status": "passed",
          "title": "should filter by language when specified",
          "duration": 0.45458000000007814,
          "failureMessages": [],
          "meta": {}
        },
        {
          "ancestorTitles": [
            "FileSelector",
            "selectFiles"
          ],
          "fullName": "FileSelector selectFiles should respect maxFileSize",
          "status": "passed",
          "title": "should respect maxFileSize",
          "duration": 0.334814999999935,
          "failureMessages": [],
          "meta": {}
        },
        {
          "ancestorTitles": [
            "FileSelector",
            "selectFiles"
          ],
          "fullName": "FileSelector selectFiles should prioritize changed files",
          "status": "passed",
          "title": "should prioritize changed files",
          "duration": 0.3013060000000678,
          "failureMessages": [],
          "meta": {}
        },
        {
          "ancestorTitles": [
            "FileSelector",
            "selectFiles"
          ],
          "fullName": "FileSelector selectFiles should prioritize security-relevant files",
          "status": "passed",
          "title": "should prioritize security-relevant files",
          "duration": 0.23944100000016988,
          "failureMessages": [],
          "meta": {}
        },
        {
          "ancestorTitles": [
            "FileSelector",
            "selectFiles"
          ],
          "fullName": "FileSelector selectFiles should deprioritize test files",
          "status": "passed",
          "title": "should deprioritize test files",
          "duration": 0.31572400000004563,
          "failureMessages": [],
          "meta": {}
        },
        {
          "ancestorTitles": [
            "FileSelector",
            "selectFiles"
          ],
          "fullName": "FileSelector selectFiles should include all file metadata",
          "status": "passed",
          "title": "should include all file metadata",
          "duration": 0.22086100000001352,
          "failureMessages": [],
          "meta": {}
        },
        {
          "ancestorTitles": [
            "FileSelector",
            "selectFiles"
          ],
          "fullName": "FileSelector selectFiles should handle custom exclude patterns",
          "status": "passed",
          "title": "should handle custom exclude patterns",
          "duration": 0.27473299999996925,
          "failureMessages": [],
          "meta": {}
        },
        {
          "ancestorTitles": [
            "FileSelector",
            "selectFiles"
          ],
          "fullName": "FileSelector selectFiles should detect Elixir files",
          "status": "passed",
          "title": "should detect Elixir files",
          "duration": 0.16633299999989504,
          "failureMessages": [],
          "meta": {}
        },
        {
          "ancestorTitles": [
            "FileSelector",
            "selectDiverseFiles"
          ],
          "fullName": "FileSelector selectDiverseFiles should select files from multiple languages",
          "status": "passed",
          "title": "should select files from multiple languages",
          "duration": 0.34064699999998993,
          "failureMessages": [],
          "meta": {}
        },
        {
          "ancestorTitles": [
            "FileSelector",
            "selectDiverseFiles"
          ],
          "fullName": "FileSelector selectDiverseFiles should distribute slots evenly across languages",
          "status": "passed",
          "title": "should distribute slots evenly across languages",
          "duration": 0.24356699999998455,
          "failureMessages": [],
          "meta": {}
        }
      ],
      "startTime": 1756408787631,
      "endTime": 1756408787637.2437,
      "status": "passed",
      "message": "",
      "name": "/home/dylan/dev/rsolv/RSOLV-action/src/security/analyzers/__tests__/file-selector.test.ts"
    }
  ],
  "passRate": "91.25%"
}