{"numTotalTestSuites":499,"numPassedTestSuites":423,"numFailedTestSuites":75,"numPendingTestSuites":1,"numTotalTests":919,"numPassedTests":769,"numFailedTests":98,"numPendingTests":45,"numTodoTests":0,"snapshot":{"added":0,"failure":false,"filesAdded":0,"filesRemoved":0,"filesRemovedList":[],"filesUnmatched":0,"filesUpdated":0,"matched":0,"total":0,"unchecked":0,"uncheckedKeysByFile":[],"unmatched":0,"updated":0,"didUpdate":false},"startTime":1756250306936,"success":false,"testResults":[{"assertionResults":[{"ancestorTitles":["Issue Limiting Logic"],"fullName":"Issue Limiting Logic should slice issues array when maxIssues is set","status":"passed","title":"should slice issues array when maxIssues is set","duration":1.0664159999996627,"failureMessages":[],"meta":{}},{"ancestorTitles":["Issue Limiting Logic"],"fullName":"Issue Limiting Logic should return all issues when maxIssues is not set","status":"passed","title":"should return all issues when maxIssues is not set","duration":0.2209210000000894,"failureMessages":[],"meta":{}},{"ancestorTitles":["Issue Limiting Logic"],"fullName":"Issue Limiting Logic should return all issues when maxIssues is 0","status":"passed","title":"should return all issues when maxIssues is 0","duration":0.175850999999966,"failureMessages":[],"meta":{}},{"ancestorTitles":["Issue Limiting Logic"],"fullName":"Issue Limiting Logic should return all issues when maxIssues is greater than issue count","status":"passed","title":"should return all issues when maxIssues is greater than issue count","duration":0.1626139999989391,"failureMessages":[],"meta":{}},{"ancestorTitles":["Issue Limiting Logic"],"fullName":"Issue Limiting Logic should handle single issue limit","status":"passed","title":"should handle single issue limit","duration":0.18123999999988882,"failureMessages":[],"meta":{}},{"ancestorTitles":["Issue Limiting Logic"],"fullName":"Issue Limiting Logic should handle exact match of maxIssues and issue count","status":"passed","title":"should handle exact match of maxIssues and issue count","duration":0.14121700000032433,"failureMessages":[],"meta":{}}],"startTime":1756250318380,"endTime":1756250318382.1812,"status":"passed","message":"","name":"/home/dylan/dev/rsolv/RSOLV-action/src/__tests__/index-maxissues.test.ts"},{"assertionResults":[{"ancestorTitles":["Mode Selection Integration","getModeFromArgs"],"fullName":"Mode Selection Integration getModeFromArgs should extract mode from CLI arguments","status":"failed","title":"should extract mode from CLI arguments","duration":1.2984800000001542,"failureMessages":["Error: Cannot find module '../utils/mode-selector'\nRequire stack:\n- /home/dylan/dev/rsolv/RSOLV-action/src/__tests__/mode-integration.test.ts\n    at Module._resolveFilename (node:internal/modules/cjs/loader:1369:15)\n    at require.resolve (node:internal/modules/helpers:145:19)\n    at require (file:///home/dylan/dev/rsolv/RSOLV-action/node_modules/vitest/dist/chunks/vm.BThCzidc.js:167:30)\n    at /home/dylan/dev/rsolv/RSOLV-action/src/__tests__/mode-integration.test.ts:22:35\n    at file:///home/dylan/dev/rsolv/RSOLV-action/node_modules/@vitest/runner/dist/chunk-hooks.js:155:11\n    at file:///home/dylan/dev/rsolv/RSOLV-action/node_modules/@vitest/runner/dist/chunk-hooks.js:752:26\n    at file:///home/dylan/dev/rsolv/RSOLV-action/node_modules/@vitest/runner/dist/chunk-hooks.js:1897:20\n    at new Promise (<anonymous>)\n    at runWithTimeout (file:///home/dylan/dev/rsolv/RSOLV-action/node_modules/@vitest/runner/dist/chunk-hooks.js:1863:10)\n    at runTest (file:///home/dylan/dev/rsolv/RSOLV-action/node_modules/@vitest/runner/dist/chunk-hooks.js:1574:12)"],"meta":{}},{"ancestorTitles":["Mode Selection Integration","getModeFromArgs"],"fullName":"Mode Selection Integration getModeFromArgs should return undefined when no mode in args","status":"failed","title":"should return undefined when no mode in args","duration":0.355064000000084,"failureMessages":["Error: Cannot find module '../utils/mode-selector'\nRequire stack:\n- /home/dylan/dev/rsolv/RSOLV-action/src/__tests__/mode-integration.test.ts\n    at Module._resolveFilename (node:internal/modules/cjs/loader:1369:15)\n    at require.resolve (node:internal/modules/helpers:145:19)\n    at require (file:///home/dylan/dev/rsolv/RSOLV-action/node_modules/vitest/dist/chunks/vm.BThCzidc.js:167:30)\n    at /home/dylan/dev/rsolv/RSOLV-action/src/__tests__/mode-integration.test.ts:29:35\n    at file:///home/dylan/dev/rsolv/RSOLV-action/node_modules/@vitest/runner/dist/chunk-hooks.js:155:11\n    at file:///home/dylan/dev/rsolv/RSOLV-action/node_modules/@vitest/runner/dist/chunk-hooks.js:752:26\n    at file:///home/dylan/dev/rsolv/RSOLV-action/node_modules/@vitest/runner/dist/chunk-hooks.js:1897:20\n    at new Promise (<anonymous>)\n    at runWithTimeout (file:///home/dylan/dev/rsolv/RSOLV-action/node_modules/@vitest/runner/dist/chunk-hooks.js:1863:10)\n    at runTest (file:///home/dylan/dev/rsolv/RSOLV-action/node_modules/@vitest/runner/dist/chunk-hooks.js:1574:12)"],"meta":{}},{"ancestorTitles":["Mode Selection Integration","getExecutionMode"],"fullName":"Mode Selection Integration getExecutionMode should prioritize CLI args over environment variable","status":"failed","title":"should prioritize CLI args over environment variable","duration":0.29921699999999873,"failureMessages":["Error: Cannot find module '../utils/mode-selector'\nRequire stack:\n- /home/dylan/dev/rsolv/RSOLV-action/src/__tests__/mode-integration.test.ts\n    at Module._resolveFilename (node:internal/modules/cjs/loader:1369:15)\n    at require.resolve (node:internal/modules/helpers:145:19)\n    at require (file:///home/dylan/dev/rsolv/RSOLV-action/node_modules/vitest/dist/chunks/vm.BThCzidc.js:167:30)\n    at /home/dylan/dev/rsolv/RSOLV-action/src/__tests__/mode-integration.test.ts:36:36\n    at file:///home/dylan/dev/rsolv/RSOLV-action/node_modules/@vitest/runner/dist/chunk-hooks.js:155:11\n    at file:///home/dylan/dev/rsolv/RSOLV-action/node_modules/@vitest/runner/dist/chunk-hooks.js:752:26\n    at file:///home/dylan/dev/rsolv/RSOLV-action/node_modules/@vitest/runner/dist/chunk-hooks.js:1897:20\n    at new Promise (<anonymous>)\n    at runWithTimeout (file:///home/dylan/dev/rsolv/RSOLV-action/node_modules/@vitest/runner/dist/chunk-hooks.js:1863:10)\n    at runTest (file:///home/dylan/dev/rsolv/RSOLV-action/node_modules/@vitest/runner/dist/chunk-hooks.js:1574:12)"],"meta":{}},{"ancestorTitles":["Mode Selection Integration","getExecutionMode"],"fullName":"Mode Selection Integration getExecutionMode should use environment variable when no CLI args","status":"failed","title":"should use environment variable when no CLI args","duration":0.27403000000003885,"failureMessages":["Error: Cannot find module '../utils/mode-selector'\nRequire stack:\n- /home/dylan/dev/rsolv/RSOLV-action/src/__tests__/mode-integration.test.ts\n    at Module._resolveFilename (node:internal/modules/cjs/loader:1369:15)\n    at require.resolve (node:internal/modules/helpers:145:19)\n    at require (file:///home/dylan/dev/rsolv/RSOLV-action/node_modules/vitest/dist/chunks/vm.BThCzidc.js:167:30)\n    at /home/dylan/dev/rsolv/RSOLV-action/src/__tests__/mode-integration.test.ts:42:36\n    at file:///home/dylan/dev/rsolv/RSOLV-action/node_modules/@vitest/runner/dist/chunk-hooks.js:155:11\n    at file:///home/dylan/dev/rsolv/RSOLV-action/node_modules/@vitest/runner/dist/chunk-hooks.js:752:26\n    at file:///home/dylan/dev/rsolv/RSOLV-action/node_modules/@vitest/runner/dist/chunk-hooks.js:1897:20\n    at new Promise (<anonymous>)\n    at runWithTimeout (file:///home/dylan/dev/rsolv/RSOLV-action/node_modules/@vitest/runner/dist/chunk-hooks.js:1863:10)\n    at runTest (file:///home/dylan/dev/rsolv/RSOLV-action/node_modules/@vitest/runner/dist/chunk-hooks.js:1574:12)"],"meta":{}},{"ancestorTitles":["Mode Selection Integration","getExecutionMode"],"fullName":"Mode Selection Integration getExecutionMode should default to \"fix\" when no mode specified","status":"failed","title":"should default to \"fix\" when no mode specified","duration":0.2764950000000681,"failureMessages":["Error: Cannot find module '../utils/mode-selector'\nRequire stack:\n- /home/dylan/dev/rsolv/RSOLV-action/src/__tests__/mode-integration.test.ts\n    at Module._resolveFilename (node:internal/modules/cjs/loader:1369:15)\n    at require.resolve (node:internal/modules/helpers:145:19)\n    at require (file:///home/dylan/dev/rsolv/RSOLV-action/node_modules/vitest/dist/chunks/vm.BThCzidc.js:167:30)\n    at /home/dylan/dev/rsolv/RSOLV-action/src/__tests__/mode-integration.test.ts:48:36\n    at file:///home/dylan/dev/rsolv/RSOLV-action/node_modules/@vitest/runner/dist/chunk-hooks.js:155:11\n    at file:///home/dylan/dev/rsolv/RSOLV-action/node_modules/@vitest/runner/dist/chunk-hooks.js:752:26\n    at file:///home/dylan/dev/rsolv/RSOLV-action/node_modules/@vitest/runner/dist/chunk-hooks.js:1897:20\n    at new Promise (<anonymous>)\n    at runWithTimeout (file:///home/dylan/dev/rsolv/RSOLV-action/node_modules/@vitest/runner/dist/chunk-hooks.js:1863:10)\n    at runTest (file:///home/dylan/dev/rsolv/RSOLV-action/node_modules/@vitest/runner/dist/chunk-hooks.js:1574:12)"],"meta":{}},{"ancestorTitles":["Mode Selection Integration","getExecutionMode"],"fullName":"Mode Selection Integration getExecutionMode should support all valid modes","status":"failed","title":"should support all valid modes","duration":0.2704839999998967,"failureMessages":["Error: Cannot find module '../utils/mode-selector'\nRequire stack:\n- /home/dylan/dev/rsolv/RSOLV-action/src/__tests__/mode-integration.test.ts\n    at Module._resolveFilename (node:internal/modules/cjs/loader:1369:15)\n    at require.resolve (node:internal/modules/helpers:145:19)\n    at require (file:///home/dylan/dev/rsolv/RSOLV-action/node_modules/vitest/dist/chunks/vm.BThCzidc.js:167:30)\n    at /home/dylan/dev/rsolv/RSOLV-action/src/__tests__/mode-integration.test.ts:54:36\n    at file:///home/dylan/dev/rsolv/RSOLV-action/node_modules/@vitest/runner/dist/chunk-hooks.js:155:11\n    at file:///home/dylan/dev/rsolv/RSOLV-action/node_modules/@vitest/runner/dist/chunk-hooks.js:752:26\n    at file:///home/dylan/dev/rsolv/RSOLV-action/node_modules/@vitest/runner/dist/chunk-hooks.js:1897:20\n    at new Promise (<anonymous>)\n    at runWithTimeout (file:///home/dylan/dev/rsolv/RSOLV-action/node_modules/@vitest/runner/dist/chunk-hooks.js:1863:10)\n    at runTest (file:///home/dylan/dev/rsolv/RSOLV-action/node_modules/@vitest/runner/dist/chunk-hooks.js:1574:12)"],"meta":{}},{"ancestorTitles":["Mode Selection Integration","getExecutionMode"],"fullName":"Mode Selection Integration getExecutionMode should handle legacy RSOLV_SCAN_MODE for backward compatibility","status":"failed","title":"should handle legacy RSOLV_SCAN_MODE for backward compatibility","duration":0.26168600000005426,"failureMessages":["Error: Cannot find module '../utils/mode-selector'\nRequire stack:\n- /home/dylan/dev/rsolv/RSOLV-action/src/__tests__/mode-integration.test.ts\n    at Module._resolveFilename (node:internal/modules/cjs/loader:1369:15)\n    at require.resolve (node:internal/modules/helpers:145:19)\n    at require (file:///home/dylan/dev/rsolv/RSOLV-action/node_modules/vitest/dist/chunks/vm.BThCzidc.js:167:30)\n    at /home/dylan/dev/rsolv/RSOLV-action/src/__tests__/mode-integration.test.ts:62:36\n    at file:///home/dylan/dev/rsolv/RSOLV-action/node_modules/@vitest/runner/dist/chunk-hooks.js:155:11\n    at file:///home/dylan/dev/rsolv/RSOLV-action/node_modules/@vitest/runner/dist/chunk-hooks.js:752:26\n    at file:///home/dylan/dev/rsolv/RSOLV-action/node_modules/@vitest/runner/dist/chunk-hooks.js:1897:20\n    at new Promise (<anonymous>)\n    at runWithTimeout (file:///home/dylan/dev/rsolv/RSOLV-action/node_modules/@vitest/runner/dist/chunk-hooks.js:1863:10)\n    at runTest (file:///home/dylan/dev/rsolv/RSOLV-action/node_modules/@vitest/runner/dist/chunk-hooks.js:1574:12)"],"meta":{}},{"ancestorTitles":["Mode Selection Integration","validateMode"],"fullName":"Mode Selection Integration validateMode should validate mode is supported","status":"failed","title":"should validate mode is supported","duration":0.25170200000002296,"failureMessages":["Error: Cannot find module '../utils/mode-selector'\nRequire stack:\n- /home/dylan/dev/rsolv/RSOLV-action/src/__tests__/mode-integration.test.ts\n    at Module._resolveFilename (node:internal/modules/cjs/loader:1369:15)\n    at require.resolve (node:internal/modules/helpers:145:19)\n    at require (file:///home/dylan/dev/rsolv/RSOLV-action/node_modules/vitest/dist/chunks/vm.BThCzidc.js:167:30)\n    at /home/dylan/dev/rsolv/RSOLV-action/src/__tests__/mode-integration.test.ts:73:32\n    at file:///home/dylan/dev/rsolv/RSOLV-action/node_modules/@vitest/runner/dist/chunk-hooks.js:155:11\n    at file:///home/dylan/dev/rsolv/RSOLV-action/node_modules/@vitest/runner/dist/chunk-hooks.js:752:26\n    at file:///home/dylan/dev/rsolv/RSOLV-action/node_modules/@vitest/runner/dist/chunk-hooks.js:1897:20\n    at new Promise (<anonymous>)\n    at runWithTimeout (file:///home/dylan/dev/rsolv/RSOLV-action/node_modules/@vitest/runner/dist/chunk-hooks.js:1863:10)\n    at runTest (file:///home/dylan/dev/rsolv/RSOLV-action/node_modules/@vitest/runner/dist/chunk-hooks.js:1574:12)"],"meta":{}},{"ancestorTitles":["Mode Selection Integration","getModeRequirements"],"fullName":"Mode Selection Integration getModeRequirements should return requirements for each mode","status":"failed","title":"should return requirements for each mode","duration":0.29749900000001617,"failureMessages":["Error: Cannot find module '../utils/mode-selector'\nRequire stack:\n- /home/dylan/dev/rsolv/RSOLV-action/src/__tests__/mode-integration.test.ts\n    at Module._resolveFilename (node:internal/modules/cjs/loader:1369:15)\n    at require.resolve (node:internal/modules/helpers:145:19)\n    at require (file:///home/dylan/dev/rsolv/RSOLV-action/node_modules/vitest/dist/chunks/vm.BThCzidc.js:167:30)\n    at /home/dylan/dev/rsolv/RSOLV-action/src/__tests__/mode-integration.test.ts:84:39\n    at file:///home/dylan/dev/rsolv/RSOLV-action/node_modules/@vitest/runner/dist/chunk-hooks.js:155:11\n    at file:///home/dylan/dev/rsolv/RSOLV-action/node_modules/@vitest/runner/dist/chunk-hooks.js:752:26\n    at file:///home/dylan/dev/rsolv/RSOLV-action/node_modules/@vitest/runner/dist/chunk-hooks.js:1897:20\n    at new Promise (<anonymous>)\n    at runWithTimeout (file:///home/dylan/dev/rsolv/RSOLV-action/node_modules/@vitest/runner/dist/chunk-hooks.js:1863:10)\n    at runTest (file:///home/dylan/dev/rsolv/RSOLV-action/node_modules/@vitest/runner/dist/chunk-hooks.js:1574:12)"],"meta":{}}],"startTime":1756250307833,"endTime":1756250307837.2976,"status":"failed","message":"","name":"/home/dylan/dev/rsolv/RSOLV-action/src/__tests__/mode-integration.test.ts"},{"assertionResults":[{"ancestorTitles":["Pattern API E2E Integration - SKIP due to global fetch mock"],"fullName":"Pattern API E2E Integration - SKIP due to global fetch mock SecurityDetectorV2 fetches patterns from API and detects vulnerabilities","status":"skipped","title":"SecurityDetectorV2 fetches patterns from API and detects vulnerabilities","failureMessages":[],"meta":{}},{"ancestorTitles":["Pattern API E2E Integration - SKIP due to global fetch mock"],"fullName":"Pattern API E2E Integration - SKIP due to global fetch mock SecurityDetectorV2 filters patterns by language","status":"skipped","title":"SecurityDetectorV2 filters patterns by language","failureMessages":[],"meta":{}},{"ancestorTitles":["Pattern API E2E Integration - SKIP due to global fetch mock"],"fullName":"Pattern API E2E Integration - SKIP due to global fetch mock SecurityDetectorV2 handles API errors gracefully","status":"skipped","title":"SecurityDetectorV2 handles API errors gracefully","failureMessages":[],"meta":{}},{"ancestorTitles":["Pattern API E2E Integration - SKIP due to global fetch mock"],"fullName":"Pattern API E2E Integration - SKIP due to global fetch mock SecurityDetectorV2 respects severity filtering","status":"skipped","title":"SecurityDetectorV2 respects severity filtering","failureMessages":[],"meta":{}},{"ancestorTitles":["Pattern API E2E Integration - SKIP due to global fetch mock"],"fullName":"Pattern API E2E Integration - SKIP due to global fetch mock SecurityDetectorV2 provides detailed issue context","status":"skipped","title":"SecurityDetectorV2 provides detailed issue context","failureMessages":[],"meta":{}},{"ancestorTitles":["Pattern API E2E Integration - SKIP due to global fetch mock"],"fullName":"Pattern API E2E Integration - SKIP due to global fetch mock SecurityDetectorV2 batches multiple file scans efficiently","status":"skipped","title":"SecurityDetectorV2 batches multiple file scans efficiently","failureMessages":[],"meta":{}},{"ancestorTitles":["Pattern API E2E Integration - SKIP due to global fetch mock"],"fullName":"Pattern API E2E Integration - SKIP due to global fetch mock Pattern API health check works","status":"skipped","title":"Pattern API health check works","failureMessages":[],"meta":{}}],"startTime":1756250306936,"endTime":1756250306936,"status":"passed","message":"","name":"/home/dylan/dev/rsolv/RSOLV-action/src/__tests__/pattern-api-e2e.test.ts"},{"assertionResults":[{"ancestorTitles":["Workflow Timeout Behavior"],"fullName":"Workflow Timeout Behavior should timeout workflow after 2 minutes","status":"failed","title":"should timeout workflow after 2 minutes","duration":1.3482049999997798,"failureMessages":["TypeError: Cannot read properties of undefined (reading 'spyOn')\n    at /home/dylan/dev/rsolv/RSOLV-action/src/__tests__/workflow-timeout.test.ts:83:11\n    at file:///home/dylan/dev/rsolv/RSOLV-action/node_modules/@vitest/runner/dist/chunk-hooks.js:155:11\n    at file:///home/dylan/dev/rsolv/RSOLV-action/node_modules/@vitest/runner/dist/chunk-hooks.js:752:26\n    at file:///home/dylan/dev/rsolv/RSOLV-action/node_modules/@vitest/runner/dist/chunk-hooks.js:1897:20\n    at new Promise (<anonymous>)\n    at runWithTimeout (file:///home/dylan/dev/rsolv/RSOLV-action/node_modules/@vitest/runner/dist/chunk-hooks.js:1863:10)\n    at runTest (file:///home/dylan/dev/rsolv/RSOLV-action/node_modules/@vitest/runner/dist/chunk-hooks.js:1574:12)\n    at runSuite (file:///home/dylan/dev/rsolv/RSOLV-action/node_modules/@vitest/runner/dist/chunk-hooks.js:1729:8)\n    at runSuite (file:///home/dylan/dev/rsolv/RSOLV-action/node_modules/@vitest/runner/dist/chunk-hooks.js:1729:8)\n    at runFiles (file:///home/dylan/dev/rsolv/RSOLV-action/node_modules/@vitest/runner/dist/chunk-hooks.js:1787:3)"],"meta":{}},{"ancestorTitles":["Workflow Timeout Behavior"],"fullName":"Workflow Timeout Behavior should complete successfully before timeout","status":"failed","title":"should complete successfully before timeout","duration":0.2960849999999482,"failureMessages":["TypeError: Cannot read properties of undefined (reading 'spyOn')\n    at /home/dylan/dev/rsolv/RSOLV-action/src/__tests__/workflow-timeout.test.ts:109:11\n    at file:///home/dylan/dev/rsolv/RSOLV-action/node_modules/@vitest/runner/dist/chunk-hooks.js:155:11\n    at file:///home/dylan/dev/rsolv/RSOLV-action/node_modules/@vitest/runner/dist/chunk-hooks.js:752:26\n    at file:///home/dylan/dev/rsolv/RSOLV-action/node_modules/@vitest/runner/dist/chunk-hooks.js:1897:20\n    at new Promise (<anonymous>)\n    at runWithTimeout (file:///home/dylan/dev/rsolv/RSOLV-action/node_modules/@vitest/runner/dist/chunk-hooks.js:1863:10)\n    at runTest (file:///home/dylan/dev/rsolv/RSOLV-action/node_modules/@vitest/runner/dist/chunk-hooks.js:1574:12)\n    at runSuite (file:///home/dylan/dev/rsolv/RSOLV-action/node_modules/@vitest/runner/dist/chunk-hooks.js:1729:8)\n    at runSuite (file:///home/dylan/dev/rsolv/RSOLV-action/node_modules/@vitest/runner/dist/chunk-hooks.js:1729:8)\n    at runFiles (file:///home/dylan/dev/rsolv/RSOLV-action/node_modules/@vitest/runner/dist/chunk-hooks.js:1787:3)"],"meta":{}},{"ancestorTitles":["Workflow Timeout Behavior"],"fullName":"Workflow Timeout Behavior should handle no issues gracefully without timeout","status":"failed","title":"should handle no issues gracefully without timeout","duration":0.22459699999990335,"failureMessages":["TypeError: Cannot read properties of undefined (reading 'spyOn')\n    at /home/dylan/dev/rsolv/RSOLV-action/src/__tests__/workflow-timeout.test.ts:144:11\n    at file:///home/dylan/dev/rsolv/RSOLV-action/node_modules/@vitest/runner/dist/chunk-hooks.js:155:11\n    at file:///home/dylan/dev/rsolv/RSOLV-action/node_modules/@vitest/runner/dist/chunk-hooks.js:752:26\n    at file:///home/dylan/dev/rsolv/RSOLV-action/node_modules/@vitest/runner/dist/chunk-hooks.js:1897:20\n    at new Promise (<anonymous>)\n    at runWithTimeout (file:///home/dylan/dev/rsolv/RSOLV-action/node_modules/@vitest/runner/dist/chunk-hooks.js:1863:10)\n    at runTest (file:///home/dylan/dev/rsolv/RSOLV-action/node_modules/@vitest/runner/dist/chunk-hooks.js:1574:12)\n    at runSuite (file:///home/dylan/dev/rsolv/RSOLV-action/node_modules/@vitest/runner/dist/chunk-hooks.js:1729:8)\n    at runSuite (file:///home/dylan/dev/rsolv/RSOLV-action/node_modules/@vitest/runner/dist/chunk-hooks.js:1729:8)\n    at runFiles (file:///home/dylan/dev/rsolv/RSOLV-action/node_modules/@vitest/runner/dist/chunk-hooks.js:1787:3)"],"meta":{}},{"ancestorTitles":["Workflow Timeout Behavior"],"fullName":"Workflow Timeout Behavior should include timeout information in error message","status":"failed","title":"should include timeout information in error message","duration":0.24475500000016837,"failureMessages":["TypeError: Cannot read properties of undefined (reading 'spyOn')\n    at /home/dylan/dev/rsolv/RSOLV-action/src/__tests__/workflow-timeout.test.ts:166:11\n    at file:///home/dylan/dev/rsolv/RSOLV-action/node_modules/@vitest/runner/dist/chunk-hooks.js:155:11\n    at file:///home/dylan/dev/rsolv/RSOLV-action/node_modules/@vitest/runner/dist/chunk-hooks.js:752:26\n    at file:///home/dylan/dev/rsolv/RSOLV-action/node_modules/@vitest/runner/dist/chunk-hooks.js:1897:20\n    at new Promise (<anonymous>)\n    at runWithTimeout (file:///home/dylan/dev/rsolv/RSOLV-action/node_modules/@vitest/runner/dist/chunk-hooks.js:1863:10)\n    at runTest (file:///home/dylan/dev/rsolv/RSOLV-action/node_modules/@vitest/runner/dist/chunk-hooks.js:1574:12)\n    at runSuite (file:///home/dylan/dev/rsolv/RSOLV-action/node_modules/@vitest/runner/dist/chunk-hooks.js:1729:8)\n    at runSuite (file:///home/dylan/dev/rsolv/RSOLV-action/node_modules/@vitest/runner/dist/chunk-hooks.js:1729:8)\n    at runFiles (file:///home/dylan/dev/rsolv/RSOLV-action/node_modules/@vitest/runner/dist/chunk-hooks.js:1787:3)"],"meta":{}},{"ancestorTitles":["Workflow Timeout Behavior"],"fullName":"Workflow Timeout Behavior should use configured processing options","status":"failed","title":"should use configured processing options","duration":0.2262759999998707,"failureMessages":["TypeError: Cannot read properties of undefined (reading 'spyOn')\n    at /home/dylan/dev/rsolv/RSOLV-action/src/__tests__/workflow-timeout.test.ts:193:11\n    at file:///home/dylan/dev/rsolv/RSOLV-action/node_modules/@vitest/runner/dist/chunk-hooks.js:155:11\n    at file:///home/dylan/dev/rsolv/RSOLV-action/node_modules/@vitest/runner/dist/chunk-hooks.js:752:26\n    at file:///home/dylan/dev/rsolv/RSOLV-action/node_modules/@vitest/runner/dist/chunk-hooks.js:1897:20\n    at new Promise (<anonymous>)\n    at runWithTimeout (file:///home/dylan/dev/rsolv/RSOLV-action/node_modules/@vitest/runner/dist/chunk-hooks.js:1863:10)\n    at runTest (file:///home/dylan/dev/rsolv/RSOLV-action/node_modules/@vitest/runner/dist/chunk-hooks.js:1574:12)\n    at runSuite (file:///home/dylan/dev/rsolv/RSOLV-action/node_modules/@vitest/runner/dist/chunk-hooks.js:1729:8)\n    at runSuite (file:///home/dylan/dev/rsolv/RSOLV-action/node_modules/@vitest/runner/dist/chunk-hooks.js:1729:8)\n    at runFiles (file:///home/dylan/dev/rsolv/RSOLV-action/node_modules/@vitest/runner/dist/chunk-hooks.js:1787:3)"],"meta":{}}],"startTime":1756250309208,"endTime":1756250309210.2449,"status":"failed","message":"","name":"/home/dylan/dev/rsolv/RSOLV-action/src/__tests__/workflow-timeout.test.ts"},{"assertionResults":[],"startTime":1756250306936,"endTime":1756250306936,"status":"failed","message":"logger.debug is not a function","name":"/home/dylan/dev/rsolv/RSOLV-action/src/security/detector-v2.test.ts"},{"assertionResults":[{"ancestorTitles":["PatternAPIClient - Tier Removal (TDD)","Tier-less Pattern Access"],"fullName":"PatternAPIClient - Tier Removal (TDD) Tier-less Pattern Access fetchPatterns should not include tier parameter in request","status":"passed","title":"fetchPatterns should not include tier parameter in request","duration":1.3692930000000842,"failureMessages":[],"meta":{}},{"ancestorTitles":["PatternAPIClient - Tier Removal (TDD)","Tier-less Pattern Access"],"fullName":"PatternAPIClient - Tier Removal (TDD) Tier-less Pattern Access fetchPatterns response should not contain tier fields","status":"passed","title":"fetchPatterns response should not contain tier fields","duration":0.5409680000000208,"failureMessages":[],"meta":{}},{"ancestorTitles":["PatternAPIClient - Tier Removal (TDD)","Tier-less Pattern Access"],"fullName":"PatternAPIClient - Tier Removal (TDD) Tier-less Pattern Access fetchPatterns should return all patterns with valid API key","status":"passed","title":"fetchPatterns should return all patterns with valid API key","duration":0.5691150000000107,"failureMessages":[],"meta":{}},{"ancestorTitles":["PatternAPIClient - Tier Removal (TDD)","Tier-less Pattern Access"],"fullName":"PatternAPIClient - Tier Removal (TDD) Tier-less Pattern Access fetchPatterns without API key should return demo patterns only","status":"failed","title":"fetchPatterns without API key should return demo patterns only","duration":1.5608899999999721,"failureMessages":["AssertionError: expected 'Bearer rsolv_staging_test_key_2024' to be undefined\n    at /home/dylan/dev/rsolv/RSOLV-action/src/security/pattern-api-client-tier-removal.test.ts:118:40\n    at file:///home/dylan/dev/rsolv/RSOLV-action/node_modules/@vitest/runner/dist/chunk-hooks.js:752:20"],"meta":{}},{"ancestorTitles":["PatternAPIClient - Tier Removal (TDD)","Tier-less Pattern Access"],"fullName":"PatternAPIClient - Tier Removal (TDD) Tier-less Pattern Access deprecated fetchPatternsByTier should still work for backward compatibility","status":"passed","title":"deprecated fetchPatternsByTier should still work for backward compatibility","duration":0.3493429999999762,"failureMessages":[],"meta":{}},{"ancestorTitles":["PatternAPIClient - Tier Removal (TDD)","Tier-less Pattern Access"],"fullName":"PatternAPIClient - Tier Removal (TDD) Tier-less Pattern Access PatternResponse type should not require tier fields","status":"passed","title":"PatternResponse type should not require tier fields","duration":0.37299099999995633,"failureMessages":[],"meta":{}},{"ancestorTitles":["PatternAPIClient - Tier Removal (TDD)","Tier-less Pattern Access"],"fullName":"PatternAPIClient - Tier Removal (TDD) Tier-less Pattern Access error messages should not mention tiers","status":"passed","title":"error messages should not mention tiers","duration":1.3796859999999924,"failureMessages":[],"meta":{}},{"ancestorTitles":["PatternAPIClient - Tier Removal (TDD)","Pattern counting without tiers"],"fullName":"PatternAPIClient - Tier Removal (TDD) Pattern counting without tiers should return total pattern count across all languages","status":"passed","title":"should return total pattern count across all languages","duration":1.226376000000073,"failureMessages":[],"meta":{}}],"startTime":1756250307362,"endTime":1756250307370.2263,"status":"failed","message":"","name":"/home/dylan/dev/rsolv/RSOLV-action/src/security/pattern-api-client-tier-removal.test.ts"},{"assertionResults":[{"ancestorTitles":["PatternAPIClient","constructor"],"fullName":"PatternAPIClient constructor should use default API URL if not provided","status":"passed","title":"should use default API URL if not provided","duration":0.810631000000285,"failureMessages":[],"meta":{}},{"ancestorTitles":["PatternAPIClient","constructor"],"fullName":"PatternAPIClient constructor should use provided API URL","status":"passed","title":"should use provided API URL","duration":0.18987700000070618,"failureMessages":[],"meta":{}},{"ancestorTitles":["PatternAPIClient","constructor"],"fullName":"PatternAPIClient constructor should use API key from config","status":"passed","title":"should use API key from config","duration":0.12937199999942095,"failureMessages":[],"meta":{}},{"ancestorTitles":["PatternAPIClient","constructor"],"fullName":"PatternAPIClient constructor should use API key from environment if not in config","status":"passed","title":"should use API key from environment if not in config","duration":0.10826900000029127,"failureMessages":[],"meta":{}},{"ancestorTitles":["PatternAPIClient","fetchPatterns"],"fullName":"PatternAPIClient fetchPatterns should fetch patterns for a language","status":"passed","title":"should fetch patterns for a language","duration":1.1610280000004423,"failureMessages":[],"meta":{}},{"ancestorTitles":["PatternAPIClient","fetchPatterns"],"fullName":"PatternAPIClient fetchPatterns should handle API errors gracefully","status":"passed","title":"should handle API errors gracefully","duration":1.0216419999997015,"failureMessages":[],"meta":{}},{"ancestorTitles":["PatternAPIClient","fetchPatterns"],"fullName":"PatternAPIClient fetchPatterns should use cached patterns within TTL","status":"passed","title":"should use cached patterns within TTL","duration":0.30320299999948475,"failureMessages":[],"meta":{}},{"ancestorTitles":["PatternAPIClient","fetchPatterns"],"fullName":"PatternAPIClient fetchPatterns should handle patterns without API key (public only)","status":"passed","title":"should handle patterns without API key (public only)","duration":0.3373830000000453,"failureMessages":[],"meta":{}},{"ancestorTitles":["PatternAPIClient","PatternAPIClient enhanced patterns"],"fullName":"PatternAPIClient PatternAPIClient enhanced patterns should handle enhanced patterns with AST rules","status":"passed","title":"should handle enhanced patterns with AST rules","duration":0.4757500000014261,"failureMessages":[],"meta":{}},{"ancestorTitles":["PatternAPIClient","PatternAPIClient enhanced patterns"],"fullName":"PatternAPIClient PatternAPIClient enhanced patterns should handle patterns without enhanced features","status":"passed","title":"should handle patterns without enhanced features","duration":0.31918299999961164,"failureMessages":[],"meta":{}}],"startTime":1756250316281,"endTime":1756250316286.319,"status":"passed","message":"","name":"/home/dylan/dev/rsolv/RSOLV-action/src/security/pattern-api-client.test.ts"},{"assertionResults":[{"ancestorTitles":["Pattern API Regex Reconstruction Success","Phase 2.2: Successful regex reconstruction"],"fullName":"Pattern API Regex Reconstruction Success Phase 2.2: Successful regex reconstruction should reconstruct regex from serialized format","status":"passed","title":"should reconstruct regex from serialized format","duration":1.5050700000001598,"failureMessages":[],"meta":{}},{"ancestorTitles":["Pattern API Regex Reconstruction Success","Phase 2.2: Successful regex reconstruction"],"fullName":"Pattern API Regex Reconstruction Success Phase 2.2: Successful regex reconstruction should handle multiple regex with different flags","status":"passed","title":"should handle multiple regex with different flags","duration":0.3098040000004403,"failureMessages":[],"meta":{}},{"ancestorTitles":["Pattern API Regex Reconstruction Success","Phase 2.2: Successful regex reconstruction"],"fullName":"Pattern API Regex Reconstruction Success Phase 2.2: Successful regex reconstruction should handle regex in AST rules","status":"passed","title":"should handle regex in AST rules","duration":0.21216300000014598,"failureMessages":[],"meta":{}},{"ancestorTitles":["Pattern API Regex Reconstruction Success","Phase 2.2: Successful regex reconstruction"],"fullName":"Pattern API Regex Reconstruction Success Phase 2.2: Successful regex reconstruction should handle regex in context rules","status":"passed","title":"should handle regex in context rules","duration":0.26434599999993225,"failureMessages":[],"meta":{}},{"ancestorTitles":["Pattern API Regex Reconstruction Success","Phase 2.2: Successful regex reconstruction"],"fullName":"Pattern API Regex Reconstruction Success Phase 2.2: Successful regex reconstruction should handle deeply nested regex objects","status":"passed","title":"should handle deeply nested regex objects","duration":0.19259599999986676,"failureMessages":[],"meta":{}},{"ancestorTitles":["Pattern API Regex Reconstruction Success","Phase 2.2: Successful regex reconstruction"],"fullName":"Pattern API Regex Reconstruction Success Phase 2.2: Successful regex reconstruction should handle mixed string and regex patterns gracefully","status":"passed","title":"should handle mixed string and regex patterns gracefully","duration":0.28038500000002387,"failureMessages":[],"meta":{}}],"startTime":1756250314094,"endTime":1756250314096.2803,"status":"passed","message":"","name":"/home/dylan/dev/rsolv/RSOLV-action/src/security/pattern-regex-reconstruction-success.test.ts"},{"assertionResults":[{"ancestorTitles":["Pattern API Regex Reconstruction","Phase 2.1: Failing tests for regex reconstruction"],"fullName":"Pattern API Regex Reconstruction Phase 2.1: Failing tests for regex reconstruction should fail to reconstruct regex from serialized format","status":"failed","title":"should fail to reconstruct regex from serialized format","duration":2.5387619999996787,"failureMessages":["AssertionError: expected [Function] to throw an error\n    at Proxy.<anonymous> (file:///home/dylan/dev/rsolv/RSOLV-action/node_modules/@vitest/expect/dist/index.js:1420:16)\n    at Proxy.<anonymous> (file:///home/dylan/dev/rsolv/RSOLV-action/node_modules/@vitest/expect/dist/index.js:1029:14)\n    at Proxy.methodWrapper (file:///home/dylan/dev/rsolv/RSOLV-action/node_modules/chai/chai.js:1618:25)\n    at /home/dylan/dev/rsolv/RSOLV-action/src/security/pattern-regex-reconstruction.test.ts:26:64\n    at file:///home/dylan/dev/rsolv/RSOLV-action/node_modules/@vitest/runner/dist/chunk-hooks.js:155:11\n    at file:///home/dylan/dev/rsolv/RSOLV-action/node_modules/@vitest/runner/dist/chunk-hooks.js:752:26\n    at file:///home/dylan/dev/rsolv/RSOLV-action/node_modules/@vitest/runner/dist/chunk-hooks.js:1897:20\n    at new Promise (<anonymous>)\n    at runWithTimeout (file:///home/dylan/dev/rsolv/RSOLV-action/node_modules/@vitest/runner/dist/chunk-hooks.js:1863:10)\n    at runTest (file:///home/dylan/dev/rsolv/RSOLV-action/node_modules/@vitest/runner/dist/chunk-hooks.js:1574:12)"],"meta":{}},{"ancestorTitles":["Pattern API Regex Reconstruction","Phase 2.1: Failing tests for regex reconstruction"],"fullName":"Pattern API Regex Reconstruction Phase 2.1: Failing tests for regex reconstruction should fail to handle enhanced pattern response with serialized regex","status":"passed","title":"should fail to handle enhanced pattern response with serialized regex","duration":0.29258100000015475,"failureMessages":[],"meta":{}},{"ancestorTitles":["Pattern API Regex Reconstruction","Phase 2.1: Failing tests for regex reconstruction"],"fullName":"Pattern API Regex Reconstruction Phase 2.1: Failing tests for regex reconstruction should demonstrate the need for regex flag mapping","status":"passed","title":"should demonstrate the need for regex flag mapping","duration":0.2617279999999482,"failureMessages":[],"meta":{}},{"ancestorTitles":["Pattern API Regex Reconstruction","Phase 2.1: Failing tests for regex reconstruction"],"fullName":"Pattern API Regex Reconstruction Phase 2.1: Failing tests for regex reconstruction should fail to handle nested regex in AST rules","status":"passed","title":"should fail to handle nested regex in AST rules","duration":0.2270579999999427,"failureMessages":[],"meta":{}},{"ancestorTitles":["Pattern API Regex Reconstruction","Phase 2.1: Failing tests for regex reconstruction"],"fullName":"Pattern API Regex Reconstruction Phase 2.1: Failing tests for regex reconstruction should fail to handle regex in context rules","status":"passed","title":"should fail to handle regex in context rules","duration":0.2147570000001906,"failureMessages":[],"meta":{}},{"ancestorTitles":["Pattern API Regex Reconstruction","Expected behavior after implementation"],"fullName":"Pattern API Regex Reconstruction Expected behavior after implementation should correctly reconstruct regex from serialized format","status":"passed","title":"should correctly reconstruct regex from serialized format","duration":0.12507599999980812,"failureMessages":[],"meta":{}},{"ancestorTitles":["Pattern API Regex Reconstruction","Expected behavior after implementation"],"fullName":"Pattern API Regex Reconstruction Expected behavior after implementation should handle complex patterns with multiple regex objects","status":"passed","title":"should handle complex patterns with multiple regex objects","duration":0.08843999999999141,"failureMessages":[],"meta":{}}],"startTime":1756250309013,"endTime":1756250309017.125,"status":"failed","message":"","name":"/home/dylan/dev/rsolv/RSOLV-action/src/security/pattern-regex-reconstruction.test.ts"},{"assertionResults":[{"ancestorTitles":["LocalPatternSource","getPatternsByLanguage"],"fullName":"LocalPatternSource getPatternsByLanguage should return JavaScript patterns","status":"failed","title":"should return JavaScript patterns","duration":1.333605999999918,"failureMessages":["TypeError: logger.debug is not a function\n    at LocalPatternSource.initializePatterns (/home/dylan/dev/rsolv/RSOLV-action/src/security/pattern-source.ts:51:14)\n    at new LocalPatternSource (/home/dylan/dev/rsolv/RSOLV-action/src/security/pattern-source.ts:29:10)\n    at /home/dylan/dev/rsolv/RSOLV-action/src/security/pattern-source.test.ts:26:14\n    at file:///home/dylan/dev/rsolv/RSOLV-action/node_modules/@vitest/runner/dist/chunk-hooks.js:155:11\n    at file:///home/dylan/dev/rsolv/RSOLV-action/node_modules/@vitest/runner/dist/chunk-hooks.js:1897:20\n    at new Promise (<anonymous>)\n    at runWithTimeout (file:///home/dylan/dev/rsolv/RSOLV-action/node_modules/@vitest/runner/dist/chunk-hooks.js:1863:10)\n    at runHook (file:///home/dylan/dev/rsolv/RSOLV-action/node_modules/@vitest/runner/dist/chunk-hooks.js:1436:51)\n    at callSuiteHook (file:///home/dylan/dev/rsolv/RSOLV-action/node_modules/@vitest/runner/dist/chunk-hooks.js:1442:25)\n    at callSuiteHook (file:///home/dylan/dev/rsolv/RSOLV-action/node_modules/@vitest/runner/dist/chunk-hooks.js:1429:21)"],"meta":{}},{"ancestorTitles":["LocalPatternSource","getPatternsByLanguage"],"fullName":"LocalPatternSource getPatternsByLanguage should return TypeScript patterns (same as JavaScript)","status":"failed","title":"should return TypeScript patterns (same as JavaScript)","duration":0.253528999999844,"failureMessages":["TypeError: logger.debug is not a function\n    at LocalPatternSource.initializePatterns (/home/dylan/dev/rsolv/RSOLV-action/src/security/pattern-source.ts:51:14)\n    at new LocalPatternSource (/home/dylan/dev/rsolv/RSOLV-action/src/security/pattern-source.ts:29:10)\n    at /home/dylan/dev/rsolv/RSOLV-action/src/security/pattern-source.test.ts:26:14\n    at file:///home/dylan/dev/rsolv/RSOLV-action/node_modules/@vitest/runner/dist/chunk-hooks.js:155:11\n    at file:///home/dylan/dev/rsolv/RSOLV-action/node_modules/@vitest/runner/dist/chunk-hooks.js:1897:20\n    at new Promise (<anonymous>)\n    at runWithTimeout (file:///home/dylan/dev/rsolv/RSOLV-action/node_modules/@vitest/runner/dist/chunk-hooks.js:1863:10)\n    at runHook (file:///home/dylan/dev/rsolv/RSOLV-action/node_modules/@vitest/runner/dist/chunk-hooks.js:1436:51)\n    at callSuiteHook (file:///home/dylan/dev/rsolv/RSOLV-action/node_modules/@vitest/runner/dist/chunk-hooks.js:1442:25)\n    at callSuiteHook (file:///home/dylan/dev/rsolv/RSOLV-action/node_modules/@vitest/runner/dist/chunk-hooks.js:1429:21)"],"meta":{}},{"ancestorTitles":["LocalPatternSource","getPatternsByLanguage"],"fullName":"LocalPatternSource getPatternsByLanguage should return empty array for unsupported language","status":"failed","title":"should return empty array for unsupported language","duration":0.20006100000000515,"failureMessages":["TypeError: logger.debug is not a function\n    at LocalPatternSource.initializePatterns (/home/dylan/dev/rsolv/RSOLV-action/src/security/pattern-source.ts:51:14)\n    at new LocalPatternSource (/home/dylan/dev/rsolv/RSOLV-action/src/security/pattern-source.ts:29:10)\n    at /home/dylan/dev/rsolv/RSOLV-action/src/security/pattern-source.test.ts:26:14\n    at file:///home/dylan/dev/rsolv/RSOLV-action/node_modules/@vitest/runner/dist/chunk-hooks.js:155:11\n    at file:///home/dylan/dev/rsolv/RSOLV-action/node_modules/@vitest/runner/dist/chunk-hooks.js:1897:20\n    at new Promise (<anonymous>)\n    at runWithTimeout (file:///home/dylan/dev/rsolv/RSOLV-action/node_modules/@vitest/runner/dist/chunk-hooks.js:1863:10)\n    at runHook (file:///home/dylan/dev/rsolv/RSOLV-action/node_modules/@vitest/runner/dist/chunk-hooks.js:1436:51)\n    at callSuiteHook (file:///home/dylan/dev/rsolv/RSOLV-action/node_modules/@vitest/runner/dist/chunk-hooks.js:1442:25)\n    at callSuiteHook (file:///home/dylan/dev/rsolv/RSOLV-action/node_modules/@vitest/runner/dist/chunk-hooks.js:1429:21)"],"meta":{}},{"ancestorTitles":["LocalPatternSource","getPatternsByLanguage"],"fullName":"LocalPatternSource getPatternsByLanguage should handle case-insensitive language names","status":"failed","title":"should handle case-insensitive language names","duration":0.20555699999999888,"failureMessages":["TypeError: logger.debug is not a function\n    at LocalPatternSource.initializePatterns (/home/dylan/dev/rsolv/RSOLV-action/src/security/pattern-source.ts:51:14)\n    at new LocalPatternSource (/home/dylan/dev/rsolv/RSOLV-action/src/security/pattern-source.ts:29:10)\n    at /home/dylan/dev/rsolv/RSOLV-action/src/security/pattern-source.test.ts:26:14\n    at file:///home/dylan/dev/rsolv/RSOLV-action/node_modules/@vitest/runner/dist/chunk-hooks.js:155:11\n    at file:///home/dylan/dev/rsolv/RSOLV-action/node_modules/@vitest/runner/dist/chunk-hooks.js:1897:20\n    at new Promise (<anonymous>)\n    at runWithTimeout (file:///home/dylan/dev/rsolv/RSOLV-action/node_modules/@vitest/runner/dist/chunk-hooks.js:1863:10)\n    at runHook (file:///home/dylan/dev/rsolv/RSOLV-action/node_modules/@vitest/runner/dist/chunk-hooks.js:1436:51)\n    at callSuiteHook (file:///home/dylan/dev/rsolv/RSOLV-action/node_modules/@vitest/runner/dist/chunk-hooks.js:1442:25)\n    at callSuiteHook (file:///home/dylan/dev/rsolv/RSOLV-action/node_modules/@vitest/runner/dist/chunk-hooks.js:1429:21)"],"meta":{}},{"ancestorTitles":["LocalPatternSource","getPatternsByType"],"fullName":"LocalPatternSource getPatternsByType should return patterns of specific type","status":"failed","title":"should return patterns of specific type","duration":0.20970699999998033,"failureMessages":["TypeError: logger.debug is not a function\n    at LocalPatternSource.initializePatterns (/home/dylan/dev/rsolv/RSOLV-action/src/security/pattern-source.ts:51:14)\n    at new LocalPatternSource (/home/dylan/dev/rsolv/RSOLV-action/src/security/pattern-source.ts:29:10)\n    at /home/dylan/dev/rsolv/RSOLV-action/src/security/pattern-source.test.ts:26:14\n    at file:///home/dylan/dev/rsolv/RSOLV-action/node_modules/@vitest/runner/dist/chunk-hooks.js:155:11\n    at file:///home/dylan/dev/rsolv/RSOLV-action/node_modules/@vitest/runner/dist/chunk-hooks.js:1897:20\n    at new Promise (<anonymous>)\n    at runWithTimeout (file:///home/dylan/dev/rsolv/RSOLV-action/node_modules/@vitest/runner/dist/chunk-hooks.js:1863:10)\n    at runHook (file:///home/dylan/dev/rsolv/RSOLV-action/node_modules/@vitest/runner/dist/chunk-hooks.js:1436:51)\n    at callSuiteHook (file:///home/dylan/dev/rsolv/RSOLV-action/node_modules/@vitest/runner/dist/chunk-hooks.js:1442:25)\n    at callSuiteHook (file:///home/dylan/dev/rsolv/RSOLV-action/node_modules/@vitest/runner/dist/chunk-hooks.js:1429:21)"],"meta":{}},{"ancestorTitles":["LocalPatternSource","getPatternsByType"],"fullName":"LocalPatternSource getPatternsByType should return patterns from all languages","status":"failed","title":"should return patterns from all languages","duration":0.19388600000002043,"failureMessages":["TypeError: logger.debug is not a function\n    at LocalPatternSource.initializePatterns (/home/dylan/dev/rsolv/RSOLV-action/src/security/pattern-source.ts:51:14)\n    at new LocalPatternSource (/home/dylan/dev/rsolv/RSOLV-action/src/security/pattern-source.ts:29:10)\n    at /home/dylan/dev/rsolv/RSOLV-action/src/security/pattern-source.test.ts:26:14\n    at file:///home/dylan/dev/rsolv/RSOLV-action/node_modules/@vitest/runner/dist/chunk-hooks.js:155:11\n    at file:///home/dylan/dev/rsolv/RSOLV-action/node_modules/@vitest/runner/dist/chunk-hooks.js:1897:20\n    at new Promise (<anonymous>)\n    at runWithTimeout (file:///home/dylan/dev/rsolv/RSOLV-action/node_modules/@vitest/runner/dist/chunk-hooks.js:1863:10)\n    at runHook (file:///home/dylan/dev/rsolv/RSOLV-action/node_modules/@vitest/runner/dist/chunk-hooks.js:1436:51)\n    at callSuiteHook (file:///home/dylan/dev/rsolv/RSOLV-action/node_modules/@vitest/runner/dist/chunk-hooks.js:1442:25)\n    at callSuiteHook (file:///home/dylan/dev/rsolv/RSOLV-action/node_modules/@vitest/runner/dist/chunk-hooks.js:1429:21)"],"meta":{}},{"ancestorTitles":["LocalPatternSource","getAllPatterns"],"fullName":"LocalPatternSource getAllPatterns should return minimal fallback patterns","status":"failed","title":"should return minimal fallback patterns","duration":0.18894599999998718,"failureMessages":["TypeError: logger.debug is not a function\n    at LocalPatternSource.initializePatterns (/home/dylan/dev/rsolv/RSOLV-action/src/security/pattern-source.ts:51:14)\n    at new LocalPatternSource (/home/dylan/dev/rsolv/RSOLV-action/src/security/pattern-source.ts:29:10)\n    at /home/dylan/dev/rsolv/RSOLV-action/src/security/pattern-source.test.ts:26:14\n    at file:///home/dylan/dev/rsolv/RSOLV-action/node_modules/@vitest/runner/dist/chunk-hooks.js:155:11\n    at file:///home/dylan/dev/rsolv/RSOLV-action/node_modules/@vitest/runner/dist/chunk-hooks.js:1897:20\n    at new Promise (<anonymous>)\n    at runWithTimeout (file:///home/dylan/dev/rsolv/RSOLV-action/node_modules/@vitest/runner/dist/chunk-hooks.js:1863:10)\n    at runHook (file:///home/dylan/dev/rsolv/RSOLV-action/node_modules/@vitest/runner/dist/chunk-hooks.js:1436:51)\n    at callSuiteHook (file:///home/dylan/dev/rsolv/RSOLV-action/node_modules/@vitest/runner/dist/chunk-hooks.js:1442:25)\n    at callSuiteHook (file:///home/dylan/dev/rsolv/RSOLV-action/node_modules/@vitest/runner/dist/chunk-hooks.js:1429:21)"],"meta":{}},{"ancestorTitles":["ApiPatternSource","getPatternsByLanguage"],"fullName":"ApiPatternSource getPatternsByLanguage should fetch patterns from API","status":"passed","title":"should fetch patterns from API","duration":0.905187000000069,"failureMessages":[],"meta":{}},{"ancestorTitles":["ApiPatternSource","getPatternsByLanguage"],"fullName":"ApiPatternSource getPatternsByLanguage should handle API errors","status":"passed","title":"should handle API errors","duration":0.7458400000000438,"failureMessages":[],"meta":{}},{"ancestorTitles":["ApiPatternSource","getAllPatterns"],"fullName":"ApiPatternSource getAllPatterns should fetch patterns for all supported languages","status":"passed","title":"should fetch patterns for all supported languages","duration":0.8398999999999432,"failureMessages":[],"meta":{}},{"ancestorTitles":["ApiPatternSource","getAllPatterns"],"fullName":"ApiPatternSource getAllPatterns should continue fetching even if some languages fail","status":"passed","title":"should continue fetching even if some languages fail","duration":0.5856470000001082,"failureMessages":[],"meta":{}},{"ancestorTitles":["HybridPatternSource"],"fullName":"HybridPatternSource should use API source when available","status":"failed","title":"should use API source when available","duration":0.33671899999990273,"failureMessages":["TypeError: logger.debug is not a function\n    at LocalPatternSource.initializePatterns (/home/dylan/dev/rsolv/RSOLV-action/src/security/pattern-source.ts:51:14)\n    at new LocalPatternSource (/home/dylan/dev/rsolv/RSOLV-action/src/security/pattern-source.ts:29:10)\n    at new HybridPatternSource (/home/dylan/dev/rsolv/RSOLV-action/src/security/pattern-source.ts:200:24)\n    at /home/dylan/dev/rsolv/RSOLV-action/src/security/pattern-source.test.ts:262:20\n    at file:///home/dylan/dev/rsolv/RSOLV-action/node_modules/@vitest/runner/dist/chunk-hooks.js:155:11\n    at file:///home/dylan/dev/rsolv/RSOLV-action/node_modules/@vitest/runner/dist/chunk-hooks.js:752:26\n    at file:///home/dylan/dev/rsolv/RSOLV-action/node_modules/@vitest/runner/dist/chunk-hooks.js:1897:20\n    at new Promise (<anonymous>)\n    at runWithTimeout (file:///home/dylan/dev/rsolv/RSOLV-action/node_modules/@vitest/runner/dist/chunk-hooks.js:1863:10)\n    at runTest (file:///home/dylan/dev/rsolv/RSOLV-action/node_modules/@vitest/runner/dist/chunk-hooks.js:1574:12)"],"meta":{}},{"ancestorTitles":["HybridPatternSource"],"fullName":"HybridPatternSource should fall back to local source on API error","status":"failed","title":"should fall back to local source on API error","duration":0.27273300000001655,"failureMessages":["TypeError: logger.debug is not a function\n    at LocalPatternSource.initializePatterns (/home/dylan/dev/rsolv/RSOLV-action/src/security/pattern-source.ts:51:14)\n    at new LocalPatternSource (/home/dylan/dev/rsolv/RSOLV-action/src/security/pattern-source.ts:29:10)\n    at new HybridPatternSource (/home/dylan/dev/rsolv/RSOLV-action/src/security/pattern-source.ts:200:24)\n    at /home/dylan/dev/rsolv/RSOLV-action/src/security/pattern-source.test.ts:273:20\n    at file:///home/dylan/dev/rsolv/RSOLV-action/node_modules/@vitest/runner/dist/chunk-hooks.js:155:11\n    at file:///home/dylan/dev/rsolv/RSOLV-action/node_modules/@vitest/runner/dist/chunk-hooks.js:752:26\n    at file:///home/dylan/dev/rsolv/RSOLV-action/node_modules/@vitest/runner/dist/chunk-hooks.js:1897:20\n    at new Promise (<anonymous>)\n    at runWithTimeout (file:///home/dylan/dev/rsolv/RSOLV-action/node_modules/@vitest/runner/dist/chunk-hooks.js:1863:10)\n    at runTest (file:///home/dylan/dev/rsolv/RSOLV-action/node_modules/@vitest/runner/dist/chunk-hooks.js:1574:12)"],"meta":{}},{"ancestorTitles":["createPatternSource"],"fullName":"createPatternSource should create LocalPatternSource when USE_LOCAL_PATTERNS is true","status":"failed","title":"should create LocalPatternSource when USE_LOCAL_PATTERNS is true","duration":0.3198820000000069,"failureMessages":["TypeError: logger.debug is not a function\n    at LocalPatternSource.initializePatterns (/home/dylan/dev/rsolv/RSOLV-action/src/security/pattern-source.ts:51:14)\n    at new LocalPatternSource (/home/dylan/dev/rsolv/RSOLV-action/src/security/pattern-source.ts:29:10)\n    at Module.createPatternSource (/home/dylan/dev/rsolv/RSOLV-action/src/security/pattern-source.ts:262:12)\n    at /home/dylan/dev/rsolv/RSOLV-action/src/security/pattern-source.test.ts:297:20\n    at file:///home/dylan/dev/rsolv/RSOLV-action/node_modules/@vitest/runner/dist/chunk-hooks.js:155:11\n    at file:///home/dylan/dev/rsolv/RSOLV-action/node_modules/@vitest/runner/dist/chunk-hooks.js:752:26\n    at file:///home/dylan/dev/rsolv/RSOLV-action/node_modules/@vitest/runner/dist/chunk-hooks.js:1897:20\n    at new Promise (<anonymous>)\n    at runWithTimeout (file:///home/dylan/dev/rsolv/RSOLV-action/node_modules/@vitest/runner/dist/chunk-hooks.js:1863:10)\n    at runTest (file:///home/dylan/dev/rsolv/RSOLV-action/node_modules/@vitest/runner/dist/chunk-hooks.js:1574:12)"],"meta":{}},{"ancestorTitles":["createPatternSource"],"fullName":"createPatternSource should create HybridPatternSource when API key is provided","status":"failed","title":"should create HybridPatternSource when API key is provided","duration":0.1719550000000254,"failureMessages":["TypeError: logger.debug is not a function\n    at LocalPatternSource.initializePatterns (/home/dylan/dev/rsolv/RSOLV-action/src/security/pattern-source.ts:51:14)\n    at new LocalPatternSource (/home/dylan/dev/rsolv/RSOLV-action/src/security/pattern-source.ts:29:10)\n    at new HybridPatternSource (/home/dylan/dev/rsolv/RSOLV-action/src/security/pattern-source.ts:200:24)\n    at Module.createPatternSource (/home/dylan/dev/rsolv/RSOLV-action/src/security/pattern-source.ts:272:12)\n    at /home/dylan/dev/rsolv/RSOLV-action/src/security/pattern-source.test.ts:306:20\n    at file:///home/dylan/dev/rsolv/RSOLV-action/node_modules/@vitest/runner/dist/chunk-hooks.js:155:11\n    at file:///home/dylan/dev/rsolv/RSOLV-action/node_modules/@vitest/runner/dist/chunk-hooks.js:752:26\n    at file:///home/dylan/dev/rsolv/RSOLV-action/node_modules/@vitest/runner/dist/chunk-hooks.js:1897:20\n    at new Promise (<anonymous>)\n    at runWithTimeout (file:///home/dylan/dev/rsolv/RSOLV-action/node_modules/@vitest/runner/dist/chunk-hooks.js:1863:10)"],"meta":{}},{"ancestorTitles":["createPatternSource"],"fullName":"createPatternSource should create LocalPatternSource when no API key is provided","status":"passed","title":"should create LocalPatternSource when no API key is provided","duration":0.1836479999999483,"failureMessages":[],"meta":{}},{"ancestorTitles":["createPatternSource"],"fullName":"createPatternSource should pass API URL to HybridPatternSource","status":"failed","title":"should pass API URL to HybridPatternSource","duration":0.1649689999999282,"failureMessages":["TypeError: logger.debug is not a function\n    at LocalPatternSource.initializePatterns (/home/dylan/dev/rsolv/RSOLV-action/src/security/pattern-source.ts:51:14)\n    at new LocalPatternSource (/home/dylan/dev/rsolv/RSOLV-action/src/security/pattern-source.ts:29:10)\n    at new HybridPatternSource (/home/dylan/dev/rsolv/RSOLV-action/src/security/pattern-source.ts:200:24)\n    at Module.createPatternSource (/home/dylan/dev/rsolv/RSOLV-action/src/security/pattern-source.ts:272:12)\n    at /home/dylan/dev/rsolv/RSOLV-action/src/security/pattern-source.test.ts:324:20\n    at file:///home/dylan/dev/rsolv/RSOLV-action/node_modules/@vitest/runner/dist/chunk-hooks.js:155:11\n    at file:///home/dylan/dev/rsolv/RSOLV-action/node_modules/@vitest/runner/dist/chunk-hooks.js:752:26\n    at file:///home/dylan/dev/rsolv/RSOLV-action/node_modules/@vitest/runner/dist/chunk-hooks.js:1897:20\n    at new Promise (<anonymous>)\n    at runWithTimeout (file:///home/dylan/dev/rsolv/RSOLV-action/node_modules/@vitest/runner/dist/chunk-hooks.js:1863:10)"],"meta":{}}],"startTime":1756250308547,"endTime":1756250308555.165,"status":"failed","message":"","name":"/home/dylan/dev/rsolv/RSOLV-action/src/security/pattern-source.test.ts"},{"assertionResults":[{"ancestorTitles":["IssueEnricher - Validation Endpoint Regression","AST validation endpoint"],"fullName":"IssueEnricher - Validation Endpoint Regression AST validation endpoint should call /api/v1/ast/validate NOT /ast/validate","status":"passed","title":"should call /api/v1/ast/validate NOT /ast/validate","duration":1.3329310000008263,"failureMessages":[],"meta":{}},{"ancestorTitles":["IssueEnricher - Validation Endpoint Regression","AST validation endpoint"],"fullName":"IssueEnricher - Validation Endpoint Regression AST validation endpoint fixed implementation correctly calls /api/v1/ast/validate","status":"passed","title":"fixed implementation correctly calls /api/v1/ast/validate","duration":0.274993999999424,"failureMessages":[],"meta":{}},{"ancestorTitles":["IssueEnricher - Validation Endpoint Regression","API request format"],"fullName":"IssueEnricher - Validation Endpoint Regression API request format should send correct payload format for validation","status":"passed","title":"should send correct payload format for validation","duration":0.3853930000004766,"failureMessages":[],"meta":{}},{"ancestorTitles":["IssueEnricher - Validation Endpoint Regression","Error handling"],"fullName":"IssueEnricher - Validation Endpoint Regression Error handling should handle 404 gracefully and return null","status":"passed","title":"should handle 404 gracefully and return null","duration":0.16080700000020443,"failureMessages":[],"meta":{}},{"ancestorTitles":["IssueEnricher - Validation Endpoint Regression","Error handling"],"fullName":"IssueEnricher - Validation Endpoint Regression Error handling should handle network errors gracefully","status":"passed","title":"should handle network errors gracefully","duration":2.1245319999998173,"failureMessages":[],"meta":{}},{"ancestorTitles":["IssueEnricher - Fixed Implementation"],"fullName":"IssueEnricher - Fixed Implementation should successfully validate when using correct endpoint","status":"passed","title":"should successfully validate when using correct endpoint","duration":0.5741149999994377,"failureMessages":[],"meta":{}}],"startTime":1756250316888,"endTime":1756250316893.5742,"status":"passed","message":"","name":"/home/dylan/dev/rsolv/RSOLV-action/src/validation/enricher.test.ts"},{"assertionResults":[{"ancestorTitles":["Anthropic Client with Vended Credentials"],"fullName":"Anthropic Client with Vended Credentials should NOT throw when creating Anthropic client with vended credentials and no API key","status":"failed","title":"should NOT throw when creating Anthropic client with vended credentials and no API key","duration":28.853728000000046,"failureMessages":["AssertionError: expected undefined to be defined\n    at /home/dylan/dev/rsolv/RSOLV-action/src/__tests__/ai/anthropic-vending.test.ts:40:19\n    at file:///home/dylan/dev/rsolv/RSOLV-action/node_modules/@vitest/runner/dist/chunk-hooks.js:752:20"],"meta":{}},{"ancestorTitles":["Anthropic Client with Vended Credentials"],"fullName":"Anthropic Client with Vended Credentials should throw when creating Anthropic client without vended credentials and no API key","status":"passed","title":"should throw when creating Anthropic client without vended credentials and no API key","duration":2.2002689999999347,"failureMessages":[],"meta":{}}],"startTime":1756250308285,"endTime":1756250308316.2002,"status":"failed","message":"","name":"/home/dylan/dev/rsolv/RSOLV-action/src/__tests__/ai/anthropic-vending.test.ts"},{"assertionResults":[{"ancestorTitles":["Pull Request Fix Tracking"],"fullName":"Pull Request Fix Tracking should verify RsolvApiClient is imported in pr.ts","status":"passed","title":"should verify RsolvApiClient is imported in pr.ts","duration":1.1364919999996346,"failureMessages":[],"meta":{}},{"ancestorTitles":["Pull Request Fix Tracking"],"fullName":"Pull Request Fix Tracking should verify recordFixAttempt is called after PR creation","status":"passed","title":"should verify recordFixAttempt is called after PR creation","duration":0.2600060000004305,"failureMessages":[],"meta":{}}],"startTime":1756250318758,"endTime":1756250318759.26,"status":"passed","message":"","name":"/home/dylan/dev/rsolv/RSOLV-action/src/__tests__/integration/pr-tracking.test.ts"},{"assertionResults":[{"ancestorTitles":["AdaptiveTestGenerator - Java Framework Support","JUnit 5 Support"],"fullName":"AdaptiveTestGenerator - Java Framework Support JUnit 5 Support should generate JUnit 5 tests for SQL injection vulnerability","status":"passed","title":"should generate JUnit 5 tests for SQL injection vulnerability","duration":1.9786970000004658,"failureMessages":[],"meta":{}},{"ancestorTitles":["AdaptiveTestGenerator - Java Framework Support","JUnit 5 Support"],"fullName":"AdaptiveTestGenerator - Java Framework Support JUnit 5 Support should generate JUnit 5 parameterized tests for multiple attack vectors","status":"passed","title":"should generate JUnit 5 parameterized tests for multiple attack vectors","duration":0.40449599999919883,"failureMessages":[],"meta":{}},{"ancestorTitles":["AdaptiveTestGenerator - Java Framework Support","TestNG Support"],"fullName":"AdaptiveTestGenerator - Java Framework Support TestNG Support should generate TestNG tests for XXE vulnerability","status":"passed","title":"should generate TestNG tests for XXE vulnerability","duration":0.5363909999996395,"failureMessages":[],"meta":{}},{"ancestorTitles":["AdaptiveTestGenerator - Java Framework Support","TestNG Support"],"fullName":"AdaptiveTestGenerator - Java Framework Support TestNG Support should generate TestNG data provider tests","status":"passed","title":"should generate TestNG data provider tests","duration":0.37725700000009965,"failureMessages":[],"meta":{}},{"ancestorTitles":["AdaptiveTestGenerator - Java Framework Support","Spring Boot Integration"],"fullName":"AdaptiveTestGenerator - Java Framework Support Spring Boot Integration should generate Spring Boot test annotations for JUnit 5","status":"passed","title":"should generate Spring Boot test annotations for JUnit 5","duration":0.36957599999914237,"failureMessages":[],"meta":{}}],"startTime":1756250316657,"endTime":1756250316661.3696,"status":"passed","message":"","name":"/home/dylan/dev/rsolv/RSOLV-action/src/ai/__tests__/adaptive-test-generator-java.test.ts"},{"assertionResults":[{"ancestorTitles":["AdaptiveTestGenerator - PHP Framework Support","Enhanced PHPUnit Support"],"fullName":"AdaptiveTestGenerator - PHP Framework Support Enhanced PHPUnit Support should generate PHPUnit 9+ tests with modern assertions","status":"passed","title":"should generate PHPUnit 9+ tests with modern assertions","duration":2.360591999999997,"failureMessages":[],"meta":{}},{"ancestorTitles":["AdaptiveTestGenerator - PHP Framework Support","Enhanced PHPUnit Support"],"fullName":"AdaptiveTestGenerator - PHP Framework Support Enhanced PHPUnit Support should generate PHPUnit tests with Laravel integration","status":"passed","title":"should generate PHPUnit tests with Laravel integration","duration":0.6107019999999466,"failureMessages":[],"meta":{}},{"ancestorTitles":["AdaptiveTestGenerator - PHP Framework Support","Pest Framework Support"],"fullName":"AdaptiveTestGenerator - PHP Framework Support Pest Framework Support should generate Pest tests for file inclusion vulnerability","status":"skipped","title":"should generate Pest tests for file inclusion vulnerability","failureMessages":[],"meta":{}},{"ancestorTitles":["AdaptiveTestGenerator - PHP Framework Support","Pest Framework Support"],"fullName":"AdaptiveTestGenerator - PHP Framework Support Pest Framework Support should generate Pest tests with dataset for multiple payloads","status":"skipped","title":"should generate Pest tests with dataset for multiple payloads","failureMessages":[],"meta":{}},{"ancestorTitles":["AdaptiveTestGenerator - PHP Framework Support","Pest Framework Support"],"fullName":"AdaptiveTestGenerator - PHP Framework Support Pest Framework Support should generate Pest tests with Laravel helpers","status":"passed","title":"should generate Pest tests with Laravel helpers","duration":0.4625129999994897,"failureMessages":[],"meta":{}},{"ancestorTitles":["AdaptiveTestGenerator - PHP Framework Support","Symfony Integration"],"fullName":"AdaptiveTestGenerator - PHP Framework Support Symfony Integration should generate PHPUnit tests with Symfony WebTestCase","status":"passed","title":"should generate PHPUnit tests with Symfony WebTestCase","duration":0.48635599999943224,"failureMessages":[],"meta":{}}],"startTime":1756250314942,"endTime":1756250314946.4863,"status":"passed","message":"","name":"/home/dylan/dev/rsolv/RSOLV-action/src/ai/__tests__/adaptive-test-generator-php.test.ts"},{"assertionResults":[{"ancestorTitles":["AdaptiveTestGenerator","Framework-Specific Test Generation"],"fullName":"AdaptiveTestGenerator Framework-Specific Test Generation should generate Vitest tests with proper imports and syntax","status":"passed","title":"should generate Vitest tests with proper imports and syntax","duration":2.4101870000004055,"failureMessages":[],"meta":{}},{"ancestorTitles":["AdaptiveTestGenerator","Framework-Specific Test Generation"],"fullName":"AdaptiveTestGenerator Framework-Specific Test Generation should generate Mocha + Chai tests with appropriate assertions","status":"passed","title":"should generate Mocha + Chai tests with appropriate assertions","duration":0.6936759999998685,"failureMessages":[],"meta":{}},{"ancestorTitles":["AdaptiveTestGenerator","Framework-Specific Test Generation"],"fullName":"AdaptiveTestGenerator Framework-Specific Test Generation should generate pytest tests with Python conventions","status":"passed","title":"should generate pytest tests with Python conventions","duration":1.1165229999996882,"failureMessages":[],"meta":{}},{"ancestorTitles":["AdaptiveTestGenerator","Framework-Specific Test Generation"],"fullName":"AdaptiveTestGenerator Framework-Specific Test Generation should generate Minitest tests for Ruby with spec syntax","status":"passed","title":"should generate Minitest tests for Ruby with spec syntax","duration":0.8336960000006002,"failureMessages":[],"meta":{}},{"ancestorTitles":["AdaptiveTestGenerator","Framework-Specific Test Generation"],"fullName":"AdaptiveTestGenerator Framework-Specific Test Generation should generate ExUnit tests for Elixir with pattern matching","status":"passed","title":"should generate ExUnit tests for Elixir with pattern matching","duration":0.6157069999999294,"failureMessages":[],"meta":{}},{"ancestorTitles":["AdaptiveTestGenerator","Framework-Specific Test Generation"],"fullName":"AdaptiveTestGenerator Framework-Specific Test Generation should generate PHPUnit tests with proper annotations","status":"passed","title":"should generate PHPUnit tests with proper annotations","duration":0.8828450000000885,"failureMessages":[],"meta":{}},{"ancestorTitles":["AdaptiveTestGenerator","Convention Detection and Matching"],"fullName":"AdaptiveTestGenerator Convention Detection and Matching should detect BDD style (describe/it) vs TDD style (test)","status":"passed","title":"should detect BDD style (describe/it) vs TDD style (test)","duration":0.6101389999994353,"failureMessages":[],"meta":{}},{"ancestorTitles":["AdaptiveTestGenerator","Convention Detection and Matching"],"fullName":"AdaptiveTestGenerator Convention Detection and Matching should match assertion style (expect vs assert vs should)","status":"passed","title":"should match assertion style (expect vs assert vs should)","duration":0.46208000000024185,"failureMessages":[],"meta":{}},{"ancestorTitles":["AdaptiveTestGenerator","Convention Detection and Matching"],"fullName":"AdaptiveTestGenerator Convention Detection and Matching should follow file naming conventions","status":"passed","title":"should follow file naming conventions","duration":0.39960400000018126,"failureMessages":[],"meta":{}},{"ancestorTitles":["AdaptiveTestGenerator","Convention Detection and Matching"],"fullName":"AdaptiveTestGenerator Convention Detection and Matching should detect and use existing test utilities","status":"passed","title":"should detect and use existing test utilities","duration":0.374550000000454,"failureMessages":[],"meta":{}},{"ancestorTitles":["AdaptiveTestGenerator","Integration with Other Components"],"fullName":"AdaptiveTestGenerator Integration with Other Components should use CoverageAnalyzer to avoid duplicate tests","status":"passed","title":"should use CoverageAnalyzer to avoid duplicate tests","duration":0.46949600000061764,"failureMessages":[],"meta":{}},{"ancestorTitles":["AdaptiveTestGenerator","Integration with Other Components"],"fullName":"AdaptiveTestGenerator Integration with Other Components should use IssueInterpreter to understand vulnerability context","status":"passed","title":"should use IssueInterpreter to understand vulnerability context","duration":3.0289300000004005,"failureMessages":[],"meta":{}},{"ancestorTitles":["AdaptiveTestGenerator","Integration with Other Components"],"fullName":"AdaptiveTestGenerator Integration with Other Components should integrate with existing VulnerabilityTestGenerator","status":"passed","title":"should integrate with existing VulnerabilityTestGenerator","duration":0.2930420000002414,"failureMessages":[],"meta":{}},{"ancestorTitles":["AdaptiveTestGenerator","Edge Cases and Error Handling"],"fullName":"AdaptiveTestGenerator Edge Cases and Error Handling should handle unknown test frameworks gracefully","status":"passed","title":"should handle unknown test frameworks gracefully","duration":0.22236599999996542,"failureMessages":[],"meta":{}},{"ancestorTitles":["AdaptiveTestGenerator","Edge Cases and Error Handling"],"fullName":"AdaptiveTestGenerator Edge Cases and Error Handling should handle missing coverage data","status":"passed","title":"should handle missing coverage data","duration":0.1771840000001248,"failureMessages":[],"meta":{}},{"ancestorTitles":["AdaptiveTestGenerator","Edge Cases and Error Handling"],"fullName":"AdaptiveTestGenerator Edge Cases and Error Handling should handle multi-language repositories","status":"passed","title":"should handle multi-language repositories","duration":0.20773300000018935,"failureMessages":[],"meta":{}}],"startTime":1756250311389,"endTime":1756250311403.2078,"status":"passed","message":"","name":"/home/dylan/dev/rsolv/RSOLV-action/src/ai/__tests__/adaptive-test-generator.test.ts"},{"assertionResults":[{"ancestorTitles":["Improved Analyzer Parsing"],"fullName":"Improved Analyzer Parsing should detect files mentioned without quotes","status":"passed","title":"should detect files mentioned without quotes","duration":1.5153809999992518,"failureMessages":[],"meta":{}},{"ancestorTitles":["Improved Analyzer Parsing"],"fullName":"Improved Analyzer Parsing should detect common auth files mentioned casually","status":"passed","title":"should detect common auth files mentioned casually","duration":0.26554899999973713,"failureMessages":[],"meta":{}},{"ancestorTitles":["Improved Analyzer Parsing"],"fullName":"Improved Analyzer Parsing should extract approach from \"Solution:\" keyword","status":"passed","title":"should extract approach from \"Solution:\" keyword","duration":0.21240500000021711,"failureMessages":[],"meta":{}},{"ancestorTitles":["Improved Analyzer Parsing"],"fullName":"Improved Analyzer Parsing should extract approach from \"Fix:\" keyword","status":"passed","title":"should extract approach from \"Fix:\" keyword","duration":0.20810900000105903,"failureMessages":[],"meta":{}},{"ancestorTitles":["Improved Analyzer Parsing"],"fullName":"Improved Analyzer Parsing should use whole response as approach if no keywords found","status":"passed","title":"should use whole response as approach if no keywords found","duration":0.17472900000029767,"failureMessages":[],"meta":{}},{"ancestorTitles":["Improved Analyzer Parsing"],"fullName":"Improved Analyzer Parsing should detect multiple file types","status":"passed","title":"should detect multiple file types","duration":0.27940699999999197,"failureMessages":[],"meta":{}},{"ancestorTitles":["Improved Analyzer Parsing"],"fullName":"Improved Analyzer Parsing should handle responses with \"To fix this\" keyword","status":"passed","title":"should handle responses with \"To fix this\" keyword","duration":0.17926799999986542,"failureMessages":[],"meta":{}},{"ancestorTitles":["Improved Analyzer Parsing"],"fullName":"Improved Analyzer Parsing should still fail if response is too short","status":"passed","title":"should still fail if response is too short","duration":0.10558400000081747,"failureMessages":[],"meta":{}},{"ancestorTitles":["Improved Analyzer Parsing"],"fullName":"Improved Analyzer Parsing should handle mixed format responses","status":"passed","title":"should handle mixed format responses","duration":0.25444099999913306,"failureMessages":[],"meta":{}}],"startTime":1756250317590,"endTime":1756250317593.2793,"status":"passed","message":"","name":"/home/dylan/dev/rsolv/RSOLV-action/src/ai/__tests__/analyzer-parsing.test.ts"},{"assertionResults":[{"ancestorTitles":["Issue Analyzer"],"fullName":"Issue Analyzer analyzeIssue should return analysis from AI client","status":"passed","title":"analyzeIssue should return analysis from AI client","duration":1.5158199999987119,"failureMessages":[],"meta":{}}],"startTime":1756250315679,"endTime":1756250315680.5159,"status":"passed","message":"","name":"/home/dylan/dev/rsolv/RSOLV-action/src/ai/__tests__/analyzer.test.ts"},{"assertionResults":[{"ancestorTitles":["Claude Code Integration Tests"],"fullName":"Claude Code Integration Tests should initialize Claude Code adapter","status":"passed","title":"should initialize Claude Code adapter","duration":1.1069829999996728,"failureMessages":[],"meta":{}},{"ancestorTitles":["Claude Code Integration Tests"],"fullName":"Claude Code Integration Tests should generate solution with Claude Code when available","status":"passed","title":"should generate solution with Claude Code when available","duration":1.1508560000002035,"failureMessages":[],"meta":{}},{"ancestorTitles":["Claude Code Integration Tests"],"fullName":"Claude Code Integration Tests should fall back gracefully when Claude Code is not available","status":"passed","title":"should fall back gracefully when Claude Code is not available","duration":0.26040000000102737,"failureMessages":[],"meta":{}},{"ancestorTitles":["Claude Code Integration Tests"],"fullName":"Claude Code Integration Tests should handle errors gracefully","status":"passed","title":"should handle errors gracefully","duration":0.4665740000000369,"failureMessages":[],"meta":{}},{"ancestorTitles":["Claude Code Integration Tests"],"fullName":"Claude Code Integration Tests should use vended credentials when configured","status":"passed","title":"should use vended credentials when configured","duration":0.8981980000007752,"failureMessages":[],"meta":{}},{"ancestorTitles":["Claude Code Integration Tests"],"fullName":"Claude Code Integration Tests should integrate with standard AI client","status":"passed","title":"should integrate with standard AI client","duration":0.22127899999941292,"failureMessages":[],"meta":{}}],"startTime":1756250316834,"endTime":1756250316838.2212,"status":"passed","message":"","name":"/home/dylan/dev/rsolv/RSOLV-action/src/ai/__tests__/claude-code-integration.test.ts"},{"assertionResults":[{"ancestorTitles":["Claude Code Live API Tests"],"fullName":"Claude Code Live API Tests should check if Claude Code CLI is actually available","status":"skipped","title":"should check if Claude Code CLI is actually available","failureMessages":[],"meta":{}},{"ancestorTitles":["Claude Code Live API Tests"],"fullName":"Claude Code Live API Tests should generate real solution using Claude Code","status":"skipped","title":"should generate real solution using Claude Code","failureMessages":[],"meta":{}},{"ancestorTitles":["Claude Code Live API Tests"],"fullName":"Claude Code Live API Tests should work with enhanced prompts in live mode","status":"skipped","title":"should work with enhanced prompts in live mode","failureMessages":[],"meta":{}},{"ancestorTitles":["Claude Code File System Integration"],"fullName":"Claude Code File System Integration should handle real file operations","status":"skipped","title":"should handle real file operations","failureMessages":[],"meta":{}}],"startTime":1756250306936,"endTime":1756250306936,"status":"passed","message":"","name":"/home/dylan/dev/rsolv/RSOLV-action/src/ai/__tests__/claude-code-live.test.ts"},{"assertionResults":[{"ancestorTitles":["Claude Code Adapter"],"fullName":"Claude Code Adapter constructor should initialize with provided values","status":"passed","title":"constructor should initialize with provided values","duration":0.7940820000003441,"failureMessages":[],"meta":{}},{"ancestorTitles":["Claude Code Adapter"],"fullName":"Claude Code Adapter constructPrompt should prioritize enhanced prompt when provided","status":"passed","title":"constructPrompt should prioritize enhanced prompt when provided","duration":0.21707100000094215,"failureMessages":[],"meta":{}},{"ancestorTitles":["Claude Code Adapter"],"fullName":"Claude Code Adapter constructPrompt should create default prompt when no enhanced prompt provided","status":"passed","title":"constructPrompt should create default prompt when no enhanced prompt provided","duration":0.16384600000128557,"failureMessages":[],"meta":{}}],"startTime":1756250315234,"endTime":1756250315235.217,"status":"passed","message":"","name":"/home/dylan/dev/rsolv/RSOLV-action/src/ai/__tests__/claude-code.test.ts"},{"assertionResults":[{"ancestorTitles":["Claude Code Prompts - Test Validation Context","Base Prompt Updates"],"fullName":"Claude Code Prompts - Test Validation Context Base Prompt Updates should include red-green-refactor validation in base prompt","status":"passed","title":"should include red-green-refactor validation in base prompt","duration":1.0197420000004058,"failureMessages":[],"meta":{}},{"ancestorTitles":["Claude Code Prompts - Test Validation Context","Base Prompt Updates"],"fullName":"Claude Code Prompts - Test Validation Context Base Prompt Updates should include test running instructions in base prompt","status":"passed","title":"should include test running instructions in base prompt","duration":0.1948449999999866,"failureMessages":[],"meta":{}},{"ancestorTitles":["Claude Code Prompts - Test Validation Context","Test Context Integration"],"fullName":"Claude Code Prompts - Test Validation Context Test Context Integration should include generated test code in prompt","status":"passed","title":"should include generated test code in prompt","duration":0.26300499999979365,"failureMessages":[],"meta":{}},{"ancestorTitles":["Claude Code Prompts - Test Validation Context","Test Context Integration"],"fullName":"Claude Code Prompts - Test Validation Context Test Context Integration should include test failure context on retry","status":"passed","title":"should include test failure context on retry","duration":0.2094809999998688,"failureMessages":[],"meta":{}},{"ancestorTitles":["Claude Code Prompts - Test Validation Context","Test Context Integration"],"fullName":"Claude Code Prompts - Test Validation Context Test Context Integration should include iteration context","status":"passed","title":"should include iteration context","duration":0.14325800000005984,"failureMessages":[],"meta":{}},{"ancestorTitles":["Claude Code Prompts - Test Validation Context","Test Validation Instructions"],"fullName":"Claude Code Prompts - Test Validation Context Test Validation Instructions should include test running instructions","status":"passed","title":"should include test running instructions","duration":0.16717099999914353,"failureMessages":[],"meta":{}},{"ancestorTitles":["Claude Code Prompts - Test Validation Context","Test Validation Instructions"],"fullName":"Claude Code Prompts - Test Validation Context Test Validation Instructions should emphasize security test validation","status":"passed","title":"should emphasize security test validation","duration":0.12367699999958859,"failureMessages":[],"meta":{}},{"ancestorTitles":["Claude Code Prompts - Test Validation Context","Multiple Test Frameworks"],"fullName":"Claude Code Prompts - Test Validation Context Multiple Test Frameworks should handle multiple test frameworks in prompt","status":"passed","title":"should handle multiple test frameworks in prompt","duration":0.15666500000043015,"failureMessages":[],"meta":{}}],"startTime":1756250312970,"endTime":1756250312972.2095,"status":"passed","message":"","name":"/home/dylan/dev/rsolv/RSOLV-action/src/ai/__test
[...]
,"title":"should detect XSS vulnerabilities","duration":0.32295399999975416,"failureMessages":["Error: Invalid response: request ID mismatch\n    at ElixirASTAnalyzer.sendRequest (/home/dylan/dev/rsolv/RSOLV-action/src/security/analyzers/elixir-ast-analyzer.ts:289:15)\n    at ElixirASTAnalyzer.analyze (/home/dylan/dev/rsolv/RSOLV-action/src/security/analyzers/elixir-ast-analyzer.ts:82:22)\n    at ElixirASTAnalyzer.analyzeFile (/home/dylan/dev/rsolv/RSOLV-action/src/security/analyzers/elixir-ast-analyzer.ts:96:22)\n    at /home/dylan/dev/rsolv/RSOLV-action/src/security/analyzers/__tests__/elixir-ast-analyzer-patterns.test.ts:106:22\n    at file:///home/dylan/dev/rsolv/RSOLV-action/node_modules/@vitest/runner/dist/chunk-hooks.js:752:20"],"meta":{}},{"ancestorTitles":["ElixirASTAnalyzer - Pattern Detection","Python vulnerability patterns"],"fullName":"ElixirASTAnalyzer - Pattern Detection Python vulnerability patterns should detect Python eval usage","status":"failed","title":"should detect Python eval usage","duration":0.30327299999999013,"failureMessages":["Error: Invalid response: request ID mismatch\n    at ElixirASTAnalyzer.sendRequest (/home/dylan/dev/rsolv/RSOLV-action/src/security/analyzers/elixir-ast-analyzer.ts:289:15)\n    at ElixirASTAnalyzer.analyze (/home/dylan/dev/rsolv/RSOLV-action/src/security/analyzers/elixir-ast-analyzer.ts:82:22)\n    at ElixirASTAnalyzer.analyzeFile (/home/dylan/dev/rsolv/RSOLV-action/src/security/analyzers/elixir-ast-analyzer.ts:96:22)\n    at /home/dylan/dev/rsolv/RSOLV-action/src/security/analyzers/__tests__/elixir-ast-analyzer-patterns.test.ts:138:22\n    at file:///home/dylan/dev/rsolv/RSOLV-action/node_modules/@vitest/runner/dist/chunk-hooks.js:752:20"],"meta":{}},{"ancestorTitles":["ElixirASTAnalyzer - Pattern Detection","Python vulnerability patterns"],"fullName":"ElixirASTAnalyzer - Pattern Detection Python vulnerability patterns should detect command injection","status":"failed","title":"should detect command injection","duration":0.31649700000025405,"failureMessages":["Error: Invalid response: request ID mismatch\n    at ElixirASTAnalyzer.sendRequest (/home/dylan/dev/rsolv/RSOLV-action/src/security/analyzers/elixir-ast-analyzer.ts:289:15)\n    at ElixirASTAnalyzer.analyze (/home/dylan/dev/rsolv/RSOLV-action/src/security/analyzers/elixir-ast-analyzer.ts:82:22)\n    at ElixirASTAnalyzer.analyzeFile (/home/dylan/dev/rsolv/RSOLV-action/src/security/analyzers/elixir-ast-analyzer.ts:96:22)\n    at /home/dylan/dev/rsolv/RSOLV-action/src/security/analyzers/__tests__/elixir-ast-analyzer-patterns.test.ts:167:22\n    at file:///home/dylan/dev/rsolv/RSOLV-action/node_modules/@vitest/runner/dist/chunk-hooks.js:752:20"],"meta":{}},{"ancestorTitles":["ElixirASTAnalyzer - Pattern Detection","multi-language support"],"fullName":"ElixirASTAnalyzer - Pattern Detection multi-language support should handle mixed language files","status":"failed","title":"should handle mixed language files","duration":0.2592970000000605,"failureMessages":["TypeError: analyzer.analyzeFiles is not a function\n    at /home/dylan/dev/rsolv/RSOLV-action/src/security/analyzers/__tests__/elixir-ast-analyzer-patterns.test.ts:216:37\n    at file:///home/dylan/dev/rsolv/RSOLV-action/node_modules/@vitest/runner/dist/chunk-hooks.js:155:11\n    at file:///home/dylan/dev/rsolv/RSOLV-action/node_modules/@vitest/runner/dist/chunk-hooks.js:752:26\n    at file:///home/dylan/dev/rsolv/RSOLV-action/node_modules/@vitest/runner/dist/chunk-hooks.js:1897:20\n    at new Promise (<anonymous>)\n    at runWithTimeout (file:///home/dylan/dev/rsolv/RSOLV-action/node_modules/@vitest/runner/dist/chunk-hooks.js:1863:10)\n    at runTest (file:///home/dylan/dev/rsolv/RSOLV-action/node_modules/@vitest/runner/dist/chunk-hooks.js:1574:12)\n    at runSuite (file:///home/dylan/dev/rsolv/RSOLV-action/node_modules/@vitest/runner/dist/chunk-hooks.js:1729:8)\n    at runSuite (file:///home/dylan/dev/rsolv/RSOLV-action/node_modules/@vitest/runner/dist/chunk-hooks.js:1729:8)\n    at runSuite (file:///home/dylan/dev/rsolv/RSOLV-action/node_modules/@vitest/runner/dist/chunk-hooks.js:1729:8)"],"meta":{}},{"ancestorTitles":["ElixirASTAnalyzer - Pattern Detection","false positive filtering"],"fullName":"ElixirASTAnalyzer - Pattern Detection false positive filtering should filter out false positives based on confidence","status":"failed","title":"should filter out false positives based on confidence","duration":0.2918810000001031,"failureMessages":["Error: Invalid response: request ID mismatch\n    at ElixirASTAnalyzer.sendRequest (/home/dylan/dev/rsolv/RSOLV-action/src/security/analyzers/elixir-ast-analyzer.ts:289:15)\n    at ElixirASTAnalyzer.analyze (/home/dylan/dev/rsolv/RSOLV-action/src/security/analyzers/elixir-ast-analyzer.ts:82:22)\n    at ElixirASTAnalyzer.analyzeFile (/home/dylan/dev/rsolv/RSOLV-action/src/security/analyzers/elixir-ast-analyzer.ts:96:22)\n    at /home/dylan/dev/rsolv/RSOLV-action/src/security/analyzers/__tests__/elixir-ast-analyzer-patterns.test.ts:244:22\n    at file:///home/dylan/dev/rsolv/RSOLV-action/node_modules/@vitest/runner/dist/chunk-hooks.js:752:20"],"meta":{}},{"ancestorTitles":["ElixirASTAnalyzer - Pattern Detection","false positive filtering"],"fullName":"ElixirASTAnalyzer - Pattern Detection false positive filtering should provide confidence scores","status":"failed","title":"should provide confidence scores","duration":0.2822830000000067,"failureMessages":["Error: Invalid response: request ID mismatch\n    at ElixirASTAnalyzer.sendRequest (/home/dylan/dev/rsolv/RSOLV-action/src/security/analyzers/elixir-ast-analyzer.ts:289:15)\n    at ElixirASTAnalyzer.analyze (/home/dylan/dev/rsolv/RSOLV-action/src/security/analyzers/elixir-ast-analyzer.ts:82:22)\n    at ElixirASTAnalyzer.analyzeFile (/home/dylan/dev/rsolv/RSOLV-action/src/security/analyzers/elixir-ast-analyzer.ts:96:22)\n    at /home/dylan/dev/rsolv/RSOLV-action/src/security/analyzers/__tests__/elixir-ast-analyzer-patterns.test.ts:270:22\n    at file:///home/dylan/dev/rsolv/RSOLV-action/node_modules/@vitest/runner/dist/chunk-hooks.js:752:20"],"meta":{}}],"startTime":1756250308845,"endTime":1756250308849.292,"status":"failed","message":"","name":"/home/dylan/dev/rsolv/RSOLV-action/src/security/analyzers/__tests__/elixir-ast-analyzer-patterns.test.ts"},{"assertionResults":[{"ancestorTitles":["ElixirASTAnalyzer - Integration","end-to-end workflow"],"fullName":"ElixirASTAnalyzer - Integration end-to-end workflow should complete full analysis workflow","status":"passed","title":"should complete full analysis workflow","duration":1.3871209999999792,"failureMessages":[],"meta":{}},{"ancestorTitles":["ElixirASTAnalyzer - Integration","end-to-end workflow"],"fullName":"ElixirASTAnalyzer - Integration end-to-end workflow should handle network errors gracefully","status":"passed","title":"should handle network errors gracefully","duration":1.291874000000007,"failureMessages":[],"meta":{}},{"ancestorTitles":["ElixirASTAnalyzer - Integration","end-to-end workflow"],"fullName":"ElixirASTAnalyzer - Integration end-to-end workflow should handle timeout","status":"passed","title":"should handle timeout","duration":201.65263500000003,"failureMessages":[],"meta":{}},{"ancestorTitles":["ElixirASTAnalyzer - Integration","configuration"],"fullName":"ElixirASTAnalyzer - Integration configuration should validate API key","status":"failed","title":"should validate API key","duration":1.411277000000041,"failureMessages":["AssertionError: the given combination of arguments (undefined and string) is invalid for this assertion. You can use an array, a map, an object, a set, a string, or a weakset instead of a string\n    at Proxy.<anonymous> (file:///home/dylan/dev/rsolv/RSOLV-action/node_modules/@vitest/expect/dist/index.js:1191:15)\n    at Proxy.<anonymous> (file:///home/dylan/dev/rsolv/RSOLV-action/node_modules/@vitest/expect/dist/index.js:1029:14)\n    at Proxy.methodWrapper (file:///home/dylan/dev/rsolv/RSOLV-action/node_modules/chai/chai.js:1618:25)\n    at /home/dylan/dev/rsolv/RSOLV-action/src/security/analyzers/__tests__/elixir-ast-analyzer.test.ts:130:28\n    at file:///home/dylan/dev/rsolv/RSOLV-action/node_modules/@vitest/runner/dist/chunk-hooks.js:752:20"],"meta":{}},{"ancestorTitles":["ElixirASTAnalyzer - Integration","configuration"],"fullName":"ElixirASTAnalyzer - Integration configuration should validate API URL","status":"failed","title":"should validate API URL","duration":0.3399140000000216,"failureMessages":["AssertionError: the given combination of arguments (undefined and string) is invalid for this assertion. You can use an array, a map, an object, a set, a string, or a weakset instead of a string\n    at Proxy.<anonymous> (file:///home/dylan/dev/rsolv/RSOLV-action/node_modules/@vitest/expect/dist/index.js:1191:15)\n    at Proxy.<anonymous> (file:///home/dylan/dev/rsolv/RSOLV-action/node_modules/@vitest/expect/dist/index.js:1029:14)\n    at Proxy.methodWrapper (file:///home/dylan/dev/rsolv/RSOLV-action/node_modules/chai/chai.js:1618:25)\n    at /home/dylan/dev/rsolv/RSOLV-action/src/security/analyzers/__tests__/elixir-ast-analyzer.test.ts:143:28\n    at file:///home/dylan/dev/rsolv/RSOLV-action/node_modules/@vitest/runner/dist/chunk-hooks.js:752:20"],"meta":{}},{"ancestorTitles":["ElixirASTAnalyzer - Integration","resource management"],"fullName":"ElixirASTAnalyzer - Integration resource management should not leak memory with multiple analyses","status":"passed","title":"should not leak memory with multiple analyses","duration":0.3117059999999583,"failureMessages":[],"meta":{}},{"ancestorTitles":["ElixirASTAnalyzer - Integration","resource management"],"fullName":"ElixirASTAnalyzer - Integration resource management should cleanup all resources on cleanup","status":"failed","title":"should cleanup all resources on cleanup","duration":0.5536039999999502,"failureMessages":["AssertionError: expected 0 to be greater than 0\n    at /home/dylan/dev/rsolv/RSOLV-action/src/security/analyzers/__tests__/elixir-ast-analyzer.test.ts:167:30\n    at file:///home/dylan/dev/rsolv/RSOLV-action/node_modules/@vitest/runner/dist/chunk-hooks.js:752:20"],"meta":{}}],"startTime":1756250307516,"endTime":1756250307723.5537,"status":"failed","message":"","name":"/home/dylan/dev/rsolv/RSOLV-action/src/security/analyzers/__tests__/elixir-ast-analyzer.test.ts"},{"assertionResults":[{"ancestorTitles":["AST Analyzer Fallback Strategy","fallback to regex when AST fails"],"fullName":"AST Analyzer Fallback Strategy fallback to regex when AST fails should fallback to regex detection when AST service is unavailable","status":"passed","title":"should fallback to regex detection when AST service is unavailable","duration":4.752801999999974,"failureMessages":[],"meta":{}},{"ancestorTitles":["AST Analyzer Fallback Strategy","fallback to regex when AST fails"],"fullName":"AST Analyzer Fallback Strategy fallback to regex when AST fails should fallback when AST parsing times out","status":"passed","title":"should fallback when AST parsing times out","duration":102.07842400000004,"failureMessages":[],"meta":{}},{"ancestorTitles":["AST Analyzer Fallback Strategy","fallback to regex when AST fails"],"fullName":"AST Analyzer Fallback Strategy fallback to regex when AST fails should fallback when AST returns parse errors","status":"passed","title":"should fallback when AST returns parse errors","duration":0.9981230000000778,"failureMessages":[],"meta":{}},{"ancestorTitles":["AST Analyzer Fallback Strategy","fallback to regex when AST fails"],"fullName":"AST Analyzer Fallback Strategy fallback to regex when AST fails should prefer AST results when available","status":"failed","title":"should prefer AST results when available","duration":2.1286009999998896,"failureMessages":["AssertionError: expected +0 to be 1 // Object.is equality\n    at /home/dylan/dev/rsolv/RSOLV-action/src/security/analyzers/__tests__/fallback-strategy.test.ts:189:45\n    at file:///home/dylan/dev/rsolv/RSOLV-action/node_modules/@vitest/runner/dist/chunk-hooks.js:752:20"],"meta":{}},{"ancestorTitles":["AST Analyzer Fallback Strategy","fallback to regex when AST fails"],"fullName":"AST Analyzer Fallback Strategy fallback to regex when AST fails should handle mixed results (some AST, some fallback)","status":"failed","title":"should handle mixed results (some AST, some fallback)","duration":0.8745409999999083,"failureMessages":["AssertionError: expected 1 to be greater than 1\n    at /home/dylan/dev/rsolv/RSOLV-action/src/security/analyzers/__tests__/fallback-strategy.test.ts:257:45\n    at file:///home/dylan/dev/rsolv/RSOLV-action/node_modules/@vitest/runner/dist/chunk-hooks.js:752:20"],"meta":{}},{"ancestorTitles":["AST Analyzer Fallback Strategy","confidence adjustment"],"fullName":"AST Analyzer Fallback Strategy confidence adjustment should lower confidence for regex-only detections","status":"passed","title":"should lower confidence for regex-only detections","duration":0.5260510000000522,"failureMessages":[],"meta":{}},{"ancestorTitles":["AST Analyzer Fallback Strategy","confidence adjustment"],"fullName":"AST Analyzer Fallback Strategy confidence adjustment should not double-count vulnerabilities detected by both methods","status":"failed","title":"should not double-count vulnerabilities detected by both methods","duration":0.5416859999997996,"failureMessages":["AssertionError: expected +0 to be 1 // Object.is equality\n    at /home/dylan/dev/rsolv/RSOLV-action/src/security/analyzers/__tests__/fallback-strategy.test.ts:339:45\n    at file:///home/dylan/dev/rsolv/RSOLV-action/node_modules/@vitest/runner/dist/chunk-hooks.js:752:20"],"meta":{}}],"startTime":1756250307944,"endTime":1756250308055.5417,"status":"failed","message":"","name":"/home/dylan/dev/rsolv/RSOLV-action/src/security/analyzers/__tests__/fallback-strategy.test.ts"},{"assertionResults":[{"ancestorTitles":["FileSelector","selectFiles"],"fullName":"FileSelector selectFiles should respect maxFiles limit","status":"passed","title":"should respect maxFiles limit","duration":1.5212160000010044,"failureMessages":[],"meta":{}},{"ancestorTitles":["FileSelector","selectFiles"],"fullName":"FileSelector selectFiles should exclude default patterns","status":"passed","title":"should exclude default patterns","duration":0.636463000000731,"failureMessages":[],"meta":{}},{"ancestorTitles":["FileSelector","selectFiles"],"fullName":"FileSelector selectFiles should filter by language when specified","status":"passed","title":"should filter by language when specified","duration":0.37869099999988975,"failureMessages":[],"meta":{}},{"ancestorTitles":["FileSelector","selectFiles"],"fullName":"FileSelector selectFiles should respect maxFileSize","status":"passed","title":"should respect maxFileSize","duration":0.2344069999999192,"failureMessages":[],"meta":{}},{"ancestorTitles":["FileSelector","selectFiles"],"fullName":"FileSelector selectFiles should prioritize changed files","status":"passed","title":"should prioritize changed files","duration":0.20368000000053144,"failureMessages":[],"meta":{}},{"ancestorTitles":["FileSelector","selectFiles"],"fullName":"FileSelector selectFiles should prioritize security-relevant files","status":"passed","title":"should prioritize security-relevant files","duration":0.17977499999869906,"failureMessages":[],"meta":{}},{"ancestorTitles":["FileSelector","selectFiles"],"fullName":"FileSelector selectFiles should deprioritize test files","status":"passed","title":"should deprioritize test files","duration":0.26656999999977415,"failureMessages":[],"meta":{}},{"ancestorTitles":["FileSelector","selectFiles"],"fullName":"FileSelector selectFiles should include all file metadata","status":"passed","title":"should include all file metadata","duration":0.25150700000085635,"failureMessages":[],"meta":{}},{"ancestorTitles":["FileSelector","selectFiles"],"fullName":"FileSelector selectFiles should handle custom exclude patterns","status":"passed","title":"should handle custom exclude patterns","duration":0.2160860000003595,"failureMessages":[],"meta":{}},{"ancestorTitles":["FileSelector","selectFiles"],"fullName":"FileSelector selectFiles should detect Elixir files","status":"passed","title":"should detect Elixir files","duration":0.15520999999898777,"failureMessages":[],"meta":{}},{"ancestorTitles":["FileSelector","selectDiverseFiles"],"fullName":"FileSelector selectDiverseFiles should select files from multiple languages","status":"passed","title":"should select files from multiple languages","duration":0.22537199999896984,"failureMessages":[],"meta":{}},{"ancestorTitles":["FileSelector","selectDiverseFiles"],"fullName":"FileSelector selectDiverseFiles should distribute slots evenly across languages","status":"passed","title":"should distribute slots evenly across languages","duration":0.17022699999870383,"failureMessages":[],"meta":{}}],"startTime":1756250316546,"endTime":1756250316550.2253,"status":"passed","message":"","name":"/home/dylan/dev/rsolv/RSOLV-action/src/security/analyzers/__tests__/file-selector.test.ts"},{"assertionResults":[{"ancestorTitles":["IssueBodyParser","parseIssueBody"],"fullName":"IssueBodyParser parseIssueBody should parse single file with single vulnerability","status":"passed","title":"should parse single file with single vulnerability","duration":1.2755409999990661,"failureMessages":[],"meta":{}},{"ancestorTitles":["IssueBodyParser","parseIssueBody"],"fullName":"IssueBodyParser parseIssueBody should parse multiple files with multiple vulnerabilities","status":"passed","title":"should parse multiple files with multiple vulnerabilities","duration":0.48681699999906414,"failureMessages":[],"meta":{}},{"ancestorTitles":["IssueBodyParser","parseIssueBody"],"fullName":"IssueBodyParser parseIssueBody should handle files with no vulnerabilities gracefully","status":"passed","title":"should handle files with no vulnerabilities gracefully","duration":0.22971199999847158,"failureMessages":[],"meta":{}},{"ancestorTitles":["IssueBodyParser","parseIssueBody"],"fullName":"IssueBodyParser parseIssueBody should handle malformed issue body without crashing","status":"passed","title":"should handle malformed issue body without crashing","duration":0.175532999999632,"failureMessages":[],"meta":{}},{"ancestorTitles":["IssueBodyParser","parseIssueBody"],"fullName":"IssueBodyParser parseIssueBody should extract vulnerability type correctly","status":"passed","title":"should extract vulnerability type correctly","duration":0.14689399999952002,"failureMessages":[],"meta":{}},{"ancestorTitles":["IssueBodyParser","parseIssueBody"],"fullName":"IssueBodyParser parseIssueBody should handle special characters in file paths","status":"passed","title":"should handle special characters in file paths","duration":0.09048900000016147,"failureMessages":[],"meta":{}},{"ancestorTitles":["IssueBodyParser","enhanceValidationData"],"fullName":"IssueBodyParser enhanceValidationData should replace unknown.js with actual filenames","status":"passed","title":"should replace unknown.js with actual filenames","duration":0.2329620000000432,"failureMessages":[],"meta":{}},{"ancestorTitles":["IssueBodyParser","enhanceValidationData"],"fullName":"IssueBodyParser enhanceValidationData should handle multiple vulnerabilities and match by line number","status":"passed","title":"should handle multiple vulnerabilities and match by line number","duration":0.16776799999934155,"failureMessages":[],"meta":{}},{"ancestorTitles":["IssueBodyParser","enhanceValidationData"],"fullName":"IssueBodyParser enhanceValidationData should preserve validation data that cannot be matched","status":"passed","title":"should preserve validation data that cannot be matched","duration":0.11560599999938859,"failureMessages":[],"meta":{}}],"startTime":1756250317418,"endTime":1756250317421.233,"status":"passed","message":"","name":"/home/dylan/dev/rsolv/RSOLV-action/src/modes/phase-executor/utils/__tests__/issue-body-parser.test.ts"}]}