{
  "numTotalTestSuites": 473,
  "numPassedTestSuites": 440,
  "numFailedTestSuites": 33,
  "numPendingTestSuites": 0,
  "numTotalTests": 803,
  "numPassedTests": 729,
  "numFailedTests": 20,
  "numPendingTests": 54,
  "numTodoTests": 0,
  "startTime": 1756407963876,
  "success": false,
  "testResults": [
    {
      "assertionResults": [
        {
          "ancestorTitles": [
            "AST Service Verification - REVIEW Phase (Needs RFC-048 Test Mode)",
            "Python SQL Injection Detection"
          ],
          "fullName": "AST Service Verification - REVIEW Phase (Needs RFC-048 Test Mode) Python SQL Injection Detection should detect SQL injection via string concatenation",
          "status": "skipped",
          "title": "should detect SQL injection via string concatenation",
          "failureMessages": [],
          "meta": {}
        },
        {
          "ancestorTitles": [
            "AST Service Verification - REVIEW Phase (Needs RFC-048 Test Mode)",
            "Python SQL Injection Detection"
          ],
          "fullName": "AST Service Verification - REVIEW Phase (Needs RFC-048 Test Mode) Python SQL Injection Detection should detect SQL injection with f-strings",
          "status": "skipped",
          "title": "should detect SQL injection with f-strings",
          "failureMessages": [],
          "meta": {}
        },
        {
          "ancestorTitles": [
            "AST Service Verification - REVIEW Phase (Needs RFC-048 Test Mode)",
            "JavaScript SQL Injection Detection"
          ],
          "fullName": "AST Service Verification - REVIEW Phase (Needs RFC-048 Test Mode) JavaScript SQL Injection Detection should detect SQL injection in JavaScript",
          "status": "skipped",
          "title": "should detect SQL injection in JavaScript",
          "failureMessages": [],
          "meta": {}
        },
        {
          "ancestorTitles": [
            "AST Service Verification - REVIEW Phase (Needs RFC-048 Test Mode)",
            "Ruby Command Injection Detection"
          ],
          "fullName": "AST Service Verification - REVIEW Phase (Needs RFC-048 Test Mode) Ruby Command Injection Detection should detect command injection in Ruby",
          "status": "skipped",
          "title": "should detect command injection in Ruby",
          "failureMessages": [],
          "meta": {}
        },
        {
          "ancestorTitles": [
            "AST Service Verification - REVIEW Phase (Needs RFC-048 Test Mode)",
            "PHP XSS Detection"
          ],
          "fullName": "AST Service Verification - REVIEW Phase (Needs RFC-048 Test Mode) PHP XSS Detection should detect XSS in PHP echo statements",
          "status": "skipped",
          "title": "should detect XSS in PHP echo statements",
          "failureMessages": [],
          "meta": {}
        },
        {
          "ancestorTitles": [
            "AST Service Verification - REVIEW Phase (Needs RFC-048 Test Mode)",
            "Accuracy Metrics"
          ],
          "fullName": "AST Service Verification - REVIEW Phase (Needs RFC-048 Test Mode) Accuracy Metrics should achieve >90% accuracy on test corpus",
          "status": "skipped",
          "title": "should achieve >90% accuracy on test corpus",
          "failureMessages": [],
          "meta": {}
        },
        {
          "ancestorTitles": [
            "AST Service Verification - REVIEW Phase (Needs RFC-048 Test Mode)",
            "Performance Metrics"
          ],
          "fullName": "AST Service Verification - REVIEW Phase (Needs RFC-048 Test Mode) Performance Metrics should analyze files with acceptable latency",
          "status": "skipped",
          "title": "should analyze files with acceptable latency",
          "failureMessages": [],
          "meta": {}
        }
      ],
      "startTime": 1756407963876,
      "endTime": 1756407963876,
      "status": "passed",
      "message": "",
      "name": "/home/dylan/dev/rsolv/RSOLV-action/test/ast-service-verification.test.ts"
    },
    {
      "assertionResults": [
        {
          "ancestorTitles": [
            "Memory Investigation"
          ],
          "fullName": "Memory Investigation should check pattern loading without detection",
          "status": "passed",
          "title": "should check pattern loading without detection",
          "duration": 1.9615890000000036,
          "failureMessages": [],
          "meta": {}
        },
        {
          "ancestorTitles": [
            "Memory Investigation"
          ],
          "fullName": "Memory Investigation should test small code detection",
          "status": "passed",
          "title": "should test small code detection",
          "duration": 1.0729879999998957,
          "failureMessages": [],
          "meta": {}
        },
        {
          "ancestorTitles": [
            "Memory Investigation"
          ],
          "fullName": "Memory Investigation should check AST interpreter directly",
          "status": "passed",
          "title": "should check AST interpreter directly",
          "duration": 0.3889770000000681,
          "failureMessages": [],
          "meta": {}
        }
      ],
      "startTime": 1756407966736,
      "endTime": 1756407966739.389,
      "status": "passed",
      "message": "",
      "name": "/home/dylan/dev/rsolv/RSOLV-action/test/memory-investigation.test.ts"
    },
    {
      "assertionResults": [
        {
          "ancestorTitles": [
            "GREEN Phase - Server AST Integration Working",
            "New Detector with Server AST"
          ],
          "fullName": "GREEN Phase - Server AST Integration Working New Detector with Server AST should use ElixirASTAnalyzer when API key is provided",
          "status": "passed",
          "title": "should use ElixirASTAnalyzer when API key is provided",
          "duration": 0.6009819999999308,
          "failureMessages": [],
          "meta": {}
        },
        {
          "ancestorTitles": [
            "GREEN Phase - Server AST Integration Working",
            "New Detector with Server AST"
          ],
          "fullName": "GREEN Phase - Server AST Integration Working New Detector with Server AST should fall back to client-side AST when no API key",
          "status": "passed",
          "title": "should fall back to client-side AST when no API key",
          "duration": 0.4249750000003587,
          "failureMessages": [],
          "meta": {}
        },
        {
          "ancestorTitles": [
            "GREEN Phase - Server AST Integration Working",
            "New Detector with Server AST"
          ],
          "fullName": "GREEN Phase - Server AST Integration Working New Detector with Server AST should support multiple languages with server AST",
          "status": "passed",
          "title": "should support multiple languages with server AST",
          "duration": 0.5014569999998457,
          "failureMessages": [],
          "meta": {}
        },
        {
          "ancestorTitles": [
            "GREEN Phase - Server AST Integration Working",
            "New Detector with Server AST"
          ],
          "fullName": "GREEN Phase - Server AST Integration Working New Detector with Server AST should only support JS/TS without server AST",
          "status": "passed",
          "title": "should only support JS/TS without server AST",
          "duration": 0.2637400000003254,
          "failureMessages": [],
          "meta": {}
        },
        {
          "ancestorTitles": [
            "GREEN Phase - Server AST Integration Working",
            "Mock Server AST Detection"
          ],
          "fullName": "GREEN Phase - Server AST Integration Working Mock Server AST Detection should handle Python code through server AST",
          "status": "skipped",
          "title": "should handle Python code through server AST",
          "failureMessages": [],
          "meta": {}
        },
        {
          "ancestorTitles": [
            "GREEN Phase - Server AST Integration Working",
            "Mock Server AST Detection"
          ],
          "fullName": "GREEN Phase - Server AST Integration Working Mock Server AST Detection should reject unsupported languages gracefully",
          "status": "passed",
          "title": "should reject unsupported languages gracefully",
          "duration": 0.5692610000000968,
          "failureMessages": [],
          "meta": {}
        },
        {
          "ancestorTitles": [
            "GREEN Phase - Server AST Integration Working",
            "Configuration Options"
          ],
          "fullName": "GREEN Phase - Server AST Integration Working Configuration Options should respect useServerAST=false even with API key",
          "status": "passed",
          "title": "should respect useServerAST=false even with API key",
          "duration": 0.3209969999998066,
          "failureMessages": [],
          "meta": {}
        },
        {
          "ancestorTitles": [
            "GREEN Phase - Server AST Integration Working",
            "Configuration Options"
          ],
          "fullName": "GREEN Phase - Server AST Integration Working Configuration Options should use environment variables as fallback",
          "status": "passed",
          "title": "should use environment variables as fallback",
          "duration": 0.27803899999980786,
          "failureMessages": [],
          "meta": {}
        }
      ],
      "startTime": 1756407966597,
      "endTime": 1756407966600.321,
      "status": "passed",
      "message": "",
      "name": "/home/dylan/dev/rsolv/RSOLV-action/test/server-ast-green-phase.test.ts"
    },
    {
      "assertionResults": [
        {
          "ancestorTitles": [
            "Server-Side AST Integration",
            "AST Integration Tests"
          ],
          "fullName": "Server-Side AST Integration AST Integration Tests should use ASTPatternInterpreter for vulnerability detection",
          "status": "passed",
          "title": "should use ASTPatternInterpreter for vulnerability detection",
          "duration": 0.6324199999999109,
          "failureMessages": [],
          "meta": {}
        },
        {
          "ancestorTitles": [
            "Server-Side AST Integration",
            "AST Integration Tests"
          ],
          "fullName": "Server-Side AST Integration AST Integration Tests should detect JavaScript eval injection",
          "status": "failed",
          "title": "should detect JavaScript eval injection",
          "duration": 3.1989229999999225,
          "failureMessages": [
            "AssertionError: expected undefined to be defined\n    at /home/dylan/dev/rsolv/RSOLV-action/test/server-ast-integration.test.ts:54:26\n    at processTicksAndRejections (node:internal/process/task_queues:105:5)\n    at file:///home/dylan/dev/rsolv/RSOLV-action/node_modules/@vitest/runner/dist/chunk-hooks.js:752:20"
          ],
          "meta": {}
        },
        {
          "ancestorTitles": [
            "Server-Side AST Integration",
            "AST Integration Tests"
          ],
          "fullName": "Server-Side AST Integration AST Integration Tests should detect Python SQL injection via server AST",
          "status": "skipped",
          "title": "should detect Python SQL injection via server AST",
          "failureMessages": [],
          "meta": {}
        },
        {
          "ancestorTitles": [
            "Server-Side AST Integration",
            "AST Integration Tests"
          ],
          "fullName": "Server-Side AST Integration AST Integration Tests should detect Ruby command injection via server AST",
          "status": "skipped",
          "title": "should detect Ruby command injection via server AST",
          "failureMessages": [],
          "meta": {}
        },
        {
          "ancestorTitles": [
            "Server-Side AST Integration",
            "AST Integration Tests"
          ],
          "fullName": "Server-Side AST Integration AST Integration Tests should detect PHP XSS via server AST",
          "status": "skipped",
          "title": "should detect PHP XSS via server AST",
          "failureMessages": [],
          "meta": {}
        },
        {
          "ancestorTitles": [
            "Server-Side AST Integration",
            "AST Integration Tests"
          ],
          "fullName": "Server-Side AST Integration AST Integration Tests should achieve >90% accuracy on mixed language corpus",
          "status": "skipped",
          "title": "should achieve >90% accuracy on mixed language corpus",
          "failureMessages": [],
          "meta": {}
        },
        {
          "ancestorTitles": [
            "Server-Side AST Integration",
            "AST Integration Tests"
          ],
          "fullName": "Server-Side AST Integration AST Integration Tests should use server-side AST service endpoint",
          "status": "skipped",
          "title": "should use server-side AST service endpoint",
          "failureMessages": [],
          "meta": {}
        },
        {
          "ancestorTitles": [
            "Server-Side AST Integration",
            "Test Infrastructure"
          ],
          "fullName": "Server-Side AST Integration Test Infrastructure should have ElixirASTAnalyzer class available",
          "status": "passed",
          "title": "should have ElixirASTAnalyzer class available",
          "duration": 0.3471150000000307,
          "failureMessages": [],
          "meta": {}
        }
      ],
      "startTime": 1756407966164,
      "endTime": 1756407966168.3472,
      "status": "failed",
      "message": "",
      "name": "/home/dylan/dev/rsolv/RSOLV-action/test/server-ast-integration.test.ts"
    },
    {
      "assertionResults": [
        {
          "ancestorTitles": [
            "Vendor Detection File Extraction (RFC-047 Fix)"
          ],
          "fullName": "Vendor Detection File Extraction (RFC-047 Fix) should extract files from vulnerabilities with singular \"file\" property",
          "status": "passed",
          "title": "should extract files from vulnerabilities with singular \"file\" property",
          "duration": 0.49299999999993815,
          "failureMessages": [],
          "meta": {}
        },
        {
          "ancestorTitles": [
            "Vendor Detection File Extraction (RFC-047 Fix)"
          ],
          "fullName": "Vendor Detection File Extraction (RFC-047 Fix) should extract files from vulnerabilities with plural \"files\" property",
          "status": "passed",
          "title": "should extract files from vulnerabilities with plural \"files\" property",
          "duration": 0.23965199999975084,
          "failureMessages": [],
          "meta": {}
        },
        {
          "ancestorTitles": [
            "Vendor Detection File Extraction (RFC-047 Fix)"
          ],
          "fullName": "Vendor Detection File Extraction (RFC-047 Fix) should handle mixed vulnerabilities with both file and files properties",
          "status": "passed",
          "title": "should handle mixed vulnerabilities with both file and files properties",
          "duration": 0.20820699999967474,
          "failureMessages": [],
          "meta": {}
        },
        {
          "ancestorTitles": [
            "Vendor Detection File Extraction (RFC-047 Fix)"
          ],
          "fullName": "Vendor Detection File Extraction (RFC-047 Fix) should return empty array for vulnerabilities without file properties",
          "status": "passed",
          "title": "should return empty array for vulnerabilities without file properties",
          "duration": 0.11943100000007689,
          "failureMessages": [],
          "meta": {}
        },
        {
          "ancestorTitles": [
            "Vendor Detection File Extraction (RFC-047 Fix)"
          ],
          "fullName": "Vendor Detection File Extraction (RFC-047 Fix) OLD BROKEN CODE: should demonstrate the bug",
          "status": "passed",
          "title": "OLD BROKEN CODE: should demonstrate the bug",
          "duration": 0.12843100000009144,
          "failureMessages": [],
          "meta": {}
        }
      ],
      "startTime": 1756407966656,
      "endTime": 1756407966657.2397,
      "status": "passed",
      "message": "",
      "name": "/home/dylan/dev/rsolv/RSOLV-action/test/vendor-detection-file-extraction.test.ts"
    },
    {
      "assertionResults": [
        {
          "ancestorTitles": [
            "Issue Limiting Logic"
          ],
          "fullName": "Issue Limiting Logic should slice issues array when maxIssues is set",
          "status": "passed",
          "title": "should slice issues array when maxIssues is set",
          "duration": 0.5536969999998291,
          "failureMessages": [],
          "meta": {}
        },
        {
          "ancestorTitles": [
            "Issue Limiting Logic"
          ],
          "fullName": "Issue Limiting Logic should return all issues when maxIssues is not set",
          "status": "passed",
          "title": "should return all issues when maxIssues is not set",
          "duration": 0.2367949999998018,
          "failureMessages": [],
          "meta": {}
        },
        {
          "ancestorTitles": [
            "Issue Limiting Logic"
          ],
          "fullName": "Issue Limiting Logic should return all issues when maxIssues is 0",
          "status": "passed",
          "title": "should return all issues when maxIssues is 0",
          "duration": 0.13711800000010044,
          "failureMessages": [],
          "meta": {}
        },
        {
          "ancestorTitles": [
            "Issue Limiting Logic"
          ],
          "fullName": "Issue Limiting Logic should return all issues when maxIssues is greater than issue count",
          "status": "passed",
          "title": "should return all issues when maxIssues is greater than issue count",
          "duration": 0.10359999999991487,
          "failureMessages": [],
          "meta": {}
        },
        {
          "ancestorTitles": [
            "Issue Limiting Logic"
          ],
          "fullName": "Issue Limiting Logic should handle single issue limit",
          "status": "passed",
          "title": "should handle single issue limit",
          "duration": 0.12733600000001388,
          "failureMessages": [],
          "meta": {}
        },
        {
          "ancestorTitles": [
            "Issue Limiting Logic"
          ],
          "fullName": "Issue Limiting Logic should handle exact match of maxIssues and issue count",
          "status": "passed",
          "title": "should handle exact match of maxIssues and issue count",
          "duration": 0.12294599999995626,
          "failureMessages": [],
          "meta": {}
        }
      ],
      "startTime": 1756407966687,
      "endTime": 1756407966688.2368,
      "status": "passed",
      "message": "",
      "name": "/home/dylan/dev/rsolv/RSOLV-action/src/__tests__/index-maxissues.test.ts"
    },
    {
      "assertionResults": [
        {
          "ancestorTitles": [
            "Workflow Timeout Behavior"
          ],
          "fullName": "Workflow Timeout Behavior should timeout workflow after 2 minutes",
          "status": "passed",
          "title": "should timeout workflow after 2 minutes",
          "duration": 101.7637870000001,
          "failureMessages": [],
          "meta": {}
        },
        {
          "ancestorTitles": [
            "Workflow Timeout Behavior"
          ],
          "fullName": "Workflow Timeout Behavior should complete successfully before timeout",
          "status": "passed",
          "title": "should complete successfully before timeout",
          "duration": 0.726568000000043,
          "failureMessages": [],
          "meta": {}
        },
        {
          "ancestorTitles": [
            "Workflow Timeout Behavior"
          ],
          "fullName": "Workflow Timeout Behavior should handle no issues gracefully without timeout",
          "status": "passed",
          "title": "should handle no issues gracefully without timeout",
          "duration": 0.7511420000000726,
          "failureMessages": [],
          "meta": {}
        },
        {
          "ancestorTitles": [
            "Workflow Timeout Behavior"
          ],
          "fullName": "Workflow Timeout Behavior should include timeout information in error message",
          "status": "passed",
          "title": "should include timeout information in error message",
          "duration": 101.2163979999998,
          "failureMessages": [],
          "meta": {}
        },
        {
          "ancestorTitles": [
            "Workflow Timeout Behavior"
          ],
          "fullName": "Workflow Timeout Behavior should use configured processing options",
          "status": "passed",
          "title": "should use configured processing options",
          "duration": 0.9403589999997166,
          "failureMessages": [],
          "meta": {}
        }
      ],
      "startTime": 1756407965816,
      "endTime": 1756407966021.9404,
      "status": "passed",
      "message": "",
      "name": "/home/dylan/dev/rsolv/RSOLV-action/src/__tests__/workflow-timeout.test.ts"
    },
    {
      "assertionResults": [
        {
          "ancestorTitles": [
            "PatternAPIClient",
            "constructor"
          ],
          "fullName": "PatternAPIClient constructor should use default API URL if not provided",
          "status": "passed",
          "title": "should use default API URL if not provided",
          "duration": 0.6446519999999509,
          "failureMessages": [],
          "meta": {}
        },
        {
          "ancestorTitles": [
            "PatternAPIClient",
            "constructor"
          ],
          "fullName": "PatternAPIClient constructor should use provided API URL",
          "status": "passed",
          "title": "should use provided API URL",
          "duration": 0.2558160000000953,
          "failureMessages": [],
          "meta": {}
        },
        {
          "ancestorTitles": [
            "PatternAPIClient",
            "constructor"
          ],
          "fullName": "PatternAPIClient constructor should use API key from config",
          "status": "passed",
          "title": "should use API key from config",
          "duration": 0.14004899999986264,
          "failureMessages": [],
          "meta": {}
        },
        {
          "ancestorTitles": [
            "PatternAPIClient",
            "constructor"
          ],
          "fullName": "PatternAPIClient constructor should use API key from environment if not in config",
          "status": "passed",
          "title": "should use API key from environment if not in config",
          "duration": 0.11546700000008059,
          "failureMessages": [],
          "meta": {}
        },
        {
          "ancestorTitles": [
            "PatternAPIClient",
            "fetchPatterns"
          ],
          "fullName": "PatternAPIClient fetchPatterns should fetch patterns for a language",
          "status": "passed",
          "title": "should fetch patterns for a language",
          "duration": 2.04108599999995,
          "failureMessages": [],
          "meta": {}
        },
        {
          "ancestorTitles": [
            "PatternAPIClient",
            "fetchPatterns"
          ],
          "fullName": "PatternAPIClient fetchPatterns should handle API errors gracefully",
          "status": "passed",
          "title": "should handle API errors gracefully",
          "duration": 2.000353000000132,
          "failureMessages": [],
          "meta": {}
        },
        {
          "ancestorTitles": [
            "PatternAPIClient",
            "fetchPatterns"
          ],
          "fullName": "PatternAPIClient fetchPatterns should use cached patterns within TTL",
          "status": "passed",
          "title": "should use cached patterns within TTL",
          "duration": 0.9911749999998847,
          "failureMessages": [],
          "meta": {}
        },
        {
          "ancestorTitles": [
            "PatternAPIClient",
            "fetchPatterns"
          ],
          "fullName": "PatternAPIClient fetchPatterns should handle patterns without API key (public only)",
          "status": "passed",
          "title": "should handle patterns without API key (public only)",
          "duration": 1.1018480000000181,
          "failureMessages": [],
          "meta": {}
        },
        {
          "ancestorTitles": [
            "PatternAPIClient",
            "PatternAPIClient enhanced patterns"
          ],
          "fullName": "PatternAPIClient PatternAPIClient enhanced patterns should handle enhanced patterns with AST rules",
          "status": "passed",
          "title": "should handle enhanced patterns with AST rules",
          "duration": 1.0740180000000237,
          "failureMessages": [],
          "meta": {}
        },
        {
          "ancestorTitles": [
            "PatternAPIClient",
            "PatternAPIClient enhanced patterns"
          ],
          "fullName": "PatternAPIClient PatternAPIClient enhanced patterns should handle patterns without enhanced features",
          "status": "passed",
          "title": "should handle patterns without enhanced features",
          "duration": 4.002459000000044,
          "failureMessages": [],
          "meta": {}
        }
      ],
      "startTime": 1756407965434,
      "endTime": 1756407965447.0024,
      "status": "passed",
      "message": "",
      "name": "/home/dylan/dev/rsolv/RSOLV-action/src/security/pattern-api-client.test.ts"
    },
    {
      "assertionResults": [
        {
          "ancestorTitles": [
            "Container Integration"
          ],
          "fullName": "Container Integration setupContainer should set up a container environment",
          "status": "passed",
          "title": "setupContainer should set up a container environment",
          "duration": 0.7143590000000586,
          "failureMessages": [],
          "meta": {}
        },
        {
          "ancestorTitles": [
            "Container Integration"
          ],
          "fullName": "Container Integration setupContainer should skip setup if containers are disabled",
          "status": "passed",
          "title": "setupContainer should skip setup if containers are disabled",
          "duration": 0.17674099999976534,
          "failureMessages": [],
          "meta": {}
        },
        {
          "ancestorTitles": [
            "Container Integration"
          ],
          "fullName": "Container Integration setupContainer should validate container configuration",
          "status": "passed",
          "title": "setupContainer should validate container configuration",
          "duration": 0.2968060000002879,
          "failureMessages": [],
          "meta": {}
        },
        {
          "ancestorTitles": [
            "Container Integration"
          ],
          "fullName": "Container Integration runInContainer should execute a command in a container",
          "status": "passed",
          "title": "runInContainer should execute a command in a container",
          "duration": 0.30048600000009174,
          "failureMessages": [],
          "meta": {}
        },
        {
          "ancestorTitles": [
            "Container Integration"
          ],
          "fullName": "Container Integration runInContainer should handle container execution failure",
          "status": "passed",
          "title": "runInContainer should handle container execution failure",
          "duration": 0.3356349999999111,
          "failureMessages": [],
          "meta": {}
        }
      ],
      "startTime": 1756407966574,
      "endTime": 1756407966575.3357,
      "status": "passed",
      "message": "",
      "name": "/home/dylan/dev/rsolv/RSOLV-action/tests/integration/container.test.ts"
    },
    {
      "assertionResults": [
        {
          "ancestorTitles": [
            "Error Message Sanitization"
          ],
          "fullName": "Error Message Sanitization should sanitize Anthropic-specific errors",
          "status": "passed",
          "title": "should sanitize Anthropic-specific errors",
          "duration": 0.9195209999998042,
          "failureMessages": [],
          "meta": {}
        },
        {
          "ancestorTitles": [
            "Error Message Sanitization"
          ],
          "fullName": "Error Message Sanitization should sanitize OpenAI-specific errors",
          "status": "passed",
          "title": "should sanitize OpenAI-specific errors",
          "duration": 0.5727759999999762,
          "failureMessages": [],
          "meta": {}
        },
        {
          "ancestorTitles": [
            "Error Message Sanitization"
          ],
          "fullName": "Error Message Sanitization should handle API key errors generically",
          "status": "passed",
          "title": "should handle API key errors generically",
          "duration": 0.35474299999987124,
          "failureMessages": [],
          "meta": {}
        },
        {
          "ancestorTitles": [
            "Error Message Sanitization"
          ],
          "fullName": "Error Message Sanitization should handle unsupported provider errors without exposing internal details",
          "status": "passed",
          "title": "should handle unsupported provider errors without exposing internal details",
          "duration": 0.2191859999998087,
          "failureMessages": [],
          "meta": {}
        },
        {
          "ancestorTitles": [
            "Error Message Sanitization"
          ],
          "fullName": "Error Message Sanitization should sanitize network errors",
          "status": "passed",
          "title": "should sanitize network errors",
          "duration": 0.375376999999844,
          "failureMessages": [],
          "meta": {}
        },
        {
          "ancestorTitles": [
            "Error Message Sanitization"
          ],
          "fullName": "Error Message Sanitization should provide helpful error messages without exposing implementation details",
          "status": "passed",
          "title": "should provide helpful error messages without exposing implementation details",
          "duration": 0.3974390000003041,
          "failureMessages": [],
          "meta": {}
        }
      ],
      "startTime": 1756407966533,
      "endTime": 1756407966535.3975,
      "status": "passed",
      "message": "",
      "name": "/home/dylan/dev/rsolv/RSOLV-action/tests/integration/error-sanitization.test.ts"
    },
    {
      "assertionResults": [
        {
          "ancestorTitles": [
            "Jira Integration Workflow"
          ],
          "fullName": "Jira Integration Workflow demonstrates the complete workflow from Jira issue to PR",
          "status": "passed",
          "title": "demonstrates the complete workflow from Jira issue to PR",
          "duration": 1.0100019999999859,
          "failureMessages": [],
          "meta": {}
        },
        {
          "ancestorTitles": [
            "Jira Integration Workflow"
          ],
          "fullName": "Jira Integration Workflow shows how repository info is extracted from Jira",
          "status": "passed",
          "title": "shows how repository info is extracted from Jira",
          "duration": 0.7100070000001324,
          "failureMessages": [],
          "meta": {}
        },
        {
          "ancestorTitles": [
            "Jira Integration Workflow"
          ],
          "fullName": "Jira Integration Workflow shows the Jira configuration in action.yml",
          "status": "passed",
          "title": "shows the Jira configuration in action.yml",
          "duration": 0.558657999999923,
          "failureMessages": [],
          "meta": {}
        }
      ],
      "startTime": 1756407966505,
      "endTime": 1756407966507.71,
      "status": "passed",
      "message": "",
      "name": "/home/dylan/dev/rsolv/RSOLV-action/tests/integration/jira-workflow.test.ts"
    },
    {
      "assertionResults": [
        {
          "ancestorTitles": [
            "Unified Processor"
          ],
          "fullName": "Unified Processor processes issues with basic configuration",
          "status": "passed",
          "title": "processes issues with basic configuration",
          "duration": 1.2709279999999126,
          "failureMessages": [],
          "meta": {}
        },
        {
          "ancestorTitles": [
            "Unified Processor"
          ],
          "fullName": "Unified Processor processes issues with security analysis enabled",
          "status": "passed",
          "title": "processes issues with security analysis enabled",
          "duration": 0.5240610000000743,
          "failureMessages": [],
          "meta": {}
        },
        {
          "ancestorTitles": [
            "Unified Processor"
          ],
          "fullName": "Unified Processor processes issues with enhanced context",
          "status": "passed",
          "title": "processes issues with enhanced context",
          "duration": 0.3682760000001508,
          "failureMessages": [],
          "meta": {}
        },
        {
          "ancestorTitles": [
            "Unified Processor"
          ],
          "fullName": "Unified Processor handles multiple issues",
          "status": "passed",
          "title": "handles multiple issues",
          "duration": 0.36542199999985314,
          "failureMessages": [],
          "meta": {}
        },
        {
          "ancestorTitles": [
            "Unified Processor"
          ],
          "fullName": "Unified Processor handles processing errors gracefully",
          "status": "passed",
          "title": "handles processing errors gracefully",
          "duration": 0.4073969999999463,
          "failureMessages": [],
          "meta": {}
        },
        {
          "ancestorTitles": [
            "Unified Processor"
          ],
          "fullName": "Unified Processor respects processing options",
          "status": "passed",
          "title": "respects processing options",
          "duration": 0.348030000000108,
          "failureMessages": [],
          "meta": {}
        }
      ],
      "startTime": 1756407966270,
      "endTime": 1756407966273.4075,
      "status": "passed",
      "message": "",
      "name": "/home/dylan/dev/rsolv/RSOLV-action/tests/integration/unified-processor.test.ts"
    },
    {
      "assertionResults": [
        {
          "ancestorTitles": [
            "Pull Request Fix Tracking"
          ],
          "fullName": "Pull Request Fix Tracking should verify RsolvApiClient is imported in pr.ts",
          "status": "passed",
          "title": "should verify RsolvApiClient is imported in pr.ts",
          "duration": 0.45644899999979316,
          "failureMessages": [],
          "meta": {}
        },
        {
          "ancestorTitles": [
            "Pull Request Fix Tracking"
          ],
          "fullName": "Pull Request Fix Tracking should verify recordFixAttempt is called after PR creation",
          "status": "passed",
          "title": "should verify recordFixAttempt is called after PR creation",
          "duration": 0.19072099999993952,
          "failureMessages": [],
          "meta": {}
        }
      ],
      "startTime": 1756407966747,
      "endTime": 1756407966747.4565,
      "status": "passed",
      "message": "",
      "name": "/home/dylan/dev/rsolv/RSOLV-action/src/__tests__/integration/pr-tracking.test.ts"
    },
    {
      "assertionResults": [
        {
          "ancestorTitles": [
            "AdaptiveTestGenerator - Java Framework Support",
            "JUnit 5 Support"
          ],
          "fullName": "AdaptiveTestGenerator - Java Framework Support JUnit 5 Support should generate JUnit 5 tests for SQL injection vulnerability",
          "status": "passed",
          "title": "should generate JUnit 5 tests for SQL injection vulnerability",
          "duration": 1.5089449999998124,
          "failureMessages": [],
          "meta": {}
        },
        {
          "ancestorTitles": [
            "AdaptiveTestGenerator - Java Framework Support",
            "JUnit 5 Support"
          ],
          "fullName": "AdaptiveTestGenerator - Java Framework Support JUnit 5 Support should generate JUnit 5 parameterized tests for multiple attack vectors",
          "status": "passed",
          "title": "should generate JUnit 5 parameterized tests for multiple attack vectors",
          "duration": 0.8311889999999948,
          "failureMessages": [],
          "meta": {}
        },
        {
          "ancestorTitles": [
            "AdaptiveTestGenerator - Java Framework Support",
            "TestNG Support"
          ],
          "fullName": "AdaptiveTestGenerator - Java Framework Support TestNG Support should generate TestNG tests for XXE vulnerability",
          "status": "passed",
          "title": "should generate TestNG tests for XXE vulnerability",
          "duration": 2.380719999999883,
          "failureMessages": [],
          "meta": {}
        },
        {
          "ancestorTitles": [
            "AdaptiveTestGenerator - Java Framework Support",
            "TestNG Support"
          ],
          "fullName": "AdaptiveTestGenerator - Java Framework Support TestNG Support should generate TestNG data provider tests",
          "status": "passed",
          "title": "should generate TestNG data provider tests",
          "duration": 1.4460669999998572,
          "failureMessages": [],
          "meta": {}
        },
        {
          "ancestorTitles": [
            "AdaptiveTestGenerator - Java Framework Support",
            "Spring Boot Integration"
          ],
          "fullName": "AdaptiveTestGenerator - Java Framework Support Spring Boot Integration should generate Spring Boot test annotations for JUnit 5",
          "status": "passed",
          "title": "should generate Spring Boot test annotations for JUnit 5",
          "duration": 2.1358569999999872,
          "failureMessages": [],
          "meta": {}
        }
      ],
      "startTime": 1756407965466,
      "endTime": 1756407965474.1357,
      "status": "passed",
      "message": "",
      "name": "/home/dylan/dev/rsolv/RSOLV-action/src/ai/__tests__/adaptive-test-generator-java.test.ts"
    },
    {
      "assertionResults": [
        {
          "ancestorTitles": [
            "Claude Code Live API Tests"
          ],
          "fullName": "Claude Code Live API Tests should check if Claude Code CLI is actually available",
          "status": "skipped",
          "title": "should check if Claude Code CLI is actually available",
          "failureMessages": [],
          "meta": {}
        },
        {
          "ancestorTitles": [
            "Claude Code Live API Tests"
          ],
          "fullName": "Claude Code Live API Tests should generate real solution using Claude Code",
          "status": "skipped",
          "title": "should generate real solution using Claude Code",
          "failureMessages": [],
          "meta": {}
        },
        {
          "ancestorTitles": [
            "Claude Code Live API Tests"
          ],
          "fullName": "Claude Code Live API Tests should work with enhanced prompts in live mode",
          "status": "skipped",
          "title": "should work with enhanced prompts in live mode",
          "failureMessages": [],
          "meta": {}
        },
        {
          "ancestorTitles": [
            "Claude Code File System Integration"
          ],
          "fullName": "Claude Code File System Integration should handle real file operations",
          "status": "skipped",
          "title": "should handle real file operations",
          "failureMessages": [],
          "meta": {}
        }
      ],
      "startTime": 1756407963876,
      "endTime": 1756407963876,
      "status": "passed",
      "message": "",
      "name": "/home/dylan/dev/rsolv/RSOLV-action/src/ai/__tests__/claude-code-live.test.ts"
    },
    {
      "assertionResults": [
        {
          "ancestorTitles": [
            "DISABLE_FIX_VALIDATION bug reproduction",
            "when DISABLE_FIX_VALIDATION is set"
          ],
          "fullName": "DISABLE_FIX_VALIDATION bug reproduction when DISABLE_FIX_VALIDATION is set should skip validation regardless of other settings",
          "status": "passed",
          "title": "should skip validation regardless of other settings",
          "duration": 5.096447999999782,
          "failureMessages": [],
          "meta": {}
        },
        {
          "ancestorTitles": [
            "DISABLE_FIX_VALIDATION bug reproduction",
            "when DISABLE_FIX_VALIDATION is set"
          ],
          "fullName": "DISABLE_FIX_VALIDATION bug reproduction when DISABLE_FIX_VALIDATION is set should skip validation even if testGeneration.enabled is true",
          "status": "passed",
          "title": "should skip validation even if testGeneration.enabled is true",
          "duration": 1.0133350000000974,
          "failureMessages": [],
          "meta": {}
        },
        {
          "ancestorTitles": [
            "DISABLE_FIX_VALIDATION bug reproduction",
            "proper validation skip logic"
          ],
          "fullName": "DISABLE_FIX_VALIDATION bug reproduction proper validation skip logic should skip when fixValidation.enabled is false",
          "status": "passed",
          "title": "should skip when fixValidation.enabled is false",
          "duration": 0.3241360000001805,
          "failureMessages": [],
          "meta": {}
        },
        {
          "ancestorTitles": [
            "DISABLE_FIX_VALIDATION bug reproduction",
            "proper validation skip logic"
          ],
          "fullName": "DISABLE_FIX_VALIDATION bug reproduction proper validation skip logic should not skip when fixValidation.enabled is true",
          "status": "passed",
          "title": "should not skip when fixValidation.enabled is true",
          "duration": 0.1204819999998108,
          "failureMessages": [],
          "meta": {}
        },
        {
          "ancestorTitles": [
            "DISABLE_FIX_VALIDATION bug reproduction",
            "proper validation skip logic"
          ],
          "fullName": "DISABLE_FIX_VALIDATION bug reproduction proper validation skip logic should skip regardless of testGeneration settings when disabled",
          "status": "passed",
          "title": "should skip regardless of testGeneration settings when disabled",
          "duration": 0.06886699999995471,
          "failureMessages": [],
          "meta": {}
        }
      ],
      "startTime": 1756407966610,
      "endTime": 1756407966617.1204,
      "status": "passed",
      "message": "",
      "name": "/home/dylan/dev/rsolv/RSOLV-action/src/ai/__tests__/disable-validation-bug.test.ts"
    },
    {
      "assertionResults": [
        {
          "ancestorTitles": [
            "generateSolutionWithFeedback"
          ],
          "fullName": "generateSolutionWithFeedback generates a solution with feedback integration",
          "status": "passed",
          "title": "generates a solution with feedback integration",
          "duration": 0.5387590000000273,
          "failureMessages": [],
          "meta": {}
        },
        {
          "ancestorTitles": [
            "generateSolutionWithFeedback"
          ],
          "fullName": "generateSolutionWithFeedback should integrate feedback when enhancing AI prompts",
          "status": "passed",
          "title": "should integrate feedback when enhancing AI prompts",
          "duration": 0.29935199999999895,
          "failureMessages": [],
          "meta": {}
        }
      ],
      "startTime": 1756407966646,
      "endTime": 1756407966647.2993,
      "status": "passed",
      "message": "",
      "name": "/home/dylan/dev/rsolv/RSOLV-action/src/ai/__tests__/feedbackEnhanced.test.ts"
    },
    {
      "assertionResults": [
        {
          "ancestorTitles": [
            "Git Status - .rsolv Directory Handling"
          ],
          "fullName": "Git Status - .rsolv Directory Handling should ignore .rsolv/ directory in git status check",
          "status": "passed",
          "title": "should ignore .rsolv/ directory in git status check",
          "duration": 2.942059999999856,
          "failureMessages": [],
          "meta": {}
        },
        {
          "ancestorTitles": [
            "Git Status - .rsolv Directory Handling"
          ],
          "fullName": "Git Status - .rsolv Directory Handling should still detect real uncommitted changes",
          "status": "passed",
          "title": "should still detect real uncommitted changes",
          "duration": 0.6998149999999441,
          "failureMessages": [],
          "meta": {}
        }
      ],
      "startTime": 1756407966676,
      "endTime": 1756407966679.6997,
      "status": "passed",
      "message": "",
      "name": "/home/dylan/dev/rsolv/RSOLV-action/src/ai/__tests__/git-status-rsolv-ignore.test.ts"
    },
    {
      "assertionResults": [
        {
          "ancestorTitles": [
            "Phase 6E: Integration Tests for Java/PHP Fix Validation",
            "Simulated Fix Iteration Scenarios"
          ],
          "fullName": "Phase 6E: Integration Tests for Java/PHP Fix Validation Simulated Fix Iteration Scenarios should handle Java SQL injection with multiple fix attempts",
          "status": "passed",
          "title": "should handle Java SQL injection with multiple fix attempts",
          "duration": 1.1016639999998006,
          "failureMessages": [],
          "meta": {}
        },
        {
          "ancestorTitles": [
            "Phase 6E: Integration Tests for Java/PHP Fix Validation",
            "Simulated Fix Iteration Scenarios"
          ],
          "fullName": "Phase 6E: Integration Tests for Java/PHP Fix Validation Simulated Fix Iteration Scenarios should handle PHP SQL injection with PDO migration",
          "status": "passed",
          "title": "should handle PHP SQL injection with PDO migration",
          "duration": 2.1534849999998187,
          "failureMessages": [],
          "meta": {}
        },
        {
          "ancestorTitles": [
            "Phase 6E: Integration Tests for Java/PHP Fix Validation",
            "Simulated Fix Iteration Scenarios"
          ],
          "fullName": "Phase 6E: Integration Tests for Java/PHP Fix Validation Simulated Fix Iteration Scenarios should respect max iteration limits for complex vulnerabilities",
          "status": "passed",
          "title": "should respect max iteration limits for complex vulnerabilities",
          "duration": 0.2838010000000395,
          "failureMessages": [],
          "meta": {}
        },
        {
          "ancestorTitles": [
            "Phase 6E: Integration Tests for Java/PHP Fix Validation",
            "Test Context Generation"
          ],
          "fullName": "Phase 6E: Integration Tests for Java/PHP Fix Validation Test Context Generation should generate proper Java test context for Claude Code",
          "status": "passed",
          "title": "should generate proper Java test context for Claude Code",
          "duration": 0.509087000000136,
          "failureMessages": [],
          "meta": {}
        },
        {
          "ancestorTitles": [
            "Phase 6E: Integration Tests for Java/PHP Fix Validation",
            "Test Context Generation"
          ],
          "fullName": "Phase 6E: Integration Tests for Java/PHP Fix Validation Test Context Generation should generate proper PHP test context for Claude Code",
          "status": "passed",
          "title": "should generate proper PHP test context for Claude Code",
          "duration": 0.1748050000001058,
          "failureMessages": [],
          "meta": {}
        },
        {
          "ancestorTitles": [
            "Phase 6E: Integration Tests for Java/PHP Fix Validation",
            "Language-Specific Fix Validation"
          ],
          "fullName": "Phase 6E: Integration Tests for Java/PHP Fix Validation Language-Specific Fix Validation should validate Java fixes use approved patterns",
          "status": "passed",
          "title": "should validate Java fixes use approved patterns",
          "duration": 0.3101040000001376,
          "failureMessages": [],
          "meta": {}
        },
        {
          "ancestorTitles": [
            "Phase 6E: Integration Tests for Java/PHP Fix Validation",
            "Language-Specific Fix Validation"
          ],
          "fullName": "Phase 6E: Integration Tests for Java/PHP Fix Validation Language-Specific Fix Validation should validate PHP fixes use approved patterns",
          "status": "passed",
          "title": "should validate PHP fixes use approved patterns",
          "duration": 0.18373899999983223,
          "failureMessages": [],
          "meta": {}
        }
      ],
      "startTime": 1756407965275,
      "endTime": 1756407965280.1838,
      "status": "passed",
      "message": "",
      "name": "/home/dylan/dev/rsolv/RSOLV-action/src/ai/__tests__/phase-6e-integration.test.ts"
    },
    {
      "assertionResults": [
        {
          "ancestorTitles": [
            "SecurityAwareAnalyzer",
            "Security Analysis"
          ],
          "fullName": "SecurityAwareAnalyzer Security Analysis should detect SQL injection vulnerabilities in code",
          "status": "passed",
          "title": "should detect SQL injection vulnerabilities in code",
          "duration": 18.501121000000012,
          "failureMessages": [],
          "meta": {}
        },
        {
          "ancestorTitles": [
            "SecurityAwareAnalyzer",
            "Security Analysis"
          ],
          "fullName": "SecurityAwareAnalyzer Security Analysis should detect XSS vulnerabilities in code",
          "status": "passed",
          "title": "should detect XSS vulnerabilities in code",
          "duration": 1.3478600000000824,
          "failureMessages": [],
          "meta": {}
        },
        {
          "ancestorTitles": [
            "SecurityAwareAnalyzer",
            "Security Analysis"
          ],
          "fullName": "SecurityAwareAnalyzer Security Analysis should calculate appropriate risk levels",
          "status": "passed",
          "title": "should calculate appropriate risk levels",
          "duration": 1.2085750000001099,
          "failureMessages": [],
          "meta": {}
        },
        {
          "ancestorTitles": [
            "SecurityAwareAnalyzer",
            "Security Analysis"
          ],
          "fullName": "SecurityAwareAnalyzer Security Analysis should adjust complexity based on security risk",
          "status": "passed",
          "title": "should adjust complexity based on security risk",
          "duration": 1.9586050000000341,
          "failureMessages": [],
          "meta": {}
        },
        {
          "ancestorTitles": [
            "SecurityAwareAnalyzer",
            "Security Analysis"
          ],
          "fullName": "SecurityAwareAnalyzer Security Analysis should handle files with no vulnerabilities",
          "status": "passed",
          "title": "should handle files with no vulnerabilities",
          "duration": 1.064104000000043,
          "failureMessages": [],
          "meta": {}
        },
        {
          "ancestorTitles": [
            "SecurityAwareAnalyzer",
            "Security Analysis"
          ],
          "fullName": "SecurityAwareAnalyzer Security Analysis should handle mixed languages",
          "status": "passed",
          "title": "should handle mixed languages",
          "duration": 1.4690439999999398,
          "failureMessages": [],
          "meta": {}
        },
        {
          "ancestorTitles": [
            "SecurityAwareAnalyzer",
            "Issue Type Detection"
          ],
          "fullName": "SecurityAwareAnalyzer Issue Type Detection should detect security issues from title and body",
          "status": "passed",
          "title": "should detect security issues from title and body",
          "duration": 0.5455850000000737,
          "failureMessages": [],
          "meta": {}
        },
        {
          "ancestorTitles": [
            "SecurityAwareAnalyzer",
            "Issue Type Detection"
          ],
          "fullName": "SecurityAwareAnalyzer Issue Type Detection should detect bug issues",
          "status": "passed",
          "title": "should detect bug issues",
          "duration": 0.4089470000001256,
          "failureMessages": [],
          "meta": {}
        }
      ],
      "startTime": 1756407965521,
      "endTime": 1756407965548.409,
      "status": "passed",
      "message": "",
      "name": "/home/dylan/dev/rsolv/RSOLV-action/src/ai/__tests__/security-analyzer.test.ts"
    },
    {
      "assertionResults": [
        {
          "ancestorTitles": [
            "Validation Skip Logic",
            "shouldSkipValidation (correct logic)"
          ],
          "fullName": "Validation Skip Logic shouldSkipValidation (correct logic) should skip when fixValidation.enabled is false",
          "status": "passed",
          "title": "should skip when fixValidation.enabled is false",
          "duration": 0.3595570000002226,
          "failureMessages": [],
          "meta": {}
        },
        {
          "ancestorTitles": [
            "Validation Skip Logic",
            "shouldSkipValidation (correct logic)"
          ],
          "fullName": "Validation Skip Logic shouldSkipValidation (correct logic) should not skip when fixValidation.enabled is true",
          "status": "passed",
          "title": "should not skip when fixValidation.enabled is true",
          "duration": 0.10807400000021516,
          "failureMessages": [],
          "meta": {}
        },
        {
          "ancestorTitles": [
            "Validation Skip Logic",
            "shouldSkipValidation (correct logic)"
          ],
          "fullName": "Validation Skip Logic shouldSkipValidation (correct logic) should not skip when fixValidation.enabled is undefined",
          "status": "passed",
          "title": "should not skip when fixValidation.enabled is undefined",
          "duration": 0.06490999999959968,
          "failureMessages": [],
          "meta": {}
        },
        {
          "ancestorTitles": [
            "Validation Skip Logic",
            "buggyValidationCondition (current bug)"
          ],
          "fullName": "Validation Skip Logic buggyValidationCondition (current bug) FAILS to skip validation when DISABLE_FIX_VALIDATION is set but testGeneration.validateFixes is true",
          "status": "passed",
          "title": "FAILS to skip validation when DISABLE_FIX_VALIDATION is set but testGeneration.validateFixes is true",
          "duration": 0.07722799999964991,
          "failureMessages": [],
          "meta": {}
        },
        {
          "ancestorTitles": [
            "Validation Skip Logic",
            "buggyValidationCondition (current bug)"
          ],
          "fullName": "Validation Skip Logic buggyValidationCondition (current bug) correctly skips when both are false",
          "status": "passed",
          "title": "correctly skips when both are false",
          "duration": 0.05356099999971775,
          "failureMessages": [],
          "meta": {}
        },
        {
          "ancestorTitles": [
            "Validation Skip Logic",
            "Fixed validation condition"
          ],
          "fullName": "Validation Skip Logic Fixed validation condition should NOT enter validation when DISABLE_FIX_VALIDATION is set",
          "status": "passed",
          "title": "should NOT enter validation when DISABLE_FIX_VALIDATION is set",
          "duration": 0.06495500000028187,
          "failureMessages": [],
          "meta": {}
        },
        {
          "ancestorTitles": [
            "Validation Skip Logic",
            "Fixed validation condition"
          ],
          "fullName": "Validation Skip Logic Fixed validation condition should enter validation when fixValidation.enabled is true",
          "status": "passed",
          "title": "should enter validation when fixValidation.enabled is true",
          "duration": 0.049293000000034226,
          "failureMessages": [],
          "meta": {}
        },
        {
          "ancestorTitles": [
            "Validation Skip Logic",
            "Fixed validation condition"
          ],
          "fullName": "Validation Skip Logic Fixed validation condition should enter validation when testGeneration.validateFixes is true and not disabled",
          "status": "passed",
          "title": "should enter validation when testGeneration.validateFixes is true and not disabled",
          "duration": 0.047163000000182365,
          "failureMessages": [],
          "meta": {}
        },
        {
          "ancestorTitles": [
            "Validation Skip Logic",
            "Fixed validation condition"
          ],
          "fullName": "Validation Skip Logic Fixed validation condition should not enter validation when both are false/undefined",
          "status": "passed",
          "title": "should not enter validation when both are false/undefined",
          "duration": 0.06941100000040024,
          "failureMessages": [],
          "meta": {}
        }
      ],
      "startTime": 1756407966555,
      "endTime": 1756407966556.1082,
      "status": "passed",
      "message": "",
      "name": "/home/dylan/dev/rsolv/RSOLV-action/src/ai/__tests__/validation-skip-logic.test.ts"
    },
    {
      "assertionResults": [
        {
          "ancestorTitles": [
            "RFC-046: Multi-file Vulnerability Chunking",
            "Basic Chunking"
          ],
          "fullName": "RFC-046: Multi-file Vulnerability Chunking Basic Chunking should split 14-file vulnerability into chunks of 3",
          "status": "passed",
          "title": "should split 14-file vulnerability into chunks of 3",
          "duration": 0.6939359999998942,
          "failureMessages": [],
          "meta": {}
        },
        {
          "ancestorTitles": [
            "RFC-046: Multi-file Vulnerability Chunking",
            "Basic Chunking"
          ],
          "fullName": "RFC-046: Multi-file Vulnerability Chunking Basic Chunking should respect token limits per chunk",
          "status": "passed",
          "title": "should respect token limits per chunk",
          "duration": 0.31268699999986893,
          "failureMessages": [],
          "meta": {}
        },
        {
          "ancestorTitles": [
            "RFC-046: Multi-file Vulnerability Chunking",
            "Basic Chunking"
          ],
          "fullName": "RFC-046: Multi-file Vulnerability Chunking Basic Chunking should keep related files together when possible",
          "status": "passed",
          "title": "should keep related files together when possible",
          "duration": 0.20340999999984888,
          "failureMessages": [],
          "meta": {}
        },
        {
          "ancestorTitles": [
            "RFC-046: Multi-file Vulnerability Chunking",
            "Chunking Strategies"
          ],
          "fullName": "RFC-046: Multi-file Vulnerability Chunking Chunking Strategies should group files by module",
          "status": "passed",
          "title": "should group files by module",
          "duration": 0.2397480000001906,
          "failureMessages": [],
          "meta": {}
        },
        {
          "ancestorTitles": [
            "RFC-046: Multi-file Vulnerability Chunking",
            "Chunking Strategies"
          ],
          "fullName": "RFC-046: Multi-file Vulnerability Chunking Chunking Strategies should group files by severity",
          "status": "passed",
          "title": "should group files by severity",
          "duration": 0.15863800000010997,
          "failureMessages": [],
          "meta": {}
        },
        {
          "ancestorTitles": [
            "RFC-046: Multi-file Vulnerability Chunking",
            "Chunking Strategies"
          ],
          "fullName": "RFC-046: Multi-file Vulnerability Chunking Chunking Strategies should analyze file dependencies",
          "status": "passed",
          "title": "should analyze file dependencies",
          "duration": 0.2814730000000054,
          "failureMessages": [],
          "meta": {}
        },
        {
          "ancestorTitles": [
            "RFC-046: Multi-file Vulnerability Chunking",
            "Multi-PR Generation"
          ],
          "fullName": "RFC-046: Multi-file Vulnerability Chunking Multi-PR Generation should generate multiple PRs for chunked vulnerability",
          "status": "passed",
          "title": "should generate multiple PRs for chunked vulnerability",
          "duration": 7.57861899999989,
          "failureMessages": [],
          "meta": {}
        },
        {
          "ancestorTitles": [
            "RFC-046: Multi-file Vulnerability Chunking",
            "Multi-PR Generation"
          ],
          "fullName": "RFC-046: Multi-file Vulnerability Chunking Multi-PR Generation should link PRs in series with dependencies",
          "status": "passed",
          "title": "should link PRs in series with dependencies",
          "duration": 0.5606129999998757,
          "failureMessages": [],
          "meta": {}
        },
        {
          "ancestorTitles": [
            "RFC-046: Multi-file Vulnerability Chunking",
            "Complexity Analysis"
          ],
          "fullName": "RFC-046: Multi-file Vulnerability Chunking Complexity Analysis should calculate complexity based on file count",
          "status": "passed",
          "title": "should calculate complexity based on file count",
          "duration": 5.382744000000002,
          "failureMessages": [],
          "meta": {}
        },
        {
          "ancestorTitles": [
            "RFC-046: Multi-file Vulnerability Chunking",
            "Complexity Analysis"
          ],
          "fullName": "RFC-046: Multi-file Vulnerability Chunking Complexity Analysis should route complex vulnerabilities to manual guide",
          "status": "passed",
          "title": "should route complex vulnerabilities to manual guide",
          "duration": 0.48022500000001855,
          "failureMessages": [],
          "meta": {}
        },
        {
          "ancestorTitles": [
            "RFC-046: Multi-file Vulnerability Chunking",
            "Special Handlers"
          ],
          "fullName": "RFC-046: Multi-file Vulnerability Chunking Special Handlers should handle hardcoded secrets with environment variables",
          "status": "passed",
          "title": "should handle hardcoded secrets with environment variables",
          "duration": 8.680808999999954,
          "failureMessages": [],
          "meta": {}
        },
        {
          "ancestorTitles": [
            "RFC-046: Multi-file Vulnerability Chunking",
            "Special Handlers"
          ],
          "fullName": "RFC-046: Multi-file Vulnerability Chunking Special Handlers should not break functionality when removing secrets",
          "status": "passed",
          "title": "should not break functionality when removing secrets",
          "duration": 0.9103840000000218,
          "failureMessages": [],
          "meta": {}
        }
      ],
      "startTime": 1756407965386,
      "endTime": 1756407965411.9104,
      "status": "passed",
      "message": "",
      "name": "/home/dylan/dev/rsolv/RSOLV-action/src/chunking/__tests__/vulnerability-chunker.test.ts"
    },
    {
      "assertionResults": [
        {
          "ancestorTitles": [
            "Container Run"
          ],
          "fullName": "Container Run should run command successfully",
          "status": "passed",
          "title": "should run command successfully",
          "duration": 1.0890119999999115,
          "failureMessages": [],
          "meta": {}
        },
        {
          "ancestorTitles": [
            "Container Run"
          ],
          "fullName": "Container Run should fail when containers are disabled",
          "status": "passed",
          "title": "should fail when containers are disabled",
          "duration": 1.3398929999998472,
          "failureMessages": [],
          "meta": {}
        },
        {
          "ancestorTitles": [
            "Container Run"
          ],
          "fullName": "Container Run should create and clean up temporary directory",
          "status": "passed",
          "title": "should create and clean up temporary directory",
          "duration": 0.5787439999999151,
          "failureMessages": [],
          "meta": {}
        },
        {
          "ancestorTitles": [
            "Container Run"
          ],
          "fullName": "Container Run should use provided working directory",
          "status": "passed",
          "title": "should use provided working directory",
          "duration": 1.0242209999996703,
          "failureMessages": [],
          "meta": {}
        },
        {
          "ancestorTitles": [
            "Container Run"
          ],
          "fullName": "Container Run should handle command execution failure",
          "status": "passed",
          "title": "should handle command execution failure",
          "duration": 0.5364700000000084,
          "failureMessages": [],
          "meta": {}
        },
        {
          "ancestorTitles": [
            "Container Run"
          ],
          "fullName": "Container Run should include environment variables in Docker command",
          "status": "passed",
          "title": "should include environment variables in Docker command",
          "duration": 0.387431000000106,
          "failureMessages": [],
          "meta": {}
        },
        {
          "ancestorTitles": [
            "Container Run"
          ],
          "fullName": "Container Run should apply resource limits",
          "status": "passed",
          "title": "should apply resource limits",
          "duration": 0.5921880000000783,
          "failureMessages": [],
          "meta": {}
        },
        {
          "ancestorTitles": [
            "Container Run"
          ],
          "fullName": "Container Run should add security options",
          "status": "passed",
          "title": "should add security options",
          "duration": 0.3316310000000158,
          "failureMessages": [],
          "meta": {}
        },
        {
          "ancestorTitles": [
            "Container Run"
          ],
          "fullName": "Container Run should handle volume mounts",
          "status": "passed",
          "title": "should handle volume mounts",
          "duration": 0.5026119999997718,
          "failureMessages": [],
          "meta": {}
        },
        {
          "ancestorTitles": [
            "Container Run"
          ],
          "fullName": "Container Run should escape shell arguments properly",
          "status": "passed",
          "title": "should escape shell arguments properly",
          "duration": 0.40667400000029374,
          "failureMessages": [],
          "meta": {}
        },
        {
          "ancestorTitles": [
            "Container Run"
          ],
          "fullName": "Container Run should use custom timeout",
          "status": "passed",
          "title": "should use custom timeout",
          "duration": 0.31655399999999645,
          "failureMessages": [],
          "meta": {}
        },
        {
          "ancestorTitles": [
            "Container Run"
          ],
          "fullName": "Container Run should handle timeout errors",
          "status": "passed",
          "title": "should handle timeout errors",
          "duration": 0.4059500000003027,
          "failureMessages": [],
          "meta": {}
        }
      ],
      "startTime": 1756407966094,
      "endTime": 1756407966102.406,
      "status": "passed",
      "message": "",
      "name": "/home/dylan/dev/rsolv/RSOLV-action/src/containers/__tests__/run.test.ts"
    },
    {
      "assertionResults": [
        {
          "ancestorTitles": [
            "RSOLVCredentialManager",
            "initialize"
          ],
          "fullName": "RSOLVCredentialManager initialize should exchange RSOLV API key for temporary credentials",
          "status": "passed",
          "title": "should exchange RSOLV API key for temporary credentials",
          "duration": 2.0380609999999706,
          "failureMessages": [],
          "meta": {}
        },
        {
          "ancestorTitles": [
            "RSOLVCredentialManager",
            "initialize"
          ],
          "fullName": "RSOLVCredentialManager initialize should throw error on failed API response",
          "status": "passed",
          "title": "should throw error on failed API response",
          "duration": 4.3415809999999055,
          "failureMessages": [],
          "meta": {}
        },
        {
          "ancestorTitles": [
            "RSOLVCredentialManager",
            "initialize"
          ],
          "fullName": "RSOLVCredentialManager initialize should throw error on network failure",
          "status": "passed",
          "title": "should throw error on network failure",
          "duration": 1.3027230000000145,
          "failureMessages": [],
          "meta": {}
        },
        {
          "ancestorTitles": [
            "RSOLVCredentialManager",
            "initialize"
          ],
          "fullName": "RSOLVCredentialManager initialize should schedule credential refresh before expiration",
          "status": "passed",
          "title": "should schedule credential refresh before expiration",
          "duration": 0.48253299999987576,
          "failureMessages": [],
          "meta": {}
        },
        {
          "ancestorTitles": [
            "RSOLVCredentialManager",
            "getCredential"
          ],
          "fullName": "RSOLVCredentialManager getCredential should return valid credential",
          "status": "passed",
          "title": "should return valid credential",
          "duration": 1.0695749999999862,
          "failureMessages": [],
          "meta": {}
        },
        {
          "ancestorTitles": [
            "RSOLVCredentialManager",
            "getCredential"
          ],
          "fullName": "RSOLVCredentialManager getCredential should throw error for expired credential",
          "status": "passed",
          "title": "should throw error for expired credential",
          "duration": 0.9491510000000289,
          "failureMessages": [],
          "meta": {}
        },
        {
          "ancestorTitles": [
            "RSOLVCredentialManager",
            "getCredential"
          ],
          "fullName": "RSOLVCredentialManager getCredential should throw error for non-existent provider",
          "status": "passed",
          "title": "should throw error for non-existent provider",
          "duration": 0.8065400000000409,
          "failureMessages": [],
          "meta": {}
        },
        {
          "ancestorTitles": [
            "RSOLVCredentialManager",
            "reportUsage"
          ],
          "fullName": "RSOLVCredentialManager reportUsage should report usage metrics",
          "status": "passed",
          "title": "should report usage metrics",
          "duration": 1.1035389999999552,
          "failureMessages": [],
          "meta": {}
        },
        {
          "ancestorTitles": [
            "RSOLVCredentialManager",
            "reportUsage"
          ],
          "fullName": "RSOLVCredentialManager reportUsage should handle usage reporting failure gracefully",
          "status": "passed",
          "title": "should handle usage reporting failure gracefully",
          "duration": 0.6018179999998665,
          "failureMessages": [],
          "meta": {}
        },
        {
          "ancestorTitles": [
            "RSOLVCredentialManager",
            "cleanup"
          ],
          "fullName": "RSOLVCredentialManager cleanup should clear credentials and cancel refresh timers",
          "status": "passed",
          "title": "should clear credentials and cancel refresh timers",
          "duration": 1.2933790000001864,
          "failureMessages": [],
          "meta": {}
        }
      ],
      "startTime": 1756407965343,
      "endTime": 1756407965357.2935,
      "status": "passed",
      "message": "",
      "name": "/home/dylan/dev/rsolv/RSOLV-action/src/credentials/__tests__/manager.test.ts"
    },
    {
      "assertionResults": [
        {
          "ancestorTitles": [
            "PR Integration with Fix Attempt Recording"
          ],
          "fullName": "PR Integration with Fix Attempt Recording should record fix attempt after successful PR creation",
          "status": "passed",
          "title": "should record fix attempt after successful PR creation",
          "duration": 1.2074639999998453,
          "failureMessages": [],
          "meta": {}
        },
        {
          "ancestorTitles": [
            "PR Integration with Fix Attempt Recording"
          ],
          "fullName": "PR Integration with Fix Attempt Recording should handle PR without issue reference",
          "status": "passed",
          "title": "should handle PR without issue reference",
          "duration": 0.7447740000000067,
          "failureMessages": [],
          "meta": {}
        },
        {
          "ancestorTitles": [
            "PR Integration with Fix Attempt Recording"
          ],
          "fullName": "PR Integration with Fix Attempt Recording should handle API errors gracefully without failing PR creation",
          "status": "passed",
          "title": "should handle API errors gracefully without failing PR creation",
          "duration": 0.31213400000001457,
          "failureMessages": [],
          "meta": {}
        },
        {
          "ancestorTitles": [
            "PR Integration with Fix Attempt Recording"
          ],
          "fullName": "PR Integration with Fix Attempt Recording should handle network errors gracefully",
          "status": "passed",
          "title": "should handle network errors gracefully",
          "duration": 0.21266999999988911,
          "failureMessages": [],
          "meta": {}
        },
        {
          "ancestorTitles": [
            "PR Integration with Fix Attempt Recording"
          ],
          "fullName": "PR Integration with Fix Attempt Recording should use environment variables for configuration",
          "status": "passed",
          "title": "should use environment variables for configuration",
          "duration": 0.2649499999999989,
          "failureMessages": [],
          "meta": {}
        }
      ],
      "startTime": 1756407965494,
      "endTime": 1756407965496.3123,
      "status": "passed",
      "message": "",
      "name": "/home/dylan/dev/rsolv/RSOLV-action/src/external/__tests__/pr-integration.test.ts"
    },
    {
      "assertionResults": [
        {
          "ancestorTitles": [
            "Feedback Types"
          ],
          "fullName": "Feedback Types should allow creating a valid FeedbackEvent",
          "status": "passed",
          "title": "should allow creating a valid FeedbackEvent",
          "duration": 0.3726510000001326,
          "failureMessages": [],
          "meta": {}
        },
        {
          "ancestorTitles": [
            "Feedback Types"
          ],
          "fullName": "Feedback Types should allow creating a valid FeedbackEvent with modifications",
          "status": "passed",
          "title": "should allow creating a valid FeedbackEvent with modifications",
          "duration": 0.15522199999986697,
          "failureMessages": [],
          "meta": {}
        },
        {
          "ancestorTitles": [
            "Feedback Types"
          ],
          "fullName": "Feedback Types should allow creating a valid PromptEnhancementContext",
          "status": "passed",
          "title": "should allow creating a valid PromptEnhancementContext",
          "duration": 0.23783099999991464,
          "failureMessages": [],
          "meta": {}
        },
        {
          "ancestorTitles": [
            "Feedback Types"
          ],
          "fullName": "Feedback Types should enforce proper enumeration values",
          "status": "passed",
          "title": "should enforce proper enumeration values",
          "duration": 0.2806030000001556,
          "failureMessages": [],
          "meta": {}
        }
      ],
      "startTime": 1756407966585,
      "endTime": 1756407966585.3726,
      "status": "passed",
      "message": "",
      "name": "/home/dylan/dev/rsolv/RSOLV-action/src/feedback/__tests__/types.test.ts"
    },
    {
      "assertionResults": [
        {
          "ancestorTitles": [
            "Phase Decomposition - processIssueWithGit refactoring",
            "Scan Phase Extraction"
          ],
          "fullName": "Phase Decomposition - processIssueWithGit refactoring Scan Phase Extraction executeScanForIssue should analyze issue and determine if fixable",
          "status": "passed",
          "title": "executeScanForIssue should analyze issue and determine if fixable",
          "duration": 90.387066,
          "failureMessages": [],
          "meta": {}
        },
        {
          "ancestorTitles": [
            "Phase Decomposition - processIssueWithGit refactoring",
            "Scan Phase Extraction"
          ],
          "fullName": "Phase Decomposition - processIssueWithGit refactoring Scan Phase Extraction executeScanForIssue should fail if git has uncommitted changes",
          "status": "passed",
          "title": "executeScanForIssue should fail if git has uncommitted changes",
          "duration": 1.0820660000000544,
          "failureMessages": [],
          "meta": {}
        },
        {
          "ancestorTitles": [
            "Phase Decomposition - processIssueWithGit refactoring",
            "Scan Phase Extraction"
          ],
          "fullName": "Phase Decomposition - processIssueWithGit refactoring Scan Phase Extraction executeScanForIssue should store scan results in PhaseDataClient",
          "status": "passed",
          "title": "executeScanForIssue should store scan results in PhaseDataClient",
          "duration": 2.8193209999999453,
          "failureMessages": [],
          "meta": {}
        },
        {
          "ancestorTitles": [
            "Phase Decomposition - processIssueWithGit refactoring",
            "Validate Phase Extraction"
          ],
          "fullName": "Phase Decomposition - processIssueWithGit refactoring Validate Phase Extraction executeValidateForIssue should generate tests for vulnerability",
          "status": "passed",
          "title": "executeValidateForIssue should generate tests for vulnerability",
          "duration": 29.912564999999972,
          "failureMessages": [],
          "meta": {}
        },
        {
          "ancestorTitles": [
            "Phase Decomposition - processIssueWithGit refactoring",
            "Validate Phase Extraction"
          ],
          "fullName": "Phase Decomposition - processIssueWithGit refactoring Validate Phase Extraction executeValidateForIssue should use TestGeneratingSecurityAnalyzer",
          "status": "passed",
          "title": "executeValidateForIssue should use TestGeneratingSecurityAnalyzer",
          "duration": 47.37958299999991,
          "failureMessages": [],
          "meta": {}
        },
        {
          "ancestorTitles": [
            "Phase Decomposition - processIssueWithGit refactoring",
            "Validate Phase Extraction"
          ],
[...]
          "fullName": "OllamaClient should analyze an issue and return analysis data",
          "status": "passed",
          "title": "should analyze an issue and return analysis data",
          "duration": 0.42709999999988213,
          "failureMessages": [],
          "meta": {}
        },
        {
          "ancestorTitles": [
            "OllamaClient"
          ],
          "fullName": "OllamaClient should generate a solution and return PR data",
          "status": "passed",
          "title": "should generate a solution and return PR data",
          "duration": 0.4715160000000651,
          "failureMessages": [],
          "meta": {}
        },
        {
          "ancestorTitles": [
            "OllamaClient"
          ],
          "fullName": "OllamaClient should handle JSON in code blocks from API response",
          "status": "passed",
          "title": "should handle JSON in code blocks from API response",
          "duration": 0.5176089999999931,
          "failureMessages": [],
          "meta": {}
        },
        {
          "ancestorTitles": [
            "OllamaClient"
          ],
          "fullName": "OllamaClient should handle API errors and fallback to mock data in test mode",
          "status": "passed",
          "title": "should handle API errors and fallback to mock data in test mode",
          "duration": 0.25306099999988874,
          "failureMessages": [],
          "meta": {}
        }
      ],
      "startTime": 1756407979850,
      "endTime": 1756407979852.5176,
      "status": "passed",
      "message": "",
      "name": "/home/dylan/dev/rsolv/RSOLV-action/src/ai/providers/__tests__/ollama.test.ts"
    },
    {
      "assertionResults": [
        {
          "ancestorTitles": [
            "PhaseDataClient",
            "storePhaseResults"
          ],
          "fullName": "PhaseDataClient storePhaseResults should store phase results successfully",
          "status": "passed",
          "title": "should store phase results successfully",
          "duration": 4.765593000000081,
          "failureMessages": [],
          "meta": {}
        },
        {
          "ancestorTitles": [
            "PhaseDataClient",
            "storePhaseResults"
          ],
          "fullName": "PhaseDataClient storePhaseResults should include API key in headers",
          "status": "passed",
          "title": "should include API key in headers",
          "duration": 1.5727419999998347,
          "failureMessages": [],
          "meta": {}
        },
        {
          "ancestorTitles": [
            "PhaseDataClient",
            "storePhaseResults"
          ],
          "fullName": "PhaseDataClient storePhaseResults should fall back to local storage on API failure",
          "status": "passed",
          "title": "should fall back to local storage on API failure",
          "duration": 5.284288999999944,
          "failureMessages": [],
          "meta": {}
        },
        {
          "ancestorTitles": [
            "PhaseDataClient",
            "retrievePhaseResults"
          ],
          "fullName": "PhaseDataClient retrievePhaseResults should retrieve phase results successfully",
          "status": "passed",
          "title": "should retrieve phase results successfully",
          "duration": 1.6538840000000619,
          "failureMessages": [],
          "meta": {}
        },
        {
          "ancestorTitles": [
            "PhaseDataClient",
            "retrievePhaseResults"
          ],
          "fullName": "PhaseDataClient retrievePhaseResults should return null for 404 responses",
          "status": "passed",
          "title": "should return null for 404 responses",
          "duration": 0.68166999999994,
          "failureMessages": [],
          "meta": {}
        },
        {
          "ancestorTitles": [
            "PhaseDataClient",
            "retrievePhaseResults"
          ],
          "fullName": "PhaseDataClient retrievePhaseResults should fall back to local storage on API error",
          "status": "passed",
          "title": "should fall back to local storage on API error",
          "duration": 0.9869120000000748,
          "failureMessages": [],
          "meta": {}
        },
        {
          "ancestorTitles": [
            "PhaseDataClient",
            "validatePhaseTransition"
          ],
          "fullName": "PhaseDataClient validatePhaseTransition should validate allowed phase transitions",
          "status": "passed",
          "title": "should validate allowed phase transitions",
          "duration": 0.519982999999911,
          "failureMessages": [],
          "meta": {}
        },
        {
          "ancestorTitles": [
            "PhaseDataClient",
            "validatePhaseTransition"
          ],
          "fullName": "PhaseDataClient validatePhaseTransition should reject transition if commit has changed",
          "status": "passed",
          "title": "should reject transition if commit has changed",
          "duration": 0.22441900000012538,
          "failureMessages": [],
          "meta": {}
        }
      ],
      "startTime": 1756407979559,
      "endTime": 1756407979575.52,
      "status": "passed",
      "message": "",
      "name": "/home/dylan/dev/rsolv/RSOLV-action/src/modes/phase-data-client/__tests__/client.test.ts"
    },
    {
      "assertionResults": [
        {
          "ancestorTitles": [
            "File Extraction from Vulnerabilities"
          ],
          "fullName": "File Extraction from Vulnerabilities should extract from file property",
          "status": "passed",
          "title": "should extract from file property",
          "duration": 0.6002260000000206,
          "failureMessages": [],
          "meta": {}
        },
        {
          "ancestorTitles": [
            "File Extraction from Vulnerabilities"
          ],
          "fullName": "File Extraction from Vulnerabilities should extract from files array",
          "status": "passed",
          "title": "should extract from files array",
          "duration": 0.3579429999999775,
          "failureMessages": [],
          "meta": {}
        },
        {
          "ancestorTitles": [
            "File Extraction from Vulnerabilities"
          ],
          "fullName": "File Extraction from Vulnerabilities should extract from path property",
          "status": "passed",
          "title": "should extract from path property",
          "duration": 0.1962069999999585,
          "failureMessages": [],
          "meta": {}
        },
        {
          "ancestorTitles": [
            "File Extraction from Vulnerabilities"
          ],
          "fullName": "File Extraction from Vulnerabilities should extract from nested location",
          "status": "passed",
          "title": "should extract from nested location",
          "duration": 0.15299099999992904,
          "failureMessages": [],
          "meta": {}
        },
        {
          "ancestorTitles": [
            "File Extraction from Vulnerabilities"
          ],
          "fullName": "File Extraction from Vulnerabilities should handle empty vulnerabilities",
          "status": "passed",
          "title": "should handle empty vulnerabilities",
          "duration": 0.1175319999997555,
          "failureMessages": [],
          "meta": {}
        },
        {
          "ancestorTitles": [
            "File Extraction from Vulnerabilities"
          ],
          "fullName": "File Extraction from Vulnerabilities should handle vulnerabilities with no file info",
          "status": "passed",
          "title": "should handle vulnerabilities with no file info",
          "duration": 0.1877129999998033,
          "failureMessages": [],
          "meta": {}
        },
        {
          "ancestorTitles": [
            "File Extraction from Vulnerabilities"
          ],
          "fullName": "File Extraction from Vulnerabilities should deduplicate files",
          "status": "passed",
          "title": "should deduplicate files",
          "duration": 0.17398000000002867,
          "failureMessages": [],
          "meta": {}
        },
        {
          "ancestorTitles": [
            "File Extraction from Vulnerabilities"
          ],
          "fullName": "File Extraction from Vulnerabilities should handle mixed structures",
          "status": "passed",
          "title": "should handle mixed structures",
          "duration": 0.2419089999998505,
          "failureMessages": [],
          "meta": {}
        }
      ],
      "startTime": 1756407980113,
      "endTime": 1756407980115.242,
      "status": "passed",
      "message": "",
      "name": "/home/dylan/dev/rsolv/RSOLV-action/src/modes/phase-executor/__tests__/file-extraction.test.ts"
    },
    {
      "assertionResults": [
        {
          "ancestorTitles": [
            "PhaseExecutor - Mitigate Phase Credential Handling"
          ],
          "fullName": "PhaseExecutor - Mitigate Phase Credential Handling should pass rsolvApiKey and useVendedCredentials to processIssues",
          "status": "passed",
          "title": "should pass rsolvApiKey and useVendedCredentials to processIssues",
          "duration": 56.90560800000003,
          "failureMessages": [],
          "meta": {}
        },
        {
          "ancestorTitles": [
            "PhaseExecutor - Mitigate Phase Credential Handling"
          ],
          "fullName": "PhaseExecutor - Mitigate Phase Credential Handling should fail gracefully when rsolvApiKey is missing but vended credentials are enabled",
          "status": "passed",
          "title": "should fail gracefully when rsolvApiKey is missing but vended credentials are enabled",
          "duration": 6.378471999999874,
          "failureMessages": [],
          "meta": {}
        }
      ],
      "startTime": 1756407979757,
      "endTime": 1756407979820.3784,
      "status": "passed",
      "message": "",
      "name": "/home/dylan/dev/rsolv/RSOLV-action/src/modes/phase-executor/__tests__/mitigate-credentials.test.ts"
    },
    {
      "assertionResults": [
        {
          "ancestorTitles": [
            "ElixirASTAnalyzer - Encryption",
            "encryption integration"
          ],
          "fullName": "ElixirASTAnalyzer - Encryption encryption integration should encrypt files before sending to API",
          "status": "failed",
          "title": "should encrypt files before sending to API",
          "duration": 1.4411039999999957,
          "failureMessages": [
            "TypeError: analyzer.analyzeFiles is not a function\n    at /home/dylan/dev/rsolv/RSOLV-action/src/security/analyzers/__tests__/elixir-ast-analyzer-encryption.test.ts:57:22\n    at file:///home/dylan/dev/rsolv/RSOLV-action/node_modules/@vitest/runner/dist/chunk-hooks.js:155:11\n    at file:///home/dylan/dev/rsolv/RSOLV-action/node_modules/@vitest/runner/dist/chunk-hooks.js:752:26\n    at file:///home/dylan/dev/rsolv/RSOLV-action/node_modules/@vitest/runner/dist/chunk-hooks.js:1897:20\n    at new Promise (<anonymous>)\n    at runWithTimeout (file:///home/dylan/dev/rsolv/RSOLV-action/node_modules/@vitest/runner/dist/chunk-hooks.js:1863:10)\n    at runTest (file:///home/dylan/dev/rsolv/RSOLV-action/node_modules/@vitest/runner/dist/chunk-hooks.js:1574:12)\n    at processTicksAndRejections (node:internal/process/task_queues:105:5)\n    at runSuite (file:///home/dylan/dev/rsolv/RSOLV-action/node_modules/@vitest/runner/dist/chunk-hooks.js:1729:8)\n    at runSuite (file:///home/dylan/dev/rsolv/RSOLV-action/node_modules/@vitest/runner/dist/chunk-hooks.js:1729:8)"
          ],
          "meta": {}
        },
        {
          "ancestorTitles": [
            "ElixirASTAnalyzer - Encryption",
            "encryption integration"
          ],
          "fullName": "ElixirASTAnalyzer - Encryption encryption integration should use AES-256-GCM encryption",
          "status": "failed",
          "title": "should use AES-256-GCM encryption",
          "duration": 0.7286959999996725,
          "failureMessages": [
            "TypeError: analyzer.analyzeFiles is not a function\n    at /home/dylan/dev/rsolv/RSOLV-action/src/security/analyzers/__tests__/elixir-ast-analyzer-encryption.test.ts:87:22\n    at file:///home/dylan/dev/rsolv/RSOLV-action/node_modules/@vitest/runner/dist/chunk-hooks.js:155:11\n    at file:///home/dylan/dev/rsolv/RSOLV-action/node_modules/@vitest/runner/dist/chunk-hooks.js:752:26\n    at file:///home/dylan/dev/rsolv/RSOLV-action/node_modules/@vitest/runner/dist/chunk-hooks.js:1897:20\n    at new Promise (<anonymous>)\n    at runWithTimeout (file:///home/dylan/dev/rsolv/RSOLV-action/node_modules/@vitest/runner/dist/chunk-hooks.js:1863:10)\n    at runTest (file:///home/dylan/dev/rsolv/RSOLV-action/node_modules/@vitest/runner/dist/chunk-hooks.js:1574:12)\n    at processTicksAndRejections (node:internal/process/task_queues:105:5)\n    at runSuite (file:///home/dylan/dev/rsolv/RSOLV-action/node_modules/@vitest/runner/dist/chunk-hooks.js:1729:8)\n    at runSuite (file:///home/dylan/dev/rsolv/RSOLV-action/node_modules/@vitest/runner/dist/chunk-hooks.js:1729:8)"
          ],
          "meta": {}
        },
        {
          "ancestorTitles": [
            "ElixirASTAnalyzer - Encryption",
            "decryption of responses"
          ],
          "fullName": "ElixirASTAnalyzer - Encryption decryption of responses should decrypt API responses when encryption is used",
          "status": "failed",
          "title": "should decrypt API responses when encryption is used",
          "duration": 1.1559070000002976,
          "failureMessages": [
            "TypeError: analyzer.analyzeFiles is not a function\n    at /home/dylan/dev/rsolv/RSOLV-action/src/security/analyzers/__tests__/elixir-ast-analyzer-encryption.test.ts:143:37\n    at file:///home/dylan/dev/rsolv/RSOLV-action/node_modules/@vitest/runner/dist/chunk-hooks.js:155:11\n    at file:///home/dylan/dev/rsolv/RSOLV-action/node_modules/@vitest/runner/dist/chunk-hooks.js:752:26\n    at file:///home/dylan/dev/rsolv/RSOLV-action/node_modules/@vitest/runner/dist/chunk-hooks.js:1897:20\n    at new Promise (<anonymous>)\n    at runWithTimeout (file:///home/dylan/dev/rsolv/RSOLV-action/node_modules/@vitest/runner/dist/chunk-hooks.js:1863:10)\n    at runTest (file:///home/dylan/dev/rsolv/RSOLV-action/node_modules/@vitest/runner/dist/chunk-hooks.js:1574:12)\n    at processTicksAndRejections (node:internal/process/task_queues:105:5)\n    at runSuite (file:///home/dylan/dev/rsolv/RSOLV-action/node_modules/@vitest/runner/dist/chunk-hooks.js:1729:8)\n    at runSuite (file:///home/dylan/dev/rsolv/RSOLV-action/node_modules/@vitest/runner/dist/chunk-hooks.js:1729:8)"
          ],
          "meta": {}
        }
      ],
      "startTime": 1756407979943,
      "endTime": 1756407979946.156,
      "status": "failed",
      "message": "",
      "name": "/home/dylan/dev/rsolv/RSOLV-action/src/security/analyzers/__tests__/elixir-ast-analyzer-encryption.test.ts"
    },
    {
      "assertionResults": [
        {
          "ancestorTitles": [
            "FileSelector",
            "selectFiles"
          ],
          "fullName": "FileSelector selectFiles should respect maxFiles limit",
          "status": "passed",
          "title": "should respect maxFiles limit",
          "duration": 1.830067999999983,
          "failureMessages": [],
          "meta": {}
        },
        {
          "ancestorTitles": [
            "FileSelector",
            "selectFiles"
          ],
          "fullName": "FileSelector selectFiles should exclude default patterns",
          "status": "passed",
          "title": "should exclude default patterns",
          "duration": 0.5915010000001075,
          "failureMessages": [],
          "meta": {}
        },
        {
          "ancestorTitles": [
            "FileSelector",
            "selectFiles"
          ],
          "fullName": "FileSelector selectFiles should filter by language when specified",
          "status": "passed",
          "title": "should filter by language when specified",
          "duration": 0.40344600000003084,
          "failureMessages": [],
          "meta": {}
        },
        {
          "ancestorTitles": [
            "FileSelector",
            "selectFiles"
          ],
          "fullName": "FileSelector selectFiles should respect maxFileSize",
          "status": "passed",
          "title": "should respect maxFileSize",
          "duration": 0.3314430000000357,
          "failureMessages": [],
          "meta": {}
        },
        {
          "ancestorTitles": [
            "FileSelector",
            "selectFiles"
          ],
          "fullName": "FileSelector selectFiles should prioritize changed files",
          "status": "passed",
          "title": "should prioritize changed files",
          "duration": 0.2519600000000537,
          "failureMessages": [],
          "meta": {}
        },
        {
          "ancestorTitles": [
            "FileSelector",
            "selectFiles"
          ],
          "fullName": "FileSelector selectFiles should prioritize security-relevant files",
          "status": "passed",
          "title": "should prioritize security-relevant files",
          "duration": 0.20395800000005693,
          "failureMessages": [],
          "meta": {}
        },
        {
          "ancestorTitles": [
            "FileSelector",
            "selectFiles"
          ],
          "fullName": "FileSelector selectFiles should deprioritize test files",
          "status": "passed",
          "title": "should deprioritize test files",
          "duration": 0.26833800000008523,
          "failureMessages": [],
          "meta": {}
        },
        {
          "ancestorTitles": [
            "FileSelector",
            "selectFiles"
          ],
          "fullName": "FileSelector selectFiles should include all file metadata",
          "status": "passed",
          "title": "should include all file metadata",
          "duration": 0.24263900000005378,
          "failureMessages": [],
          "meta": {}
        },
        {
          "ancestorTitles": [
            "FileSelector",
            "selectFiles"
          ],
          "fullName": "FileSelector selectFiles should handle custom exclude patterns",
          "status": "passed",
          "title": "should handle custom exclude patterns",
          "duration": 0.29452999999989515,
          "failureMessages": [],
          "meta": {}
        },
        {
          "ancestorTitles": [
            "FileSelector",
            "selectFiles"
          ],
          "fullName": "FileSelector selectFiles should detect Elixir files",
          "status": "passed",
          "title": "should detect Elixir files",
          "duration": 0.19367099999999482,
          "failureMessages": [],
          "meta": {}
        },
        {
          "ancestorTitles": [
            "FileSelector",
            "selectDiverseFiles"
          ],
          "fullName": "FileSelector selectDiverseFiles should select files from multiple languages",
          "status": "passed",
          "title": "should select files from multiple languages",
          "duration": 0.3734340000000884,
          "failureMessages": [],
          "meta": {}
        },
        {
          "ancestorTitles": [
            "FileSelector",
            "selectDiverseFiles"
          ],
          "fullName": "FileSelector selectDiverseFiles should distribute slots evenly across languages",
          "status": "passed",
          "title": "should distribute slots evenly across languages",
          "duration": 0.27804300000002513,
          "failureMessages": [],
          "meta": {}
        }
      ],
      "startTime": 1756407979484,
      "endTime": 1756407979489.3735,
      "status": "passed",
      "message": "",
      "name": "/home/dylan/dev/rsolv/RSOLV-action/src/security/analyzers/__tests__/file-selector.test.ts"
    }
  ],
  "passRate": "90.78%"
}