{
  "numTotalTestSuites": 608,
  "numPassedTestSuites": 605,
  "numFailedTestSuites": 3,
  "numPendingTestSuites": 0,
  "numTotalTests": 1012,
  "numPassedTests": 838,
  "numFailedTests": 2,
  "numPendingTests": 167,
  "numTodoTests": 0,
  "startTime": 1759804951726,
  "success": false,
  "testResults": [
    {
      "assertionResults": [
        {
          "ancestorTitles": [
            "Memory Investigation"
          ],
          "fullName": "Memory Investigation should check pattern loading without detection",
          "status": "passed",
          "title": "should check pattern loading without detection",
          "duration": 3.1700700000001234,
          "failureMessages": [],
          "meta": {}
        },
        {
          "ancestorTitles": [
            "Memory Investigation"
          ],
          "fullName": "Memory Investigation should test small code detection",
          "status": "passed",
          "title": "should test small code detection",
          "duration": 1.93897300000026,
          "failureMessages": [],
          "meta": {}
        },
        {
          "ancestorTitles": [
            "Memory Investigation"
          ],
          "fullName": "Memory Investigation should check AST interpreter directly",
          "status": "passed",
          "title": "should check AST interpreter directly",
          "duration": 0.6489380000002711,
          "failureMessages": [],
          "meta": {}
        }
      ],
      "startTime": 1759804964778,
      "endTime": 1759804964783.649,
      "status": "passed",
      "message": "",
      "name": "/home/dylan/dev/rsolv/RSOLV-action/test/memory-investigation.test.ts"
    },
    {
      "assertionResults": [
        {
          "ancestorTitles": [
            "GREEN Phase - Server AST Integration Working",
            "New Detector with Server AST"
          ],
          "fullName": "GREEN Phase - Server AST Integration Working New Detector with Server AST should use ElixirASTAnalyzer when API key is provided",
          "status": "passed",
          "title": "should use ElixirASTAnalyzer when API key is provided",
          "duration": 0.5567649999993591,
          "failureMessages": [],
          "meta": {}
        },
        {
          "ancestorTitles": [
            "GREEN Phase - Server AST Integration Working",
            "New Detector with Server AST"
          ],
          "fullName": "GREEN Phase - Server AST Integration Working New Detector with Server AST should fall back to client-side AST when no API key",
          "status": "passed",
          "title": "should fall back to client-side AST when no API key",
          "duration": 0.3997899999994843,
          "failureMessages": [],
          "meta": {}
        },
        {
          "ancestorTitles": [
            "GREEN Phase - Server AST Integration Working",
            "New Detector with Server AST"
          ],
          "fullName": "GREEN Phase - Server AST Integration Working New Detector with Server AST should support multiple languages with server AST",
          "status": "passed",
          "title": "should support multiple languages with server AST",
          "duration": 0.5065829999984999,
          "failureMessages": [],
          "meta": {}
        },
        {
          "ancestorTitles": [
            "GREEN Phase - Server AST Integration Working",
            "New Detector with Server AST"
          ],
          "fullName": "GREEN Phase - Server AST Integration Working New Detector with Server AST should only support JS/TS without server AST",
          "status": "passed",
          "title": "should only support JS/TS without server AST",
          "duration": 0.294119000000137,
          "failureMessages": [],
          "meta": {}
        },
        {
          "ancestorTitles": [
            "GREEN Phase - Server AST Integration Working",
            "Mock Server AST Detection"
          ],
          "fullName": "GREEN Phase - Server AST Integration Working Mock Server AST Detection should handle Python code through server AST",
          "status": "skipped",
          "title": "should handle Python code through server AST",
          "failureMessages": [],
          "meta": {}
        },
        {
          "ancestorTitles": [
            "GREEN Phase - Server AST Integration Working",
            "Mock Server AST Detection"
          ],
          "fullName": "GREEN Phase - Server AST Integration Working Mock Server AST Detection should reject unsupported languages gracefully",
          "status": "passed",
          "title": "should reject unsupported languages gracefully",
          "duration": 0.5318809999989753,
          "failureMessages": [],
          "meta": {}
        },
        {
          "ancestorTitles": [
            "GREEN Phase - Server AST Integration Working",
            "Configuration Options"
          ],
          "fullName": "GREEN Phase - Server AST Integration Working Configuration Options should respect useServerAST=false even with API key",
          "status": "passed",
          "title": "should respect useServerAST=false even with API key",
          "duration": 0.27006599999913306,
          "failureMessages": [],
          "meta": {}
        },
        {
          "ancestorTitles": [
            "GREEN Phase - Server AST Integration Working",
            "Configuration Options"
          ],
          "fullName": "GREEN Phase - Server AST Integration Working Configuration Options should use environment variables as fallback",
          "status": "passed",
          "title": "should use environment variables as fallback",
          "duration": 0.21284100000048056,
          "failureMessages": [],
          "meta": {}
        }
      ],
      "startTime": 1759804964675,
      "endTime": 1759804964677.27,
      "status": "passed",
      "message": "",
      "name": "/home/dylan/dev/rsolv/RSOLV-action/test/server-ast-green-phase.test.ts"
    },
    {
      "assertionResults": [
        {
          "ancestorTitles": [
            "Server-Side AST Integration",
            "AST Integration Tests"
          ],
          "fullName": "Server-Side AST Integration AST Integration Tests should use ASTPatternInterpreter for vulnerability detection",
          "status": "passed",
          "title": "should use ASTPatternInterpreter for vulnerability detection",
          "duration": 0.7354510000000118,
          "failureMessages": [],
          "meta": {}
        },
        {
          "ancestorTitles": [
            "Server-Side AST Integration",
            "AST Integration Tests"
          ],
          "fullName": "Server-Side AST Integration AST Integration Tests should detect JavaScript eval injection",
          "status": "passed",
          "title": "should detect JavaScript eval injection",
          "duration": 31.505296000000044,
          "failureMessages": [],
          "meta": {}
        },
        {
          "ancestorTitles": [
            "Server-Side AST Integration",
            "AST Integration Tests"
          ],
          "fullName": "Server-Side AST Integration AST Integration Tests should detect Python SQL injection via server AST",
          "status": "skipped",
          "title": "should detect Python SQL injection via server AST",
          "failureMessages": [],
          "meta": {}
        },
        {
          "ancestorTitles": [
            "Server-Side AST Integration",
            "AST Integration Tests"
          ],
          "fullName": "Server-Side AST Integration AST Integration Tests should detect Ruby command injection via server AST",
          "status": "skipped",
          "title": "should detect Ruby command injection via server AST",
          "failureMessages": [],
          "meta": {}
        },
        {
          "ancestorTitles": [
            "Server-Side AST Integration",
            "AST Integration Tests"
          ],
          "fullName": "Server-Side AST Integration AST Integration Tests should detect PHP XSS via server AST",
          "status": "skipped",
          "title": "should detect PHP XSS via server AST",
          "failureMessages": [],
          "meta": {}
        },
        {
          "ancestorTitles": [
            "Server-Side AST Integration",
            "AST Integration Tests"
          ],
          "fullName": "Server-Side AST Integration AST Integration Tests should achieve >90% accuracy on mixed language corpus",
          "status": "skipped",
          "title": "should achieve >90% accuracy on mixed language corpus",
          "failureMessages": [],
          "meta": {}
        },
        {
          "ancestorTitles": [
            "Server-Side AST Integration",
            "AST Integration Tests"
          ],
          "fullName": "Server-Side AST Integration AST Integration Tests should use server-side AST service endpoint",
          "status": "skipped",
          "title": "should use server-side AST service endpoint",
          "failureMessages": [],
          "meta": {}
        },
        {
          "ancestorTitles": [
            "Server-Side AST Integration",
            "Test Infrastructure"
          ],
          "fullName": "Server-Side AST Integration Test Infrastructure should have ElixirASTAnalyzer class available",
          "status": "passed",
          "title": "should have ElixirASTAnalyzer class available",
          "duration": 0.3587950000001001,
          "failureMessages": [],
          "meta": {}
        }
      ],
      "startTime": 1759804953796,
      "endTime": 1759804953829.359,
      "status": "passed",
      "message": "",
      "name": "/home/dylan/dev/rsolv/RSOLV-action/test/server-ast-integration.test.ts"
    },
    {
      "assertionResults": [
        {
          "ancestorTitles": [
            "Vendor Detection File Extraction (RFC-047 Fix)"
          ],
          "fullName": "Vendor Detection File Extraction (RFC-047 Fix) should extract files from vulnerabilities with singular \"file\" property",
          "status": "passed",
          "title": "should extract files from vulnerabilities with singular \"file\" property",
          "duration": 0.4461730000002717,
          "failureMessages": [],
          "meta": {}
        },
        {
          "ancestorTitles": [
            "Vendor Detection File Extraction (RFC-047 Fix)"
          ],
          "fullName": "Vendor Detection File Extraction (RFC-047 Fix) should extract files from vulnerabilities with plural \"files\" property",
          "status": "passed",
          "title": "should extract files from vulnerabilities with plural \"files\" property",
          "duration": 0.22085499999957392,
          "failureMessages": [],
          "meta": {}
        },
        {
          "ancestorTitles": [
            "Vendor Detection File Extraction (RFC-047 Fix)"
          ],
          "fullName": "Vendor Detection File Extraction (RFC-047 Fix) should handle mixed vulnerabilities with both file and files properties",
          "status": "passed",
          "title": "should handle mixed vulnerabilities with both file and files properties",
          "duration": 0.21764700000130688,
          "failureMessages": [],
          "meta": {}
        },
        {
          "ancestorTitles": [
            "Vendor Detection File Extraction (RFC-047 Fix)"
          ],
          "fullName": "Vendor Detection File Extraction (RFC-047 Fix) should return empty array for vulnerabilities without file properties",
          "status": "passed",
          "title": "should return empty array for vulnerabilities without file properties",
          "duration": 0.12369300000136718,
          "failureMessages": [],
          "meta": {}
        },
        {
          "ancestorTitles": [
            "Vendor Detection File Extraction (RFC-047 Fix)"
          ],
          "fullName": "Vendor Detection File Extraction (RFC-047 Fix) OLD BROKEN CODE: should demonstrate the bug",
          "status": "passed",
          "title": "OLD BROKEN CODE: should demonstrate the bug",
          "duration": 0.11356999999952677,
          "failureMessages": [],
          "meta": {}
        }
      ],
      "startTime": 1759804964717,
      "endTime": 1759804964718.1238,
      "status": "passed",
      "message": "",
      "name": "/home/dylan/dev/rsolv/RSOLV-action/test/vendor-detection-file-extraction.test.ts"
    },
    {
      "assertionResults": [
        {
          "ancestorTitles": [
            "Issue Limiting Logic"
          ],
          "fullName": "Issue Limiting Logic should slice issues array when maxIssues is set",
          "status": "passed",
          "title": "should slice issues array when maxIssues is set",
          "duration": 0.5962189999991097,
          "failureMessages": [],
          "meta": {}
        },
        {
          "ancestorTitles": [
            "Issue Limiting Logic"
          ],
          "fullName": "Issue Limiting Logic should return all issues when maxIssues is not set",
          "status": "passed",
          "title": "should return all issues when maxIssues is not set",
          "duration": 0.2573179999999411,
          "failureMessages": [],
          "meta": {}
        },
        {
          "ancestorTitles": [
            "Issue Limiting Logic"
          ],
          "fullName": "Issue Limiting Logic should return all issues when maxIssues is 0",
          "status": "passed",
          "title": "should return all issues when maxIssues is 0",
          "duration": 0.12054600000010396,
          "failureMessages": [],
          "meta": {}
        },
        {
          "ancestorTitles": [
            "Issue Limiting Logic"
          ],
          "fullName": "Issue Limiting Logic should return all issues when maxIssues is greater than issue count",
          "status": "passed",
          "title": "should return all issues when maxIssues is greater than issue count",
          "duration": 0.09982400000080816,
          "failureMessages": [],
          "meta": {}
        },
        {
          "ancestorTitles": [
            "Issue Limiting Logic"
          ],
          "fullName": "Issue Limiting Logic should handle single issue limit",
          "status": "passed",
          "title": "should handle single issue limit",
          "duration": 0.13177800000084972,
          "failureMessages": [],
          "meta": {}
        },
        {
          "ancestorTitles": [
            "Issue Limiting Logic"
          ],
          "fullName": "Issue Limiting Logic should handle exact match of maxIssues and issue count",
          "status": "passed",
          "title": "should handle exact match of maxIssues and issue count",
          "duration": 0.1170719999990979,
          "failureMessages": [],
          "meta": {}
        }
      ],
      "startTime": 1759804964726,
      "endTime": 1759804964727.2573,
      "status": "passed",
      "message": "",
      "name": "/home/dylan/dev/rsolv/RSOLV-action/src/__tests__/index-maxissues.test.ts"
    },
    {
      "assertionResults": [
        {
          "ancestorTitles": [
            "Workflow Timeout Behavior"
          ],
          "fullName": "Workflow Timeout Behavior should timeout workflow after 2 minutes",
          "status": "passed",
          "title": "should timeout workflow after 2 minutes",
          "duration": 100.93291999999997,
          "failureMessages": [],
          "meta": {}
        },
        {
          "ancestorTitles": [
            "Workflow Timeout Behavior"
          ],
          "fullName": "Workflow Timeout Behavior should complete successfully before timeout",
          "status": "passed",
          "title": "should complete successfully before timeout",
          "duration": 0.6140800000000581,
          "failureMessages": [],
          "meta": {}
        },
        {
          "ancestorTitles": [
            "Workflow Timeout Behavior"
          ],
          "fullName": "Workflow Timeout Behavior should handle no issues gracefully without timeout",
          "status": "passed",
          "title": "should handle no issues gracefully without timeout",
          "duration": 0.24545899999998255,
          "failureMessages": [],
          "meta": {}
        },
        {
          "ancestorTitles": [
            "Workflow Timeout Behavior"
          ],
          "fullName": "Workflow Timeout Behavior should include timeout information in error message",
          "status": "passed",
          "title": "should include timeout information in error message",
          "duration": 100.08972499999982,
          "failureMessages": [],
          "meta": {}
        },
        {
          "ancestorTitles": [
            "Workflow Timeout Behavior"
          ],
          "fullName": "Workflow Timeout Behavior should use configured processing options",
          "status": "passed",
          "title": "should use configured processing options",
          "duration": 0.7341480000000047,
          "failureMessages": [],
          "meta": {}
        }
      ],
      "startTime": 1759804953515,
      "endTime": 1759804953718.7341,
      "status": "passed",
      "message": "",
      "name": "/home/dylan/dev/rsolv/RSOLV-action/src/__tests__/workflow-timeout.test.ts"
    },
    {
      "assertionResults": [
        {
          "ancestorTitles": [
            "Validation Branch Persistence",
            "Phase 1 RED: Define expected behavior"
          ],
          "fullName": "Validation Branch Persistence Phase 1 RED: Define expected behavior should create a feature branch during validation",
          "status": "passed",
          "title": "should create a feature branch during validation",
          "duration": 43.39067499999999,
          "failureMessages": [],
          "meta": {}
        },
        {
          "ancestorTitles": [
            "Validation Branch Persistence",
            "Phase 1 RED: Define expected behavior"
          ],
          "fullName": "Validation Branch Persistence Phase 1 RED: Define expected behavior should commit generated red tests to the validation branch",
          "status": "passed",
          "title": "should commit generated red tests to the validation branch",
          "duration": 73.57422700000006,
          "failureMessages": [],
          "meta": {}
        },
        {
          "ancestorTitles": [
            "Validation Branch Persistence",
            "Phase 1 RED: Define expected behavior"
          ],
          "fullName": "Validation Branch Persistence Phase 1 RED: Define expected behavior should store branch name in validation results",
          "status": "passed",
          "title": "should store branch name in validation results",
          "duration": 42.186758000000054,
          "failureMessages": [],
          "meta": {}
        },
        {
          "ancestorTitles": [
            "Validation Branch Persistence",
            "Phase 1 RED: Define expected behavior"
          ],
          "fullName": "Validation Branch Persistence Phase 1 RED: Define expected behavior should checkout validation branch in mitigation phase",
          "status": "passed",
          "title": "should checkout validation branch in mitigation phase",
          "duration": 75.34461099999999,
          "failureMessages": [],
          "meta": {}
        },
        {
          "ancestorTitles": [
            "Validation Branch Persistence",
            "Phase 1 RED: Define expected behavior"
          ],
          "fullName": "Validation Branch Persistence Phase 1 RED: Define expected behavior should handle missing validation branch gracefully",
          "status": "passed",
          "title": "should handle missing validation branch gracefully",
          "duration": 35.744764999999916,
          "failureMessages": [],
          "meta": {}
        },
        {
          "ancestorTitles": [
            "Validation Branch Persistence",
            "Phase 1 RED: Define expected behavior"
          ],
          "fullName": "Validation Branch Persistence Phase 1 RED: Define expected behavior should preserve test files between validation and mitigation phases",
          "status": "passed",
          "title": "should preserve test files between validation and mitigation phases",
          "duration": 94.4582170000001,
          "failureMessages": [],
          "meta": {}
        }
      ],
      "startTime": 1759804952766,
      "endTime": 1759804953131.4583,
      "status": "passed",
      "message": "",
      "name": "/home/dylan/dev/rsolv/RSOLV-action/src/__tests__/modes/validation-branch-persistence.test.ts"
    },
    {
      "assertionResults": [
        {
          "ancestorTitles": [
            "Claude Code Live API Tests"
          ],
          "fullName": "Claude Code Live API Tests should check if Claude Code CLI is actually available",
          "status": "passed",
          "title": "should check if Claude Code CLI is actually available",
          "duration": 1.2994849999995495,
          "failureMessages": [],
          "meta": {}
        },
        {
          "ancestorTitles": [
            "Claude Code Live API Tests"
          ],
          "fullName": "Claude Code Live API Tests should generate real solution using Claude Code",
          "status": "passed",
          "title": "should generate real solution using Claude Code",
          "duration": 3168.4526529999994,
          "failureMessages": [],
          "meta": {}
        },
        {
          "ancestorTitles": [
            "Claude Code Live API Tests"
          ],
          "fullName": "Claude Code Live API Tests should work with enhanced prompts in live mode",
          "status": "passed",
          "title": "should work with enhanced prompts in live mode",
          "duration": 3024.9822170000007,
          "failureMessages": [],
          "meta": {}
        },
        {
          "ancestorTitles": [
            "Claude Code File System Integration"
          ],
          "fullName": "Claude Code File System Integration should handle real file operations",
          "status": "passed",
          "title": "should handle real file operations",
          "duration": 0.41358300000138115,
          "failureMessages": [],
          "meta": {}
        }
      ],
      "startTime": 1759804958175,
      "endTime": 1759804964370.4136,
      "status": "passed",
      "message": "",
      "name": "/home/dylan/dev/rsolv/RSOLV-action/src/ai/__tests__/claude-code-live.test.ts"
    },
    {
      "assertionResults": [
        {
          "ancestorTitles": [
            "DISABLE_FIX_VALIDATION bug reproduction",
            "when DISABLE_FIX_VALIDATION is set"
          ],
          "fullName": "DISABLE_FIX_VALIDATION bug reproduction when DISABLE_FIX_VALIDATION is set should skip validation regardless of other settings",
          "status": "passed",
          "title": "should skip validation regardless of other settings",
          "duration": 5.2169599999997445,
          "failureMessages": [],
          "meta": {}
        },
        {
          "ancestorTitles": [
            "DISABLE_FIX_VALIDATION bug reproduction",
            "when DISABLE_FIX_VALIDATION is set"
          ],
          "fullName": "DISABLE_FIX_VALIDATION bug reproduction when DISABLE_FIX_VALIDATION is set should skip validation even if testGeneration.enabled is true",
          "status": "passed",
          "title": "should skip validation even if testGeneration.enabled is true",
          "duration": 0.8241269999998622,
          "failureMessages": [],
          "meta": {}
        },
        {
          "ancestorTitles": [
            "DISABLE_FIX_VALIDATION bug reproduction",
            "proper validation skip logic"
          ],
          "fullName": "DISABLE_FIX_VALIDATION bug reproduction proper validation skip logic should skip when fixValidation.enabled is false",
          "status": "passed",
          "title": "should skip when fixValidation.enabled is false",
          "duration": 0.19383799999923212,
          "failureMessages": [],
          "meta": {}
        },
        {
          "ancestorTitles": [
            "DISABLE_FIX_VALIDATION bug reproduction",
            "proper validation skip logic"
          ],
          "fullName": "DISABLE_FIX_VALIDATION bug reproduction proper validation skip logic should not skip when fixValidation.enabled is true",
          "status": "passed",
          "title": "should not skip when fixValidation.enabled is true",
          "duration": 0.06660800000099698,
          "failureMessages": [],
          "meta": {}
        },
        {
          "ancestorTitles": [
            "DISABLE_FIX_VALIDATION bug reproduction",
            "proper validation skip logic"
          ],
          "fullName": "DISABLE_FIX_VALIDATION bug reproduction proper validation skip logic should skip regardless of testGeneration settings when disabled",
          "status": "passed",
          "title": "should skip regardless of testGeneration settings when disabled",
          "duration": 0.05210900000020047,
          "failureMessages": [],
          "meta": {}
        }
      ],
      "startTime": 1759804964688,
      "endTime": 1759804964694.1938,
      "status": "passed",
      "message": "",
      "name": "/home/dylan/dev/rsolv/RSOLV-action/src/ai/__tests__/disable-validation-bug.test.ts"
    },
    {
      "assertionResults": [
        {
          "ancestorTitles": [
            "generateSolutionWithFeedback"
          ],
          "fullName": "generateSolutionWithFeedback generates a solution with feedback integration",
          "status": "passed",
          "title": "generates a solution with feedback integration",
          "duration": 0.518911000001026,
          "failureMessages": [],
          "meta": {}
        },
        {
          "ancestorTitles": [
            "generateSolutionWithFeedback"
          ],
          "fullName": "generateSolutionWithFeedback should integrate feedback when enhancing AI prompts",
          "status": "passed",
          "title": "should integrate feedback when enhancing AI prompts",
          "duration": 0.2749359999997978,
          "failureMessages": [],
          "meta": {}
        }
      ],
      "startTime": 1759804964708,
      "endTime": 1759804964708.5188,
      "status": "passed",
      "message": "",
      "name": "/home/dylan/dev/rsolv/RSOLV-action/src/ai/__tests__/feedbackEnhanced.test.ts"
    },
    {
      "assertionResults": [
        {
          "ancestorTitles": [
            "GitBasedProcessor - Test Mode (NEEDS REFACTORING)"
          ],
          "fullName": "GitBasedProcessor - Test Mode (NEEDS REFACTORING) should create PR even when validation fails in test mode",
          "status": "skipped",
          "title": "should create PR even when validation fails in test mode",
          "failureMessages": [],
          "meta": {}
        },
        {
          "ancestorTitles": [
            "GitBasedProcessor - Test Mode (NEEDS REFACTORING)"
          ],
          "fullName": "GitBasedProcessor - Test Mode (NEEDS REFACTORING) should include validation failure details in result",
          "status": "skipped",
          "title": "should include validation failure details in result",
          "failureMessages": [],
          "meta": {}
        },
        {
          "ancestorTitles": [
            "GitBasedProcessor - Test Mode (NEEDS REFACTORING)"
          ],
          "fullName": "GitBasedProcessor - Test Mode (NEEDS REFACTORING) should not rollback changes when validation fails in test mode",
          "status": "skipped",
          "title": "should not rollback changes when validation fails in test mode",
          "failureMessages": [],
          "meta": {}
        },
        {
          "ancestorTitles": [
            "GitBasedProcessor - Test Mode (NEEDS REFACTORING)"
          ],
          "fullName": "GitBasedProcessor - Test Mode (NEEDS REFACTORING) should mark result as test mode",
          "status": "skipped",
          "title": "should mark result as test mode",
          "failureMessages": [],
          "meta": {}
        },
        {
          "ancestorTitles": [
            "GitBasedProcessor - Test Mode (NEEDS REFACTORING)"
          ],
          "fullName": "GitBasedProcessor - Test Mode (NEEDS REFACTORING) should not create PR when validation fails in normal mode",
          "status": "skipped",
          "title": "should not create PR when validation fails in normal mode",
          "failureMessages": [],
          "meta": {}
        },
        {
          "ancestorTitles": [
            "GitBasedProcessor - Test Mode (NEEDS REFACTORING)"
          ],
          "fullName": "GitBasedProcessor - Test Mode (NEEDS REFACTORING) should rollback changes when validation fails in normal mode",
          "status": "skipped",
          "title": "should rollback changes when validation fails in normal mode",
          "failureMessages": [],
          "meta": {}
        }
      ],
      "startTime": 1759804951726,
      "endTime": 1759804951726,
      "status": "passed",
      "message": "",
      "name": "/home/dylan/dev/rsolv/RSOLV-action/src/ai/__tests__/git-based-processor-test-mode.test.ts"
    },
    {
      "assertionResults": [
        {
          "ancestorTitles": [
            "SecurityAwareAnalyzer",
            "Security Analysis"
          ],
          "fullName": "SecurityAwareAnalyzer Security Analysis should detect SQL injection vulnerabilities in code",
          "status": "passed",
          "title": "should detect SQL injection vulnerabilities in code",
          "duration": 5.601458000000093,
          "failureMessages": [],
          "meta": {}
        },
        {
          "ancestorTitles": [
            "SecurityAwareAnalyzer",
            "Security Analysis"
          ],
          "fullName": "SecurityAwareAnalyzer Security Analysis should detect XSS vulnerabilities in code",
          "status": "passed",
          "title": "should detect XSS vulnerabilities in code",
          "duration": 1.4557499999998527,
          "failureMessages": [],
          "meta": {}
        },
        {
          "ancestorTitles": [
            "SecurityAwareAnalyzer",
            "Security Analysis"
          ],
          "fullName": "SecurityAwareAnalyzer Security Analysis should calculate appropriate risk levels",
          "status": "passed",
          "title": "should calculate appropriate risk levels",
          "duration": 1.452246999999943,
          "failureMessages": [],
          "meta": {}
        },
        {
          "ancestorTitles": [
            "SecurityAwareAnalyzer",
            "Security Analysis"
          ],
          "fullName": "SecurityAwareAnalyzer Security Analysis should adjust complexity based on security risk",
          "status": "passed",
          "title": "should adjust complexity based on security risk",
          "duration": 1.7265870000001087,
          "failureMessages": [],
          "meta": {}
        },
        {
          "ancestorTitles": [
            "SecurityAwareAnalyzer",
            "Security Analysis"
          ],
          "fullName": "SecurityAwareAnalyzer Security Analysis should handle files with no vulnerabilities",
          "status": "passed",
          "title": "should handle files with no vulnerabilities",
          "duration": 1.411301000000094,
          "failureMessages": [],
          "meta": {}
        },
        {
          "ancestorTitles": [
            "SecurityAwareAnalyzer",
            "Security Analysis"
          ],
          "fullName": "SecurityAwareAnalyzer Security Analysis should handle mixed languages",
          "status": "passed",
          "title": "should handle mixed languages",
          "duration": 1.1796120000001338,
          "failureMessages": [],
          "meta": {}
        },
        {
          "ancestorTitles": [
            "SecurityAwareAnalyzer",
            "Issue Type Detection"
          ],
          "fullName": "SecurityAwareAnalyzer Issue Type Detection should detect security issues from title and body",
          "status": "passed",
          "title": "should detect security issues from title and body",
          "duration": 0.7826680000000579,
          "failureMessages": [],
          "meta": {}
        },
        {
          "ancestorTitles": [
            "SecurityAwareAnalyzer",
            "Issue Type Detection"
          ],
          "fullName": "SecurityAwareAnalyzer Issue Type Detection should detect bug issues",
          "status": "passed",
          "title": "should detect bug issues",
          "duration": 0.409987000000001,
          "failureMessages": [],
          "meta": {}
        }
      ],
      "startTime": 1759804953154,
      "endTime": 1759804953168.41,
      "status": "passed",
      "message": "",
      "name": "/home/dylan/dev/rsolv/RSOLV-action/src/ai/__tests__/security-analyzer.test.ts"
    },
    {
      "assertionResults": [
        {
          "ancestorTitles": [
            "Validation Skip Logic",
            "shouldSkipValidation (correct logic)"
          ],
          "fullName": "Validation Skip Logic shouldSkipValidation (correct logic) should skip when fixValidation.enabled is false",
          "status": "passed",
          "title": "should skip when fixValidation.enabled is false",
          "duration": 0.3447869999999966,
          "failureMessages": [],
          "meta": {}
        },
        {
          "ancestorTitles": [
            "Validation Skip Logic",
            "shouldSkipValidation (correct logic)"
          ],
          "fullName": "Validation Skip Logic shouldSkipValidation (correct logic) should not skip when fixValidation.enabled is true",
          "status": "passed",
          "title": "should not skip when fixValidation.enabled is true",
          "duration": 0.09670499999992899,
          "failureMessages": [],
          "meta": {}
        },
        {
          "ancestorTitles": [
            "Validation Skip Logic",
            "shouldSkipValidation (correct logic)"
          ],
          "fullName": "Validation Skip Logic shouldSkipValidation (correct logic) should not skip when fixValidation.enabled is undefined",
          "status": "passed",
          "title": "should not skip when fixValidation.enabled is undefined",
          "duration": 0.23332099999970524,
          "failureMessages": [],
          "meta": {}
        },
        {
          "ancestorTitles": [
            "Validation Skip Logic",
            "buggyValidationCondition (current bug)"
          ],
          "fullName": "Validation Skip Logic buggyValidationCondition (current bug) FAILS to skip validation when DISABLE_FIX_VALIDATION is set but testGeneration.validateFixes is true",
          "status": "passed",
          "title": "FAILS to skip validation when DISABLE_FIX_VALIDATION is set but testGeneration.validateFixes is true",
          "duration": 0.12217400000008638,
          "failureMessages": [],
          "meta": {}
        },
        {
          "ancestorTitles": [
            "Validation Skip Logic",
            "buggyValidationCondition (current bug)"
          ],
          "fullName": "Validation Skip Logic buggyValidationCondition (current bug) correctly skips when both are false",
          "status": "passed",
          "title": "correctly skips when both are false",
          "duration": 0.053899999998975545,
          "failureMessages": [],
          "meta": {}
        },
        {
          "ancestorTitles": [
            "Validation Skip Logic",
            "Fixed validation condition"
          ],
          "fullName": "Validation Skip Logic Fixed validation condition should NOT enter validation when DISABLE_FIX_VALIDATION is set",
          "status": "passed",
          "title": "should NOT enter validation when DISABLE_FIX_VALIDATION is set",
          "duration": 0.06457700000100886,
          "failureMessages": [],
          "meta": {}
        },
        {
          "ancestorTitles": [
            "Validation Skip Logic",
            "Fixed validation condition"
          ],
          "fullName": "Validation Skip Logic Fixed validation condition should enter validation when fixValidation.enabled is true",
          "status": "passed",
          "title": "should enter validation when fixValidation.enabled is true",
          "duration": 0.07325099999980011,
          "failureMessages": [],
          "meta": {}
        },
        {
          "ancestorTitles": [
            "Validation Skip Logic",
            "Fixed validation condition"
          ],
          "fullName": "Validation Skip Logic Fixed validation condition should enter validation when testGeneration.validateFixes is true and not disabled",
          "status": "passed",
          "title": "should enter validation when testGeneration.validateFixes is true and not disabled",
          "duration": 0.06208599999990838,
          "failureMessages": [],
          "meta": {}
        },
        {
          "ancestorTitles": [
            "Validation Skip Logic",
            "Fixed validation condition"
          ],
          "fullName": "Validation Skip Logic Fixed validation condition should not enter validation when both are false/undefined",
          "status": "passed",
          "title": "should not enter validation when both are false/undefined",
          "duration": 0.09080600000015693,
          "failureMessages": [],
          "meta": {}
        }
      ],
      "startTime": 1759804964627,
      "endTime": 1759804964629.0908,
      "status": "passed",
      "message": "",
      "name": "/home/dylan/dev/rsolv/RSOLV-action/src/ai/__tests__/validation-skip-logic.test.ts"
    },
    {
      "assertionResults": [
        {
          "ancestorTitles": [
            "Feedback Types"
          ],
          "fullName": "Feedback Types should allow creating a valid FeedbackEvent",
          "status": "passed",
          "title": "should allow creating a valid FeedbackEvent",
          "duration": 0.3989609999989625,
          "failureMessages": [],
          "meta": {}
        },
        {
          "ancestorTitles": [
            "Feedback Types"
          ],
          "fullName": "Feedback Types should allow creating a valid FeedbackEvent with modifications",
          "status": "passed",
          "title": "should allow creating a valid FeedbackEvent with modifications",
          "duration": 0.17283900000074937,
          "failureMessages": [],
          "meta": {}
        },
        {
          "ancestorTitles": [
            "Feedback Types"
          ],
          "fullName": "Feedback Types should allow creating a valid PromptEnhancementContext",
          "status": "passed",
          "title": "should allow creating a valid PromptEnhancementContext",
          "duration": 0.3224229999996169,
          "failureMessages": [],
          "meta": {}
        },
        {
          "ancestorTitles": [
            "Feedback Types"
          ],
          "fullName": "Feedback Types should enforce proper enumeration values",
          "status": "passed",
          "title": "should enforce proper enumeration values",
          "duration": 0.2573229999998148,
          "failureMessages": [],
          "meta": {}
        }
      ],
      "startTime": 1759804964640,
      "endTime": 1759804964641.3225,
      "status": "passed",
      "message": "",
      "name": "/home/dylan/dev/rsolv/RSOLV-action/src/feedback/__tests__/types.test.ts"
    },
    {
      "assertionResults": [
        {
          "ancestorTitles": [
            "Phase Decomposition - processIssueWithGit refactoring",
            "Scan Phase Extraction"
          ],
          "fullName": "Phase Decomposition - processIssueWithGit refactoring Scan Phase Extraction executeScanForIssue should analyze issue and determine if fixable",
          "status": "passed",
          "title": "executeScanForIssue should analyze issue and determine if fixable",
          "duration": 78.92542600000002,
          "failureMessages": [],
          "meta": {}
        },
        {
          "ancestorTitles": [
            "Phase Decomposition - processIssueWithGit refactoring",
            "Scan Phase Extraction"
          ],
          "fullName": "Phase Decomposition - processIssueWithGit refactoring Scan Phase Extraction executeScanForIssue should fail if git has uncommitted changes",
          "status": "passed",
          "title": "executeScanForIssue should fail if git has uncommitted changes",
          "duration": 0.8697740000000067,
          "failureMessages": [],
          "meta": {}
        },
        {
          "ancestorTitles": [
            "Phase Decomposition - processIssueWithGit refactoring",
            "Scan Phase Extraction"
          ],
          "fullName": "Phase Decomposition - processIssueWithGit refactoring Scan Phase Extraction executeScanForIssue should store scan results in PhaseDataClient",
          "status": "passed",
          "title": "executeScanForIssue should store scan results in PhaseDataClient",
          "duration": 5.776407000000063,
          "failureMessages": [],
          "meta": {}
        },
        {
          "ancestorTitles": [
            "Phase Decomposition - processIssueWithGit refactoring",
            "Validate Phase Extraction"
          ],
          "fullName": "Phase Decomposition - processIssueWithGit refactoring Validate Phase Extraction executeValidateForIssue should generate tests for vulnerability",
          "status": "passed",
          "title": "executeValidateForIssue should generate tests for vulnerability",
          "duration": 21.108038999999962,
          "failureMessages": [],
          "meta": {}
        },
        {
          "ancestorTitles": [
            "Phase Decomposition - processIssueWithGit refactoring",
            "Validate Phase Extraction"
          ],
          "fullName": "Phase Decomposition - processIssueWithGit refactoring Validate Phase Extraction executeValidateForIssue should use TestGeneratingSecurityAnalyzer",
          "status": "passed",
          "title": "executeValidateForIssue should use TestGeneratingSecurityAnalyzer",
          "duration": 11.13114900000005,
          "failureMessages": [],
          "meta": {}
        },
        {
          "ancestorTitles": [
            "Phase Decomposition - processIssueWithGit refactoring",
            "Validate Phase Extraction"
          ],
          "fullName": "Phase Decomposition - processIssueWithGit refactoring Validate Phase Extraction executeValidateForIssue should store validation results",
          "status": "passed",
          "title": "executeValidateForIssue should store validation results",
          "duration": 3.901595000000043,
          "failureMessages": [],
          "meta": {}
        },
        {
          "ancestorTitles": [
            "Phase Decomposition - processIssueWithGit refactoring",
            "Mitigate Phase Extraction"
          ],
          "fullName": "Phase Decomposition - processIssueWithGit refactoring Mitigate Phase Extraction executeMitigateForIssue should apply fix using Claude Code",
          "status": "passed",
          "title": "executeMitigateForIssue should apply fix using Claude Code",
          "duration": 6.649577999999906,
          "failureMessages": [],
          "meta": {}
        },
        {
          "ancestorTitles": [
            "Phase Decomposition - processIssueWithGit refactoring",
            "Mitigate Phase Extraction"
          ],
          "fullName": "Phase Decomposition - processIssueWithGit refactoring Mitigate Phase Extraction executeMitigateForIssue should validate fix with generated tests",
          "status": "passed",
          "title": "executeMitigateForIssue should validate fix with generated tests",
          "duration": 6.060488000000078,
          "failureMessages": [],
          "meta": {}
        },
        {
          "ancestorTitles": [
            "Phase Decomposition - processIssueWithGit refactoring",
            "Mitigate Phase Extraction"
          ],
          "fullName": "Phase Decomposition - processIssueWithGit refactoring Mitigate Phase Extraction executeMitigateForIssue should retry on validation failure",
          "status": "passed",
          "title": "executeMitigateForIssue should retry on validation failure",
          "duration": 6.354305999999951,
          "failureMessages": [],
          "meta": {}
        },
        {
          "ancestorTitles": [
            "Phase Decomposition - processIssueWithGit refactoring",
            "Full Three-Phase Execution"
          ],
          "fullName": "Phase Decomposition - processIssueWithGit refactoring Full Three-Phase Execution executeThreePhaseForIssue should run all phases sequentially",
          "status": "passed",
          "title": "executeThreePhaseForIssue should run all phases sequentially",
          "duration": 23.178201999999942,
          "failureMessages": [],
          "meta": {}
        },
        {
          "ancestorTitles": [
            "Phase Decomposition - processIssueWithGit refactoring",
            "Full Three-Phase Execution"
          ],
          "fullName": "Phase Decomposition - processIssueWithGit refactoring Full Three-Phase Execution executeThreePhaseForIssue should abort if scan determines not fixable",
          "status": "passed",
          "title": "executeThreePhaseForIssue should abort if scan determines not fixable",
          "duration": 1.2605119999999488,
          "failureMessages": [],
          "meta": {}
        },
        {
          "ancestorTitles": [
            "Phase Decomposition - processIssueWithGit refactoring",
            "Full Three-Phase Execution"
          ],
          "fullName": "Phase Decomposition - processIssueWithGit refactoring Full Three-Phase Execution executeThreePhaseForIssue should pass data between phases",
          "status": "passed",
          "title": "executeThreePhaseForIssue should pass data between phases",
          "duration": 1.3944680000000744,
          "failureMessages": [],
          "meta": {}
        }
      ],
      "startTime": 1759804952531,
      "endTime": 1759804952699.3945,
      "status": "passed",
      "message": "",
      "name": "/home/dylan/dev/rsolv/RSOLV-action/src/modes/__tests__/phase-decomposition.test.ts"
    },
    {
      "assertionResults": [
        {
          "ancestorTitles": [
            "Ruby Vulnerability Detection"
          ],
          "fullName": "Ruby Vulnerability Detection should have Ruby SQL injection pattern",
          "status": "passed",
          "title": "should have Ruby SQL injection pattern",
          "duration": 0.4017869999988761,
          "failureMessages": [],
          "meta": {}
        },
        {
          "ancestorTitles": [
            "Ruby Vulnerability Detection"
          ],
          "fullName": "Ruby Vulnerability Detection should match Ruby SQL injection with regex",
          "status": "passed",
          "title": "should match Ruby SQL injection with regex",
          "duration": 0.2537850000007893,
          "failureMessages": [],
          "meta": {}
        },
        {
          "ancestorTitles": [
            "Ruby Vulnerability Detection"
          ],
          "fullName": "Ruby Vulnerability Detection should detect Ruby SQL injection with detector",
          "status": "passed",
          "title": "should detect Ruby SQL injection with detector",
          "duration": 1.1180119999989984,
          "failureMessages": [],
          "meta": {}
        },
        {
          "ancestorTitles": [
            "Ruby Vulnerability Detection"
          ],
          "fullName": "Ruby Vulnerability Detection should detect Ruby SQL injection in full code",
          "status": "passed",
          "title": "should detect Ruby SQL injection in full code",
          "duration": 1.0397549999997864,
          "failureMessages": [],
          "meta": {}
        }
      ],
      "startTime": 1759804964740,
      "endTime": 1759804964743.0398,
      "status": "passed",
      "message": "",
      "name": "/home/dylan/dev/rsolv/RSOLV-action/src/security/__tests__/ruby-detection.test.ts"
    },
    {
      "assertionResults": [
        {
          "ancestorTitles": [
            "Safe Usage Detection",
            "SQL Injection Safe Patterns"
          ],
          "fullName": "Safe Usage Detection SQL Injection Safe Patterns should recognize parameterized queries as safe",
          "status": "passed",
          "title": "should recognize parameterized queries as safe",
          "duration": 0.5610909999995783,
          "failureMessages": [],
          "meta": {}
        },
        {
          "ancestorTitles": [
            "Safe Usage Detection",
            "SQL Injection Safe Patterns"
          ],
          "fullName": "Safe Usage Detection SQL Injection Safe Patterns should recognize prepared statements as safe",
          "status": "passed",
          "title": "should recognize prepared statements as safe",
          "duration": 0.20120500000120956,
          "failureMessages": [],
          "meta": {}
        },
        {
          "ancestorTitles": [
            "Safe Usage Detection",
            "SQL Injection Safe Patterns"
          ],
          "fullName": "Safe Usage Detection SQL Injection Safe Patterns should NOT consider Ruby hash syntax as safe SQL",
          "status": "passed",
          "title": "should NOT consider Ruby hash syntax as safe SQL",
          "duration": 0.10141300000032061,
          "failureMessages": [],
          "meta": {}
        },
        {
          "ancestorTitles": [
            "Safe Usage Detection",
            "SQL Injection Safe Patterns"
          ],
          "fullName": "Safe Usage Detection SQL Injection Safe Patterns should NOT consider Ruby string interpolation as safe",
          "status": "passed",
          "title": "should NOT consider Ruby string interpolation as safe",
          "duration": 0.07309600000007777,
          "failureMessages": [],
          "meta": {}
        },
        {
          "ancestorTitles": [
            "Safe Usage Detection",
            "SQL Injection Safe Patterns"
          ],
          "fullName": "Safe Usage Detection SQL Injection Safe Patterns should recognize actual named parameters as safe",
          "status": "passed",
          "title": "should recognize actual named parameters as safe",
          "duration": 0.12233699999887904,
          "failureMessages": [],
          "meta": {}
        },
        {
          "ancestorTitles": [
            "Safe Usage Detection",
            "Language-specific patterns"
          ],
          "fullName": "Safe Usage Detection Language-specific patterns should handle Ruby ActiveRecord safe patterns",
          "status": "passed",
          "title": "should handle Ruby ActiveRecord safe patterns",
          "duration": 0.08671200000026147,
          "failureMessages": [],
          "meta": {}
        },
        {
          "ancestorTitles": [
            "Safe Usage Detection",
            "Language-specific patterns"
          ],
          "fullName": "Safe Usage Detection Language-specific patterns should handle Python parameterized queries",
          "status": "passed",
          "title": "should handle Python parameterized queries",
          "duration": 0.14853100000073027,
          "failureMessages": [],
          "meta": {}
        }
      ],
      "startTime": 1759804964759,
      "endTime": 1759804964760.2012,
      "status": "passed",
      "message": "",
      "name": "/home/dylan/dev/rsolv/RSOLV-action/src/security/__tests__/safe-usage.test.ts"
    },
    {
      "assertionResults": [
        {
          "ancestorTitles": [
            "RFC-047: Vendor Library Detection",
            "Vendor Directory Detection"
          ],
          "fullName": "RFC-047: Vendor Library Detection Vendor Directory Detection should detect node_modules as vendor",
          "status": "passed",
          "title": "should detect node_modules as vendor",
          "duration": 0.5385589999998501,
          "failureMessages": [],
          "meta": {}
        },
        {
          "ancestorTitles": [
            "RFC-047: Vendor Library Detection",
            "Vendor Directory Detection"
          ],
          "fullName": "RFC-047: Vendor Library Detection Vendor Directory Detection should detect vendor directory as vendor",
          "status": "passed",
          "title": "should detect vendor directory as vendor",
          "duration": 0.13928499999997257,
          "failureMessages": [],
          "meta": {}
        },
        {
          "ancestorTitles": [
            "RFC-047: Vendor Library Detection",
            "Vendor Directory Detection"
          ],
          "fullName": "RFC-047: Vendor Library Detection Vendor Directory Detection should detect bower_components as vendor",
          "status": "passed",
          "title": "should detect bower_components as vendor",
          "duration": 0.09072100000003047,
          "failureMessages": [],
          "meta": {}
        },
        {
          "ancestorTitles": [
            "RFC-047: Vendor Library Detection",
            "Vendor Directory Detection"
          ],
          "fullName": "RFC-047: Vendor Library Detection Vendor Directory Detection should detect minified files as vendor",
          "status": "passed",
          "title": "should detect minified files as vendor",
          "duration": 0.0888999999999669,
          "failureMessages": [],
          "meta": {}
        },
        {
          "ancestorTitles": [
            "RFC-047: Vendor Library Detection",
            "Vendor Directory Detection"
          ],
          "fullName": "RFC-047: Vendor Library Detection Vendor Directory Detection should not detect application code as vendor",
          "status": "passed",
          "title": "should not detect application code as vendor",
          "duration": 0.36510599999996884,
          "failureMessages": [],
          "meta": {}
        },
        {
          "ancestorTitles": [
            "RFC-047: Vendor Library Detection",
            "Vendor Directory Detection"
          ],
          "fullName": "RFC-047: Vendor Library Detection Vendor Directory Detection should detect by file header comment",
          "status": "passed",
          "title": "should detect by file header comment",
          "duration": 0.26227700000004006,
          "failureMessages": [],
          "meta": {}
        },
        {
          "ancestorTitles": [
            "RFC-047: Vendor Library Detection",
            "Library Identification"
          ],
          "fullName": "RFC-047: Vendor Library Detection Library Identification should identify jQuery from file path",
          "status": "passed",
          "title": "should identify jQuery from file path",
          "duration": 0.33219499999995605,
          "failureMessages": [],
          "meta": {}
        },
        {
          "ancestorTitles": [
            "RFC-047: Vendor Library Detection",
            "Library Identification"
          ],
          "fullName": "RFC-047: Vendor Library Detection Library Identification should identify Bootstrap from file content",
          "status": "passed",
          "title": "should identify Bootstrap from file content",
          "duration": 0.29635400000006484,
          "failureMessages": [],
          "meta": {}
        },
        {
          "ancestorTitles": [
            "RFC-047: Vendor Library Detection",
            "Library Identification"
          ],
          "fullName": "RFC-047: Vendor Library Detection Library Identification should return null for non-vendor files",
          "status": "passed",
          "title": "should return null for non-vendor files",
          "duration": 0.26651600000013786,
          "failureMessages": [],
          "meta": {}
        },
        {
          "ancestorTitles": [
            "RFC-047: Vendor Library Detection",
            "Dependency Analysis"
          ],
          "fullName": "RFC-047: Vendor Library Detection Dependency Analysis should find package.json dependencies",
          "status": "passed",
          "title": "should find package.json dependencies",
          "duration": 0.2598080000000209,
          "failureMessages": [],
          "meta": {}
        },
        {
          "ancestorTitles": [
            "RFC-047: Vendor Library Detection",
            "Dependency Analysis"
          ],
          "fullName": "RFC-047: Vendor Library Detection Dependency Analysis should check if file belongs to known dependency",
          "status": "passed",
          "title": "should check if file belongs to known dependency",
          "duration": 0.13009499999998297,
          "failureMessages": [],
          "meta": {}
        },
        {
          "ancestorTitles": [
            "RFC-047: Vendor Library Detection",
            "Vulnerability Handling"
          ],
          "fullName": "RFC-047: Vendor Library Detection Vulnerability Handling should return update action for vendor vulnerabilities",
          "status": "passed",
          "title": "should return update action for vendor vulnerabilities",
          "duration": 0.30620199999998476,
          "failureMessages": [],
          "meta": {}
        },
        {
          "ancestorTitles": [
            "RFC-047: Vendor Library Detection",
            "Vulnerability Handling"
          ],
          "fullName": "RFC-047: Vendor Library Detection Vulnerability Handling should return fix action for application vulnerabilities",
          "status": "passed",
          "title": "should return fix action for application vulnerabilities",
          "duration": 0.18588699999986602,
          "failureMessages": [],
          "meta": {}
        },
        {
          "ancestorTitles": [
            "RFC-047: Vendor Library Detection",
            "Vulnerability Handling"
          ],
          "fullName": "RFC-047: Vendor Library Detection Vulnerability Handling should not attempt to patch vendor code",
          "status": "passed",
          "title": "should not attempt to patch vendor code",
          "duration": 0.2740919999998823,
          "failureMessages": [],
          "meta": {}
        },
        {
          "ancestorTitles": [
            "RFC-047: Vendor Library Detection",
            "Update Recommendations"
          ],
          "fullName": "RFC-047: Vendor Library Detection Update Recommendations should recommend safe update version",
          "status": "passed",
          "title": "should recommend safe update version",
          "duration": 0.4027379999999994,
          "failureMessages": [],
          "meta": {}
        },
        {
          "ancestorTitles": [
            "RFC-047: Vendor Library Detection",
            "Update Recommendations"
          ],
          "fullName": "RFC-047: Vendor Library Detection Update Recommendations should provide update commands",
          "status": "passed",
          "title": "should provide update commands",
          "duration": 0.18995700000004945,
          "failureMessages": [],
          "meta": {}
        },
        {
          "ancestorTitles": [
            "RFC-047: Vendor Library Detection",
            "Issue Creation"
          ],
          "fullName": "RFC-047: Vendor Library Detection Issue Creation should create vendor-specific issue",
          "status": "passed",
          "title": "should create vendor-specific issue",
          "duration": 0.39778400000000147,
          "failureMessages": [],
          "meta": {}
        },
        {
          "ancestorTitles": [
            "RFC-047: Vendor Library Detection",
            "Issue Creation"
          ],
          "fullName": "RFC-047: Vendor Library Detection Issue Creation should not create patch PR for vendor files",
          "status": "passed",
          "title": "should not create patch PR for vendor files",
          "duration": 0.14871199999993223,
          "failureMessages": [],
          "meta": {}
        }
      ],
      "startTime": 1759804953758,
      "endTime": 1759804953763.1487,
      "status": "passed",
      "message": "",
      "name": "/home/dylan/dev/rsolv/RSOLV-action/src/vendor/__tests__/vendor-detector.test.ts"
    },
    {
      "assertionResults": [
        {
          "ancestorTitles": [
            "Claude CLI Usage in Mitigation"
          ],
          "fullName": "Claude CLI Usage in Mitigation should use Claude CLI when vended credentials are enabled",
          "status": "skipped",
          "title": "should use Claude CLI when vended credentials are enabled",
          "failureMessages": [],
          "meta": {}
        },
        {
          "ancestorTitles": [
            "Claude CLI Usage in Mitigation"
          ],
          "fullName": "Claude CLI Usage in Mitigation should use Claude CLI when RSOLV_USE_CLI is true",
          "status": "skipped",
          "title": "should use Claude CLI when RSOLV_USE_CLI is true",
          "failureMessages": [],
          "meta": {}
        },
        {
          "ancestorTitles": [
            "Claude CLI Usage in Mitigation"
          ],
          "fullName": "Claude CLI Usage in Mitigation should use Claude CLI when structured phases are enabled",
          "status": "skipped",
          "title": "should use Claude CLI when structured phases are enabled",
          "failureMessages": [],
          "meta": {}
        },
        {
          "ancestorTitles": [
            "Claude CLI Usage in Mitigation"
          ],
          "fullName": "Claude CLI Usage in Mitigation should NOT fall back to SDK when vended credentials are enabled and CLI fails",
          "status": "skipped",
          "title": "should NOT fall back to SDK when vended credentials are enabled and CLI fails",
          "failureMessages": [],
          "meta": {}
        }
      ],
      "startTime": 1759804951726,
      "endTime": 1759804951726,
      "status": "passed",
      "message": "",
      "name": "/home/dylan/dev/rsolv/RSOLV-action/src/ai/adapters/__tests__/claude-cli-mitigation.test.ts"
    },
    {
      "assertionResults": [
        {
          "ancestorTitles": [
            "GitBasedClaudeCodeAdapter - Data Flow Tests",
            "specificVulnerabilities data flow"
          ],
          "fullName": "GitBasedClaudeCodeAdapter - Data Flow Tests specificVulnerabilities data flow should pass specificVulnerabilities from issueContext to prompt",
          "status": "skipped",
          "title": "should pass specificVulnerabilities from issueContext to prompt",
          "failureMessages": [],
          "meta": {}
        },
        {
          "ancestorTitles": [
            "GitBasedClaudeCodeAdapter - Data Flow Tests",
            "specificVulnerabilities data flow"
          ],
          "fullName": "GitBasedClaudeCodeAdapter - Data Flow Tests specificVulnerabilities data flow should log debug info when specificVulnerabilities are present",
          "status": "skipped",
          "title": "should log debug info when specificVulnerabilities are present",
          "failureMessages": [],
          "meta": {}
        },
        {
          "ancestorTitles": [
            "GitBasedClaudeCodeAdapter - Data Flow Tests",
            "specificVulnerabilities data flow"
          ],
          "fullName": "GitBasedClaudeCodeAdapter - Data Flow Tests specificVulnerabilities data flow should handle missing specificVulnerabilities gracefully",
          "status": "skipped",
          "title": "should handle missing specificVulnerabilities gracefully",
          "failureMessages": [],
          "meta": {}
        },
        {
          "ancestorTitles": [
            "GitBasedClaudeCodeAdapter - Data Flow Tests",
            "generateSolution data flow"
          ],
          "fullName": "GitBasedClaudeCodeAdapter - Data Flow Tests generateSolution data flow should preserve specificVulnerabilities through generateSolution call",
          "status": "skipped",
          "title": "should preserve specificVulnerabilities through generateSolution call",
          "failureMessages": [],
          "meta": {}
        }
      ],
      "startTime": 1759804951726,
      "endTime": 1759804951726,
      "status": "passed",
      "message": "",
      "name": "/home/dylan/dev/rsolv/RSOLV-action/src/ai/adapters/__tests__/claude-code-git-data-flow.test.ts"
    },
    {
      "assertionResults": [
        {
          "ancestorTitles": [
            "ElixirASTAnalyzer - Integration",
            "end-to-end workflow"
          ],
          "fullName": "ElixirASTAnalyzer - Integration end-to-end workflow should complete full analysis workflow",
          "status": "passed",
          "title": "should complete full analysis workflow",
          "duration": 1.589350000000195,
          "failureMessages": [],
          "meta": {}
        },
        {
          "ancestorTitles": [
            "ElixirASTAnalyzer - Integration",
            "end-to-end workflow"
          ],
          "fullName": "ElixirASTAnalyzer - Integration end-to-end workflow should handle network errors gracefully",
          "status": "passed",
          "title": "should handle network errors gracefully",
          "duration": 3.565349000000424,
          "failureMessages": [],
          "meta": {}
        },
        {
          "ancestorTitles": [
            "ElixirASTAnalyzer - Integration",
            "end-to-end workflow"
          ],
          "fullName": "ElixirASTAnalyzer - Integration end-to-end workflow should handle timeout",
          "status": "passed",
          "title": "should handle timeout",
          "duration": 202.43727200000103,
          "failureMessages": [],
          "meta": {}
        },
        {
          "ancestorTitles": [
            "ElixirASTAnalyzer - Integration",
            "configuration"
          ],
          "fullName": "ElixirASTAnalyzer - Integration configuration should validate API key",
          "status": "passed",
          "title": "should validate API key",
          "duration": 0.9850810000007186,
          "failureMessages": [],
          "meta": {}
        },
        {
          "ancestorTitles": [
            "ElixirASTAnalyzer - Integration",
            "configuration"
          ],
          "fullName": "ElixirASTAnalyzer - Integration configuration should validate API URL",
          "status": "passed",
          "title": "should validate API URL",
          "duration": 0.49262799999996787,
          "failureMessages": [],
          "meta": {}
        },
        {
          "ancestorTitles": [
            "ElixirASTAnalyzer - Integration",
            "resource management"
          ],
          "fullName": "ElixirASTAnalyzer - Integration resource management should not leak memory with multiple analyses",
          "status": "passed",
          "title": "should not leak memory with multiple analyses",
          "duration": 0.582007999999405,
          "failureMessages": [],
          "meta": {}
        },
        {
          "ancestorTitles": [
            "ElixirASTAnalyzer - Integration",
            "resource management"
          ],
          "fullName": "ElixirASTAnalyzer - Integration resource management should cleanup all resources on cleanup",
          "status": "passed",
          "title": "should cleanup all resources on cleanup",
          "duration": 0.5923530000000028,
          "failureMessages": [],
          "meta": {}
        }
      ],
      "startTime": 1759804964407,
      "endTime": 1759804964617.5923,
      "status": "passed",
      "message": "",
      "name": "/home/dylan/dev/rsolv/RSOLV-action/src/security/analyzers/__tests__/elixir-ast-analyzer.test.ts"
    },
    {
      "assertionResults": [
        {
          "ancestorTitles": [
            "AST Service Verification - REVIEW Phase (Needs RFC-048 Test Mode)",
            "Python SQL Injection Detection"
          ],
          "fullName": "AST Service Verification - REVIEW Phase (Needs RFC-048 Test Mode) Python SQL Injection Detection should detect SQL injection via string concatenation",
          "status": "skipped",
          "title": "should detect SQL injection via string concatenation",
          "failureMessages": [],
          "meta": {}
        },
        {
          "ancestorTitles": [
            "AST Service Verification - REVIEW Phase (Needs RFC-048 Test Mode)",
            "Python SQL Injection Detection"
          ],
          "fullName": "AST Service Verification - REVIEW Phase (Needs RFC-048 Test Mode) Python SQL Injection Detection should detect SQL injection with f-strings",
          "status": "skipped",
          "title": "should detect SQL injection with f-strings",
          "failureMessages": [],
          "meta": {}
        },
        {
          "ancestorTitles": [
            "AST Service Verification - REVIEW Phase (Needs RFC-048 Test Mode)",
            "JavaScript SQL Injection Detection"
          ],
          "fullName": "AST Service Verification - REVIEW Phase (Needs RFC-048 Test Mode) JavaScript SQL Injection Detection should detect SQL injection in JavaScript",
          "status": "skipped",
          "title": "should detect SQL injection in JavaScript",
          "failureMessages": [],
          "meta": {}
        },
        {
          "ancestorTitles": [
            "AST Service Verification - REVIEW Phase (Needs RFC-048 Test Mode)",
            "Ruby Command Injection Detection"
          ],
          "fullName": "AST Service Verification - REVIEW Phase (Needs RFC-048 Test Mode) Ruby Command Injection Detection should detect command injection in Ruby",
          "status": "skipped",
          "title": "should detect command injection in Ruby",
          "failureMessages": [],
          "meta": {}
        },
        {
          "ancestorTitles": [
            "AST Service Verification - REVIEW Phase (Needs RFC-048 Test Mode)",
            "PHP XSS Detection"
          ],
          "fullName": "AST Service Verification - REVIEW Phase (Needs RFC-048 Test Mode) PHP XSS Detection should detect XSS in PHP echo statements",
          "status": "skipped",
          "title": "should detect XSS in PHP echo statements",
          "failureMessages": [],
          "meta": {}
        },
        {
          "ancestorTitles": [
            "AST Service Verification - REVIEW Phase (Needs RFC-048 Test Mode)",
            "Accuracy Metrics"
          ],
          "fullName": "AST Service Verification - REVIEW Phase (Needs RFC-048 Test Mode) Accuracy Metrics should achieve >90% accuracy on test corpus",
          "status": "skipped",
          "title": "should achieve >90% accuracy on test corpus",
          "failureMessages": [],
          "meta": {}
        },
        {
          "ancestorTitles": [
            "AST Service Verification - REVIEW Phase (Needs RFC-048 Test Mode)",
            "Performance Metrics"
          ],
          "fullName": "AST Service Verification - REVIEW Phase (Needs RFC-048 Test Mode) Performance Metrics should analyze files with acceptable latency",
          "status": "skipped",
          "title": "should analyze files with acceptable latency",
          "failureMessages": [],
          "meta": {}
        }
      ],
      "startTime": 1759804965504,
      "endTime": 1759804965504,
      "status": "passed",
      "message": "",
      "name": "/home/dylan/dev/rsolv/RSOLV-action/test/ast-service-verification.test.ts"
    },
    {
      "assertionResults": [
        {
          "ancestorTitles": [
            "SecurityDetectorV3 - Python Support (Needs RFC-048 Test Mode)"
          ],
          "fullName": "SecurityDetectorV3 - Python Support (Needs RFC-048 Test Mode) should detect SQL injection in Python code using server-side AST",
          "status": "skipped",
          "title": "should detect SQL injection in Python code using server-side AST",
          "failureMessages": [],
          "meta": {}
        }
      ],
      "startTime": 1759804965504,
      "endTime": 1759804965504,
      "status": "passed",
      "message": "",
      "name": "/home/dylan/dev/rsolv/RSOLV-action/test/detector-v3-python.test.ts"
    },
    {
      "assertionResults": [
        {
          "ancestorTitles": [
            "ValidationMode - Environment Variable Handling",
            "RSOLV_TESTING_MODE from environment_variables JSON"
          ],
          "fullName": "ValidationMode - Environment Variable Handling RSOLV_TESTING_MODE from environment_variables JSON should apply RSOLV_TESTING_MODE from config.environmentVariables to process.env",
          "status": "passed",
          "title": "should apply RSOLV_TESTING_MODE from config.environmentVariables to process.env",
          "duration": 1.2431229999992865,
          "failureMessages": [],
          "meta": {}
        },
        {
          "ancestorTitles": [
            "ValidationMode - Environment Variable Handling",
            "RSOLV_TESTING_MODE from environment_variables JSON"
          ],
          "fullName": "ValidationMode - Environment Variable Handling RSOLV_TESTING_MODE from environment_variables JSON should detect testing mode when set via config.environmentVariables",
          "status": "passed",
          "title": "should detect testing mode when set via config.environmentVariables",
          "duration": 0.4238759999998365,
          "failureMessages": [],
          "meta": {}
        },
        {
          "ancestorTitles": [
            "ValidationMode - Environment Variable Handling",
            "RSOLV_TESTING_MODE from environment_variables JSON"
          ],
          "fullName": "ValidationMode - Environment Variable Handling RSOLV_TESTING_MODE from environment_variables JSON should NOT apply testing mode when not in environmentVariables",
          "status": "passed",
          "title": "should NOT apply testing mode when not in environmentVariables",
          "duration": 0.2886769999995522,
          "failureMessages": [],
          "meta": {}
        },
        {
          "ancestorTitles": [
            "ValidationMode - Environment Variable Handling",
            "RSOLV_TESTING_MODE from environment_variables JSON"
          ],
          "fullName": "ValidationMode - Environment Variable Handling RSOLV_TESTING_MODE from environment_variables JSON should handle empty environmentVariables object",
          "status": "passed",
          "title": "should handle empty environmentVariables object",
          "duration": 0.5223080000005211,
          "failureMessages": [],
          "meta": {}
        },
        {
          "ancestorTitles": [
            "ValidationMode - Environment Variable Handling",
            "RSOLV_TESTING_MODE from environment_variables JSON"
          ],
          "fullName": "ValidationMode - Environment Variable Handling RSOLV_TESTING_MODE from environment_variables JSON should handle undefined environmentVariables",
          "status": "passed",
          "title": "should handle undefined environmentVariables",
          "duration": 0.21465799999987212,
          "failureMessages": [],
          "meta": {}
        },
        {
          "ancestorTitles": [
            "ValidationMode - Environment Variable Handling",
            "RSOLV_TESTING_MODE from environment_variables JSON"
          ],
          "fullName": "ValidationMode - Environment Variable Handling RSOLV_TESTING_MODE from environment_variables JSON should override existing environment variables",
          "status": "passed",
          "title": "should override existing environment variables",
          "duration": 0.26584399999956076,
          "failureMessages": [],
          "meta": {}
        },
        {
          "ancestorTitles": [
            "ValidationMode - Environment Variable Handling",
            "Testing mode behavior in validation"
          ],
          "fullName": "ValidationMode - Environment Variable Handling Testing mode behavior in validation should log testing mode message when enabled via environmentVariables",
          "status": "passed",
          "title": "should log testing mode message when enabled via environmentVariables",
          "duration": 0.2815040000004956,
          "failureMessages": [],
          "meta": {}
        }
      ],
      "startTime": 1759804970458,
      "endTime": 1759804970461.2815,
      "status": "passed",
      "message": "",
      "name": "/home/dylan/dev/rsolv/RSOLV-action/src/modes/validation-mode-env.test.ts"
    },
    {
      "assertionResults": [
        {
          "ancestorTitles": [
            "PatternAPIClient",
            "constructor"
          ],
          "fullName": "PatternAPIClient constructor should use default API URL if not provided",
          "status": "passed",
          "title": "should use default API URL if not provided",
          "duration": 0.6760719999999765,
          "failureMessages": [],
          "meta": {}
        },
        {
          "ancestorTitles": [
            "PatternAPIClient",
            "constructor"
          ],
          "fullName": "PatternAPIClient constructor should use provided API URL",
          "status": "passed",
          "title": "should use provided API URL",
          "duration": 0.3194370000001072,
          "failureMessages": [],
          "meta": {}
        },
        {
          "ancestorTitles": [
            "PatternAPIClient",
            "constructor"
          ],
          "fullName": "PatternAPIClient constructor should use API key from config",
          "status": "passed",
          "title": "should use API key from config",
          "duration": 0.1528489999999465,
          "failureMessages": [],
          "meta": {}
        },
        {
          "ancestorTitles": [
            "PatternAPIClient",
            "constructor"
          ],
          "fullName": "PatternAPIClient constructor should use API key from environment if not in config",
          "status": "passed",
          "title": "should use API key from environment if not in config",
          "duration": 0.11153999999999087,
          "failureMessages": [],
          "meta": {}
        },
        {
          "ancestorTitles": [
            "PatternAPIClient",
            "fetchPatterns"
          ],
          "fullName": "PatternAPIClient fetchPatterns should fetch patterns for a language",
          "status": "passed",
          "title": "should fetch patterns for a language",
          "duration": 1.467975000000024,
          "failureMessages": [],
          "meta": {}
        },
        {
          "ancestorTitles": [
            "PatternAPIClient",
            "fetchPatterns"
          ],
          "fullName": "PatternAPIClient fetchPatterns should handle API errors gracefully",
          "status": "passed",
          "title": "should handle API errors gracefully",
          "duration": 4.560936999999967,
          "failureMessages": [],
          "meta": {}
        },
        {
          "ancestorTitles": [
            "PatternAPIClient",
            "fetchPatterns"
          ],
          "fullName": "PatternAPIClient fetchPatterns should use cached patterns within TTL",
          "status": "passed",
          "title": "should use cached patterns within TTL",
          "duration": 0.6969199999999773,
          "failureMessages": [],
          "meta": {}
        },
        {
          "ancestorTitles": [
            "PatternAPIClient",
            "fetchPatterns"
          ],
          "fullName": "PatternAPIClient fetchPatterns should handle patterns without API key (public only)",
          "status": "passed",
          "title": "should handle patterns without API key (public only)",
          "duration": 0.9757530000000543,
          "failureMessages": [],
          "meta": {}
        },
        {
          "ancestorTitles": [
            "PatternAPIClient",
            "PatternAPIClient enhanced patterns"
          ],
          "fullName": "PatternAPIClient PatternAPIClient enhanced patterns should handle enhanced patterns with AST rules",
          "status": "passed",
          "title": "should handle enhanced patterns with AST rules",
[...]
          "status": "passed",
          "title": "should return correct strategy for XSS variants",
          "duration": 0.30820200000016484,
          "failureMessages": [],
          "meta": {}
        },
        {
          "ancestorTitles": [
            "RFC-045: Validation Confidence Scoring",
            "Validation Strategy Selection"
          ],
          "fullName": "RFC-045: Validation Confidence Scoring Validation Strategy Selection should return DEFAULT strategy for unknown types",
          "status": "passed",
          "title": "should return DEFAULT strategy for unknown types",
          "duration": 0.227284999999938,
          "failureMessages": [],
          "meta": {}
        },
        {
          "ancestorTitles": [
            "RFC-045: Validation Confidence Scoring",
            "EnhancedValidationEnricher (failing tests)"
          ],
          "fullName": "RFC-045: Validation Confidence Scoring EnhancedValidationEnricher (failing tests) should return confidence scores instead of binary validation",
          "status": "passed",
          "title": "should return confidence scores instead of binary validation",
          "duration": 23.903645000000324,
          "failureMessages": [],
          "meta": {}
        },
        {
          "ancestorTitles": [
            "RFC-045: Validation Confidence Scoring",
            "EnhancedValidationEnricher (failing tests)"
          ],
          "fullName": "RFC-045: Validation Confidence Scoring EnhancedValidationEnricher (failing tests) should never return 0 vulnerabilities if scan found any",
          "status": "passed",
          "title": "should never return 0 vulnerabilities if scan found any",
          "duration": 1.4138229999998657,
          "failureMessages": [],
          "meta": {}
        },
        {
          "ancestorTitles": [
            "RFC-045: Validation Confidence Scoring",
            "EnhancedValidationEnricher (failing tests)"
          ],
          "fullName": "RFC-045: Validation Confidence Scoring EnhancedValidationEnricher (failing tests) should process command injection without synthetic data workaround",
          "status": "passed",
          "title": "should process command injection without synthetic data workaround",
          "duration": 1.648834000000079,
          "failureMessages": [],
          "meta": {}
        }
      ],
      "startTime": 1759805064378,
      "endTime": 1759805064408.649,
      "status": "passed",
      "message": "",
      "name": "/home/dylan/dev/rsolv/RSOLV-action/src/validation/__tests__/confidence-scoring.test.ts"
    },
    {
      "assertionResults": [
        {
          "ancestorTitles": [
            "Claude Code CLI Retry Mechanism",
            "successful execution"
          ],
          "fullName": "Claude Code CLI Retry Mechanism successful execution should succeed on first attempt without retry",
          "status": "passed",
          "title": "should succeed on first attempt without retry",
          "duration": 10.655868999999996,
          "failureMessages": [],
          "meta": {}
        },
        {
          "ancestorTitles": [
            "Claude Code CLI Retry Mechanism",
            "retry on transient failures"
          ],
          "fullName": "Claude Code CLI Retry Mechanism retry on transient failures should retry on rate limit error and succeed",
          "status": "passed",
          "title": "should retry on rate limit error and succeed",
          "duration": 31.168243000000018,
          "failureMessages": [],
          "meta": {}
        },
        {
          "ancestorTitles": [
            "Claude Code CLI Retry Mechanism",
            "retry on transient failures"
          ],
          "fullName": "Claude Code CLI Retry Mechanism retry on transient failures should retry on overloaded error",
          "status": "passed",
          "title": "should retry on overloaded error",
          "duration": 61.071199999999976,
          "failureMessages": [],
          "meta": {}
        },
        {
          "ancestorTitles": [
            "Claude Code CLI Retry Mechanism",
            "retry on transient failures"
          ],
          "fullName": "Claude Code CLI Retry Mechanism retry on transient failures should retry on network errors",
          "status": "passed",
          "title": "should retry on network errors",
          "duration": 30.924544000000026,
          "failureMessages": [],
          "meta": {}
        },
        {
          "ancestorTitles": [
            "Claude Code CLI Retry Mechanism",
            "non-retryable errors"
          ],
          "fullName": "Claude Code CLI Retry Mechanism non-retryable errors should not retry on invalid API key error",
          "status": "passed",
          "title": "should not retry on invalid API key error",
          "duration": 10.56788199999994,
          "failureMessages": [],
          "meta": {}
        },
        {
          "ancestorTitles": [
            "Claude Code CLI Retry Mechanism",
            "non-retryable errors"
          ],
          "fullName": "Claude Code CLI Retry Mechanism non-retryable errors should not retry on permission denied",
          "status": "passed",
          "title": "should not retry on permission denied",
          "duration": 10.629738999999972,
          "failureMessages": [],
          "meta": {}
        },
        {
          "ancestorTitles": [
            "Claude Code CLI Retry Mechanism",
            "max attempts"
          ],
          "fullName": "Claude Code CLI Retry Mechanism max attempts should respect max attempts configuration",
          "status": "passed",
          "title": "should respect max attempts configuration",
          "duration": 30.994552,
          "failureMessages": [],
          "meta": {}
        },
        {
          "ancestorTitles": [
            "Claude Code CLI Retry Mechanism",
            "max attempts"
          ],
          "fullName": "Claude Code CLI Retry Mechanism max attempts should fail after all retries exhausted",
          "status": "passed",
          "title": "should fail after all retries exhausted",
          "duration": 60.412379999999985,
          "failureMessages": [],
          "meta": {}
        },
        {
          "ancestorTitles": [
            "Claude Code CLI Retry Mechanism",
            "exponential backoff"
          ],
          "fullName": "Claude Code CLI Retry Mechanism exponential backoff should apply exponential backoff between retries",
          "status": "passed",
          "title": "should apply exponential backoff between retries",
          "duration": 61.70182199999999,
          "failureMessages": [],
          "meta": {}
        },
        {
          "ancestorTitles": [
            "Claude Code CLI Retry Mechanism",
            "exponential backoff"
          ],
          "fullName": "Claude Code CLI Retry Mechanism exponential backoff should cap delay at maxDelayMs",
          "status": "passed",
          "title": "should cap delay at maxDelayMs",
          "duration": 71.39783599999998,
          "failureMessages": [],
          "meta": {}
        },
        {
          "ancestorTitles": [
            "Claude Code CLI Retry Mechanism",
            "custom retryable errors"
          ],
          "fullName": "Claude Code CLI Retry Mechanism custom retryable errors should use custom retryable error list",
          "status": "passed",
          "title": "should use custom retryable error list",
          "duration": 30.991090999999983,
          "failureMessages": [],
          "meta": {}
        },
        {
          "ancestorTitles": [
            "Claude Code CLI Retry Mechanism",
            "custom retryable errors"
          ],
          "fullName": "Claude Code CLI Retry Mechanism custom retryable errors should not retry errors not in custom list",
          "status": "passed",
          "title": "should not retry errors not in custom list",
          "duration": 10.674151999999935,
          "failureMessages": [],
          "meta": {}
        },
        {
          "ancestorTitles": [
            "Claude Code Max Development Mode",
            "API key selection"
          ],
          "fullName": "Claude Code Max Development Mode API key selection should detect development mode via RSOLV_DEV_MODE",
          "status": "passed",
          "title": "should detect development mode via RSOLV_DEV_MODE",
          "duration": 0.329654000000005,
          "failureMessages": [],
          "meta": {}
        },
        {
          "ancestorTitles": [
            "Claude Code Max Development Mode",
            "API key selection"
          ],
          "fullName": "Claude Code Max Development Mode API key selection should detect development mode via USE_CLAUDE_CODE_MAX",
          "status": "passed",
          "title": "should detect development mode via USE_CLAUDE_CODE_MAX",
          "duration": 0.08234900000002199,
          "failureMessages": [],
          "meta": {}
        },
        {
          "ancestorTitles": [
            "Claude Code Max Development Mode",
            "API key selection"
          ],
          "fullName": "Claude Code Max Development Mode API key selection should use Claude Code Max key in dev mode",
          "status": "passed",
          "title": "should use Claude Code Max key in dev mode",
          "duration": 0.0760530000000017,
          "failureMessages": [],
          "meta": {}
        },
        {
          "ancestorTitles": [
            "Claude Code Max Development Mode",
            "API key selection"
          ],
          "fullName": "Claude Code Max Development Mode API key selection should fall back to regular key if Max key not set",
          "status": "passed",
          "title": "should fall back to regular key if Max key not set",
          "duration": 0.08518399999991288,
          "failureMessages": [],
          "meta": {}
        },
        {
          "ancestorTitles": [
            "Claude Code Max Development Mode",
            "API key selection"
          ],
          "fullName": "Claude Code Max Development Mode API key selection should use regular key in production mode",
          "status": "passed",
          "title": "should use regular key in production mode",
          "duration": 0.07838600000002316,
          "failureMessages": [],
          "meta": {}
        }
      ],
      "startTime": 1759805062369,
      "endTime": 1759805062792.3296,
      "status": "passed",
      "message": "",
      "name": "/home/dylan/dev/rsolv/RSOLV-action/src/ai/adapters/__tests__/claude-code-cli-retry.test.ts"
    },
    {
      "assertionResults": [
        {
          "ancestorTitles": [
            "ClaudeCodeCLIAdapter",
            "generateSolution"
          ],
          "fullName": "ClaudeCodeCLIAdapter generateSolution should fail without ANTHROPIC_API_KEY",
          "status": "passed",
          "title": "should fail without ANTHROPIC_API_KEY",
          "duration": 1.201148000000103,
          "failureMessages": [],
          "meta": {}
        },
        {
          "ancestorTitles": [
            "ClaudeCodeCLIAdapter",
            "constructPrompt"
          ],
          "fullName": "ClaudeCodeCLIAdapter constructPrompt should generate structured phased prompt when enabled",
          "status": "passed",
          "title": "should generate structured phased prompt when enabled",
          "duration": 0.7614629999998215,
          "failureMessages": [],
          "meta": {}
        },
        {
          "ancestorTitles": [
            "ClaudeCodeCLIAdapter",
            "constructPrompt"
          ],
          "fullName": "ClaudeCodeCLIAdapter constructPrompt should generate regular prompt when structured phases disabled",
          "status": "passed",
          "title": "should generate regular prompt when structured phases disabled",
          "duration": 0.34223100000008344,
          "failureMessages": [],
          "meta": {}
        }
      ],
      "startTime": 1759805064525,
      "endTime": 1759805064527.3423,
      "status": "passed",
      "message": "",
      "name": "/home/dylan/dev/rsolv/RSOLV-action/src/ai/adapters/__tests__/claude-code-cli.test.ts"
    },
    {
      "assertionResults": [
        {
          "ancestorTitles": [
            "Prompt Generation Integration Tests",
            "End-to-end prompt generation with specificVulnerabilities"
          ],
          "fullName": "Prompt Generation Integration Tests End-to-end prompt generation with specificVulnerabilities should generate complete prompt with all vulnerability details",
          "status": "passed",
          "title": "should generate complete prompt with all vulnerability details",
          "duration": 15.813329000000067,
          "failureMessages": [],
          "meta": {}
        },
        {
          "ancestorTitles": [
            "Prompt Generation Integration Tests",
            "End-to-end prompt generation with specificVulnerabilities"
          ],
          "fullName": "Prompt Generation Integration Tests End-to-end prompt generation with specificVulnerabilities should handle missing specificVulnerabilities gracefully",
          "status": "passed",
          "title": "should handle missing specificVulnerabilities gracefully",
          "duration": 6.118185999999923,
          "failureMessages": [],
          "meta": {}
        },
        {
          "ancestorTitles": [
            "Prompt Generation Integration Tests",
            "End-to-end prompt generation with specificVulnerabilities"
          ],
          "fullName": "Prompt Generation Integration Tests End-to-end prompt generation with specificVulnerabilities should preserve vulnerabilities through validation iterations",
          "status": "passed",
          "title": "should preserve vulnerabilities through validation iterations",
          "duration": 7.641719000000194,
          "failureMessages": [],
          "meta": {}
        },
        {
          "ancestorTitles": [
            "Prompt Generation Integration Tests",
            "Prompt structure validation"
          ],
          "fullName": "Prompt Generation Integration Tests Prompt structure validation should order prompt sections correctly",
          "status": "passed",
          "title": "should order prompt sections correctly",
          "duration": 7.312802999999803,
          "failureMessages": [],
          "meta": {}
        }
      ],
      "startTime": 1759805063440,
      "endTime": 1759805063477.3127,
      "status": "passed",
      "message": "",
      "name": "/home/dylan/dev/rsolv/RSOLV-action/src/ai/adapters/__tests__/prompt-generation-integration.test.ts"
    },
    {
      "assertionResults": [
        {
          "ancestorTitles": [
            "ElixirASTAnalyzer - Core Functionality",
            "initialization"
          ],
          "fullName": "ElixirASTAnalyzer - Core Functionality initialization should initialize with config",
          "status": "passed",
          "title": "should initialize with config",
          "duration": 1.6040869999999359,
          "failureMessages": [],
          "meta": {}
        },
        {
          "ancestorTitles": [
            "ElixirASTAnalyzer - Core Functionality",
            "initialization"
          ],
          "fullName": "ElixirASTAnalyzer - Core Functionality initialization should use environment variables as fallback",
          "status": "passed",
          "title": "should use environment variables as fallback",
          "duration": 0.7856670000001031,
          "failureMessages": [],
          "meta": {}
        },
        {
          "ancestorTitles": [
            "ElixirASTAnalyzer - Core Functionality",
            "file analysis"
          ],
          "fullName": "ElixirASTAnalyzer - Core Functionality file analysis should analyze single file",
          "status": "passed",
          "title": "should analyze single file",
          "duration": 2.052814000000126,
          "failureMessages": [],
          "meta": {}
        },
        {
          "ancestorTitles": [
            "ElixirASTAnalyzer - Core Functionality",
            "file analysis"
          ],
          "fullName": "ElixirASTAnalyzer - Core Functionality file analysis should handle empty file content",
          "status": "passed",
          "title": "should handle empty file content",
          "duration": 1.860386999999946,
          "failureMessages": [],
          "meta": {}
        },
        {
          "ancestorTitles": [
            "ElixirASTAnalyzer - Core Functionality",
            "file analysis"
          ],
          "fullName": "ElixirASTAnalyzer - Core Functionality file analysis should handle API errors gracefully",
          "status": "passed",
          "title": "should handle API errors gracefully",
          "duration": 2.1661149999999907,
          "failureMessages": [],
          "meta": {}
        },
        {
          "ancestorTitles": [
            "ElixirASTAnalyzer - Core Functionality",
            "batch file analysis"
          ],
          "fullName": "ElixirASTAnalyzer - Core Functionality batch file analysis should analyze multiple files using analyze method",
          "status": "passed",
          "title": "should analyze multiple files using analyze method",
          "duration": 1.982148000000052,
          "failureMessages": [],
          "meta": {}
        },
        {
          "ancestorTitles": [
            "ElixirASTAnalyzer - Core Functionality",
            "batch file analysis"
          ],
          "fullName": "ElixirASTAnalyzer - Core Functionality batch file analysis should handle empty file list",
          "status": "passed",
          "title": "should handle empty file list",
          "duration": 1.1537889999999607,
          "failureMessages": [],
          "meta": {}
        },
        {
          "ancestorTitles": [
            "ElixirASTAnalyzer - Core Functionality",
            "batch file analysis"
          ],
          "fullName": "ElixirASTAnalyzer - Core Functionality batch file analysis should respect file count limits",
          "status": "passed",
          "title": "should respect file count limits",
          "duration": 0.7224060000000918,
          "failureMessages": [],
          "meta": {}
        },
        {
          "ancestorTitles": [
            "ElixirASTAnalyzer - Core Functionality",
            "session management"
          ],
          "fullName": "ElixirASTAnalyzer - Core Functionality session management should reuse sessions within timeout",
          "status": "passed",
          "title": "should reuse sessions within timeout",
          "duration": 1.452525999999807,
          "failureMessages": [],
          "meta": {}
        },
        {
          "ancestorTitles": [
            "ElixirASTAnalyzer - Core Functionality",
            "session management"
          ],
          "fullName": "ElixirASTAnalyzer - Core Functionality session management should create new session when expired",
          "status": "passed",
          "title": "should create new session when expired",
          "duration": 1.4730709999998908,
          "failureMessages": [],
          "meta": {}
        },
        {
          "ancestorTitles": [
            "ElixirASTAnalyzer - Core Functionality",
            "cleanup"
          ],
          "fullName": "ElixirASTAnalyzer - Core Functionality cleanup should cleanup sessions on cleanup call",
          "status": "passed",
          "title": "should cleanup sessions on cleanup call",
          "duration": 1.6625169999999798,
          "failureMessages": [],
          "meta": {}
        }
      ],
      "startTime": 1759805063505,
      "endTime": 1759805063522.6626,
      "status": "passed",
      "message": "",
      "name": "/home/dylan/dev/rsolv/RSOLV-action/src/security/analyzers/__tests__/elixir-ast-analyzer-core.test.ts"
    }
  ],
  "passRate": "82.81%"
}