{
  "numTotalTestSuites": 608,
  "numPassedTestSuites": 543,
  "numFailedTestSuites": 65,
  "numPendingTestSuites": 0,
  "numTotalTests": 1012,
  "numPassedTests": 900,
  "numFailedTests": 47,
  "numPendingTests": 60,
  "numTodoTests": 0,
  "startTime": 1759803953250,
  "success": false,
  "testResults": [
    {
      "assertionResults": [
        {
          "ancestorTitles": [
            "Memory Investigation"
          ],
          "fullName": "Memory Investigation should check pattern loading without detection",
          "status": "passed",
          "title": "should check pattern loading without detection",
          "duration": 2.0861519999998563,
          "failureMessages": [],
          "meta": {}
        },
        {
          "ancestorTitles": [
            "Memory Investigation"
          ],
          "fullName": "Memory Investigation should test small code detection",
          "status": "passed",
          "title": "should test small code detection",
          "duration": 1.5852730000005977,
          "failureMessages": [],
          "meta": {}
        },
        {
          "ancestorTitles": [
            "Memory Investigation"
          ],
          "fullName": "Memory Investigation should check AST interpreter directly",
          "status": "passed",
          "title": "should check AST interpreter directly",
          "duration": 0.3518900000017311,
          "failureMessages": [],
          "meta": {}
        }
      ],
      "startTime": 1759803965309,
      "endTime": 1759803965313.3518,
      "status": "passed",
      "message": "",
      "name": "/home/dylan/dev/rsolv/RSOLV-action/test/memory-investigation.test.ts"
    },
    {
      "assertionResults": [
        {
          "ancestorTitles": [
            "GREEN Phase - Server AST Integration Working",
            "New Detector with Server AST"
          ],
          "fullName": "GREEN Phase - Server AST Integration Working New Detector with Server AST should use ElixirASTAnalyzer when API key is provided",
          "status": "passed",
          "title": "should use ElixirASTAnalyzer when API key is provided",
          "duration": 0.2700960000001942,
          "failureMessages": [],
          "meta": {}
        },
        {
          "ancestorTitles": [
            "GREEN Phase - Server AST Integration Working",
            "New Detector with Server AST"
          ],
          "fullName": "GREEN Phase - Server AST Integration Working New Detector with Server AST should fall back to client-side AST when no API key",
          "status": "passed",
          "title": "should fall back to client-side AST when no API key",
          "duration": 0.2102599999998347,
          "failureMessages": [],
          "meta": {}
        },
        {
          "ancestorTitles": [
            "GREEN Phase - Server AST Integration Working",
            "New Detector with Server AST"
          ],
          "fullName": "GREEN Phase - Server AST Integration Working New Detector with Server AST should support multiple languages with server AST",
          "status": "passed",
          "title": "should support multiple languages with server AST",
          "duration": 0.3016910000005737,
          "failureMessages": [],
          "meta": {}
        },
        {
          "ancestorTitles": [
            "GREEN Phase - Server AST Integration Working",
            "New Detector with Server AST"
          ],
          "fullName": "GREEN Phase - Server AST Integration Working New Detector with Server AST should only support JS/TS without server AST",
          "status": "passed",
          "title": "should only support JS/TS without server AST",
          "duration": 0.1745730000002368,
          "failureMessages": [],
          "meta": {}
        },
        {
          "ancestorTitles": [
            "GREEN Phase - Server AST Integration Working",
            "Mock Server AST Detection"
          ],
          "fullName": "GREEN Phase - Server AST Integration Working Mock Server AST Detection should handle Python code through server AST",
          "status": "skipped",
          "title": "should handle Python code through server AST",
          "failureMessages": [],
          "meta": {}
        },
        {
          "ancestorTitles": [
            "GREEN Phase - Server AST Integration Working",
            "Mock Server AST Detection"
          ],
          "fullName": "GREEN Phase - Server AST Integration Working Mock Server AST Detection should reject unsupported languages gracefully",
          "status": "passed",
          "title": "should reject unsupported languages gracefully",
          "duration": 0.3017409999993106,
          "failureMessages": [],
          "meta": {}
        },
        {
          "ancestorTitles": [
            "GREEN Phase - Server AST Integration Working",
            "Configuration Options"
          ],
          "fullName": "GREEN Phase - Server AST Integration Working Configuration Options should respect useServerAST=false even with API key",
          "status": "passed",
          "title": "should respect useServerAST=false even with API key",
          "duration": 0.1890160000002652,
          "failureMessages": [],
          "meta": {}
        },
        {
          "ancestorTitles": [
            "GREEN Phase - Server AST Integration Working",
            "Configuration Options"
          ],
          "fullName": "GREEN Phase - Server AST Integration Working Configuration Options should use environment variables as fallback",
          "status": "passed",
          "title": "should use environment variables as fallback",
          "duration": 0.13262000000031549,
          "failureMessages": [],
          "meta": {}
        }
      ],
      "startTime": 1759803965262,
      "endTime": 1759803965264.189,
      "status": "passed",
      "message": "",
      "name": "/home/dylan/dev/rsolv/RSOLV-action/test/server-ast-green-phase.test.ts"
    },
    {
      "assertionResults": [
        {
          "ancestorTitles": [
            "Server-Side AST Integration",
            "AST Integration Tests"
          ],
          "fullName": "Server-Side AST Integration AST Integration Tests should use ASTPatternInterpreter for vulnerability detection",
          "status": "passed",
          "title": "should use ASTPatternInterpreter for vulnerability detection",
          "duration": 0.3335589999999229,
          "failureMessages": [],
          "meta": {}
        },
        {
          "ancestorTitles": [
            "Server-Side AST Integration",
            "AST Integration Tests"
          ],
          "fullName": "Server-Side AST Integration AST Integration Tests should detect JavaScript eval injection",
          "status": "passed",
          "title": "should detect JavaScript eval injection",
          "duration": 32.53302699999995,
          "failureMessages": [],
          "meta": {}
        },
        {
          "ancestorTitles": [
            "Server-Side AST Integration",
            "AST Integration Tests"
          ],
          "fullName": "Server-Side AST Integration AST Integration Tests should detect Python SQL injection via server AST",
          "status": "skipped",
          "title": "should detect Python SQL injection via server AST",
          "failureMessages": [],
          "meta": {}
        },
        {
          "ancestorTitles": [
            "Server-Side AST Integration",
            "AST Integration Tests"
          ],
          "fullName": "Server-Side AST Integration AST Integration Tests should detect Ruby command injection via server AST",
          "status": "skipped",
          "title": "should detect Ruby command injection via server AST",
          "failureMessages": [],
          "meta": {}
        },
        {
          "ancestorTitles": [
            "Server-Side AST Integration",
            "AST Integration Tests"
          ],
          "fullName": "Server-Side AST Integration AST Integration Tests should detect PHP XSS via server AST",
          "status": "skipped",
          "title": "should detect PHP XSS via server AST",
          "failureMessages": [],
          "meta": {}
        },
        {
          "ancestorTitles": [
            "Server-Side AST Integration",
            "AST Integration Tests"
          ],
          "fullName": "Server-Side AST Integration AST Integration Tests should achieve >90% accuracy on mixed language corpus",
          "status": "skipped",
          "title": "should achieve >90% accuracy on mixed language corpus",
          "failureMessages": [],
          "meta": {}
        },
        {
          "ancestorTitles": [
            "Server-Side AST Integration",
            "AST Integration Tests"
          ],
          "fullName": "Server-Side AST Integration AST Integration Tests should use server-side AST service endpoint",
          "status": "skipped",
          "title": "should use server-side AST service endpoint",
          "failureMessages": [],
          "meta": {}
        },
        {
          "ancestorTitles": [
            "Server-Side AST Integration",
            "Test Infrastructure"
          ],
          "fullName": "Server-Side AST Integration Test Infrastructure should have ElixirASTAnalyzer class available",
          "status": "passed",
          "title": "should have ElixirASTAnalyzer class available",
          "duration": 0.17917800000009265,
          "failureMessages": [],
          "meta": {}
        }
      ],
      "startTime": 1759803954679,
      "endTime": 1759803954712.533,
      "status": "passed",
      "message": "",
      "name": "/home/dylan/dev/rsolv/RSOLV-action/test/server-ast-integration.test.ts"
    },
    {
      "assertionResults": [
        {
          "ancestorTitles": [
            "Vendor Detection File Extraction (RFC-047 Fix)"
          ],
          "fullName": "Vendor Detection File Extraction (RFC-047 Fix) should extract files from vulnerabilities with singular \"file\" property",
          "status": "passed",
          "title": "should extract files from vulnerabilities with singular \"file\" property",
          "duration": 0.3117279999987659,
          "failureMessages": [],
          "meta": {}
        },
        {
          "ancestorTitles": [
            "Vendor Detection File Extraction (RFC-047 Fix)"
          ],
          "fullName": "Vendor Detection File Extraction (RFC-047 Fix) should extract files from vulnerabilities with plural \"files\" property",
          "status": "passed",
          "title": "should extract files from vulnerabilities with plural \"files\" property",
          "duration": 0.1881630000007135,
          "failureMessages": [],
          "meta": {}
        },
        {
          "ancestorTitles": [
            "Vendor Detection File Extraction (RFC-047 Fix)"
          ],
          "fullName": "Vendor Detection File Extraction (RFC-047 Fix) should handle mixed vulnerabilities with both file and files properties",
          "status": "passed",
          "title": "should handle mixed vulnerabilities with both file and files properties",
          "duration": 0.21131900000000314,
          "failureMessages": [],
          "meta": {}
        },
        {
          "ancestorTitles": [
            "Vendor Detection File Extraction (RFC-047 Fix)"
          ],
          "fullName": "Vendor Detection File Extraction (RFC-047 Fix) should return empty array for vulnerabilities without file properties",
          "status": "passed",
          "title": "should return empty array for vulnerabilities without file properties",
          "duration": 0.13558999999986554,
          "failureMessages": [],
          "meta": {}
        },
        {
          "ancestorTitles": [
            "Vendor Detection File Extraction (RFC-047 Fix)"
          ],
          "fullName": "Vendor Detection File Extraction (RFC-047 Fix) OLD BROKEN CODE: should demonstrate the bug",
          "status": "passed",
          "title": "OLD BROKEN CODE: should demonstrate the bug",
          "duration": 0.12699799999973038,
          "failureMessages": [],
          "meta": {}
        }
      ],
      "startTime": 1759803965286,
      "endTime": 1759803965287.1355,
      "status": "passed",
      "message": "",
      "name": "/home/dylan/dev/rsolv/RSOLV-action/test/vendor-detection-file-extraction.test.ts"
    },
    {
      "assertionResults": [
        {
          "ancestorTitles": [
            "Issue Limiting Logic"
          ],
          "fullName": "Issue Limiting Logic should slice issues array when maxIssues is set",
          "status": "passed",
          "title": "should slice issues array when maxIssues is set",
          "duration": 0.18420599999990372,
          "failureMessages": [],
          "meta": {}
        },
        {
          "ancestorTitles": [
            "Issue Limiting Logic"
          ],
          "fullName": "Issue Limiting Logic should return all issues when maxIssues is not set",
          "status": "passed",
          "title": "should return all issues when maxIssues is not set",
          "duration": 0.09663999999975204,
          "failureMessages": [],
          "meta": {}
        },
        {
          "ancestorTitles": [
            "Issue Limiting Logic"
          ],
          "fullName": "Issue Limiting Logic should return all issues when maxIssues is 0",
          "status": "passed",
          "title": "should return all issues when maxIssues is 0",
          "duration": 0.06935199999861652,
          "failureMessages": [],
          "meta": {}
        },
        {
          "ancestorTitles": [
            "Issue Limiting Logic"
          ],
          "fullName": "Issue Limiting Logic should return all issues when maxIssues is greater than issue count",
          "status": "passed",
          "title": "should return all issues when maxIssues is greater than issue count",
          "duration": 0.060938000000533066,
          "failureMessages": [],
          "meta": {}
        },
        {
          "ancestorTitles": [
            "Issue Limiting Logic"
          ],
          "fullName": "Issue Limiting Logic should handle single issue limit",
          "status": "passed",
          "title": "should handle single issue limit",
          "duration": 0.07481999999981781,
          "failureMessages": [],
          "meta": {}
        },
        {
          "ancestorTitles": [
            "Issue Limiting Logic"
          ],
          "fullName": "Issue Limiting Logic should handle exact match of maxIssues and issue count",
          "status": "passed",
          "title": "should handle exact match of maxIssues and issue count",
          "duration": 0.05487100000027567,
          "failureMessages": [],
          "meta": {}
        }
      ],
      "startTime": 1759803965292,
      "endTime": 1759803965292.1843,
      "status": "passed",
      "message": "",
      "name": "/home/dylan/dev/rsolv/RSOLV-action/src/__tests__/index-maxissues.test.ts"
    },
    {
      "assertionResults": [
        {
          "ancestorTitles": [
            "Workflow Timeout Behavior"
          ],
          "fullName": "Workflow Timeout Behavior should timeout workflow after 2 minutes",
          "status": "passed",
          "title": "should timeout workflow after 2 minutes",
          "duration": 101.41955899999994,
          "failureMessages": [],
          "meta": {}
        },
        {
          "ancestorTitles": [
            "Workflow Timeout Behavior"
          ],
          "fullName": "Workflow Timeout Behavior should complete successfully before timeout",
          "status": "passed",
          "title": "should complete successfully before timeout",
          "duration": 1.2492460000000847,
          "failureMessages": [],
          "meta": {}
        },
        {
          "ancestorTitles": [
            "Workflow Timeout Behavior"
          ],
          "fullName": "Workflow Timeout Behavior should handle no issues gracefully without timeout",
          "status": "passed",
          "title": "should handle no issues gracefully without timeout",
          "duration": 0.6578110000000379,
          "failureMessages": [],
          "meta": {}
        },
        {
          "ancestorTitles": [
            "Workflow Timeout Behavior"
          ],
          "fullName": "Workflow Timeout Behavior should include timeout information in error message",
          "status": "passed",
          "title": "should include timeout information in error message",
          "duration": 100.91357100000005,
          "failureMessages": [],
          "meta": {}
        },
        {
          "ancestorTitles": [
            "Workflow Timeout Behavior"
          ],
          "fullName": "Workflow Timeout Behavior should use configured processing options",
          "status": "passed",
          "title": "should use configured processing options",
          "duration": 0.4519359999999324,
          "failureMessages": [],
          "meta": {}
        }
      ],
      "startTime": 1759803954438,
      "endTime": 1759803954642.452,
      "status": "passed",
      "message": "",
      "name": "/home/dylan/dev/rsolv/RSOLV-action/src/__tests__/workflow-timeout.test.ts"
    },
    {
      "assertionResults": [
        {
          "ancestorTitles": [
            "Validation Branch Persistence",
            "Phase 1 RED: Define expected behavior"
          ],
          "fullName": "Validation Branch Persistence Phase 1 RED: Define expected behavior should create a feature branch during validation",
          "status": "passed",
          "title": "should create a feature branch during validation",
          "duration": 38.12936100000002,
          "failureMessages": [],
          "meta": {}
        },
        {
          "ancestorTitles": [
            "Validation Branch Persistence",
            "Phase 1 RED: Define expected behavior"
          ],
          "fullName": "Validation Branch Persistence Phase 1 RED: Define expected behavior should commit generated red tests to the validation branch",
          "status": "passed",
          "title": "should commit generated red tests to the validation branch",
          "duration": 76.30835000000002,
          "failureMessages": [],
          "meta": {}
        },
        {
          "ancestorTitles": [
            "Validation Branch Persistence",
            "Phase 1 RED: Define expected behavior"
          ],
          "fullName": "Validation Branch Persistence Phase 1 RED: Define expected behavior should store branch name in validation results",
          "status": "passed",
          "title": "should store branch name in validation results",
          "duration": 23.801324000000022,
          "failureMessages": [],
          "meta": {}
        },
        {
          "ancestorTitles": [
            "Validation Branch Persistence",
            "Phase 1 RED: Define expected behavior"
          ],
          "fullName": "Validation Branch Persistence Phase 1 RED: Define expected behavior should checkout validation branch in mitigation phase",
          "status": "passed",
          "title": "should checkout validation branch in mitigation phase",
          "duration": 54.00137700000005,
          "failureMessages": [],
          "meta": {}
        },
        {
          "ancestorTitles": [
            "Validation Branch Persistence",
            "Phase 1 RED: Define expected behavior"
          ],
          "fullName": "Validation Branch Persistence Phase 1 RED: Define expected behavior should handle missing validation branch gracefully",
          "status": "passed",
          "title": "should handle missing validation branch gracefully",
          "duration": 31.31553400000007,
          "failureMessages": [],
          "meta": {}
        },
        {
          "ancestorTitles": [
            "Validation Branch Persistence",
            "Phase 1 RED: Define expected behavior"
          ],
          "fullName": "Validation Branch Persistence Phase 1 RED: Define expected behavior should preserve test files between validation and mitigation phases",
          "status": "passed",
          "title": "should preserve test files between validation and mitigation phases",
          "duration": 63.15942899999993,
          "failureMessages": [],
          "meta": {}
        }
      ],
      "startTime": 1759803953871,
      "endTime": 1759803954158.1594,
      "status": "passed",
      "message": "",
      "name": "/home/dylan/dev/rsolv/RSOLV-action/src/__tests__/modes/validation-branch-persistence.test.ts"
    },
    {
      "assertionResults": [
        {
          "ancestorTitles": [
            "Claude Code Live API Tests"
          ],
          "fullName": "Claude Code Live API Tests should check if Claude Code CLI is actually available",
          "status": "passed",
          "title": "should check if Claude Code CLI is actually available",
          "duration": 1.1513029999996434,
          "failureMessages": [],
          "meta": {}
        },
        {
          "ancestorTitles": [
            "Claude Code Live API Tests"
          ],
          "fullName": "Claude Code Live API Tests should generate real solution using Claude Code",
          "status": "passed",
          "title": "should generate real solution using Claude Code",
          "duration": 2087.783658,
          "failureMessages": [],
          "meta": {}
        },
        {
          "ancestorTitles": [
            "Claude Code Live API Tests"
          ],
          "fullName": "Claude Code Live API Tests should work with enhanced prompts in live mode",
          "status": "passed",
          "title": "should work with enhanced prompts in live mode",
          "duration": 5708.7707550000005,
          "failureMessages": [],
          "meta": {}
        },
        {
          "ancestorTitles": [
            "Claude Code File System Integration"
          ],
          "fullName": "Claude Code File System Integration should handle real file operations",
          "status": "passed",
          "title": "should handle real file operations",
          "duration": 0.22692299999835086,
          "failureMessages": [],
          "meta": {}
        }
      ],
      "startTime": 1759803957168,
      "endTime": 1759803964966.7708,
      "status": "passed",
      "message": "",
      "name": "/home/dylan/dev/rsolv/RSOLV-action/src/ai/__tests__/claude-code-live.test.ts"
    },
    {
      "assertionResults": [
        {
          "ancestorTitles": [
            "DISABLE_FIX_VALIDATION bug reproduction",
            "when DISABLE_FIX_VALIDATION is set"
          ],
          "fullName": "DISABLE_FIX_VALIDATION bug reproduction when DISABLE_FIX_VALIDATION is set should skip validation regardless of other settings",
          "status": "passed",
          "title": "should skip validation regardless of other settings",
          "duration": 2.6135250000006636,
          "failureMessages": [],
          "meta": {}
        },
        {
          "ancestorTitles": [
            "DISABLE_FIX_VALIDATION bug reproduction",
            "when DISABLE_FIX_VALIDATION is set"
          ],
          "fullName": "DISABLE_FIX_VALIDATION bug reproduction when DISABLE_FIX_VALIDATION is set should skip validation even if testGeneration.enabled is true",
          "status": "passed",
          "title": "should skip validation even if testGeneration.enabled is true",
          "duration": 0.3751650000012887,
          "failureMessages": [],
          "meta": {}
        },
        {
          "ancestorTitles": [
            "DISABLE_FIX_VALIDATION bug reproduction",
            "proper validation skip logic"
          ],
          "fullName": "DISABLE_FIX_VALIDATION bug reproduction proper validation skip logic should skip when fixValidation.enabled is false",
          "status": "passed",
          "title": "should skip when fixValidation.enabled is false",
          "duration": 0.07549800000015239,
          "failureMessages": [],
          "meta": {}
        },
        {
          "ancestorTitles": [
            "DISABLE_FIX_VALIDATION bug reproduction",
            "proper validation skip logic"
          ],
          "fullName": "DISABLE_FIX_VALIDATION bug reproduction proper validation skip logic should not skip when fixValidation.enabled is true",
          "status": "passed",
          "title": "should not skip when fixValidation.enabled is true",
          "duration": 0.036084999999729916,
          "failureMessages": [],
          "meta": {}
        },
        {
          "ancestorTitles": [
            "DISABLE_FIX_VALIDATION bug reproduction",
            "proper validation skip logic"
          ],
          "fullName": "DISABLE_FIX_VALIDATION bug reproduction proper validation skip logic should skip regardless of testGeneration settings when disabled",
          "status": "passed",
          "title": "should skip regardless of testGeneration settings when disabled",
          "duration": 0.034014000000752276,
          "failureMessages": [],
          "meta": {}
        }
      ],
      "startTime": 1759803965269,
      "endTime": 1759803965273.0361,
      "status": "passed",
      "message": "",
      "name": "/home/dylan/dev/rsolv/RSOLV-action/src/ai/__tests__/disable-validation-bug.test.ts"
    },
    {
      "assertionResults": [
        {
          "ancestorTitles": [
            "generateSolutionWithFeedback"
          ],
          "fullName": "generateSolutionWithFeedback generates a solution with feedback integration",
          "status": "passed",
          "title": "generates a solution with feedback integration",
          "duration": 0.18933499999911874,
          "failureMessages": [],
          "meta": {}
        },
        {
          "ancestorTitles": [
            "generateSolutionWithFeedback"
          ],
          "fullName": "generateSolutionWithFeedback should integrate feedback when enhancing AI prompts",
          "status": "passed",
          "title": "should integrate feedback when enhancing AI prompts",
          "duration": 0.13259600000128557,
          "failureMessages": [],
          "meta": {}
        }
      ],
      "startTime": 1759803965279,
      "endTime": 1759803965279.1895,
      "status": "passed",
      "message": "",
      "name": "/home/dylan/dev/rsolv/RSOLV-action/src/ai/__tests__/feedbackEnhanced.test.ts"
    },
    {
      "assertionResults": [
        {
          "ancestorTitles": [
            "GitBasedProcessor - Test Mode (NEEDS REFACTORING)"
          ],
          "fullName": "GitBasedProcessor - Test Mode (NEEDS REFACTORING) should create PR even when validation fails in test mode",
          "status": "skipped",
          "title": "should create PR even when validation fails in test mode",
          "failureMessages": [],
          "meta": {}
        },
        {
          "ancestorTitles": [
            "GitBasedProcessor - Test Mode (NEEDS REFACTORING)"
          ],
          "fullName": "GitBasedProcessor - Test Mode (NEEDS REFACTORING) should include validation failure details in result",
          "status": "skipped",
          "title": "should include validation failure details in result",
          "failureMessages": [],
          "meta": {}
        },
        {
          "ancestorTitles": [
            "GitBasedProcessor - Test Mode (NEEDS REFACTORING)"
          ],
          "fullName": "GitBasedProcessor - Test Mode (NEEDS REFACTORING) should not rollback changes when validation fails in test mode",
          "status": "skipped",
          "title": "should not rollback changes when validation fails in test mode",
          "failureMessages": [],
          "meta": {}
        },
        {
          "ancestorTitles": [
            "GitBasedProcessor - Test Mode (NEEDS REFACTORING)"
          ],
          "fullName": "GitBasedProcessor - Test Mode (NEEDS REFACTORING) should mark result as test mode",
          "status": "skipped",
          "title": "should mark result as test mode",
          "failureMessages": [],
          "meta": {}
        },
        {
          "ancestorTitles": [
            "GitBasedProcessor - Test Mode (NEEDS REFACTORING)"
          ],
          "fullName": "GitBasedProcessor - Test Mode (NEEDS REFACTORING) should not create PR when validation fails in normal mode",
          "status": "skipped",
          "title": "should not create PR when validation fails in normal mode",
          "failureMessages": [],
          "meta": {}
        },
        {
          "ancestorTitles": [
            "GitBasedProcessor - Test Mode (NEEDS REFACTORING)"
          ],
          "fullName": "GitBasedProcessor - Test Mode (NEEDS REFACTORING) should rollback changes when validation fails in normal mode",
          "status": "skipped",
          "title": "should rollback changes when validation fails in normal mode",
          "failureMessages": [],
          "meta": {}
        }
      ],
      "startTime": 1759803953250,
      "endTime": 1759803953250,
      "status": "passed",
      "message": "",
      "name": "/home/dylan/dev/rsolv/RSOLV-action/src/ai/__tests__/git-based-processor-test-mode.test.ts"
    },
    {
      "assertionResults": [
        {
          "ancestorTitles": [
            "SecurityAwareAnalyzer",
            "Security Analysis"
          ],
          "fullName": "SecurityAwareAnalyzer Security Analysis should detect SQL injection vulnerabilities in code",
          "status": "passed",
          "title": "should detect SQL injection vulnerabilities in code",
          "duration": 8.23850200000004,
          "failureMessages": [],
          "meta": {}
        },
        {
          "ancestorTitles": [
            "SecurityAwareAnalyzer",
            "Security Analysis"
          ],
          "fullName": "SecurityAwareAnalyzer Security Analysis should detect XSS vulnerabilities in code",
          "status": "passed",
          "title": "should detect XSS vulnerabilities in code",
          "duration": 1.5344339999999193,
          "failureMessages": [],
          "meta": {}
        },
        {
          "ancestorTitles": [
            "SecurityAwareAnalyzer",
            "Security Analysis"
          ],
          "fullName": "SecurityAwareAnalyzer Security Analysis should calculate appropriate risk levels",
          "status": "passed",
          "title": "should calculate appropriate risk levels",
          "duration": 1.241647999999941,
          "failureMessages": [],
          "meta": {}
        },
        {
          "ancestorTitles": [
            "SecurityAwareAnalyzer",
            "Security Analysis"
          ],
          "fullName": "SecurityAwareAnalyzer Security Analysis should adjust complexity based on security risk",
          "status": "passed",
          "title": "should adjust complexity based on security risk",
          "duration": 1.8390699999999924,
          "failureMessages": [],
          "meta": {}
        },
        {
          "ancestorTitles": [
            "SecurityAwareAnalyzer",
            "Security Analysis"
          ],
          "fullName": "SecurityAwareAnalyzer Security Analysis should handle files with no vulnerabilities",
          "status": "passed",
          "title": "should handle files with no vulnerabilities",
          "duration": 1.4723840000000337,
          "failureMessages": [],
          "meta": {}
        },
        {
          "ancestorTitles": [
            "SecurityAwareAnalyzer",
            "Security Analysis"
          ],
          "fullName": "SecurityAwareAnalyzer Security Analysis should handle mixed languages",
          "status": "passed",
          "title": "should handle mixed languages",
          "duration": 1.236306999999897,
          "failureMessages": [],
          "meta": {}
        },
        {
          "ancestorTitles": [
            "SecurityAwareAnalyzer",
            "Issue Type Detection"
          ],
          "fullName": "SecurityAwareAnalyzer Issue Type Detection should detect security issues from title and body",
          "status": "passed",
          "title": "should detect security issues from title and body",
          "duration": 0.2746839999999793,
          "failureMessages": [],
          "meta": {}
        },
        {
          "ancestorTitles": [
            "SecurityAwareAnalyzer",
            "Issue Type Detection"
          ],
          "fullName": "SecurityAwareAnalyzer Issue Type Detection should detect bug issues",
          "status": "passed",
          "title": "should detect bug issues",
          "duration": 0.19947400000000926,
          "failureMessages": [],
          "meta": {}
        }
      ],
      "startTime": 1759803954175,
      "endTime": 1759803954192.1995,
      "status": "passed",
      "message": "",
      "name": "/home/dylan/dev/rsolv/RSOLV-action/src/ai/__tests__/security-analyzer.test.ts"
    },
    {
      "assertionResults": [
        {
          "ancestorTitles": [
            "Validation Skip Logic",
            "shouldSkipValidation (correct logic)"
          ],
          "fullName": "Validation Skip Logic shouldSkipValidation (correct logic) should skip when fixValidation.enabled is false",
          "status": "passed",
          "title": "should skip when fixValidation.enabled is false",
          "duration": 0.12649100000089675,
          "failureMessages": [],
          "meta": {}
        },
        {
          "ancestorTitles": [
            "Validation Skip Logic",
            "shouldSkipValidation (correct logic)"
          ],
          "fullName": "Validation Skip Logic shouldSkipValidation (correct logic) should not skip when fixValidation.enabled is true",
          "status": "passed",
          "title": "should not skip when fixValidation.enabled is true",
          "duration": 0.05930900000021211,
          "failureMessages": [],
          "meta": {}
        },
        {
          "ancestorTitles": [
            "Validation Skip Logic",
            "shouldSkipValidation (correct logic)"
          ],
          "fullName": "Validation Skip Logic shouldSkipValidation (correct logic) should not skip when fixValidation.enabled is undefined",
          "status": "passed",
          "title": "should not skip when fixValidation.enabled is undefined",
          "duration": 0.05728399999861722,
          "failureMessages": [],
          "meta": {}
        },
        {
          "ancestorTitles": [
            "Validation Skip Logic",
            "buggyValidationCondition (current bug)"
          ],
          "fullName": "Validation Skip Logic buggyValidationCondition (current bug) FAILS to skip validation when DISABLE_FIX_VALIDATION is set but testGeneration.validateFixes is true",
          "status": "passed",
          "title": "FAILS to skip validation when DISABLE_FIX_VALIDATION is set but testGeneration.validateFixes is true",
          "duration": 0.06459700000050361,
          "failureMessages": [],
          "meta": {}
        },
        {
          "ancestorTitles": [
            "Validation Skip Logic",
            "buggyValidationCondition (current bug)"
          ],
          "fullName": "Validation Skip Logic buggyValidationCondition (current bug) correctly skips when both are false",
          "status": "passed",
          "title": "correctly skips when both are false",
          "duration": 0.04702300000099058,
          "failureMessages": [],
          "meta": {}
        },
        {
          "ancestorTitles": [
            "Validation Skip Logic",
            "Fixed validation condition"
          ],
          "fullName": "Validation Skip Logic Fixed validation condition should NOT enter validation when DISABLE_FIX_VALIDATION is set",
          "status": "passed",
          "title": "should NOT enter validation when DISABLE_FIX_VALIDATION is set",
          "duration": 0.04711700000007113,
          "failureMessages": [],
          "meta": {}
        },
        {
          "ancestorTitles": [
            "Validation Skip Logic",
            "Fixed validation condition"
          ],
          "fullName": "Validation Skip Logic Fixed validation condition should enter validation when fixValidation.enabled is true",
          "status": "passed",
          "title": "should enter validation when fixValidation.enabled is true",
          "duration": 0.04439499999898544,
          "failureMessages": [],
          "meta": {}
        },
        {
          "ancestorTitles": [
            "Validation Skip Logic",
            "Fixed validation condition"
          ],
          "fullName": "Validation Skip Logic Fixed validation condition should enter validation when testGeneration.validateFixes is true and not disabled",
          "status": "passed",
          "title": "should enter validation when testGeneration.validateFixes is true and not disabled",
          "duration": 0.04894299999978102,
          "failureMessages": [],
          "meta": {}
        },
        {
          "ancestorTitles": [
            "Validation Skip Logic",
            "Fixed validation condition"
          ],
          "fullName": "Validation Skip Logic Fixed validation condition should not enter validation when both are false/undefined",
          "status": "passed",
          "title": "should not enter validation when both are false/undefined",
          "duration": 0.04832399999941117,
          "failureMessages": [],
          "meta": {}
        }
      ],
      "startTime": 1759803965241,
      "endTime": 1759803965242.0647,
      "status": "passed",
      "message": "",
      "name": "/home/dylan/dev/rsolv/RSOLV-action/src/ai/__tests__/validation-skip-logic.test.ts"
    },
    {
      "assertionResults": [
        {
          "ancestorTitles": [
            "Feedback Types"
          ],
          "fullName": "Feedback Types should allow creating a valid FeedbackEvent",
          "status": "passed",
          "title": "should allow creating a valid FeedbackEvent",
          "duration": 0.12014300000009825,
          "failureMessages": [],
          "meta": {}
        },
        {
          "ancestorTitles": [
            "Feedback Types"
          ],
          "fullName": "Feedback Types should allow creating a valid FeedbackEvent with modifications",
          "status": "passed",
          "title": "should allow creating a valid FeedbackEvent with modifications",
          "duration": 0.08102599999983795,
          "failureMessages": [],
          "meta": {}
        },
        {
          "ancestorTitles": [
            "Feedback Types"
          ],
          "fullName": "Feedback Types should allow creating a valid PromptEnhancementContext",
          "status": "passed",
          "title": "should allow creating a valid PromptEnhancementContext",
          "duration": 0.1407629999994242,
          "failureMessages": [],
          "meta": {}
        },
        {
          "ancestorTitles": [
            "Feedback Types"
          ],
          "fullName": "Feedback Types should enforce proper enumeration values",
          "status": "passed",
          "title": "should enforce proper enumeration values",
          "duration": 0.12416399999892747,
          "failureMessages": [],
          "meta": {}
        }
      ],
      "startTime": 1759803965247,
      "endTime": 1759803965247.1409,
      "status": "passed",
      "message": "",
      "name": "/home/dylan/dev/rsolv/RSOLV-action/src/feedback/__tests__/types.test.ts"
    },
    {
      "assertionResults": [
        {
          "ancestorTitles": [
            "Phase Decomposition - processIssueWithGit refactoring",
            "Scan Phase Extraction"
          ],
          "fullName": "Phase Decomposition - processIssueWithGit refactoring Scan Phase Extraction executeScanForIssue should analyze issue and determine if fixable",
          "status": "passed",
          "title": "executeScanForIssue should analyze issue and determine if fixable",
          "duration": 53.303132999999946,
          "failureMessages": [],
          "meta": {}
        },
        {
          "ancestorTitles": [
            "Phase Decomposition - processIssueWithGit refactoring",
            "Scan Phase Extraction"
          ],
          "fullName": "Phase Decomposition - processIssueWithGit refactoring Scan Phase Extraction executeScanForIssue should fail if git has uncommitted changes",
          "status": "passed",
          "title": "executeScanForIssue should fail if git has uncommitted changes",
          "duration": 0.3891840000000002,
          "failureMessages": [],
          "meta": {}
        },
        {
          "ancestorTitles": [
            "Phase Decomposition - processIssueWithGit refactoring",
            "Scan Phase Extraction"
          ],
          "fullName": "Phase Decomposition - processIssueWithGit refactoring Scan Phase Extraction executeScanForIssue should store scan results in PhaseDataClient",
          "status": "passed",
          "title": "executeScanForIssue should store scan results in PhaseDataClient",
          "duration": 1.422286999999983,
          "failureMessages": [],
          "meta": {}
        },
        {
          "ancestorTitles": [
            "Phase Decomposition - processIssueWithGit refactoring",
            "Validate Phase Extraction"
          ],
          "fullName": "Phase Decomposition - processIssueWithGit refactoring Validate Phase Extraction executeValidateForIssue should generate tests for vulnerability",
          "status": "passed",
          "title": "executeValidateForIssue should generate tests for vulnerability",
          "duration": 14.106901999999991,
          "failureMessages": [],
          "meta": {}
        },
        {
          "ancestorTitles": [
            "Phase Decomposition - processIssueWithGit refactoring",
            "Validate Phase Extraction"
          ],
          "fullName": "Phase Decomposition - processIssueWithGit refactoring Validate Phase Extraction executeValidateForIssue should use TestGeneratingSecurityAnalyzer",
          "status": "passed",
          "title": "executeValidateForIssue should use TestGeneratingSecurityAnalyzer",
          "duration": 4.123418000000015,
          "failureMessages": [],
          "meta": {}
        },
        {
          "ancestorTitles": [
            "Phase Decomposition - processIssueWithGit refactoring",
            "Validate Phase Extraction"
          ],
          "fullName": "Phase Decomposition - processIssueWithGit refactoring Validate Phase Extraction executeValidateForIssue should store validation results",
          "status": "passed",
          "title": "executeValidateForIssue should store validation results",
          "duration": 1.9163790000000063,
          "failureMessages": [],
          "meta": {}
        },
        {
          "ancestorTitles": [
            "Phase Decomposition - processIssueWithGit refactoring",
            "Mitigate Phase Extraction"
          ],
          "fullName": "Phase Decomposition - processIssueWithGit refactoring Mitigate Phase Extraction executeMitigateForIssue should apply fix using Claude Code",
          "status": "passed",
          "title": "executeMitigateForIssue should apply fix using Claude Code",
          "duration": 4.084809999999948,
          "failureMessages": [],
          "meta": {}
        },
        {
          "ancestorTitles": [
            "Phase Decomposition - processIssueWithGit refactoring",
            "Mitigate Phase Extraction"
          ],
          "fullName": "Phase Decomposition - processIssueWithGit refactoring Mitigate Phase Extraction executeMitigateForIssue should validate fix with generated tests",
          "status": "passed",
          "title": "executeMitigateForIssue should validate fix with generated tests",
          "duration": 6.96545100000003,
          "failureMessages": [],
          "meta": {}
        },
        {
          "ancestorTitles": [
            "Phase Decomposition - processIssueWithGit refactoring",
            "Mitigate Phase Extraction"
          ],
          "fullName": "Phase Decomposition - processIssueWithGit refactoring Mitigate Phase Extraction executeMitigateForIssue should retry on validation failure",
          "status": "passed",
          "title": "executeMitigateForIssue should retry on validation failure",
          "duration": 12.640148000000067,
          "failureMessages": [],
          "meta": {}
        },
        {
          "ancestorTitles": [
            "Phase Decomposition - processIssueWithGit refactoring",
            "Full Three-Phase Execution"
          ],
          "fullName": "Phase Decomposition - processIssueWithGit refactoring Full Three-Phase Execution executeThreePhaseForIssue should run all phases sequentially",
          "status": "passed",
          "title": "executeThreePhaseForIssue should run all phases sequentially",
          "duration": 13.42318499999999,
          "failureMessages": [],
          "meta": {}
        },
        {
          "ancestorTitles": [
            "Phase Decomposition - processIssueWithGit refactoring",
            "Full Three-Phase Execution"
          ],
          "fullName": "Phase Decomposition - processIssueWithGit refactoring Full Three-Phase Execution executeThreePhaseForIssue should abort if scan determines not fixable",
          "status": "passed",
          "title": "executeThreePhaseForIssue should abort if scan determines not fixable",
          "duration": 0.464841999999976,
          "failureMessages": [],
          "meta": {}
        },
        {
          "ancestorTitles": [
            "Phase Decomposition - processIssueWithGit refactoring",
            "Full Three-Phase Execution"
          ],
          "fullName": "Phase Decomposition - processIssueWithGit refactoring Full Three-Phase Execution executeThreePhaseForIssue should pass data between phases",
          "status": "passed",
          "title": "executeThreePhaseForIssue should pass data between phases",
          "duration": 0.7010099999999966,
          "failureMessages": [],
          "meta": {}
        }
      ],
      "startTime": 1759803953723,
      "endTime": 1759803953837.701,
      "status": "passed",
      "message": "",
      "name": "/home/dylan/dev/rsolv/RSOLV-action/src/modes/__tests__/phase-decomposition.test.ts"
    },
    {
      "assertionResults": [
        {
          "ancestorTitles": [
            "Ruby Vulnerability Detection"
          ],
          "fullName": "Ruby Vulnerability Detection should have Ruby SQL injection pattern",
          "status": "passed",
          "title": "should have Ruby SQL injection pattern",
          "duration": 0.12365200000022014,
          "failureMessages": [],
          "meta": {}
        },
        {
          "ancestorTitles": [
            "Ruby Vulnerability Detection"
          ],
          "fullName": "Ruby Vulnerability Detection should match Ruby SQL injection with regex",
          "status": "passed",
          "title": "should match Ruby SQL injection with regex",
          "duration": 0.13339599999926577,
          "failureMessages": [],
          "meta": {}
        },
        {
          "ancestorTitles": [
            "Ruby Vulnerability Detection"
          ],
          "fullName": "Ruby Vulnerability Detection should detect Ruby SQL injection with detector",
          "status": "passed",
          "title": "should detect Ruby SQL injection with detector",
          "duration": 0.5508960000006482,
          "failureMessages": [],
          "meta": {}
        },
        {
          "ancestorTitles": [
            "Ruby Vulnerability Detection"
          ],
          "fullName": "Ruby Vulnerability Detection should detect Ruby SQL injection in full code",
          "status": "passed",
          "title": "should detect Ruby SQL injection in full code",
          "duration": 0.394507999999405,
          "failureMessages": [],
          "meta": {}
        }
      ],
      "startTime": 1759803965297,
      "endTime": 1759803965298.3945,
      "status": "passed",
      "message": "",
      "name": "/home/dylan/dev/rsolv/RSOLV-action/src/security/__tests__/ruby-detection.test.ts"
    },
    {
      "assertionResults": [
        {
          "ancestorTitles": [
            "Safe Usage Detection",
            "SQL Injection Safe Patterns"
          ],
          "fullName": "Safe Usage Detection SQL Injection Safe Patterns should recognize parameterized queries as safe",
          "status": "passed",
          "title": "should recognize parameterized queries as safe",
          "duration": 0.10316299999976764,
          "failureMessages": [],
          "meta": {}
        },
        {
          "ancestorTitles": [
            "Safe Usage Detection",
            "SQL Injection Safe Patterns"
          ],
          "fullName": "Safe Usage Detection SQL Injection Safe Patterns should recognize prepared statements as safe",
          "status": "passed",
          "title": "should recognize prepared statements as safe",
          "duration": 0.04805499999929452,
          "failureMessages": [],
          "meta": {}
        },
        {
          "ancestorTitles": [
            "Safe Usage Detection",
            "SQL Injection Safe Patterns"
          ],
          "fullName": "Safe Usage Detection SQL Injection Safe Patterns should NOT consider Ruby hash syntax as safe SQL",
          "status": "passed",
          "title": "should NOT consider Ruby hash syntax as safe SQL",
          "duration": 0.030235000000175205,
          "failureMessages": [],
          "meta": {}
        },
        {
          "ancestorTitles": [
            "Safe Usage Detection",
            "SQL Injection Safe Patterns"
          ],
          "fullName": "Safe Usage Detection SQL Injection Safe Patterns should NOT consider Ruby string interpolation as safe",
          "status": "passed",
          "title": "should NOT consider Ruby string interpolation as safe",
          "duration": 0.02590500000042084,
          "failureMessages": [],
          "meta": {}
        },
        {
          "ancestorTitles": [
            "Safe Usage Detection",
            "SQL Injection Safe Patterns"
          ],
          "fullName": "Safe Usage Detection SQL Injection Safe Patterns should recognize actual named parameters as safe",
          "status": "passed",
          "title": "should recognize actual named parameters as safe",
          "duration": 0.02664099999856262,
          "failureMessages": [],
          "meta": {}
        },
        {
          "ancestorTitles": [
            "Safe Usage Detection",
            "Language-specific patterns"
          ],
          "fullName": "Safe Usage Detection Language-specific patterns should handle Ruby ActiveRecord safe patterns",
          "status": "passed",
          "title": "should handle Ruby ActiveRecord safe patterns",
          "duration": 0.028882000000521657,
          "failureMessages": [],
          "meta": {}
        },
        {
          "ancestorTitles": [
            "Safe Usage Detection",
            "Language-specific patterns"
          ],
          "fullName": "Safe Usage Detection Language-specific patterns should handle Python parameterized queries",
          "status": "passed",
          "title": "should handle Python parameterized queries",
          "duration": 0.026577000000543194,
          "failureMessages": [],
          "meta": {}
        }
      ],
      "startTime": 1759803965304,
      "endTime": 1759803965304.1033,
      "status": "passed",
      "message": "",
      "name": "/home/dylan/dev/rsolv/RSOLV-action/src/security/__tests__/safe-usage.test.ts"
    },
    {
      "assertionResults": [
        {
          "ancestorTitles": [
            "RFC-047: Vendor Library Detection",
            "Vendor Directory Detection"
          ],
          "fullName": "RFC-047: Vendor Library Detection Vendor Directory Detection should detect node_modules as vendor",
          "status": "passed",
          "title": "should detect node_modules as vendor",
          "duration": 0.2220079999999598,
          "failureMessages": [],
          "meta": {}
        },
        {
          "ancestorTitles": [
            "RFC-047: Vendor Library Detection",
            "Vendor Directory Detection"
          ],
          "fullName": "RFC-047: Vendor Library Detection Vendor Directory Detection should detect vendor directory as vendor",
          "status": "passed",
          "title": "should detect vendor directory as vendor",
          "duration": 0.08541799999989053,
          "failureMessages": [],
          "meta": {}
        },
        {
          "ancestorTitles": [
            "RFC-047: Vendor Library Detection",
            "Vendor Directory Detection"
          ],
          "fullName": "RFC-047: Vendor Library Detection Vendor Directory Detection should detect bower_components as vendor",
          "status": "passed",
          "title": "should detect bower_components as vendor",
          "duration": 0.054357000000209155,
          "failureMessages": [],
          "meta": {}
        },
        {
          "ancestorTitles": [
            "RFC-047: Vendor Library Detection",
            "Vendor Directory Detection"
          ],
          "fullName": "RFC-047: Vendor Library Detection Vendor Directory Detection should detect minified files as vendor",
          "status": "passed",
          "title": "should detect minified files as vendor",
          "duration": 0.04878499999995256,
          "failureMessages": [],
          "meta": {}
        },
        {
          "ancestorTitles": [
            "RFC-047: Vendor Library Detection",
            "Vendor Directory Detection"
          ],
          "fullName": "RFC-047: Vendor Library Detection Vendor Directory Detection should not detect application code as vendor",
          "status": "passed",
          "title": "should not detect application code as vendor",
          "duration": 0.19612000000006446,
          "failureMessages": [],
          "meta": {}
        },
        {
          "ancestorTitles": [
            "RFC-047: Vendor Library Detection",
            "Vendor Directory Detection"
          ],
          "fullName": "RFC-047: Vendor Library Detection Vendor Directory Detection should detect by file header comment",
          "status": "passed",
          "title": "should detect by file header comment",
          "duration": 0.10683800000015253,
          "failureMessages": [],
          "meta": {}
        },
        {
          "ancestorTitles": [
            "RFC-047: Vendor Library Detection",
            "Library Identification"
          ],
          "fullName": "RFC-047: Vendor Library Detection Library Identification should identify jQuery from file path",
          "status": "passed",
          "title": "should identify jQuery from file path",
          "duration": 0.17146699999989323,
          "failureMessages": [],
          "meta": {}
        },
        {
          "ancestorTitles": [
            "RFC-047: Vendor Library Detection",
            "Library Identification"
          ],
          "fullName": "RFC-047: Vendor Library Detection Library Identification should identify Bootstrap from file content",
          "status": "passed",
          "title": "should identify Bootstrap from file content",
          "duration": 0.15401199999996606,
          "failureMessages": [],
          "meta": {}
        },
        {
          "ancestorTitles": [
            "RFC-047: Vendor Library Detection",
            "Library Identification"
          ],
          "fullName": "RFC-047: Vendor Library Detection Library Identification should return null for non-vendor files",
          "status": "passed",
          "title": "should return null for non-vendor files",
          "duration": 0.15194300000007388,
          "failureMessages": [],
          "meta": {}
        },
        {
          "ancestorTitles": [
            "RFC-047: Vendor Library Detection",
            "Dependency Analysis"
          ],
          "fullName": "RFC-047: Vendor Library Detection Dependency Analysis should find package.json dependencies",
          "status": "passed",
          "title": "should find package.json dependencies",
          "duration": 0.15006999999991422,
          "failureMessages": [],
          "meta": {}
        },
        {
          "ancestorTitles": [
            "RFC-047: Vendor Library Detection",
            "Dependency Analysis"
          ],
          "fullName": "RFC-047: Vendor Library Detection Dependency Analysis should check if file belongs to known dependency",
          "status": "passed",
          "title": "should check if file belongs to known dependency",
          "duration": 0.09132499999986976,
          "failureMessages": [],
          "meta": {}
        },
        {
          "ancestorTitles": [
            "RFC-047: Vendor Library Detection",
            "Vulnerability Handling"
          ],
          "fullName": "RFC-047: Vendor Library Detection Vulnerability Handling should return update action for vendor vulnerabilities",
          "status": "passed",
          "title": "should return update action for vendor vulnerabilities",
          "duration": 0.17265199999997094,
          "failureMessages": [],
          "meta": {}
        },
        {
          "ancestorTitles": [
            "RFC-047: Vendor Library Detection",
            "Vulnerability Handling"
          ],
          "fullName": "RFC-047: Vendor Library Detection Vulnerability Handling should return fix action for application vulnerabilities",
          "status": "passed",
          "title": "should return fix action for application vulnerabilities",
          "duration": 0.07721499999979642,
          "failureMessages": [],
          "meta": {}
        },
        {
          "ancestorTitles": [
            "RFC-047: Vendor Library Detection",
            "Vulnerability Handling"
          ],
          "fullName": "RFC-047: Vendor Library Detection Vulnerability Handling should not attempt to patch vendor code",
          "status": "passed",
          "title": "should not attempt to patch vendor code",
          "duration": 0.12930499999993117,
          "failureMessages": [],
          "meta": {}
        },
        {
          "ancestorTitles": [
            "RFC-047: Vendor Library Detection",
            "Update Recommendations"
          ],
          "fullName": "RFC-047: Vendor Library Detection Update Recommendations should recommend safe update version",
          "status": "passed",
          "title": "should recommend safe update version",
          "duration": 0.22295299999996132,
          "failureMessages": [],
          "meta": {}
        },
        {
          "ancestorTitles": [
            "RFC-047: Vendor Library Detection",
            "Update Recommendations"
          ],
          "fullName": "RFC-047: Vendor Library Detection Update Recommendations should provide update commands",
          "status": "passed",
          "title": "should provide update commands",
          "duration": 0.11240300000008574,
          "failureMessages": [],
          "meta": {}
        },
        {
          "ancestorTitles": [
            "RFC-047: Vendor Library Detection",
            "Issue Creation"
          ],
          "fullName": "RFC-047: Vendor Library Detection Issue Creation should create vendor-specific issue",
          "status": "passed",
          "title": "should create vendor-specific issue",
          "duration": 0.19965899999988324,
          "failureMessages": [],
          "meta": {}
        },
        {
          "ancestorTitles": [
            "RFC-047: Vendor Library Detection",
            "Issue Creation"
          ],
          "fullName": "RFC-047: Vendor Library Detection Issue Creation should not create patch PR for vendor files",
          "status": "passed",
          "title": "should not create patch PR for vendor files",
          "duration": 0.08196599999996579,
          "failureMessages": [],
          "meta": {}
        }
      ],
      "startTime": 1759803954663,
      "endTime": 1759803954666.1997,
      "status": "passed",
      "message": "",
      "name": "/home/dylan/dev/rsolv/RSOLV-action/src/vendor/__tests__/vendor-detector.test.ts"
    },
    {
      "assertionResults": [
        {
          "ancestorTitles": [
            "Claude CLI Usage in Mitigation"
          ],
          "fullName": "Claude CLI Usage in Mitigation should use Claude CLI when vended credentials are enabled",
          "status": "failed",
          "title": "should use Claude CLI when vended credentials are enabled",
          "duration": 0.5213859999985289,
          "failureMessages": [
            "Error: generateSolution does not exist\n    at S (file:///home/dylan/dev/rsolv/RSOLV-action/node_modules/tinyspy/dist/index.js:4:11)\n    at Module.M (file:///home/dylan/dev/rsolv/RSOLV-action/node_modules/tinyspy/dist/index.js:121:3)\n    at Object.spyOn (file:///home/dylan/dev/rsolv/RSOLV-action/node_modules/@vitest/spy/dist/index.js:21:24)\n    at /home/dylan/dev/rsolv/RSOLV-action/src/ai/adapters/__tests__/claude-cli-mitigation.test.ts:67:39\n    at file:///home/dylan/dev/rsolv/RSOLV-action/node_modules/@vitest/runner/dist/chunk-hooks.js:155:11\n    at file:///home/dylan/dev/rsolv/RSOLV-action/node_modules/@vitest/runner/dist/chunk-hooks.js:752:26\n    at file:///home/dylan/dev/rsolv/RSOLV-action/node_modules/@vitest/runner/dist/chunk-hooks.js:1897:20\n    at new Promise (<anonymous>)\n    at runWithTimeout (file:///home/dylan/dev/rsolv/RSOLV-action/node_modules/@vitest/runner/dist/chunk-hooks.js:1863:10)\n    at runTest (file:///home/dylan/dev/rsolv/RSOLV-action/node_modules/@vitest/runner/dist/chunk-hooks.js:1574:12)"
          ],
          "meta": {}
        },
        {
          "ancestorTitles": [
            "Claude CLI Usage in Mitigation"
          ],
          "fullName": "Claude CLI Usage in Mitigation should use Claude CLI when RSOLV_USE_CLI is true",
          "status": "passed",
          "title": "should use Claude CLI when RSOLV_USE_CLI is true",
          "duration": 39.436147999998866,
          "failureMessages": [],
          "meta": {}
        },
        {
          "ancestorTitles": [
            "Claude CLI Usage in Mitigation"
          ],
          "fullName": "Claude CLI Usage in Mitigation should use Claude CLI when structured phases are enabled",
          "status": "passed",
          "title": "should use Claude CLI when structured phases are enabled",
          "duration": 7.644046999999773,
          "failureMessages": [],
          "meta": {}
        },
        {
          "ancestorTitles": [
            "Claude CLI Usage in Mitigation"
          ],
          "fullName": "Claude CLI Usage in Mitigation should NOT fall back to SDK when vended credentials are enabled and CLI fails",
          "status": "failed",
          "title": "should NOT fall back to SDK when vended credentials are enabled and CLI fails",
          "duration": 0.36668900000040594,
          "failureMessages": [
            "Error: generateSolution does not exist\n    at S (file:///home/dylan/dev/rsolv/RSOLV-action/node_modules/tinyspy/dist/index.js:4:11)\n    at Module.M (file:///home/dylan/dev/rsolv/RSOLV-action/node_modules/tinyspy/dist/index.js:121:3)\n    at Object.spyOn (file:///home/dylan/dev/rsolv/RSOLV-action/node_modules/@vitest/spy/dist/index.js:21:24)\n    at /home/dylan/dev/rsolv/RSOLV-action/src/ai/adapters/__tests__/claude-cli-mitigation.test.ts:175:39\n    at file:///home/dylan/dev/rsolv/RSOLV-action/node_modules/@vitest/runner/dist/chunk-hooks.js:155:11\n    at file:///home/dylan/dev/rsolv/RSOLV-action/node_modules/@vitest/runner/dist/chunk-hooks.js:752:26\n    at file:///home/dylan/dev/rsolv/RSOLV-action/node_modules/@vitest/runner/dist/chunk-hooks.js:1897:20\n    at new Promise (<anonymous>)\n    at runWithTimeout (file:///home/dylan/dev/rsolv/RSOLV-action/node_modules/@vitest/runner/dist/chunk-hooks.js:1863:10)\n    at runTest (file:///home/dylan/dev/rsolv/RSOLV-action/node_modules/@vitest/runner/dist/chunk-hooks.js:1574:12)"
          ],
          "meta": {}
        }
      ],
      "startTime": 1759803965188,
      "endTime": 1759803965236.3667,
      "status": "failed",
      "message": "",
      "name": "/home/dylan/dev/rsolv/RSOLV-action/src/ai/adapters/__tests__/claude-cli-mitigation.test.ts"
    },
    {
      "assertionResults": [
        {
          "ancestorTitles": [
            "GitBasedClaudeCodeAdapter - Data Flow Tests",
            "specificVulnerabilities data flow"
          ],
          "fullName": "GitBasedClaudeCodeAdapter - Data Flow Tests specificVulnerabilities data flow should pass specificVulnerabilities from issueContext to prompt",
          "status": "failed",
          "title": "should pass specificVulnerabilities from issueContext to prompt",
          "duration": 4.482317999999964,
          "failureMessages": [
            "AssertionError: expected [] to include 'SPECIFIC VULNERABILITIES TO FIX'\n    at Proxy.<anonymous> (file:///home/dylan/dev/rsolv/RSOLV-action/node_modules/@vitest/expect/dist/index.js:1191:15)\n    at Proxy.<anonymous> (file:///home/dylan/dev/rsolv/RSOLV-action/node_modules/@vitest/expect/dist/index.js:1029:14)\n    at Proxy.methodWrapper (file:///home/dylan/dev/rsolv/RSOLV-action/node_modules/chai/index.js:1686:25)\n    at /home/dylan/dev/rsolv/RSOLV-action/src/ai/adapters/__tests__/claude-code-git-data-flow.test.ts:106:22\n    at file:///home/dylan/dev/rsolv/RSOLV-action/node_modules/@vitest/runner/dist/chunk-hooks.js:155:11\n    at file:///home/dylan/dev/rsolv/RSOLV-action/node_modules/@vitest/runner/dist/chunk-hooks.js:752:26\n    at file:///home/dylan/dev/rsolv/RSOLV-action/node_modules/@vitest/runner/dist/chunk-hooks.js:1897:20\n    at new Promise (<anonymous>)\n    at runWithTimeout (file:///home/dylan/dev/rsolv/RSOLV-action/node_modules/@vitest/runner/dist/chunk-hooks.js:1863:10)\n    at runTest (file:///home/dylan/dev/rsolv/RSOLV-action/node_modules/@vitest/runner/dist/chunk-hooks.js:1574:12)"
          ],
          "meta": {}
        },
        {
          "ancestorTitles": [
            "GitBasedClaudeCodeAdapter - Data Flow Tests",
            "specificVulnerabilities data flow"
          ],
          "fullName": "GitBasedClaudeCodeAdapter - Data Flow Tests specificVulnerabilities data flow should log debug info when specificVulnerabilities are present",
          "status": "passed",
          "title": "should log debug info when specificVulnerabilities are present",
          "duration": 0.7049289999999928,
          "failureMessages": [],
          "meta": {}
        },
        {
          "ancestorTitles": [
            "GitBasedClaudeCodeAdapter - Data Flow Tests",
            "specificVulnerabilities data flow"
          ],
          "fullName": "GitBasedClaudeCodeAdapter - Data Flow Tests specificVulnerabilities data flow should handle missing specificVulnerabilities gracefully",
          "status": "failed",
          "title": "should handle missing specificVulnerabilities gracefully",
          "duration": 1.2600559999999632,
          "failureMessages": [
            "AssertionError: expected [] to include 'You are an expert security engineer'\n    at Proxy.<anonymous> (file:///home/dylan/dev/rsolv/RSOLV-action/node_modules/@vitest/expect/dist/index.js:1191:15)\n    at Proxy.<anonymous> (file:///home/dylan/dev/rsolv/RSOLV-action/node_modules/@vitest/expect/dist/index.js:1029:14)\n    at Proxy.methodWrapper (file:///home/dylan/dev/rsolv/RSOLV-action/node_modules/chai/index.js:1686:25)\n    at /home/dylan/dev/rsolv/RSOLV-action/src/ai/adapters/__tests__/claude-code-git-data-flow.test.ts:181:22\n    at file:///home/dylan/dev/rsolv/RSOLV-action/node_modules/@vitest/runner/dist/chunk-hooks.js:155:11\n    at file:///home/dylan/dev/rsolv/RSOLV-action/node_modules/@vitest/runner/dist/chunk-hooks.js:752:26\n    at file:///home/dylan/dev/rsolv/RSOLV-action/node_modules/@vitest/runner/dist/chunk-hooks.js:1897:20\n    at new Promise (<anonymous>)\n    at runWithTimeout (file:///home/dylan/dev/rsolv/RSOLV-action/node_modules/@vitest/runner/dist/chunk-hooks.js:1863:10)\n    at runTest (file:///home/dylan/dev/rsolv/RSOLV-action/node_modules/@vitest/runner/dist/chunk-hooks.js:1574:12)"
          ],
          "meta": {}
        },
        {
          "ancestorTitles": [
            "GitBasedClaudeCodeAdapter - Data Flow Tests",
            "generateSolution data flow"
          ],
          "fullName": "GitBasedClaudeCodeAdapter - Data Flow Tests generateSolution data flow should preserve specificVulnerabilities through generateSolution call",
          "status": "passed",
          "title": "should preserve specificVulnerabilities through generateSolution call",
          "duration": 0.41126699999995253,
          "failureMessages": [],
          "meta": {}
        }
      ],
      "startTime": 1759803954262,
      "endTime": 1759803954268.4114,
      "status": "failed",
      "message": "",
      "name": "/home/dylan/dev/rsolv/RSOLV-action/src/ai/adapters/__tests__/claude-code-git-data-flow.test.ts"
    },
    {
      "assertionResults": [
        {
          "ancestorTitles": [
            "ElixirASTAnalyzer - Integration",
            "end-to-end workflow"
          ],
          "fullName": "ElixirASTAnalyzer - Integration end-to-end workflow should complete full analysis workflow",
          "status": "passed",
          "title": "should complete full analysis workflow",
          "duration": 0.6538950000012846,
          "failureMessages": [],
          "meta": {}
        },
        {
          "ancestorTitles": [
            "ElixirASTAnalyzer - Integration",
            "end-to-end workflow"
          ],
          "fullName": "ElixirASTAnalyzer - Integration end-to-end workflow should handle network errors gracefully",
          "status": "passed",
          "title": "should handle network errors gracefully",
          "duration": 1.2532950000004348,
          "failureMessages": [],
          "meta": {}
        },
        {
          "ancestorTitles": [
            "ElixirASTAnalyzer - Integration",
            "end-to-end workflow"
          ],
          "fullName": "ElixirASTAnalyzer - Integration end-to-end workflow should handle timeout",
          "status": "passed",
          "title": "should handle timeout",
          "duration": 201.38239800000156,
          "failureMessages": [],
          "meta": {}
        },
        {
          "ancestorTitles": [
            "ElixirASTAnalyzer - Integration",
            "configuration"
          ],
          "fullName": "ElixirASTAnalyzer - Integration configuration should validate API key",
          "status": "passed",
          "title": "should validate API key",
          "duration": 0.329464000000371,
          "failureMessages": [],
          "meta": {}
        },
        {
          "ancestorTitles": [
            "ElixirASTAnalyzer - Integration",
            "configuration"
          ],
          "fullName": "ElixirASTAnalyzer - Integration configuration should validate API URL",
          "status": "passed",
          "title": "should validate API URL",
          "duration": 0.18174199999884877,
          "failureMessages": [],
          "meta": {}
        },
        {
          "ancestorTitles": [
            "ElixirASTAnalyzer - Integration",
            "resource management"
          ],
          "fullName": "ElixirASTAnalyzer - Integration resource management should not leak memory with multiple analyses",
          "status": "passed",
          "title": "should not leak memory with multiple analyses",
          "duration": 0.23575800000071467,
          "failureMessages": [],
          "meta": {}
        },
        {
          "ancestorTitles": [
            "ElixirASTAnalyzer - Integration",
            "resource management"
          ],
          "fullName": "ElixirASTAnalyzer - Integration resource management should cleanup all resources on cleanup",
          "status": "passed",
          "title": "should cleanup all resources on cleanup",
          "duration": 0.221056000000317,
          "failureMessages": [],
          "meta": {}
        }
      ],
      "startTime": 1759803964977,
      "endTime": 1759803965181.2358,
      "status": "passed",
      "message": "",
      "name": "/home/dylan/dev/rsolv/RSOLV-action/src/security/analyzers/__tests__/elixir-ast-analyzer.test.ts"
    },
    {
      "assertionResults": [
        {
          "ancestorTitles": [
            "AST Service Verification - REVIEW Phase (Needs RFC-048 Test Mode)",
            "Python SQL Injection Detection"
          ],
          "fullName": "AST Service Verification - REVIEW Phase (Needs RFC-048 Test Mode) Python SQL Injection Detection should detect SQL injection via string concatenation",
          "status": "skipped",
          "title": "should detect SQL injection via string concatenation",
          "failureMessages": [],
          "meta": {}
        },
        {
          "ancestorTitles": [
            "AST Service Verification - REVIEW Phase (Needs RFC-048 Test Mode)",
            "Python SQL Injection Detection"
          ],
          "fullName": "AST Service Verification - REVIEW Phase (Needs RFC-048 Test Mode) Python SQL Injection Detection should detect SQL injection with f-strings",
          "status": "skipped",
          "title": "should detect SQL injection with f-strings",
          "failureMessages": [],
          "meta": {}
        },
        {
          "ancestorTitles": [
            "AST Service Verification - REVIEW Phase (Needs RFC-048 Test Mode)",
            "JavaScript SQL Injection Detection"
          ],
          "fullName": "AST Service Verification - REVIEW Phase (Needs RFC-048 Test Mode) JavaScript SQL Injection Detection should detect SQL injection in JavaScript",
          "status": "skipped",
          "title": "should detect SQL injection in JavaScript",
          "failureMessages": [],
          "meta": {}
        },
        {
          "ancestorTitles": [
            "AST Service Verification - REVIEW Phase (Needs RFC-048 Test Mode)",
            "Ruby Command Injection Detection"
          ],
          "fullName": "AST Service Verification - REVIEW Phase (Needs RFC-048 Test Mode) Ruby Command Injection Detection should detect command injection in Ruby",
          "status": "skipped",
          "title": "should detect command injection in Ruby",
          "failureMessages": [],
          "meta": {}
        },
        {
          "ancestorTitles": [
            "AST Service Verification - REVIEW Phase (Needs RFC-048 Test Mode)",
            "PHP XSS Detection"
          ],
          "fullName": "AST Service Verification - REVIEW Phase (Needs RFC-048 Test Mode) PHP XSS Detection should detect XSS in PHP echo statements",
          "status": "skipped",
          "title": "should detect XSS in PHP echo statements",
          "failureMessages": [],
          "meta": {}
        },
        {
          "ancestorTitles": [
            "AST Service Verification - REVIEW Phase (Needs RFC-048 Test Mode)",
            "Accuracy Metrics"
          ],
          "fullName": "AST Service Verification - REVIEW Phase (Needs RFC-048 Test Mode) Accuracy Metrics should achieve >90% accuracy on test corpus",
          "status": "skipped",
          "title": "should achieve >90% accuracy on test corpus",
          "failureMessages": [],
          "meta": {}
        },
        {
          "ancestorTitles": [
            "AST Service Verification - REVIEW Phase (Needs RFC-048 Test Mode)",
            "Performance Metrics"
          ],
          "fullName": "AST Service Verification - REVIEW Phase (Needs RFC-048 Test Mode) Performance Metrics should analyze files with acceptable latency",
          "status": "skipped",
          "title": "should analyze files with acceptable latency",
          "failureMessages": [],
          "meta": {}
        }
      ],
      "startTime": 1759803965731,
      "endTime": 1759803965731,
      "status": "passed",
      "message": "",
      "name": "/home/dylan/dev/rsolv/RSOLV-action/test/ast-service-verification.test.ts"
    },
    {
      "assertionResults": [
        {
          "ancestorTitles": [
            "SecurityDetectorV3 - Python Support (Needs RFC-048 Test Mode)"
          ],
          "fullName": "SecurityDetectorV3 - Python Support (Needs RFC-048 Test Mode) should detect SQL injection in Python code using server-side AST",
          "status": "skipped",
          "title": "should detect SQL injection in Python code using server-side AST",
          "failureMessages": [],
          "meta": {}
        }
      ],
      "startTime": 1759803965731,
      "endTime": 1759803965731,
      "status": "passed",
      "message": "",
      "name": "/home/dylan/dev/rsolv/RSOLV-action/test/detector-v3-python.test.ts"
    },
    {
      "assertionResults": [
        {
          "ancestorTitles": [
            "ValidationMode - Environment Variable Handling",
            "RSOLV_TESTING_MODE from environment_variables JSON"
          ],
          "fullName": "ValidationMode - Environment Variable Handling RSOLV_TESTING_MODE from environment_variables JSON should apply RSOLV_TESTING_MODE from config.environmentVariables to process.env",
          "status": "passed",
          "title": "should apply RSOLV_TESTING_MODE from config.environmentVariables to process.env",
          "duration": 0.49972699999989345,
          "failureMessages": [],
          "meta": {}
        },
        {
          "ancestorTitles": [
            "ValidationMode - Environment Variable Handling",
            "RSOLV_TESTING_MODE from environment_variables JSON"
          ],
          "fullName": "ValidationMode - Environment Variable Handling RSOLV_TESTING_MODE from environment_variables JSON should detect testing mode when set via config.environmentVariables",
          "status": "passed",
          "title": "should detect testing mode when set via config.environmentVariables",
          "duration": 0.1804299999998875,
          "failureMessages": [],
          "meta": {}
        },
        {
          "ancestorTitles": [
            "ValidationMode - Environment Variable Handling",
            "RSOLV_TESTING_MODE from environment_variables JSON"
          ],
          "fullName": "ValidationMode - Environment Variable Handling RSOLV_TESTING_MODE from environment_variables JSON should NOT apply testing mode when not in environmentVariables",
          "status": "passed",
          "title": "should NOT apply testing mode when not in environmentVariables",
          "duration": 0.1448750000004111,
          "failureMessages": [],
          "meta": {}
        },
        {
          "ancestorTitles": [
            "ValidationMode - Environment Variable Handling",
            "RSOLV_TESTING_MODE from environment_variables JSON"
          ],
          "fullName": "ValidationMode - Environment Variable Handling RSOLV_TESTING_MODE from environment_variables JSON should handle empty environmentVariables object",
          "status": "passed",
          "title": "should handle empty environmentVariables object",
          "duration": 0.13221400000020367,
          "failureMessages": [],
          "meta": {}
        },
        {
          "ancestorTitles": [
            "ValidationMode - Environment Variable Handling",
            "RSOLV_TESTING_MODE from environment_variables JSON"
          ],
          "fullName": "ValidationMode - Environment Variable Handling RSOLV_TESTING_MODE from environment_variables JSON should handle undefined environmentVariables",
          "status": "passed",
          "title": "should handle undefined environmentVariables",
          "duration": 0.12490200000002005,
          "failureMessages": [],
          "meta": {}
        },
        {
          "ancestorTitles": [
            "ValidationMode - Environment Variable Handling",
            "RSOLV_TESTING_MODE from environment_variables JSON"
          ],
[...]
          "status": "passed",
          "title": "should return correct strategy for XSS variants",
          "duration": 0.16663900000003196,
          "failureMessages": [],
          "meta": {}
        },
        {
          "ancestorTitles": [
            "RFC-045: Validation Confidence Scoring",
            "Validation Strategy Selection"
          ],
          "fullName": "RFC-045: Validation Confidence Scoring Validation Strategy Selection should return DEFAULT strategy for unknown types",
          "status": "passed",
          "title": "should return DEFAULT strategy for unknown types",
          "duration": 0.14134699999999611,
          "failureMessages": [],
          "meta": {}
        },
        {
          "ancestorTitles": [
            "RFC-045: Validation Confidence Scoring",
            "EnhancedValidationEnricher (failing tests)"
          ],
          "fullName": "RFC-045: Validation Confidence Scoring EnhancedValidationEnricher (failing tests) should return confidence scores instead of binary validation",
          "status": "passed",
          "title": "should return confidence scores instead of binary validation",
          "duration": 16.057313000000022,
          "failureMessages": [],
          "meta": {}
        },
        {
          "ancestorTitles": [
            "RFC-045: Validation Confidence Scoring",
            "EnhancedValidationEnricher (failing tests)"
          ],
          "fullName": "RFC-045: Validation Confidence Scoring EnhancedValidationEnricher (failing tests) should never return 0 vulnerabilities if scan found any",
          "status": "passed",
          "title": "should never return 0 vulnerabilities if scan found any",
          "duration": 1.3692829999999958,
          "failureMessages": [],
          "meta": {}
        },
        {
          "ancestorTitles": [
            "RFC-045: Validation Confidence Scoring",
            "EnhancedValidationEnricher (failing tests)"
          ],
          "fullName": "RFC-045: Validation Confidence Scoring EnhancedValidationEnricher (failing tests) should process command injection without synthetic data workaround",
          "status": "passed",
          "title": "should process command injection without synthetic data workaround",
          "duration": 0.8932780000000093,
          "failureMessages": [],
          "meta": {}
        }
      ],
      "startTime": 1759804031106,
      "endTime": 1759804031126.8933,
      "status": "passed",
      "message": "",
      "name": "/home/dylan/dev/rsolv/RSOLV-action/src/validation/__tests__/confidence-scoring.test.ts"
    },
    {
      "assertionResults": [
        {
          "ancestorTitles": [
            "Claude Code CLI Retry Mechanism",
            "successful execution"
          ],
          "fullName": "Claude Code CLI Retry Mechanism successful execution should succeed on first attempt without retry",
          "status": "passed",
          "title": "should succeed on first attempt without retry",
          "duration": 10.34883400000001,
          "failureMessages": [],
          "meta": {}
        },
        {
          "ancestorTitles": [
            "Claude Code CLI Retry Mechanism",
            "retry on transient failures"
          ],
          "fullName": "Claude Code CLI Retry Mechanism retry on transient failures should retry on rate limit error and succeed",
          "status": "passed",
          "title": "should retry on rate limit error and succeed",
          "duration": 31.215330999999992,
          "failureMessages": [],
          "meta": {}
        },
        {
          "ancestorTitles": [
            "Claude Code CLI Retry Mechanism",
            "retry on transient failures"
          ],
          "fullName": "Claude Code CLI Retry Mechanism retry on transient failures should retry on overloaded error",
          "status": "passed",
          "title": "should retry on overloaded error",
          "duration": 61.73128300000002,
          "failureMessages": [],
          "meta": {}
        },
        {
          "ancestorTitles": [
            "Claude Code CLI Retry Mechanism",
            "retry on transient failures"
          ],
          "fullName": "Claude Code CLI Retry Mechanism retry on transient failures should retry on network errors",
          "status": "passed",
          "title": "should retry on network errors",
          "duration": 31.12456100000003,
          "failureMessages": [],
          "meta": {}
        },
        {
          "ancestorTitles": [
            "Claude Code CLI Retry Mechanism",
            "non-retryable errors"
          ],
          "fullName": "Claude Code CLI Retry Mechanism non-retryable errors should not retry on invalid API key error",
          "status": "passed",
          "title": "should not retry on invalid API key error",
          "duration": 10.397080000000017,
          "failureMessages": [],
          "meta": {}
        },
        {
          "ancestorTitles": [
            "Claude Code CLI Retry Mechanism",
            "non-retryable errors"
          ],
          "fullName": "Claude Code CLI Retry Mechanism non-retryable errors should not retry on permission denied",
          "status": "passed",
          "title": "should not retry on permission denied",
          "duration": 10.612950000000012,
          "failureMessages": [],
          "meta": {}
        },
        {
          "ancestorTitles": [
            "Claude Code CLI Retry Mechanism",
            "max attempts"
          ],
          "fullName": "Claude Code CLI Retry Mechanism max attempts should respect max attempts configuration",
          "status": "passed",
          "title": "should respect max attempts configuration",
          "duration": 30.611444000000006,
          "failureMessages": [],
          "meta": {}
        },
        {
          "ancestorTitles": [
            "Claude Code CLI Retry Mechanism",
            "max attempts"
          ],
          "fullName": "Claude Code CLI Retry Mechanism max attempts should fail after all retries exhausted",
          "status": "passed",
          "title": "should fail after all retries exhausted",
          "duration": 60.182308999999975,
          "failureMessages": [],
          "meta": {}
        },
        {
          "ancestorTitles": [
            "Claude Code CLI Retry Mechanism",
            "exponential backoff"
          ],
          "fullName": "Claude Code CLI Retry Mechanism exponential backoff should apply exponential backoff between retries",
          "status": "passed",
          "title": "should apply exponential backoff between retries",
          "duration": 61.954046000000005,
          "failureMessages": [],
          "meta": {}
        },
        {
          "ancestorTitles": [
            "Claude Code CLI Retry Mechanism",
            "exponential backoff"
          ],
          "fullName": "Claude Code CLI Retry Mechanism exponential backoff should cap delay at maxDelayMs",
          "status": "passed",
          "title": "should cap delay at maxDelayMs",
          "duration": 71.525938,
          "failureMessages": [],
          "meta": {}
        },
        {
          "ancestorTitles": [
            "Claude Code CLI Retry Mechanism",
            "custom retryable errors"
          ],
          "fullName": "Claude Code CLI Retry Mechanism custom retryable errors should use custom retryable error list",
          "status": "passed",
          "title": "should use custom retryable error list",
          "duration": 31.186003000000028,
          "failureMessages": [],
          "meta": {}
        },
        {
          "ancestorTitles": [
            "Claude Code CLI Retry Mechanism",
            "custom retryable errors"
          ],
          "fullName": "Claude Code CLI Retry Mechanism custom retryable errors should not retry errors not in custom list",
          "status": "passed",
          "title": "should not retry errors not in custom list",
          "duration": 10.778187000000003,
          "failureMessages": [],
          "meta": {}
        },
        {
          "ancestorTitles": [
            "Claude Code Max Development Mode",
            "API key selection"
          ],
          "fullName": "Claude Code Max Development Mode API key selection should detect development mode via RSOLV_DEV_MODE",
          "status": "passed",
          "title": "should detect development mode via RSOLV_DEV_MODE",
          "duration": 0.33490599999993265,
          "failureMessages": [],
          "meta": {}
        },
        {
          "ancestorTitles": [
            "Claude Code Max Development Mode",
            "API key selection"
          ],
          "fullName": "Claude Code Max Development Mode API key selection should detect development mode via USE_CLAUDE_CODE_MAX",
          "status": "passed",
          "title": "should detect development mode via USE_CLAUDE_CODE_MAX",
          "duration": 0.1835280000000239,
          "failureMessages": [],
          "meta": {}
        },
        {
          "ancestorTitles": [
            "Claude Code Max Development Mode",
            "API key selection"
          ],
          "fullName": "Claude Code Max Development Mode API key selection should use Claude Code Max key in dev mode",
          "status": "passed",
          "title": "should use Claude Code Max key in dev mode",
          "duration": 0.19378599999993185,
          "failureMessages": [],
          "meta": {}
        },
        {
          "ancestorTitles": [
            "Claude Code Max Development Mode",
            "API key selection"
          ],
          "fullName": "Claude Code Max Development Mode API key selection should fall back to regular key if Max key not set",
          "status": "passed",
          "title": "should fall back to regular key if Max key not set",
          "duration": 0.1489800000000514,
          "failureMessages": [],
          "meta": {}
        },
        {
          "ancestorTitles": [
            "Claude Code Max Development Mode",
            "API key selection"
          ],
          "fullName": "Claude Code Max Development Mode API key selection should use regular key in production mode",
          "status": "passed",
          "title": "should use regular key in production mode",
          "duration": 0.13884700000005523,
          "failureMessages": [],
          "meta": {}
        }
      ],
      "startTime": 1759804029413,
      "endTime": 1759804029838.139,
      "status": "passed",
      "message": "",
      "name": "/home/dylan/dev/rsolv/RSOLV-action/src/ai/adapters/__tests__/claude-code-cli-retry.test.ts"
    },
    {
      "assertionResults": [
        {
          "ancestorTitles": [
            "ClaudeCodeCLIAdapter",
            "generateSolution"
          ],
          "fullName": "ClaudeCodeCLIAdapter generateSolution should fail without ANTHROPIC_API_KEY",
          "status": "passed",
          "title": "should fail without ANTHROPIC_API_KEY",
          "duration": 0.347391000000016,
          "failureMessages": [],
          "meta": {}
        },
        {
          "ancestorTitles": [
            "ClaudeCodeCLIAdapter",
            "constructPrompt"
          ],
          "fullName": "ClaudeCodeCLIAdapter constructPrompt should generate structured phased prompt when enabled",
          "status": "passed",
          "title": "should generate structured phased prompt when enabled",
          "duration": 0.18122300000004543,
          "failureMessages": [],
          "meta": {}
        },
        {
          "ancestorTitles": [
            "ClaudeCodeCLIAdapter",
            "constructPrompt"
          ],
          "fullName": "ClaudeCodeCLIAdapter constructPrompt should generate regular prompt when structured phases disabled",
          "status": "passed",
          "title": "should generate regular prompt when structured phases disabled",
          "duration": 0.12306799999987561,
          "failureMessages": [],
          "meta": {}
        }
      ],
      "startTime": 1759804031212,
      "endTime": 1759804031212.3474,
      "status": "passed",
      "message": "",
      "name": "/home/dylan/dev/rsolv/RSOLV-action/src/ai/adapters/__tests__/claude-code-cli.test.ts"
    },
    {
      "assertionResults": [
        {
          "ancestorTitles": [
            "Prompt Generation Integration Tests",
            "End-to-end prompt generation with specificVulnerabilities"
          ],
          "fullName": "Prompt Generation Integration Tests End-to-end prompt generation with specificVulnerabilities should generate complete prompt with all vulnerability details",
          "status": "passed",
          "title": "should generate complete prompt with all vulnerability details",
          "duration": 10.085098000000016,
          "failureMessages": [],
          "meta": {}
        },
        {
          "ancestorTitles": [
            "Prompt Generation Integration Tests",
            "End-to-end prompt generation with specificVulnerabilities"
          ],
          "fullName": "Prompt Generation Integration Tests End-to-end prompt generation with specificVulnerabilities should handle missing specificVulnerabilities gracefully",
          "status": "passed",
          "title": "should handle missing specificVulnerabilities gracefully",
          "duration": 1.9620500000000902,
          "failureMessages": [],
          "meta": {}
        },
        {
          "ancestorTitles": [
            "Prompt Generation Integration Tests",
            "End-to-end prompt generation with specificVulnerabilities"
          ],
          "fullName": "Prompt Generation Integration Tests End-to-end prompt generation with specificVulnerabilities should preserve vulnerabilities through validation iterations",
          "status": "passed",
          "title": "should preserve vulnerabilities through validation iterations",
          "duration": 3.00984799999992,
          "failureMessages": [],
          "meta": {}
        },
        {
          "ancestorTitles": [
            "Prompt Generation Integration Tests",
            "Prompt structure validation"
          ],
          "fullName": "Prompt Generation Integration Tests Prompt structure validation should order prompt sections correctly",
          "status": "passed",
          "title": "should order prompt sections correctly",
          "duration": 2.826942999999801,
          "failureMessages": [],
          "meta": {}
        }
      ],
      "startTime": 1759804030263,
      "endTime": 1759804030280.827,
      "status": "passed",
      "message": "",
      "name": "/home/dylan/dev/rsolv/RSOLV-action/src/ai/adapters/__tests__/prompt-generation-integration.test.ts"
    },
    {
      "assertionResults": [
        {
          "ancestorTitles": [
            "ElixirASTAnalyzer - Core Functionality",
            "initialization"
          ],
          "fullName": "ElixirASTAnalyzer - Core Functionality initialization should initialize with config",
          "status": "passed",
          "title": "should initialize with config",
          "duration": 0.7807589999999891,
          "failureMessages": [],
          "meta": {}
        },
        {
          "ancestorTitles": [
            "ElixirASTAnalyzer - Core Functionality",
            "initialization"
          ],
          "fullName": "ElixirASTAnalyzer - Core Functionality initialization should use environment variables as fallback",
          "status": "passed",
          "title": "should use environment variables as fallback",
          "duration": 0.47333800000001247,
          "failureMessages": [],
          "meta": {}
        },
        {
          "ancestorTitles": [
            "ElixirASTAnalyzer - Core Functionality",
            "file analysis"
          ],
          "fullName": "ElixirASTAnalyzer - Core Functionality file analysis should analyze single file",
          "status": "passed",
          "title": "should analyze single file",
          "duration": 1.1514779999999973,
          "failureMessages": [],
          "meta": {}
        },
        {
          "ancestorTitles": [
            "ElixirASTAnalyzer - Core Functionality",
            "file analysis"
          ],
          "fullName": "ElixirASTAnalyzer - Core Functionality file analysis should handle empty file content",
          "status": "passed",
          "title": "should handle empty file content",
          "duration": 0.5418119999999362,
          "failureMessages": [],
          "meta": {}
        },
        {
          "ancestorTitles": [
            "ElixirASTAnalyzer - Core Functionality",
            "file analysis"
          ],
          "fullName": "ElixirASTAnalyzer - Core Functionality file analysis should handle API errors gracefully",
          "status": "passed",
          "title": "should handle API errors gracefully",
          "duration": 0.9345519999999397,
          "failureMessages": [],
          "meta": {}
        },
        {
          "ancestorTitles": [
            "ElixirASTAnalyzer - Core Functionality",
            "batch file analysis"
          ],
          "fullName": "ElixirASTAnalyzer - Core Functionality batch file analysis should analyze multiple files using analyze method",
          "status": "passed",
          "title": "should analyze multiple files using analyze method",
          "duration": 0.6113010000001395,
          "failureMessages": [],
          "meta": {}
        },
        {
          "ancestorTitles": [
            "ElixirASTAnalyzer - Core Functionality",
            "batch file analysis"
          ],
          "fullName": "ElixirASTAnalyzer - Core Functionality batch file analysis should handle empty file list",
          "status": "passed",
          "title": "should handle empty file list",
          "duration": 0.3387400000001435,
          "failureMessages": [],
          "meta": {}
        },
        {
          "ancestorTitles": [
            "ElixirASTAnalyzer - Core Functionality",
            "batch file analysis"
          ],
          "fullName": "ElixirASTAnalyzer - Core Functionality batch file analysis should respect file count limits",
          "status": "passed",
          "title": "should respect file count limits",
          "duration": 0.38317800000004354,
          "failureMessages": [],
          "meta": {}
        },
        {
          "ancestorTitles": [
            "ElixirASTAnalyzer - Core Functionality",
            "session management"
          ],
          "fullName": "ElixirASTAnalyzer - Core Functionality session management should reuse sessions within timeout",
          "status": "passed",
          "title": "should reuse sessions within timeout",
          "duration": 0.5456979999999021,
          "failureMessages": [],
          "meta": {}
        },
        {
          "ancestorTitles": [
            "ElixirASTAnalyzer - Core Functionality",
            "session management"
          ],
          "fullName": "ElixirASTAnalyzer - Core Functionality session management should create new session when expired",
          "status": "passed",
          "title": "should create new session when expired",
          "duration": 0.5302070000000185,
          "failureMessages": [],
          "meta": {}
        },
        {
          "ancestorTitles": [
            "ElixirASTAnalyzer - Core Functionality",
            "cleanup"
          ],
          "fullName": "ElixirASTAnalyzer - Core Functionality cleanup should cleanup sessions on cleanup call",
          "status": "passed",
          "title": "should cleanup sessions on cleanup call",
          "duration": 0.6421639999998661,
          "failureMessages": [],
          "meta": {}
        }
      ],
      "startTime": 1759804030295,
      "endTime": 1759804030302.642,
      "status": "passed",
      "message": "",
      "name": "/home/dylan/dev/rsolv/RSOLV-action/src/security/analyzers/__tests__/elixir-ast-analyzer-core.test.ts"
    }
  ],
  "passRate": "88.93%"
}